	Adding nVidia Cuda Toolkit 11.8
	Adding nVidia cuDNN 8.6 (.0.163)
WARNING (pytensor.tensor.blas): Using NumPy C-API based implementation for BLAS functions.
Traceback (most recent call last):
  File "main.py", line 75, in <module>
    trace = posterior_inference_mcmc(Xu_noise, jnp.eye(xu_noise.shape[0])*prior_var, param_iter, Xu_fixed, Xf, Y)
  File "/local/233946/include/mcmc_posterior.py", line 28, in posterior_inference_mcmc
    z_uncertain = pm.MvNormal('z_uncertain',mu=prior_mean,cov=prior_cov)
  File "/home/yanw/.conda/envs/uncertain/lib/python3.8/site-packages/pymc/distributions/distribution.py", line 308, in __new__
    rv_out = cls.dist(*args, **kwargs)
  File "/home/yanw/.conda/envs/uncertain/lib/python3.8/site-packages/pymc/distributions/multivariate.py", line 263, in dist
    mu = pt.as_tensor_variable(mu)
  File "/home/yanw/.conda/envs/uncertain/lib/python3.8/site-packages/pytensor/tensor/__init__.py", line 49, in as_tensor_variable
    return _as_tensor_variable(x, name, ndim, **kwargs)
  File "/home/yanw/.conda/envs/uncertain/lib/python3.8/functools.py", line 875, in wrapper
    return dispatch(args[0].__class__)(*args, **kw)
  File "/home/yanw/.conda/envs/uncertain/lib/python3.8/site-packages/pytensor/tensor/__init__.py", line 56, in _as_tensor_variable
    raise NotImplementedError(f"Cannot convert {x!r} to a tensor variable.")
NotImplementedError: Cannot convert Array([[0.86041803, 0.407946  ],
       [0.47981698, 0.37768862],
       [0.31407172, 0.29118561],
       [0.89966496, 0.84905457],
       [0.27952723, 0.09003273],
       [0.83715097, 0.70901247],
       [0.61831648, 0.46794143],
       [0.2443358 , 0.75718614],
       [0.91768526, 0.77823912],
       [0.73000551, 0.18512075],
       [0.93061297, 0.40110551],
       [0.1385972 , 0.43996769],
       [0.44841027, 0.20167252],
       [0.45244136, 0.81725298],
       [0.31548548, 0.66127418],
       [0.49726064, 0.45523565],
       [0.14274667, 0.24981709],
       [0.97079493, 0.26795404],
       [0.12630104, 0.84255312],
       [0.02519675, 0.86264226]], dtype=float64) to a tensor variable.
--------------------------------------------------------------------------
Primary job  terminated normally, but 1 process returned
a non-zero exit code. Per user-direction, the job has been aborted.
--------------------------------------------------------------------------
--------------------------------------------------------------------------
mpirun detected that one or more processes exited with non-zero status, thus causing
the job to be terminated. The first process to do so was:

  Process name: [[38098,1],0]
  Exit code:    1
--------------------------------------------------------------------------
cp: missing destination file operand after '*.png/home/yanw/uncertain/results/figures/0906'
Try 'cp --help' for more information.
cp: missing destination file operand after '/home/yanw/uncertain'
Try 'cp --help' for more information.
