	Adding nVidia Cuda Toolkit 11.8
	Adding nVidia cuDNN 8.6 (.0.163)
WARNING (pytensor.tensor.blas): Using NumPy C-API based implementation for BLAS functions.
Traceback (most recent call last):
  File "main.py", line 76, in <module>
    trace = posterior_inference_mcmc(Xu_noise, jnp.eye(2)*prior_var, param_iter, Xu_fixed, Xf, Y)
  File "/local/233988/include/mcmc_posterior.py", line 32, in posterior_inference_mcmc
    z_uncertain_list.append(pm.MvNormal('z_uncertain',mu=prior_mean[num_sample,:],cov=prior_cov))
  File "/home/yanw/.conda/envs/uncertain/lib/python3.8/site-packages/pymc/distributions/distribution.py", line 308, in __new__
    rv_out = cls.dist(*args, **kwargs)
  File "/home/yanw/.conda/envs/uncertain/lib/python3.8/site-packages/pymc/distributions/multivariate.py", line 264, in dist
    cov = quaddist_matrix(cov, chol, tau, lower)
  File "/home/yanw/.conda/envs/uncertain/lib/python3.8/site-packages/pymc/distributions/multivariate.py", line 120, in quaddist_matrix
    cov = pt.as_tensor_variable(cov)
  File "/home/yanw/.conda/envs/uncertain/lib/python3.8/site-packages/pytensor/tensor/__init__.py", line 49, in as_tensor_variable
    return _as_tensor_variable(x, name, ndim, **kwargs)
  File "/home/yanw/.conda/envs/uncertain/lib/python3.8/functools.py", line 875, in wrapper
    return dispatch(args[0].__class__)(*args, **kw)
  File "/home/yanw/.conda/envs/uncertain/lib/python3.8/site-packages/pytensor/tensor/__init__.py", line 56, in _as_tensor_variable
    raise NotImplementedError(f"Cannot convert {x!r} to a tensor variable.")
NotImplementedError: Cannot convert Array([[100.,   0.],
       [  0., 100.]], dtype=float64) to a tensor variable.
--------------------------------------------------------------------------
Primary job  terminated normally, but 1 process returned
a non-zero exit code. Per user-direction, the job has been aborted.
--------------------------------------------------------------------------
--------------------------------------------------------------------------
mpirun detected that one or more processes exited with non-zero status, thus causing
the job to be terminated. The first process to do so was:

  Process name: [[19941,1],0]
  Exit code:    1
--------------------------------------------------------------------------
cp: missing destination file operand after '*.png/home/yanw/uncertain/results/figures/0906'
Try 'cp --help' for more information.
cp: missing destination file operand after '/home/yanw/uncertain'
Try 'cp --help' for more information.
mv: cannot stat '*.log': No such file or directory
