	Adding nVidia Cuda Toolkit 11.8
	Adding nVidia cuDNN 8.6 (.0.163)
WARNING (pytensor.tensor.blas): Using NumPy C-API based implementation for BLAS functions.
Traceback (most recent call last):
  File "main.py", line 8, in <module>
    from include.mcmc_posterior import posterior_inference_mcmc
  File "/local/233930/include/mcmc_posterior.py", line 5, in <module>
    from heat2d import heat_equation_kuu_noise, heat_equation_kuf, heat_equation_kfu, heat_equation_kff
ModuleNotFoundError: No module named 'heat2d'
--------------------------------------------------------------------------
Primary job  terminated normally, but 1 process returned
a non-zero exit code. Per user-direction, the job has been aborted.
--------------------------------------------------------------------------
--------------------------------------------------------------------------
mpirun detected that one or more processes exited with non-zero status, thus causing
the job to be terminated. The first process to do so was:

  Process name: [[60683,1],0]
  Exit code:    1
--------------------------------------------------------------------------
cp: cannot stat '*.pdf': No such file or directory
cp: missing destination file operand after '*.png/home/yanw/uncertain/results/figures/0906'
Try 'cp --help' for more information.
cp: missing destination file operand after '/home/yanw/uncertain'
Try 'cp --help' for more information.
