	Adding nVidia Cuda Toolkit 11.8
	Adding nVidia cuDNN 8.6 (.0.163)
WARNING (pytensor.tensor.blas): Using NumPy C-API based implementation for BLAS functions.
Traceback (most recent call last):
  File "main.py", line 76, in <module>
    trace = posterior_inference_mcmc(Xu_noise, jnp.eye(2)*prior_var, param_iter, Xu_fixed, Xf, Y)
  File "/local/233997/include/mcmc_posterior.py", line 36, in posterior_inference_mcmc
    print("-------------------z_uncertian shape:--------------------------", z_uncertain_list.shape)
AttributeError: 'list' object has no attribute 'shape'
--------------------------------------------------------------------------
Primary job  terminated normally, but 1 process returned
a non-zero exit code. Per user-direction, the job has been aborted.
--------------------------------------------------------------------------
--------------------------------------------------------------------------
mpirun detected that one or more processes exited with non-zero status, thus causing
the job to be terminated. The first process to do so was:

  Process name: [[28423,1],0]
  Exit code:    1
--------------------------------------------------------------------------
cp: missing destination file operand after '*.png/home/yanw/uncertain/results/figures/0906'
Try 'cp --help' for more information.
cp: missing destination file operand after '/home/yanw/uncertain'
Try 'cp --help' for more information.
