ctit091
Wed Sep  6 16:52:10 2023       
+-----------------------------------------------------------------------------+
| NVIDIA-SMI 515.86.01    Driver Version: 515.86.01    CUDA Version: 11.7     |
|-------------------------------+----------------------+----------------------+
| GPU  Name        Persistence-M| Bus-Id        Disp.A | Volatile Uncorr. ECC |
| Fan  Temp  Perf  Pwr:Usage/Cap|         Memory-Usage | GPU-Util  Compute M. |
|                               |                      |               MIG M. |
|===============================+======================+======================|
|   0  NVIDIA A40          On   | 00000000:3B:00.0 Off |                    0 |
|  0%   45C    P8    37W / 300W |      0MiB / 46068MiB |      0%      Default |
|                               |                      |                  N/A |
+-------------------------------+----------------------+----------------------+
|   1  NVIDIA A40          On   | 00000000:5E:00.0 Off |                    0 |
|  0%   46C    P8    39W / 300W |      0MiB / 46068MiB |      0%      Default |
|                               |                      |                  N/A |
+-------------------------------+----------------------+----------------------+
|   2  NVIDIA A40          On   | 00000000:B1:00.0 Off |                    0 |
|  0%   46C    P8    38W / 300W |      0MiB / 46068MiB |      0%      Default |
|                               |                      |                  N/A |
+-------------------------------+----------------------+----------------------+
|   3  NVIDIA A40          On   | 00000000:D9:00.0 Off |                    0 |
|  0%   45C    P8    38W / 300W |      0MiB / 46068MiB |      0%      Default |
|                               |                      |                  N/A |
+-------------------------------+----------------------+----------------------+
                                                                               
+-----------------------------------------------------------------------------+
| Processes:                                                                  |
|  GPU   GI   CI        PID   Type   Process name                  GPU Memory |
|        ID   ID                                                   Usage      |
|=============================================================================|
|  No running processes found                                                 |
+-----------------------------------------------------------------------------+
Date              = Wed Sep  6 16:52:11 CEST 2023
Hostname          = ctit091
Working Directory = /local/233982
Number of nodes used        : 1
Number of MPI tasks         : 1
Number of threads           : 16
Number of MPI tasks per node: 1
Number of threads per core  : 
Name of nodes used          : ctit091
Gpu devices                 : 0
Starting worker: 
GPU memory used: 35445.4375 MB
GPU memory used: 34.61468505859375 GB
sigma_init_yu: 0.4180713554234921	sigma_init_yf: 16.88708019124114	sigma_init: 8.263700443130329
new_sigma_init_yu: 0.4180713554234921	new_sigma_init_yf: 0.8717052165589065	new_sigma_init: 0.6445101765174207
Xu_noise: [[0.86041803 0.407946  ]
 [0.47981698 0.37768862]
 [0.31407172 0.29118561]
 [0.89966496 0.84905457]
 [0.27952723 0.09003273]
 [0.83715097 0.70901247]
 [0.61831648 0.46794143]
 [0.2443358  0.75718614]
 [0.91768526 0.77823912]
 [0.73000551 0.18512075]
 [0.93061297 0.40110551]
 [0.1385972  0.43996769]
 [0.44841027 0.20167252]
 [0.45244136 0.81725298]
 [0.31548548 0.66127418]
 [0.49726064 0.45523565]
 [0.14274667 0.24981709]
 [0.97079493 0.26795404]
 [0.12630104 0.84255312]
 [0.02519675 0.86264226]]
Xu_noise shape: (20, 2)
Epoch 1 Loss: 2768.5255753274137
Epoch 2 Loss: 2682.58259580844
Epoch 3 Loss: 2598.9527345532883
Epoch 4 Loss: 2517.579033715363
Epoch 5 Loss: 2438.4063323042074
Epoch 6 Loss: 2361.381202339551
Epoch 7 Loss: 2286.451898575555
Epoch 8 Loss: 2213.568292757752
Epoch 9 Loss: 2142.681825173058
Epoch 10 Loss: 2073.7454373598152
Epoch 11 Loss: 2006.71352753766
Epoch 12 Loss: 1941.5418830647654
Epoch 13 Loss: 1878.1876263809438
Epoch 14 Loss: 1816.6091606289958
Epoch 15 Loss: 1756.7661044308427
Epoch 16 Loss: 1698.6192446646314
Epoch 17 Loss: 1642.1304699866535
Epoch 18 Loss: 1587.2627171845202
Epoch 19 Loss: 1533.9799209187383
Epoch 20 Loss: 1482.2469463029379
Epoch 21 Loss: 1432.0295473360798
Epoch 22 Loss: 1383.2943009024373
Epoch 23 Loss: 1336.0085663323598
Epoch 24 Loss: 1290.1404280564516
Epoch 25 Loss: 1245.658647213288
Epoch 26 Loss: 1202.5326198858297
Epoch 27 Loss: 1160.7323290221818
Epoch 28 Loss: 1120.2283039545987
Epoch 29 Loss: 1080.9915840723875
Epoch 30 Loss: 1042.9936810873314
Epoch 31 Loss: 1006.2065471538886
Epoch 32 Loss: 970.6025482531188
Epoch 33 Loss: 936.1544377575397
Epoch 34 Loss: 902.8353339625177
Epoch 35 Loss: 870.6187068159115
Epoch 36 Loss: 839.4783607730361
Epoch 37 Loss: 809.3884281064736
Epoch 38 Loss: 780.3233644912892
Epoch 39 Loss: 752.2579488675773
Epoch 40 Loss: 725.1672874565382
Epoch 41 Loss: 699.0268255143112
Epoch 42 Loss: 673.8123606133594
Epoch 43 Loss: 649.5000655342922
Epoch 44 Loss: 626.0665150649272
Epoch 45 Loss: 603.4887215968387
Epoch 46 Loss: 581.7441790760157
Epoch 47 Loss: 560.810917248608
Epoch 48 Loss: 540.6675698691323
Epoch 49 Loss: 521.2934593212203
Epoch 50 Loss: 502.6687023739856
Epoch 51 Loss: 484.7743458435881
Epoch 52 Loss: 467.5925420563661
Epoch 53 Loss: 451.10677728226403
Epoch 54 Loss: 435.3021805393935
Epoch 55 Loss: 420.1659420033864
Epoch 56 Loss: 405.68789954460146
Epoch 57 Loss: 391.8613740099936
Epoch 58 Loss: 378.68439579789856
Epoch 59 Loss: 366.1615555053045
Epoch 60 Loss: 354.30688975566403
Epoch 61 Loss: 343.14855428842617
Epoch 62 Loss: 332.73673369259797
Epoch 63 Loss: 323.1577508199595
Epoch 64 Loss: 314.56091703986067
Epoch 65 Loss: 307.2139440238933
Epoch 66 Loss: 300.906931837251
Epoch 67 Loss: 294.90125194416
Epoch 68 Loss: 288.60671355787235
Epoch 69 Loss: 281.7746051056865
Epoch 70 Loss: 274.5609867211875
Epoch 71 Loss: 267.38244141658856
Epoch 72 Loss: 260.67882504110906
Epoch 73 Loss: 254.75109166954104
Epoch 74 Loss: 249.40298472333146
Epoch 75 Loss: 244.27227598489102
Epoch 76 Loss: 239.2014840537784
Epoch 77 Loss: 234.12720011837442
Epoch 78 Loss: 229.03294990291596
Epoch 79 Loss: 223.92731274744267
Epoch 80 Loss: 218.8335677808238
Epoch 81 Loss: 213.78553143027435
Epoch 82 Loss: 208.82779889051977
Epoch 83 Loss: 204.0209307035236
Epoch 84 Loss: 199.45543077131643
Epoch 85 Loss: 195.2869891975025
Epoch 86 Loss: 191.36863144277177
Epoch 87 Loss: 187.3813281646724
Epoch 88 Loss: 183.28184739209885
Epoch 89 Loss: 179.29576293465658
Epoch 90 Loss: 175.70929123222274
Epoch 91 Loss: 172.37597162148538
Epoch 92 Loss: 169.09500752363186
Epoch 93 Loss: 165.79312010069313
Epoch 94 Loss: 162.44932486546637
Epoch 95 Loss: 159.06691345515878
Epoch 96 Loss: 155.66246320675614
Epoch 97 Loss: 152.26337155539892
Epoch 98 Loss: 148.91448558476023
Epoch 99 Loss: 145.71179986233724
Epoch 100 Loss: 143.02113068773227
Epoch 101 Loss: 140.7484267907664
Epoch 102 Loss: 136.79241237357468
Epoch 103 Loss: 131.6145791795433
Epoch 104 Loss: 124.05124365303297
Epoch 105 Loss: 166.489936695229
Epoch 106 Loss: 158.3657332106608
Epoch 107 Loss: 155.94459797387466
Epoch 108 Loss: 154.10835606100426
Epoch 109 Loss: 152.3336373931521
Epoch 110 Loss: 150.5324490494017
Epoch 111 Loss: 148.69053092414362
Epoch 112 Loss: 146.8126947014616
Epoch 113 Loss: 144.90923388795665
Epoch 114 Loss: 142.99158843868588
Epoch 115 Loss: 141.0707714621679
Epoch 116 Loss: 139.15678227015687
Epoch 117 Loss: 137.25841673530317
Epoch 118 Loss: 135.38325013760905
Epoch 119 Loss: 133.5376973344348
Epoch 120 Loss: 131.7271063480496
Epoch 121 Loss: 129.95586412066112
Epoch 122 Loss: 128.22750355149984
Epoch 123 Loss: 126.54480632779612
Epoch 124 Loss: 124.90989878342731
Epoch 125 Loss: 123.32433961375835
Epoch 126 Loss: 121.78919906929002
Epoch 127 Loss: 120.30512975806491
Epoch 128 Loss: 118.87242948671164
Epoch 129 Loss: 117.49109669068511
Epoch 130 Loss: 116.16087904929583
Epoch 131 Loss: 114.88131595779993
Epoch 132 Loss: 113.65177545045893
Epoch 133 Loss: 112.47148619280301
Epoch 134 Loss: 111.33956507739649
Epoch 135 Loss: 110.25504096306116
Epoch 136 Loss: 109.21687499661465
Epoch 137 Loss: 108.2239779593792
Epoch 138 Loss: 107.27522500193726
Epoch 139 Loss: 106.36946810930365
Epoch 140 Loss: 105.50554660183192
Epoch 141 Loss: 104.68229592432377
Epoch 142 Loss: 103.898554962421
Epoch 143 Loss: 103.15317208859855
Epoch 144 Loss: 102.44501011545978
Epoch 145 Loss: 101.77295031781844
Epoch 146 Loss: 101.13589564926562
Epoch 147 Loss: 100.53277327625051
Epoch 148 Loss: 99.96253653519038
Epoch 149 Loss: 99.42416639277968
Epoch 150 Loss: 98.91667249539799
Epoch 151 Loss: 98.43909386004611
Epoch 152 Loss: 97.990499275538
Epoch 153 Loss: 97.56998745712829
Epoch 154 Loss: 97.17668699248637
Epoch 155 Loss: 96.8097561179319
Epoch 156 Loss: 96.46838235627811
Epoch 157 Loss: 96.15178203513744
Epoch 158 Loss: 95.85919971362381
Epoch 159 Loss: 95.58990753150465
Epoch 160 Loss: 95.34320449815235
Epoch 161 Loss: 95.11841573200782
Epoch 162 Loss: 94.914891663406
Epoch 163 Loss: 94.7305316943293
Epoch 164 Loss: 94.56229393431715
Epoch 165 Loss: 94.40766298204942
Epoch 166 Loss: 94.26450395836537
Epoch 167 Loss: 94.1306166684265
Epoch 168 Loss: 94.00405121863477
Epoch 169 Loss: 93.88327095645695
Epoch 170 Loss: 93.76707832962595
Epoch 171 Loss: 93.6545537649582
Epoch 172 Loss: 93.54500574811442
Epoch 173 Loss: 93.43792984170346
Epoch 174 Loss: 93.33297488271452
Epoch 175 Loss: 93.22991499033452
Epoch 176 Loss: 93.12862630211349
Epoch 177 Loss: 93.02906758522147
Epoch 178 Loss: 92.93126403915916
Epoch 179 Loss: 92.83529374348115
Epoch 180 Loss: 92.74127630563859
Epoch 181 Loss: 92.64936335056845
Epoch 182 Loss: 92.55973055419457
Epoch 183 Loss: 92.47257097897683
Epoch 184 Loss: 92.38808950815218
Epoch 185 Loss: 92.30649821067396
Epoch 186 Loss: 92.22801249478414
Epoch 187 Loss: 92.15284793142854
Epoch 188 Loss: 92.07918917543392
Epoch 189 Loss: 92.0045258016981
Epoch 190 Loss: 91.92744277134932
Epoch 191 Loss: 91.84733675321255
Epoch 192 Loss: 91.76419851463464
Epoch 193 Loss: 91.67844673635295
Epoch 194 Loss: 91.59080172002268
Epoch 195 Loss: 91.5021899655712
Epoch 196 Loss: 91.41367258471021
Epoch 197 Loss: 91.32639208499569
Epoch 198 Loss: 91.24069659036934
Epoch 199 Loss: 91.15533534046261
Epoch 200 Loss: 91.0693900502032
Epoch 201 Loss: 90.98237252755075
Epoch 202 Loss: 90.89412233223314
Epoch 203 Loss: 90.8047241154677
Epoch 204 Loss: 90.71444126184926
Epoch 205 Loss: 90.62366298003707
Epoch 206 Loss: 90.53286244430336
Epoch 207 Loss: 90.44256398285779
Epoch 208 Loss: 90.35331764154617
Epoch 209 Loss: 90.26453572495072
Epoch 210 Loss: 90.17532063822662
Epoch 211 Loss: 90.08543240363574
Epoch 212 Loss: 89.99510744327418
Epoch 213 Loss: 89.90492139451297
Epoch 214 Loss: 89.81564517530197
Epoch 215 Loss: 89.72697170680411
Epoch 216 Loss: 89.63819125308396
Epoch 217 Loss: 89.54899727895562
Epoch 218 Loss: 89.45938450523985
Epoch 219 Loss: 89.36956687819534
Epoch 220 Loss: 89.2799121480333
Epoch 221 Loss: 89.19089020732761
Epoch 222 Loss: 89.1024618754452
Epoch 223 Loss: 89.01402051696624
Epoch 224 Loss: 88.92549551466848
Epoch 225 Loss: 88.83725150500065
Epoch 226 Loss: 88.74950976227942
Epoch 227 Loss: 88.6618943634137
Epoch 228 Loss: 88.57428399354492
Epoch 229 Loss: 88.4868171022901
Epoch 230 Loss: 88.39979204769739
Epoch 231 Loss: 88.31303628145382
Epoch 232 Loss: 88.22637655856246
Epoch 233 Loss: 88.14008228763737
Epoch 234 Loss: 88.05410545222492
Epoch 235 Loss: 87.96826387427123
Epoch 236 Loss: 87.88265942476889
Epoch 237 Loss: 87.79745525492915
Epoch 238 Loss: 87.7124637242198
Epoch 239 Loss: 87.6277769565904
Epoch 240 Loss: 87.54343603286347
Epoch 241 Loss: 87.45930555564121
Epoch 242 Loss: 87.37548665054963
Epoch 243 Loss: 87.29201855413473
Epoch 244 Loss: 87.20880895863593
Epoch 245 Loss: 87.12596436822224
Epoch 246 Loss: 87.0434150811021
Epoch 247 Loss: 86.9611472018102
Epoch 248 Loss: 86.87924747699174
Epoch 249 Loss: 86.79765213352593
Epoch 250 Loss: 86.71639977331864
Epoch 251 Loss: 86.63549210761289
Epoch 252 Loss: 86.5548817615726
Epoch 253 Loss: 86.4746309509458
Epoch 254 Loss: 86.3947212194876
Epoch 255 Loss: 86.315152144276
Epoch 256 Loss: 86.23594521028821
Epoch 257 Loss: 86.1570621079062
Epoch 258 Loss: 86.07853334451097
Epoch 259 Loss: 86.00036476406925
Epoch 260 Loss: 85.92254548158087
Epoch 261 Loss: 85.84509396132127
Epoch 262 Loss: 85.7679871644684
Epoch 263 Loss: 85.6912363970052
Epoch 264 Loss: 85.61485422754171
Epoch 265 Loss: 85.53883122786164
Epoch 266 Loss: 85.46317875573877
Epoch 267 Loss: 85.38788405551506
Epoch 268 Loss: 85.31294995634286
Epoch 269 Loss: 85.2383879969137
Epoch 270 Loss: 85.16419233565384
Epoch 271 Loss: 85.09036899087371
Epoch 272 Loss: 85.01691047069457
Epoch 273 Loss: 84.9438166796529
Epoch 274 Loss: 84.87109613564778
Epoch 275 Loss: 84.79874560307499
Epoch 276 Loss: 84.72676788991984
Epoch 277 Loss: 84.65515785513182
Epoch 278 Loss: 84.58391468767215
Epoch 279 Loss: 84.51304403034607
Epoch 280 Loss: 84.44254399734581
Epoch 281 Loss: 84.37241550123338
Epoch 282 Loss: 84.30265438953
Epoch 283 Loss: 84.23325981152234
Epoch 284 Loss: 84.16423514669489
Epoch 285 Loss: 84.09557900865447
Epoch 286 Loss: 84.02729107239588
Epoch 287 Loss: 83.95936761909802
Epoch 288 Loss: 83.89180785502677
Epoch 289 Loss: 83.82461344852408
Epoch 290 Loss: 83.75778303889194
Epoch 291 Loss: 83.69131537715188
Epoch 292 Loss: 83.625206984752
Epoch 293 Loss: 83.55945703655055
Epoch 294 Loss: 83.49406589630993
Epoch 295 Loss: 83.42903198458617
Epoch 296 Loss: 83.36435330513832
Epoch 297 Loss: 83.30002657048553
Epoch 298 Loss: 83.23605079363703
Epoch 299 Loss: 83.17242532652978
Epoch 300 Loss: 83.10914824753428
Epoch 301 Loss: 83.04621695885652
Epoch 302 Loss: 82.9836283576222
Epoch 303 Loss: 82.92138117474974
Epoch 304 Loss: 82.85947397026429
Epoch 305 Loss: 82.79790442325464
Epoch 306 Loss: 82.7366694926805
Epoch 307 Loss: 82.67576624802575
Epoch 308 Loss: 82.61519305194363
Epoch 309 Loss: 82.55494784558228
Epoch 310 Loss: 82.49502790097677
Epoch 311 Loss: 82.43542991130207
Epoch 312 Loss: 82.37615107917915
Epoch 313 Loss: 82.31718936141459
Epoch 314 Loss: 82.25854221901366
Epoch 315 Loss: 82.20020656192966
Epoch 316 Loss: 82.14217899614485
Epoch 317 Loss: 82.08445679108218
Epoch 318 Loss: 82.02703751423714
Epoch 319 Loss: 81.96991826008133
Epoch 320 Loss: 81.91309568057034
Epoch 321 Loss: 81.85656644283341
Epoch 322 Loss: 81.8003278077843
Epoch 323 Loss: 81.74437701741894
Epoch 324 Loss: 81.68871090373148
Epoch 325 Loss: 81.63332601624879
Epoch 326 Loss: 81.57821917159993
Epoch 327 Loss: 81.52338756705385
Epoch 328 Loss: 81.46882821321486
Epoch 329 Loss: 81.41453779690448
Epoch 330 Loss: 81.36051293955535
Epoch 331 Loss: 81.30675062727073
Epoch 332 Loss: 81.25324798282492
Epoch 333 Loss: 81.2000018943188
Epoch 334 Loss: 81.1470090510989
Epoch 335 Loss: 81.09426628735199
Epoch 336 Loss: 81.04177073371511
Epoch 337 Loss: 80.98951947775168
Epoch 338 Loss: 80.93750940655535
Epoch 339 Loss: 80.88573737845894
Epoch 340 Loss: 80.83420050527138
Epoch 341 Loss: 80.78289603683241
Epoch 342 Loss: 80.73182110285943
Epoch 343 Loss: 80.68097273092121
Epoch 344 Loss: 80.63034808403407
Epoch 345 Loss: 80.57994454325052
Epoch 346 Loss: 80.52975948694456
Epoch 347 Loss: 80.47979019117278
Epoch 348 Loss: 80.4300339710062
Epoch 349 Loss: 80.38048834704745
Epoch 350 Loss: 80.33115093726894
Epoch 351 Loss: 80.2820193000995
Epoch 352 Loss: 80.23309098233443
Epoch 353 Loss: 80.18436368461158
Epoch 354 Loss: 80.13583525869066
Epoch 355 Loss: 80.0875035547359
Epoch 356 Loss: 80.03936639778962
Epoch 357 Loss: 79.9914217153844
Epoch 358 Loss: 79.94366759794968
Epoch 359 Loss: 79.89610218536225
Epoch 360 Loss: 79.84872360112408
Epoch 361 Loss: 79.80153003491696
Epoch 362 Loss: 79.7545198273269
Epoch 363 Loss: 79.70769140205965
Epoch 364 Loss: 79.66104318400588
Epoch 365 Loss: 79.61457364346752
Epoch 366 Loss: 79.56828138157962
Epoch 367 Loss: 79.52216509858734
Epoch 368 Loss: 79.47622351328806
Epoch 369 Loss: 79.4304553801078
Epoch 370 Loss: 79.38485956460684
Epoch 371 Loss: 79.3394350346108
Epoch 372 Loss: 79.29418078900463
Epoch 373 Loss: 79.24909585861549
Epoch 374 Loss: 79.20417936925854
Epoch 375 Loss: 79.15943054438097
Epoch 376 Loss: 79.1148486450522
Epoch 377 Loss: 79.07043296319739
Epoch 378 Loss: 79.02618287330748
Epoch 379 Loss: 78.98209783887441
Epoch 380 Loss: 78.93817736234314
Epoch 381 Loss: 78.8944209766176
Epoch 382 Loss: 78.85082828758982
Epoch 383 Loss: 78.80739897974937
Epoch 384 Loss: 78.76413277404973
Epoch 385 Loss: 78.72102942135868
Epoch 386 Loss: 78.67808873793771
Epoch 387 Loss: 78.6353106074137
Epoch 388 Loss: 78.59269494507427
Epoch 389 Loss: 78.55024169543059
Epoch 390 Loss: 78.507950861783
Epoch 391 Loss: 78.4658225032203
Epoch 392 Loss: 78.42385670475225
Epoch 393 Loss: 78.38205357992123
Epoch 394 Loss: 78.34041329467749
Epoch 395 Loss: 78.29893605912606
Epoch 396 Loss: 78.25762210373648
Epoch 397 Loss: 78.21647168693512
Epoch 398 Loss: 78.1754851127713
Epoch 399 Loss: 78.13466271809139
Epoch 400 Loss: 78.09400485562904
Epoch 401 Loss: 78.05351190553574
Epoch 402 Loss: 78.0131842858444
Epoch 403 Loss: 77.973022436896
Epoch 404 Loss: 77.93302681218583
Epoch 405 Loss: 77.89319789151378
Epoch 406 Loss: 77.85353618373222
Epoch 407 Loss: 77.8140422113132
Epoch 408 Loss: 77.77471650884668
Epoch 409 Loss: 77.73555963480732
Epoch 410 Loss: 77.69657216727758
Epoch 411 Loss: 77.65775469184214
Epoch 412 Loss: 77.61910780626124
Epoch 413 Loss: 77.58063212779479
Epoch 414 Loss: 77.54232828433794
Epoch 415 Loss: 77.50419690812778
Epoch 416 Loss: 77.46623864349705
Epoch 417 Loss: 77.42845414788385
Epoch 418 Loss: 77.39084408229044
Epoch 419 Loss: 77.35340911145809
Epoch 420 Loss: 77.31614991045254
Epoch 421 Loss: 77.27906716015842
Epoch 422 Loss: 77.2421615409859
Epoch 423 Loss: 77.20543373741566
Epoch 424 Loss: 77.16888444017722
Epoch 425 Loss: 77.13251433945382
Epoch 426 Loss: 77.0963241238968
Epoch 427 Loss: 77.06031448549928
Epoch 428 Loss: 77.0244861168707
Epoch 429 Loss: 76.98883970634196
Epoch 430 Loss: 76.95337594102895
Epoch 431 Loss: 76.91809550843868
Epoch 432 Loss: 76.88299909152562
Epoch 433 Loss: 76.84808736806109
Epoch 434 Loss: 76.81336101405438
Epoch 435 Loss: 76.77882070138497
Epoch 436 Loss: 76.74446709456575
Epoch 437 Loss: 76.71030085314298
Epoch 438 Loss: 76.67632263233003
Epoch 439 Loss: 76.642533079222
Epoch 440 Loss: 76.60893283307499
Epoch 441 Loss: 76.57552252740277
Epoch 442 Loss: 76.54230278758052
Epoch 443 Loss: 76.5092742291175
Epoch 444 Loss: 76.47643745969972
Epoch 445 Loss: 76.4437930786488
Epoch 446 Loss: 76.4113416743489
Epoch 447 Loss: 76.3790838251818
Epoch 448 Loss: 76.3470201003822
Epoch 449 Loss: 76.31515105774784
Epoch 450 Loss: 76.28347724325533
Epoch 451 Loss: 76.2519991924237
Epoch 452 Loss: 76.22071742897992
Epoch 453 Loss: 76.18963246351149
Epoch 454 Loss: 76.15874479457642
Epoch 455 Loss: 76.1280549083992
Epoch 456 Loss: 76.09756327718624
Epoch 457 Loss: 76.06727035954492
Epoch 458 Loss: 76.03717660092445
Epoch 459 Loss: 76.00728243206277
Epoch 460 Loss: 75.9775882687405
Epoch 461 Loss: 75.94809451247477
Epoch 462 Loss: 75.91880154946878
Epoch 463 Loss: 75.88970974977983
Epoch 464 Loss: 75.86081946795468
Epoch 465 Loss: 75.8321310425305
Epoch 466 Loss: 75.80364479488725
Epoch 467 Loss: 75.77536102964382
Epoch 468 Loss: 75.74728003449326
Epoch 469 Loss: 75.71940207915144
Epoch 470 Loss: 75.69172741526305
Epoch 471 Loss: 75.66425627655182
Epoch 472 Loss: 75.63698887791855
Epoch 473 Loss: 75.60992541498618
Epoch 474 Loss: 75.58306606433791
Epoch 475 Loss: 75.55641098281725
Epoch 476 Loss: 75.52996030687748
Epoch 477 Loss: 75.50371415272491
Epoch 478 Loss: 75.47767261586988
Epoch 479 Loss: 75.451835770312
Epoch 480 Loss: 75.42620366860717
Epoch 481 Loss: 75.40077634152811
Epoch 482 Loss: 75.3755537973041
Epoch 483 Loss: 75.3505360214331
Epoch 484 Loss: 75.32572297653343
Epoch 485 Loss: 75.3011146015823
Epoch 486 Loss: 75.27671081160666
Epoch 487 Loss: 75.25251149754897
Epoch 488 Loss: 75.2285165256286
Epoch 489 Loss: 75.2047257369022
Epoch 490 Loss: 75.18113894708787
Epoch 491 Loss: 75.15775594609212
Epoch 492 Loss: 75.13457649742523
Epoch 493 Loss: 75.11160033805672
Epoch 494 Loss: 75.08882717797233
Epoch 495 Loss: 75.06625669961075
Epoch 496 Loss: 75.04388855763597
Epoch 497 Loss: 75.02172237855488
Epoch 498 Loss: 74.99975776023255
Epoch 499 Loss: 74.9779942714901
Epoch 500 Loss: 74.95643145194103
Epoch 501 Loss: 74.93506881138529
Epoch 502 Loss: 74.91390582948182
Epoch 503 Loss: 74.89294195553933
Epoch 504 Loss: 74.8721766080353
Epoch 505 Loss: 74.851609174228
Epoch 506 Loss: 74.83123900999959
Epoch 507 Loss: 74.81106543939566
Epoch 508 Loss: 74.79108775431797
Epoch 509 Loss: 74.77130521432738
Epoch 510 Loss: 74.75171704628235
Epoch 511 Loss: 74.7323224440579
Epoch 512 Loss: 74.71312056835961
Epoch 513 Loss: 74.69411054647097
Epoch 514 Loss: 74.67529147201734
Epoch 515 Loss: 74.6566624047542
Epoch 516 Loss: 74.63822237050823
Epoch 517 Loss: 74.6199703608878
Epoch 518 Loss: 74.60190533323384
Epoch 519 Loss: 74.58402621055316
Epoch 520 Loss: 74.56633188139651
Epoch 521 Loss: 74.54882119980408
Epoch 522 Loss: 74.53149298538307
Epoch 523 Loss: 74.51434602323513
Epoch 524 Loss: 74.49737906407583
Epoch 525 Loss: 74.48059082429349
Epoch 526 Loss: 74.46397998613472
Epoch 527 Loss: 74.44754519776578
Epoch 528 Loss: 74.43128507358708
Epoch 529 Loss: 74.41519819442844
Epoch 530 Loss: 74.39928310784492
Epoch 531 Loss: 74.38353832846963
Epoch 532 Loss: 74.36796233836047
Epoch 533 Loss: 74.35255358747645
Epoch 534 Loss: 74.3373104940905
Epoch 535 Loss: 74.3222314453713
Epoch 536 Loss: 74.30731479794417
Epoch 537 Loss: 74.29255887846239
Epoch 538 Loss: 74.27796198439765
Epoch 539 Loss: 74.26352238465935
Epoch 540 Loss: 74.24923832039983
Epoch 541 Loss: 74.23510800594147
Epoch 542 Loss: 74.22112962958242
Epoch 543 Loss: 74.20730135457123
Epoch 544 Loss: 74.19362132007443
Epoch 545 Loss: 74.18008764235749
Epoch 546 Loss: 74.16669841572809
Epoch 547 Loss: 74.1534517138561
Epoch 548 Loss: 74.14034559092795
Epoch 549 Loss: 74.12737808289219
Epoch 550 Loss: 74.11454720888538
Epoch 551 Loss: 74.10185097253421
Epoch 552 Loss: 74.08928736343329
Epoch 553 Loss: 74.07685435857735
Epoch 554 Loss: 74.0645499239582
Epoch 555 Loss: 74.05237201609073
Epoch 556 Loss: 74.040318583639
Epoch 557 Loss: 74.02838756908196
Epoch 558 Loss: 74.0165769104177
Epoch 559 Loss: 74.00488454284923
Epoch 560 Loss: 73.99330840063374
Epoch 561 Loss: 73.98184641881512
Epoch 562 Loss: 73.97049653501917
Epoch 563 Loss: 73.95925669140877
Epoch 564 Loss: 73.94812483640786
Epoch 565 Loss: 73.9370989267054
Epoch 566 Loss: 73.926176929055
Epoch 567 Loss: 73.91535682223616
Epoch 568 Loss: 73.90463659889937
Epoch 569 Loss: 73.8940142675161
Epoch 570 Loss: 73.88348785427888
Epoch 571 Loss: 73.8730554049778
Epoch 572 Loss: 73.8627149868456
Epoch 573 Loss: 73.85246469047408
Epoch 574 Loss: 73.84230263166212
Epoch 575 Loss: 73.8322269531447
Epoch 576 Loss: 73.82223582647919
Epoch 577 Loss: 73.8123274537865
Epoch 578 Loss: 73.8025000693782
Epoch 579 Loss: 73.79275194158518
Epoch 580 Loss: 73.78308137425158
Epoch 581 Loss: 73.7734867084381
Epoch 582 Loss: 73.76396632389759
Epoch 583 Loss: 73.7545186405761
Epoch 584 Loss: 73.74514212006444
Epoch 585 Loss: 73.7358352669732
Epoch 586 Loss: 73.72659663022566
Epoch 587 Loss: 73.71742480434867
Epoch 588 Loss: 73.70831843063237
Epoch 589 Loss: 73.6992761983031
Epoch 590 Loss: 73.6902968455647
Epoch 591 Loss: 73.68137916056293
Epoch 592 Loss: 73.6725219823793
Epoch 593 Loss: 73.66372420187264
Epoch 594 Loss: 73.65498476246765
Epoch 595 Loss: 73.64630266087133
Epoch 596 Loss: 73.63767694782877
Epoch 597 Loss: 73.62910672854844
Epoch 598 Loss: 73.62059116342809
Epoch 599 Loss: 73.61212946842282
Epoch 600 Loss: 73.60372091544426
Epoch 601 Loss: 73.59536483277522
Epoch 602 Loss: 73.58706060529448
Epoch 603 Loss: 73.57880767478628
Epoch 604 Loss: 73.57060554000499
Epoch 605 Loss: 73.5624537569222
Epoch 606 Loss: 73.55435193871311
Epoch 607 Loss: 73.54629975583615
Epoch 608 Loss: 73.5382969360011
Epoch 609 Loss: 73.5303432640501
Epoch 610 Loss: 73.52243858196985
Epoch 611 Loss: 73.51458278862867
Epoch 612 Loss: 73.506775839693
Epoch 613 Loss: 73.49901774736236
Epoch 614 Loss: 73.4913085801202
Epoch 615 Loss: 73.48364846253511
Epoch 616 Loss: 73.4760375749108
Epoch 617 Loss: 73.46847615296122
Epoch 618 Loss: 73.46096448751734
Epoch 619 Loss: 73.45350292412779
Epoch 620 Loss: 73.44609297326738
Epoch 621 Loss: 73.4387398709124
Epoch 622 Loss: 73.43144710897953
Epoch 623 Loss: 73.42421651188496
Epoch 624 Loss: 73.41704852883794
Epoch 625 Loss: 73.40994232852553
Epoch 626 Loss: 73.40289601582845
Epoch 627 Loss: 73.39590685629946
Epoch 628 Loss: 73.38897137611164
Epoch 629 Loss: 73.38208563184179
Epoch 630 Loss: 73.3752453016132
Epoch 631 Loss: 73.36844586633461
Epoch 632 Loss: 73.36168276447697
Epoch 633 Loss: 73.35495145392451
Epoch 634 Loss: 73.3482475899454
Epoch 635 Loss: 73.34156703309091
Epoch 636 Loss: 73.33490596755439
Epoch 637 Loss: 73.32826092347925
Epoch 638 Loss: 73.32162879688087
Epoch 639 Loss: 73.31500690031024
Epoch 640 Loss: 73.30839290633017
Epoch 641 Loss: 73.30178489946226
Epoch 642 Loss: 73.29518129248768
Epoch 643 Loss: 73.28858084790906
Epoch 644 Loss: 73.28198260824772
Epoch 645 Loss: 73.27538587442852
Epoch 646 Loss: 73.26879016774623
Epoch 647 Loss: 73.26219517214898
Epoch 648 Loss: 73.25560072828287
Epoch 649 Loss: 73.24900675535986
Epoch 650 Loss: 73.24241326969846
Epoch 651 Loss: 73.23582030149947
Epoch 652 Loss: 73.22922792987748
Epoch 653 Loss: 73.22263620301753
Epoch 654 Loss: 73.21604518658711
Epoch 655 Loss: 73.20945488750516
Epoch 656 Loss: 73.20286531683006
Epoch 657 Loss: 73.19627641105951
Epoch 658 Loss: 73.18968811555087
Epoch 659 Loss: 73.18310028998245
Epoch 660 Loss: 73.17651282614
Epoch 661 Loss: 73.16992551358013
Epoch 662 Loss: 73.16333822061785
Epoch 663 Loss: 73.15675067551845
Epoch 664 Loss: 73.15016276882321
Epoch 665 Loss: 73.1435741645706
Epoch 666 Loss: 73.1369848469223
Epoch 667 Loss: 73.13039438048301
Epoch 668 Loss: 73.12380297870854
Epoch 669 Loss: 73.1172100160733
Epoch 670 Loss: 73.11061628072241
Epoch 671 Loss: 73.10402086388294
Epoch 672 Loss: 73.09742634630106
Epoch 673 Loss: 73.09083229332435
Epoch 674 Loss: 73.08424879558969
Epoch 675 Loss: 73.07765116730536
Epoch 676 Loss: 73.07102999928833
Epoch 677 Loss: 73.06441718553444
Epoch 678 Loss: 73.0578126061389
Epoch 679 Loss: 73.0512129696713
Epoch 680 Loss: 73.04461437791119
Epoch 681 Loss: 73.03796356277374
Epoch 682 Loss: 73.03134696698922
Epoch 683 Loss: 73.0247536847964
Epoch 684 Loss: 73.01817557652993
Epoch 685 Loss: 73.01149038568036
Epoch 686 Loss: 73.0049190450587
Epoch 687 Loss: 72.9982775778956
Epoch 688 Loss: 72.99163260169848
Epoch 689 Loss: 72.98500089607055
Epoch 690 Loss: 72.97837435739595
Epoch 691 Loss: 72.97174878655127
Epoch 692 Loss: 72.96512396871915
Epoch 693 Loss: 72.95850459215099
Epoch 694 Loss: 72.95189679876702
Epoch 695 Loss: 72.94527517489087
Epoch 696 Loss: 72.93860938598489
Epoch 697 Loss: 72.93197669450905
Epoch 698 Loss: 72.92536495946601
Epoch 699 Loss: 72.9187922820015
Epoch 700 Loss: 72.9120799094485
Epoch 701 Loss: 72.90555591109486
Epoch 702 Loss: 72.89881514496503
Epoch 703 Loss: 72.8923512643133
Epoch 704 Loss: 72.88558215092546
Epoch 705 Loss: 72.87929540140654
Epoch 706 Loss: 72.8728409294047
Epoch 707 Loss: 72.86570755977198
Epoch 708 Loss: 72.85964489466718
Epoch 709 Loss: 72.85356875260368
Epoch 710 Loss: 72.8462297813995
Epoch 711 Loss: 72.8391610731423
Epoch 712 Loss: 72.83276409986036
Epoch 713 Loss: 72.82584343605687
Epoch 714 Loss: 72.81960807673045
Epoch 715 Loss: 72.81323805024223
Epoch 716 Loss: 72.80599872082415
Epoch 717 Loss: 72.79966945257777
Epoch 718 Loss: 72.79360765880801
Epoch 719 Loss: 72.78642515612978
Epoch 720 Loss: 72.77931861368359
Epoch 721 Loss: 72.7727813976461
Epoch 722 Loss: 72.76601300104679
Epoch 723 Loss: 72.75938604267935
Epoch 724 Loss: 72.75287798801975
Epoch 725 Loss: 72.74614624027595
Epoch 726 Loss: 72.73967687225345
Epoch 727 Loss: 72.73310814961403
Epoch 728 Loss: 72.72615877921777
Epoch 729 Loss: 72.7198103513239
Epoch 730 Loss: 72.71305168587546
Epoch 731 Loss: 72.70632824769166
Epoch 732 Loss: 72.69973016861965
Epoch 733 Loss: 72.69296745365088
Epoch 734 Loss: 72.68630116709934
Epoch 735 Loss: 72.679693696307
Epoch 736 Loss: 72.67305477810237
Epoch 737 Loss: 72.66637112963497
Epoch 738 Loss: 72.65972828965626
Epoch 739 Loss: 72.65311911524412
Epoch 740 Loss: 72.64645719350742
Epoch 741 Loss: 72.63979378515316
Epoch 742 Loss: 72.63314498739177
Epoch 743 Loss: 72.62650048575719
Epoch 744 Loss: 72.61986746337865
Epoch 745 Loss: 72.61325063047136
Epoch 746 Loss: 72.60655658875783
Epoch 747 Loss: 72.59991527887925
Epoch 748 Loss: 72.5933205535318
Epoch 749 Loss: 72.58662271108159
Epoch 750 Loss: 72.5799741402023
Epoch 751 Loss: 72.57335686792916
Epoch 752 Loss: 72.56674516371572
Epoch 753 Loss: 72.56004345686853
Epoch 754 Loss: 72.55348354875335
Epoch 755 Loss: 72.54676166932677
Epoch 756 Loss: 72.54014881874049
Epoch 757 Loss: 72.53357127526155
Epoch 758 Loss: 72.5268540199824
Epoch 759 Loss: 72.52050014813547
Epoch 760 Loss: 72.51385510458988
Epoch 761 Loss: 72.50694051170521
Epoch 762 Loss: 72.50039654663702
Epoch 763 Loss: 72.49368092102644
Epoch 764 Loss: 72.48704296025554
Epoch 765 Loss: 72.4804516434308
Epoch 766 Loss: 72.47381010529367
Epoch 767 Loss: 72.46715596158839
Epoch 768 Loss: 72.46052322237713
Epoch 769 Loss: 72.45389607398079
Epoch 770 Loss: 72.44727335953198
Epoch 771 Loss: 72.44066370022361
Epoch 772 Loss: 72.43409096913591
Epoch 773 Loss: 72.4273965634817
Epoch 774 Loss: 72.42085912769198
Epoch 775 Loss: 72.41415369207897
Epoch 776 Loss: 72.40757527543559
Epoch 777 Loss: 72.40097589556322
Epoch 778 Loss: 72.39430249237762
Epoch 779 Loss: 72.3878082196988
Epoch 780 Loss: 72.38108040836147
Epoch 781 Loss: 72.37479440691692
Epoch 782 Loss: 72.36820353911688
Epoch 783 Loss: 72.36124048925919
Epoch 784 Loss: 72.35494218590956
Epoch 785 Loss: 72.34822319997829
Epoch 786 Loss: 72.34150282251268
Epoch 787 Loss: 72.33493456934514
Epoch 788 Loss: 72.32826135164285
Epoch 789 Loss: 72.321627000077
Epoch 790 Loss: 72.31517541170615
Epoch 791 Loss: 72.30847723875391
Epoch 792 Loss: 72.30209902503012
Epoch 793 Loss: 72.29555749670168
Epoch 794 Loss: 72.28864772081727
Epoch 795 Loss: 72.28229689749854
Epoch 796 Loss: 72.2755750895472
Epoch 797 Loss: 72.26905710518284
Epoch 798 Loss: 72.26252134936024
Epoch 799 Loss: 72.25572890011114
Epoch 800 Loss: 72.24918012982315
Epoch 801 Loss: 72.24264981927942
Epoch 802 Loss: 72.23600637484839
Epoch 803 Loss: 72.22976772094566
Epoch 804 Loss: 72.22326403085322
Epoch 805 Loss: 72.21628894864241
Epoch 806 Loss: 72.21035773024172
Epoch 807 Loss: 72.20412982580682
Epoch 808 Loss: 72.19687736415496
Epoch 809 Loss: 72.19026504320163
Epoch 810 Loss: 72.18412716914239
Epoch 811 Loss: 72.17716699282201
Epoch 812 Loss: 72.17051534862767
Epoch 813 Loss: 72.16413933633336
Epoch 814 Loss: 72.1572909334765
Epoch 815 Loss: 72.15139084842968
Epoch 816 Loss: 72.14529531792455
Epoch 817 Loss: 72.13808528123661
Epoch 818 Loss: 72.13120381183464
Epoch 819 Loss: 72.12488607251748
Epoch 820 Loss: 72.11809344822105
Epoch 821 Loss: 72.11213812798528
Epoch 822 Loss: 72.10606769623303
Epoch 823 Loss: 72.09893404966122
Epoch 824 Loss: 72.09209881257848
Epoch 825 Loss: 72.08578406114393
Epoch 826 Loss: 72.07903230967185
Epoch 827 Loss: 72.07306943657932
Epoch 828 Loss: 72.06688913723289
Epoch 829 Loss: 72.05979565776417
Epoch 830 Loss: 72.0532517362233
Epoch 831 Loss: 72.0470526633573
Epoch 832 Loss: 72.0401626705479
Epoch 833 Loss: 72.03394925159152
Epoch 834 Loss: 72.02786672799135
Epoch 835 Loss: 72.0208812947431
Epoch 836 Loss: 72.01419066676297
Epoch 837 Loss: 72.00786703854234
Epoch 838 Loss: 72.0011138818947
Epoch 839 Loss: 71.99508593890758
Epoch 840 Loss: 71.98878407778557
Epoch 841 Loss: 71.98176969016355
Epoch 842 Loss: 71.9756234736937
Epoch 843 Loss: 71.96961260134412
Epoch 844 Loss: 71.9625886365838
Epoch 845 Loss: 71.95584886985748
Epoch 846 Loss: 71.9496059745652
Epoch 847 Loss: 71.94286918561733
Epoch 848 Loss: 71.93679186861311
Epoch 849 Loss: 71.93063323853559
Epoch 850 Loss: 71.9236508577759
Epoch 851 Loss: 71.91734029457133
Epoch 852 Loss: 71.911323396272
Epoch 853 Loss: 71.90445423120772
Epoch 854 Loss: 71.89788510861139
Epoch 855 Loss: 71.8916481730576
Epoch 856 Loss: 71.88494675820087
Epoch 857 Loss: 71.87912675710913
Epoch 858 Loss: 71.87318209899743
Epoch 859 Loss: 71.86613916567146
Epoch 860 Loss: 71.85932064260768
Epoch 861 Loss: 71.85308518043207
Epoch 862 Loss: 71.8464755441936
Epoch 863 Loss: 71.8405375877928
Epoch 864 Loss: 71.83434748068811
Epoch 865 Loss: 71.82742836955256
Epoch 866 Loss: 71.82132770609711
Epoch 867 Loss: 71.81540722775065
Epoch 868 Loss: 71.8085288819471
Epoch 869 Loss: 71.80190602133459
Epoch 870 Loss: 71.7957415129984
Epoch 871 Loss: 71.78911542829526
Epoch 872 Loss: 71.78317209836166
Epoch 873 Loss: 71.77711329129878
Epoch 874 Loss: 71.77020082387114
Epoch 875 Loss: 71.7638919103494
Epoch 876 Loss: 71.75792785942711
Epoch 877 Loss: 71.75118634639082
Epoch 878 Loss: 71.74474808011469
Epoch 879 Loss: 71.73858737328982
Epoch 880 Loss: 71.73197498828131
Epoch 881 Loss: 71.72626546343332
Epoch 882 Loss: 71.72044303051209
Epoch 883 Loss: 71.7135107160963
Epoch 884 Loss: 71.70670887226802
Epoch 885 Loss: 71.7005280912461
Epoch 886 Loss: 71.69407558594247
Epoch 887 Loss: 71.68793910405452
Epoch 888 Loss: 71.68153395013135
Epoch 889 Loss: 71.6754489382684
Epoch 890 Loss: 71.6692351638254
Epoch 891 Loss: 71.66262944261516
Epoch 892 Loss: 71.65674994284537
Epoch 893 Loss: 71.65054177487877
Epoch 894 Loss: 71.64382926845
Epoch 895 Loss: 71.63827086917252
Epoch 896 Loss: 71.63267893998798
Epoch 897 Loss: 71.62579782689747
Epoch 898 Loss: 71.61875064856397
Epoch 899 Loss: 71.61329784061172
Epoch 900 Loss: 71.60758502453166
Epoch 901 Loss: 71.60065591402432
Epoch 902 Loss: 71.59378932918132
Epoch 903 Loss: 71.58779296150558
Epoch 904 Loss: 71.58140237650616
Epoch 905 Loss: 71.57532023421314
Epoch 906 Loss: 71.56922698844568
Epoch 907 Loss: 71.56268360145674
Epoch 908 Loss: 71.5571440440913
Epoch 909 Loss: 71.55148181731843
Epoch 910 Loss: 71.54465151578901
Epoch 911 Loss: 71.53786957041356
Epoch 912 Loss: 71.53187796425439
Epoch 913 Loss: 71.52553158892817
Epoch 914 Loss: 71.51963416618543
Epoch 915 Loss: 71.51362682738306
Epoch 916 Loss: 71.50703645691355
Epoch 917 Loss: 71.50134498279631
Epoch 918 Loss: 71.49571211682618
Epoch 919 Loss: 71.48900538543691
Epoch 920 Loss: 71.4823460981392
Epoch 921 Loss: 71.47628674471433
Epoch 922 Loss: 71.47001836311445
Epoch 923 Loss: 71.46393447498014
Epoch 924 Loss: 71.4577440352891
Epoch 925 Loss: 71.45160052267954
Epoch 926 Loss: 71.44547359108088
Epoch 927 Loss: 71.43936093120226
Epoch 928 Loss: 71.43327979699885
Epoch 929 Loss: 71.42712591293875
Epoch 930 Loss: 71.42102042968267
Epoch 931 Loss: 71.41495389161378
Epoch 932 Loss: 71.40883318811251
Epoch 933 Loss: 71.4027395149087
Epoch 934 Loss: 71.39666399531511
Epoch 935 Loss: 71.39057802855955
Epoch 936 Loss: 71.38448873992415
Epoch 937 Loss: 71.37842003239635
Epoch 938 Loss: 71.37236617572466
Epoch 939 Loss: 71.36627387915388
Epoch 940 Loss: 71.36020735622752
Epoch 941 Loss: 71.35415127100961
Epoch 942 Loss: 71.34810230456154
Epoch 943 Loss: 71.34206187096852
Epoch 944 Loss: 71.33604022102176
Epoch 945 Loss: 71.33001720643243
Epoch 946 Loss: 71.32395607403879
Epoch 947 Loss: 71.31792844256056
Epoch 948 Loss: 71.31192095847521
Epoch 949 Loss: 71.30595642370373
Epoch 950 Loss: 71.29988533238414
Epoch 951 Loss: 71.29395003732387
Epoch 952 Loss: 71.28788323342013
Epoch 953 Loss: 71.28190582470737
Epoch 954 Loss: 71.27600750140785
Epoch 955 Loss: 71.26995015981184
Epoch 956 Loss: 71.26418155988941
Epoch 957 Loss: 71.25826356841674
Epoch 958 Loss: 71.25198937987635
Epoch 959 Loss: 71.24635455698454
Epoch 960 Loss: 71.24037517696726
Epoch 961 Loss: 71.23410871322439
Epoch 962 Loss: 71.2283653219312
Epoch 963 Loss: 71.22229279726214
Epoch 964 Loss: 71.21646166503746
Epoch 965 Loss: 71.21059899220339
Epoch 966 Loss: 71.2044129872859
Epoch 967 Loss: 71.19873102872394
Epoch 968 Loss: 71.19271545441107
Epoch 969 Loss: 71.1867320992522
Epoch 970 Loss: 71.18084138532627
Epoch 971 Loss: 71.17489138439079
Epoch 972 Loss: 71.16896493201989
Epoch 973 Loss: 71.16326936412362
Epoch 974 Loss: 71.15737368426696
Epoch 975 Loss: 71.15129280290944
Epoch 976 Loss: 71.14542833182958
Epoch 977 Loss: 71.13965969648225
Epoch 978 Loss: 71.1337336610182
Epoch 979 Loss: 71.12796038640538
Epoch 980 Loss: 71.12212350681594
Epoch 981 Loss: 71.11611392166238
Epoch 982 Loss: 71.11025685257987
Epoch 983 Loss: 71.10449663300275
Epoch 984 Loss: 71.0985761906322
Epoch 985 Loss: 71.09294794678871
Epoch 986 Loss: 71.08706012105633
Epoch 987 Loss: 71.08114674671862
Epoch 988 Loss: 71.07533732620446
Epoch 989 Loss: 71.06954884532496
Epoch 990 Loss: 71.06370860571991
Epoch 991 Loss: 71.0580175619886
Epoch 992 Loss: 71.05222320281777
Epoch 993 Loss: 71.046300142082
Epoch 994 Loss: 71.04050168224067
Epoch 995 Loss: 71.03486382573422
Epoch 996 Loss: 71.0290169707799
Epoch 997 Loss: 71.02330297510728
Epoch 998 Loss: 71.01755862805868
Epoch 999 Loss: 71.01167215500618
Epoch 1000 Loss: 71.00590638530818
adamw
0.001000
1000
Initial loss: 2856.8404759205173
Final loss: 71.00590638530818
Script finished in 2 minutes and 34 seconds.
