hpc-node02
	Adding nVidia Cuda Toolkit 11.8
	Adding nVidia cuDNN 8.6 (.0.163)
	Adding nvtop
Thu Jun 13 10:27:50 2024       
+-----------------------------------------------------------------------------------------+
| NVIDIA-SMI 550.54.15              Driver Version: 550.54.15      CUDA Version: 12.4     |
|-----------------------------------------+------------------------+----------------------+
| GPU  Name                 Persistence-M | Bus-Id          Disp.A | Volatile Uncorr. ECC |
| Fan  Temp   Perf          Pwr:Usage/Cap |           Memory-Usage | GPU-Util  Compute M. |
|                                         |                        |               MIG M. |
|=========================================+========================+======================|
|   0  NVIDIA L40                     On  |   00000000:17:00.0 Off |                    0 |
| N/A   41C    P0             88W /  300W |     692MiB /  46068MiB |     92%      Default |
|                                         |                        |                  N/A |
+-----------------------------------------+------------------------+----------------------+
|   1  NVIDIA L40                     On  |   00000000:65:00.0 Off |                    0 |
| N/A   26C    P8             23W /  300W |       0MiB /  46068MiB |      0%      Default |
|                                         |                        |                  N/A |
+-----------------------------------------+------------------------+----------------------+
|   2  NVIDIA L40                     On  |   00000000:CA:00.0 Off |                    0 |
| N/A   27C    P8             24W /  300W |       0MiB /  46068MiB |      0%      Default |
|                                         |                        |                  N/A |
+-----------------------------------------+------------------------+----------------------+
|   3  NVIDIA L40                     On  |   00000000:E3:00.0 Off |                    0 |
| N/A   28C    P8             24W /  300W |       0MiB /  46068MiB |      0%      Default |
|                                         |                        |                  N/A |
+-----------------------------------------+------------------------+----------------------+
                                                                                         
+-----------------------------------------------------------------------------------------+
| Processes:                                                                              |
|  GPU   GI   CI        PID   Type   Process name                              GPU Memory |
|        ID   ID                                                               Usage      |
|=========================================================================================|
|    0   N/A  N/A      2587      C   python                                        684MiB |
+-----------------------------------------------------------------------------------------+
Date              = Thu Jun 13 10:27:51 CEST 2024
Hostname          = hpc-node02
Working Directory = /local/292990
Number of nodes used        : 1
Number of MPI tasks         : 1
Number of threads           : 16
Number of MPI tasks per node: 1
Number of threads per core  : 
Name of nodes used          : hpc-node02
Gpu devices                 : 2
Starting worker: 
Xu_fixed:  [[0.         0.32476761]
 [0.         0.1021458 ]
 [0.         0.56911352]
 [0.         0.27434187]
 [0.         0.04175272]
 [0.         0.64804776]
 [0.         0.82866935]
 [0.         0.31712783]
 [0.         0.39392626]
 [0.         0.54286135]
 [0.42300447 0.        ]
 [0.37513696 0.        ]
 [0.51259359 0.        ]
 [0.54022212 0.        ]
 [0.25327558 0.        ]
 [1.         0.44494309]
 [1.         0.2372967 ]
 [1.         0.23578896]
 [1.         0.1257783 ]
 [1.         0.2879024 ]
 [1.         0.84487144]
 [1.         0.7475847 ]
 [1.         0.91285911]
 [1.         0.54357489]
 [1.         0.87495156]]
sigma_init_yu: 0.31649215432442585	sigma_init_yf: 18.110598031070833	sigma_init: 14.275535214602792
new_sigma_init_yu: 0.31649215432442585	new_sigma_init_yf: 0.47320166946057735	new_sigma_init: 0.4814565139387193
Xu_noise: [[ 0.53441744 -0.01512023]
 [ 0.37383673  0.84915495]
 [ 0.61160043  0.25683977]
 [ 0.21138835  0.81214232]
 [ 0.47124844  0.27870854]]
Xu_noise shape: (5, 2)
Step 0: Learning rate = 0.010000
Step 1: Learning rate = 0.009999
Step 2: Learning rate = 0.009998
Step 3: Learning rate = 0.009997
Step 4: Learning rate = 0.009996
Step 5: Learning rate = 0.009995
Step 6: Learning rate = 0.009994
Step 7: Learning rate = 0.009993
Step 8: Learning rate = 0.009992
Step 9: Learning rate = 0.009991
Step 10: Learning rate = 0.009989
Step 11: Learning rate = 0.009988
Step 12: Learning rate = 0.009987
Step 13: Learning rate = 0.009986
Step 14: Learning rate = 0.009985
Step 15: Learning rate = 0.009984
Step 16: Learning rate = 0.009983
Step 17: Learning rate = 0.009982
Step 18: Learning rate = 0.009981
Step 19: Learning rate = 0.009980
Step 20: Learning rate = 0.009979
Step 21: Learning rate = 0.009978
Step 22: Learning rate = 0.009977
Step 23: Learning rate = 0.009976
Step 24: Learning rate = 0.009975
Step 25: Learning rate = 0.009974
Step 26: Learning rate = 0.009973
Step 27: Learning rate = 0.009972
Step 28: Learning rate = 0.009971
Step 29: Learning rate = 0.009969
Step 30: Learning rate = 0.009968
Step 31: Learning rate = 0.009967
Step 32: Learning rate = 0.009966
Step 33: Learning rate = 0.009965
Step 34: Learning rate = 0.009964
Step 35: Learning rate = 0.009963
Step 36: Learning rate = 0.009962
Step 37: Learning rate = 0.009961
Step 38: Learning rate = 0.009960
Step 39: Learning rate = 0.009959
Step 40: Learning rate = 0.009958
Step 41: Learning rate = 0.009957
Step 42: Learning rate = 0.009956
Step 43: Learning rate = 0.009955
Step 44: Learning rate = 0.009954
Step 45: Learning rate = 0.009953
Step 46: Learning rate = 0.009952
Step 47: Learning rate = 0.009951
Step 48: Learning rate = 0.009950
Step 49: Learning rate = 0.009949
Step 50: Learning rate = 0.009947
Step 51: Learning rate = 0.009946
Step 52: Learning rate = 0.009945
Step 53: Learning rate = 0.009944
Step 54: Learning rate = 0.009943
Step 55: Learning rate = 0.009942
Step 56: Learning rate = 0.009941
Step 57: Learning rate = 0.009940
Step 58: Learning rate = 0.009939
Step 59: Learning rate = 0.009938
Step 60: Learning rate = 0.009937
Step 61: Learning rate = 0.009936
Step 62: Learning rate = 0.009935
Step 63: Learning rate = 0.009934
Step 64: Learning rate = 0.009933
Step 65: Learning rate = 0.009932
Step 66: Learning rate = 0.009931
Step 67: Learning rate = 0.009930
Step 68: Learning rate = 0.009929
Step 69: Learning rate = 0.009928
Step 70: Learning rate = 0.009927
Step 71: Learning rate = 0.009925
Step 72: Learning rate = 0.009924
Step 73: Learning rate = 0.009923
Step 74: Learning rate = 0.009922
Step 75: Learning rate = 0.009921
Step 76: Learning rate = 0.009920
Step 77: Learning rate = 0.009919
Step 78: Learning rate = 0.009918
Step 79: Learning rate = 0.009917
Step 80: Learning rate = 0.009916
Step 81: Learning rate = 0.009915
Step 82: Learning rate = 0.009914
Step 83: Learning rate = 0.009913
Step 84: Learning rate = 0.009912
Step 85: Learning rate = 0.009911
Step 86: Learning rate = 0.009910
Step 87: Learning rate = 0.009909
Step 88: Learning rate = 0.009908
Step 89: Learning rate = 0.009907
Step 90: Learning rate = 0.009906
Step 91: Learning rate = 0.009905
Step 92: Learning rate = 0.009904
Step 93: Learning rate = 0.009902
Step 94: Learning rate = 0.009901
Step 95: Learning rate = 0.009900
Step 96: Learning rate = 0.009899
Step 97: Learning rate = 0.009898
Step 98: Learning rate = 0.009897
Step 99: Learning rate = 0.009896
Step 100: Learning rate = 0.009895
Step 101: Learning rate = 0.009894
Step 102: Learning rate = 0.009893
Step 103: Learning rate = 0.009892
Step 104: Learning rate = 0.009891
Step 105: Learning rate = 0.009890
Step 106: Learning rate = 0.009889
Step 107: Learning rate = 0.009888
Step 108: Learning rate = 0.009887
Step 109: Learning rate = 0.009886
Step 110: Learning rate = 0.009885
Step 111: Learning rate = 0.009884
Step 112: Learning rate = 0.009883
Step 113: Learning rate = 0.009882
Step 114: Learning rate = 0.009881
Step 115: Learning rate = 0.009880
Step 116: Learning rate = 0.009879
Step 117: Learning rate = 0.009877
Step 118: Learning rate = 0.009876
Step 119: Learning rate = 0.009875
Step 120: Learning rate = 0.009874
Step 121: Learning rate = 0.009873
Step 122: Learning rate = 0.009872
Step 123: Learning rate = 0.009871
Step 124: Learning rate = 0.009870
Step 125: Learning rate = 0.009869
Step 126: Learning rate = 0.009868
Step 127: Learning rate = 0.009867
Step 128: Learning rate = 0.009866
Step 129: Learning rate = 0.009865
Step 130: Learning rate = 0.009864
Step 131: Learning rate = 0.009863
Step 132: Learning rate = 0.009862
Step 133: Learning rate = 0.009861
Step 134: Learning rate = 0.009860
Step 135: Learning rate = 0.009859
Step 136: Learning rate = 0.009858
Step 137: Learning rate = 0.009857
Step 138: Learning rate = 0.009856
Step 139: Learning rate = 0.009855
Step 140: Learning rate = 0.009854
Step 141: Learning rate = 0.009853
Step 142: Learning rate = 0.009852
Step 143: Learning rate = 0.009850
Step 144: Learning rate = 0.009849
Step 145: Learning rate = 0.009848
Step 146: Learning rate = 0.009847
Step 147: Learning rate = 0.009846
Step 148: Learning rate = 0.009845
Step 149: Learning rate = 0.009844
Step 150: Learning rate = 0.009843
Step 151: Learning rate = 0.009842
Step 152: Learning rate = 0.009841
Step 153: Learning rate = 0.009840
Step 154: Learning rate = 0.009839
Step 155: Learning rate = 0.009838
Step 156: Learning rate = 0.009837
Step 157: Learning rate = 0.009836
Step 158: Learning rate = 0.009835
Step 159: Learning rate = 0.009834
Step 160: Learning rate = 0.009833
Step 161: Learning rate = 0.009832
Step 162: Learning rate = 0.009831
Step 163: Learning rate = 0.009830
Step 164: Learning rate = 0.009829
Step 165: Learning rate = 0.009828
Step 166: Learning rate = 0.009827
Step 167: Learning rate = 0.009826
Step 168: Learning rate = 0.009825
Step 169: Learning rate = 0.009824
Step 170: Learning rate = 0.009822
Step 171: Learning rate = 0.009821
Step 172: Learning rate = 0.009820
Step 173: Learning rate = 0.009819
Step 174: Learning rate = 0.009818
Step 175: Learning rate = 0.009817
Step 176: Learning rate = 0.009816
Step 177: Learning rate = 0.009815
Step 178: Learning rate = 0.009814
Step 179: Learning rate = 0.009813
Step 180: Learning rate = 0.009812
Step 181: Learning rate = 0.009811
Step 182: Learning rate = 0.009810
Step 183: Learning rate = 0.009809
Step 184: Learning rate = 0.009808
Step 185: Learning rate = 0.009807
Step 186: Learning rate = 0.009806
Step 187: Learning rate = 0.009805
Step 188: Learning rate = 0.009804
Step 189: Learning rate = 0.009803
Step 190: Learning rate = 0.009802
Step 191: Learning rate = 0.009801
Step 192: Learning rate = 0.009800
Step 193: Learning rate = 0.009799
Step 194: Learning rate = 0.009798
Step 195: Learning rate = 0.009797
Step 196: Learning rate = 0.009796
Step 197: Learning rate = 0.009795
Step 198: Learning rate = 0.009794
Step 199: Learning rate = 0.009793
Step 200: Learning rate = 0.009791
Step 201: Learning rate = 0.009790
Step 202: Learning rate = 0.009789
Step 203: Learning rate = 0.009788
Step 204: Learning rate = 0.009787
Step 205: Learning rate = 0.009786
Step 206: Learning rate = 0.009785
Step 207: Learning rate = 0.009784
Step 208: Learning rate = 0.009783
Step 209: Learning rate = 0.009782
Step 210: Learning rate = 0.009781
Step 211: Learning rate = 0.009780
Step 212: Learning rate = 0.009779
Step 213: Learning rate = 0.009778
Step 214: Learning rate = 0.009777
Step 215: Learning rate = 0.009776
Step 216: Learning rate = 0.009775
Step 217: Learning rate = 0.009774
Step 218: Learning rate = 0.009773
Step 219: Learning rate = 0.009772
Step 220: Learning rate = 0.009771
Step 221: Learning rate = 0.009770
Step 222: Learning rate = 0.009769
Step 223: Learning rate = 0.009768
Step 224: Learning rate = 0.009767
Step 225: Learning rate = 0.009766
Step 226: Learning rate = 0.009765
Step 227: Learning rate = 0.009764
Step 228: Learning rate = 0.009763
Step 229: Learning rate = 0.009762
Step 230: Learning rate = 0.009761
Step 231: Learning rate = 0.009760
Step 232: Learning rate = 0.009759
Step 233: Learning rate = 0.009757
Step 234: Learning rate = 0.009756
Step 235: Learning rate = 0.009755
Step 236: Learning rate = 0.009754
Step 237: Learning rate = 0.009753
Step 238: Learning rate = 0.009752
Step 239: Learning rate = 0.009751
Step 240: Learning rate = 0.009750
Step 241: Learning rate = 0.009749
Step 242: Learning rate = 0.009748
Step 243: Learning rate = 0.009747
Step 244: Learning rate = 0.009746
Step 245: Learning rate = 0.009745
Step 246: Learning rate = 0.009744
Step 247: Learning rate = 0.009743
Step 248: Learning rate = 0.009742
Step 249: Learning rate = 0.009741
Step 250: Learning rate = 0.009740
Step 251: Learning rate = 0.009739
Step 252: Learning rate = 0.009738
Step 253: Learning rate = 0.009737
Step 254: Learning rate = 0.009736
Step 255: Learning rate = 0.009735
Step 256: Learning rate = 0.009734
Step 257: Learning rate = 0.009733
Step 258: Learning rate = 0.009732
Step 259: Learning rate = 0.009731
Step 260: Learning rate = 0.009730
Step 261: Learning rate = 0.009729
Step 262: Learning rate = 0.009728
Step 263: Learning rate = 0.009727
Step 264: Learning rate = 0.009726
Step 265: Learning rate = 0.009725
Step 266: Learning rate = 0.009724
Step 267: Learning rate = 0.009723
Step 268: Learning rate = 0.009722
Step 269: Learning rate = 0.009721
Step 270: Learning rate = 0.009720
Step 271: Learning rate = 0.009719
Step 272: Learning rate = 0.009717
Step 273: Learning rate = 0.009716
Step 274: Learning rate = 0.009715
Step 275: Learning rate = 0.009714
Step 276: Learning rate = 0.009713
Step 277: Learning rate = 0.009712
Step 278: Learning rate = 0.009711
Step 279: Learning rate = 0.009710
Step 280: Learning rate = 0.009709
Step 281: Learning rate = 0.009708
Step 282: Learning rate = 0.009707
Step 283: Learning rate = 0.009706
Step 284: Learning rate = 0.009705
Step 285: Learning rate = 0.009704
Step 286: Learning rate = 0.009703
Step 287: Learning rate = 0.009702
Step 288: Learning rate = 0.009701
Step 289: Learning rate = 0.009700
Step 290: Learning rate = 0.009699
Step 291: Learning rate = 0.009698
Step 292: Learning rate = 0.009697
Step 293: Learning rate = 0.009696
Step 294: Learning rate = 0.009695
Step 295: Learning rate = 0.009694
Step 296: Learning rate = 0.009693
Step 297: Learning rate = 0.009692
Step 298: Learning rate = 0.009691
Step 299: Learning rate = 0.009690
Step 300: Learning rate = 0.009689
Step 301: Learning rate = 0.009688
Step 302: Learning rate = 0.009687
Step 303: Learning rate = 0.009686
Step 304: Learning rate = 0.009685
Step 305: Learning rate = 0.009684
Step 306: Learning rate = 0.009683
Step 307: Learning rate = 0.009682
Step 308: Learning rate = 0.009681
Step 309: Learning rate = 0.009680
Step 310: Learning rate = 0.009679
Step 311: Learning rate = 0.009678
Step 312: Learning rate = 0.009677
Step 313: Learning rate = 0.009676
Step 314: Learning rate = 0.009675
Step 315: Learning rate = 0.009674
Step 316: Learning rate = 0.009673
Step 317: Learning rate = 0.009672
Step 318: Learning rate = 0.009671
Step 319: Learning rate = 0.009669
Step 320: Learning rate = 0.009668
Step 321: Learning rate = 0.009667
Step 322: Learning rate = 0.009666
Step 323: Learning rate = 0.009665
Step 324: Learning rate = 0.009664
Step 325: Learning rate = 0.009663
Step 326: Learning rate = 0.009662
Step 327: Learning rate = 0.009661
Step 328: Learning rate = 0.009660
Step 329: Learning rate = 0.009659
Step 330: Learning rate = 0.009658
Step 331: Learning rate = 0.009657
Step 332: Learning rate = 0.009656
Step 333: Learning rate = 0.009655
Step 334: Learning rate = 0.009654
Step 335: Learning rate = 0.009653
Step 336: Learning rate = 0.009652
Step 337: Learning rate = 0.009651
Step 338: Learning rate = 0.009650
Step 339: Learning rate = 0.009649
Step 340: Learning rate = 0.009648
Step 341: Learning rate = 0.009647
Step 342: Learning rate = 0.009646
Step 343: Learning rate = 0.009645
Step 344: Learning rate = 0.009644
Step 345: Learning rate = 0.009643
Step 346: Learning rate = 0.009642
Step 347: Learning rate = 0.009641
Step 348: Learning rate = 0.009640
Step 349: Learning rate = 0.009639
Step 350: Learning rate = 0.009638
Step 351: Learning rate = 0.009637
Step 352: Learning rate = 0.009636
Step 353: Learning rate = 0.009635
Step 354: Learning rate = 0.009634
Step 355: Learning rate = 0.009633
Step 356: Learning rate = 0.009632
Step 357: Learning rate = 0.009631
Step 358: Learning rate = 0.009630
Step 359: Learning rate = 0.009629
Step 360: Learning rate = 0.009628
Step 361: Learning rate = 0.009627
Step 362: Learning rate = 0.009626
Step 363: Learning rate = 0.009625
Step 364: Learning rate = 0.009624
Step 365: Learning rate = 0.009623
Step 366: Learning rate = 0.009622
Step 367: Learning rate = 0.009621
Step 368: Learning rate = 0.009620
Step 369: Learning rate = 0.009619
Step 370: Learning rate = 0.009618
Step 371: Learning rate = 0.009617
Step 372: Learning rate = 0.009616
Step 373: Learning rate = 0.009615
Step 374: Learning rate = 0.009614
Step 375: Learning rate = 0.009613
Step 376: Learning rate = 0.009612
Step 377: Learning rate = 0.009611
Step 378: Learning rate = 0.009610
Step 379: Learning rate = 0.009609
Step 380: Learning rate = 0.009608
Step 381: Learning rate = 0.009607
Step 382: Learning rate = 0.009606
Step 383: Learning rate = 0.009605
Step 384: Learning rate = 0.009603
Step 385: Learning rate = 0.009602
Step 386: Learning rate = 0.009601
Step 387: Learning rate = 0.009600
Step 388: Learning rate = 0.009599
Step 389: Learning rate = 0.009598
Step 390: Learning rate = 0.009597
Step 391: Learning rate = 0.009596
Step 392: Learning rate = 0.009595
Step 393: Learning rate = 0.009594
Step 394: Learning rate = 0.009593
Step 395: Learning rate = 0.009592
Step 396: Learning rate = 0.009591
Step 397: Learning rate = 0.009590
Step 398: Learning rate = 0.009589
Step 399: Learning rate = 0.009588
Step 400: Learning rate = 0.009587
Step 401: Learning rate = 0.009586
Step 402: Learning rate = 0.009585
Step 403: Learning rate = 0.009584
Step 404: Learning rate = 0.009583
Step 405: Learning rate = 0.009582
Step 406: Learning rate = 0.009581
Step 407: Learning rate = 0.009580
Step 408: Learning rate = 0.009579
Step 409: Learning rate = 0.009578
Step 410: Learning rate = 0.009577
Step 411: Learning rate = 0.009576
Step 412: Learning rate = 0.009575
Step 413: Learning rate = 0.009574
Step 414: Learning rate = 0.009573
Step 415: Learning rate = 0.009572
Step 416: Learning rate = 0.009571
Step 417: Learning rate = 0.009570
Step 418: Learning rate = 0.009569
Step 419: Learning rate = 0.009568
Step 420: Learning rate = 0.009567
Step 421: Learning rate = 0.009566
Step 422: Learning rate = 0.009565
Step 423: Learning rate = 0.009564
Step 424: Learning rate = 0.009563
Step 425: Learning rate = 0.009562
Step 426: Learning rate = 0.009561
Step 427: Learning rate = 0.009560
Step 428: Learning rate = 0.009559
Step 429: Learning rate = 0.009558
Step 430: Learning rate = 0.009557
Step 431: Learning rate = 0.009556
Step 432: Learning rate = 0.009555
Step 433: Learning rate = 0.009554
Step 434: Learning rate = 0.009553
Step 435: Learning rate = 0.009552
Step 436: Learning rate = 0.009551
Step 437: Learning rate = 0.009550
Step 438: Learning rate = 0.009549
Step 439: Learning rate = 0.009548
Step 440: Learning rate = 0.009547
Step 441: Learning rate = 0.009546
Step 442: Learning rate = 0.009545
Step 443: Learning rate = 0.009544
Step 444: Learning rate = 0.009543
Step 445: Learning rate = 0.009542
Step 446: Learning rate = 0.009541
Step 447: Learning rate = 0.009540
Step 448: Learning rate = 0.009539
Step 449: Learning rate = 0.009538
Step 450: Learning rate = 0.009537
Step 451: Learning rate = 0.009536
Step 452: Learning rate = 0.009535
Step 453: Learning rate = 0.009534
Step 454: Learning rate = 0.009533
Step 455: Learning rate = 0.009532
Step 456: Learning rate = 0.009531
Step 457: Learning rate = 0.009530
Step 458: Learning rate = 0.009529
Step 459: Learning rate = 0.009528
Step 460: Learning rate = 0.009527
Step 461: Learning rate = 0.009526
Step 462: Learning rate = 0.009525
Step 463: Learning rate = 0.009524
Step 464: Learning rate = 0.009523
Step 465: Learning rate = 0.009522
Step 466: Learning rate = 0.009521
Step 467: Learning rate = 0.009520
Step 468: Learning rate = 0.009519
Step 469: Learning rate = 0.009518
Step 470: Learning rate = 0.009517
Step 471: Learning rate = 0.009516
Step 472: Learning rate = 0.009515
Step 473: Learning rate = 0.009514
Step 474: Learning rate = 0.009513
Step 475: Learning rate = 0.009512
Step 476: Learning rate = 0.009511
Step 477: Learning rate = 0.009510
Step 478: Learning rate = 0.009509
Step 479: Learning rate = 0.009508
Step 480: Learning rate = 0.009507
Step 481: Learning rate = 0.009506
Step 482: Learning rate = 0.009505
Step 483: Learning rate = 0.009504
Step 484: Learning rate = 0.009503
Step 485: Learning rate = 0.009502
Step 486: Learning rate = 0.009501
Step 487: Learning rate = 0.009500
Step 488: Learning rate = 0.009499
Step 489: Learning rate = 0.009498
Step 490: Learning rate = 0.009497
Step 491: Learning rate = 0.009496
Step 492: Learning rate = 0.009495
Step 493: Learning rate = 0.009494
Step 494: Learning rate = 0.009493
Step 495: Learning rate = 0.009492
Step 496: Learning rate = 0.009491
Step 497: Learning rate = 0.009490
Step 498: Learning rate = 0.009489
Step 499: Learning rate = 0.009488
Step 500: Learning rate = 0.009487
Step 501: Learning rate = 0.009486
Step 502: Learning rate = 0.009485
Step 503: Learning rate = 0.009484
Step 504: Learning rate = 0.009483
Step 505: Learning rate = 0.009482
Step 506: Learning rate = 0.009481
Step 507: Learning rate = 0.009480
Step 508: Learning rate = 0.009479
Step 509: Learning rate = 0.009478
Step 510: Learning rate = 0.009477
Step 511: Learning rate = 0.009476
Step 512: Learning rate = 0.009475
Step 513: Learning rate = 0.009474
Step 514: Learning rate = 0.009473
Step 515: Learning rate = 0.009472
Step 516: Learning rate = 0.009471
Step 517: Learning rate = 0.009470
Step 518: Learning rate = 0.009469
Step 519: Learning rate = 0.009468
Step 520: Learning rate = 0.009467
Step 521: Learning rate = 0.009466
Step 522: Learning rate = 0.009465
Step 523: Learning rate = 0.009464
Step 524: Learning rate = 0.009463
Step 525: Learning rate = 0.009462
Step 526: Learning rate = 0.009461
Step 527: Learning rate = 0.009460
Step 528: Learning rate = 0.009459
Step 529: Learning rate = 0.009458
Step 530: Learning rate = 0.009457
Step 531: Learning rate = 0.009456
Step 532: Learning rate = 0.009455
Step 533: Learning rate = 0.009454
Step 534: Learning rate = 0.009453
Step 535: Learning rate = 0.009452
Step 536: Learning rate = 0.009451
Step 537: Learning rate = 0.009450
Step 538: Learning rate = 0.009449
Step 539: Learning rate = 0.009448
Step 540: Learning rate = 0.009447
Step 541: Learning rate = 0.009446
Step 542: Learning rate = 0.009445
Step 543: Learning rate = 0.009444
Step 544: Learning rate = 0.009443
Step 545: Learning rate = 0.009442
Step 546: Learning rate = 0.009441
Step 547: Learning rate = 0.009440
Step 548: Learning rate = 0.009439
Step 549: Learning rate = 0.009438
Step 550: Learning rate = 0.009437
Step 551: Learning rate = 0.009436
Step 552: Learning rate = 0.009435
Step 553: Learning rate = 0.009434
Step 554: Learning rate = 0.009433
Step 555: Learning rate = 0.009432
Step 556: Learning rate = 0.009431
Step 557: Learning rate = 0.009430
Step 558: Learning rate = 0.009429
Step 559: Learning rate = 0.009428
Step 560: Learning rate = 0.009427
Step 561: Learning rate = 0.009426
Step 562: Learning rate = 0.009425
Step 563: Learning rate = 0.009424
Step 564: Learning rate = 0.009423
Step 565: Learning rate = 0.009422
Step 566: Learning rate = 0.009421
Step 567: Learning rate = 0.009420
Step 568: Learning rate = 0.009419
Step 569: Learning rate = 0.009418
Step 570: Learning rate = 0.009417
Step 571: Learning rate = 0.009416
Step 572: Learning rate = 0.009415
Step 573: Learning rate = 0.009414
Step 574: Learning rate = 0.009413
Step 575: Learning rate = 0.009412
Step 576: Learning rate = 0.009411
Step 577: Learning rate = 0.009410
Step 578: Learning rate = 0.009409
Step 579: Learning rate = 0.009408
Step 580: Learning rate = 0.009407
Step 581: Learning rate = 0.009406
Step 582: Learning rate = 0.009405
Step 583: Learning rate = 0.009404
Step 584: Learning rate = 0.009403
Step 585: Learning rate = 0.009402
Step 586: Learning rate = 0.009401
Step 587: Learning rate = 0.009400
Step 588: Learning rate = 0.009399
Step 589: Learning rate = 0.009398
Step 590: Learning rate = 0.009397
Step 591: Learning rate = 0.009396
Step 592: Learning rate = 0.009395
Step 593: Learning rate = 0.009394
Step 594: Learning rate = 0.009393
Step 595: Learning rate = 0.009392
Step 596: Learning rate = 0.009391
Step 597: Learning rate = 0.009390
Step 598: Learning rate = 0.009389
Step 599: Learning rate = 0.009388
Step 600: Learning rate = 0.009387
Step 601: Learning rate = 0.009386
Step 602: Learning rate = 0.009385
Step 603: Learning rate = 0.009384
Step 604: Learning rate = 0.009383
Step 605: Learning rate = 0.009382
Step 606: Learning rate = 0.009381
Step 607: Learning rate = 0.009380
Step 608: Learning rate = 0.009379
Step 609: Learning rate = 0.009379
Step 610: Learning rate = 0.009378
Step 611: Learning rate = 0.009377
Step 612: Learning rate = 0.009376
Step 613: Learning rate = 0.009375
Step 614: Learning rate = 0.009374
Step 615: Learning rate = 0.009373
Step 616: Learning rate = 0.009372
Step 617: Learning rate = 0.009371
Step 618: Learning rate = 0.009370
Step 619: Learning rate = 0.009369
Step 620: Learning rate = 0.009368
Step 621: Learning rate = 0.009367
Step 622: Learning rate = 0.009366
Step 623: Learning rate = 0.009365
Step 624: Learning rate = 0.009364
Step 625: Learning rate = 0.009363
Step 626: Learning rate = 0.009362
Step 627: Learning rate = 0.009361
Step 628: Learning rate = 0.009360
Step 629: Learning rate = 0.009359
Step 630: Learning rate = 0.009358
Step 631: Learning rate = 0.009357
Step 632: Learning rate = 0.009356
Step 633: Learning rate = 0.009355
Step 634: Learning rate = 0.009354
Step 635: Learning rate = 0.009353
Step 636: Learning rate = 0.009352
Step 637: Learning rate = 0.009351
Step 638: Learning rate = 0.009350
Step 639: Learning rate = 0.009349
Step 640: Learning rate = 0.009348
Step 641: Learning rate = 0.009347
Step 642: Learning rate = 0.009346
Step 643: Learning rate = 0.009345
Step 644: Learning rate = 0.009344
Step 645: Learning rate = 0.009343
Step 646: Learning rate = 0.009342
Step 647: Learning rate = 0.009341
Step 648: Learning rate = 0.009340
Step 649: Learning rate = 0.009339
Step 650: Learning rate = 0.009338
Step 651: Learning rate = 0.009337
Step 652: Learning rate = 0.009336
Step 653: Learning rate = 0.009335
Step 654: Learning rate = 0.009334
Step 655: Learning rate = 0.009333
Step 656: Learning rate = 0.009332
Step 657: Learning rate = 0.009331
Step 658: Learning rate = 0.009330
Step 659: Learning rate = 0.009329
Step 660: Learning rate = 0.009328
Step 661: Learning rate = 0.009327
Step 662: Learning rate = 0.009326
Step 663: Learning rate = 0.009325
Step 664: Learning rate = 0.009324
Step 665: Learning rate = 0.009323
Step 666: Learning rate = 0.009322
Step 667: Learning rate = 0.009321
Step 668: Learning rate = 0.009320
Step 669: Learning rate = 0.009319
Step 670: Learning rate = 0.009318
Step 671: Learning rate = 0.009317
Step 672: Learning rate = 0.009316
Step 673: Learning rate = 0.009315
Step 674: Learning rate = 0.009314
Step 675: Learning rate = 0.009314
Step 676: Learning rate = 0.009313
Step 677: Learning rate = 0.009312
Step 678: Learning rate = 0.009311
Step 679: Learning rate = 0.009310
Step 680: Learning rate = 0.009309
Step 681: Learning rate = 0.009308
Step 682: Learning rate = 0.009307
Step 683: Learning rate = 0.009306
Step 684: Learning rate = 0.009305
Step 685: Learning rate = 0.009304
Step 686: Learning rate = 0.009303
Step 687: Learning rate = 0.009302
Step 688: Learning rate = 0.009301
Step 689: Learning rate = 0.009300
Step 690: Learning rate = 0.009299
Step 691: Learning rate = 0.009298
Step 692: Learning rate = 0.009297
Step 693: Learning rate = 0.009296
Step 694: Learning rate = 0.009295
Step 695: Learning rate = 0.009294
Step 696: Learning rate = 0.009293
Step 697: Learning rate = 0.009292
Step 698: Learning rate = 0.009291
Step 699: Learning rate = 0.009290
Step 700: Learning rate = 0.009289
Step 701: Learning rate = 0.009288
Step 702: Learning rate = 0.009287
Step 703: Learning rate = 0.009286
Step 704: Learning rate = 0.009285
Step 705: Learning rate = 0.009284
Step 706: Learning rate = 0.009283
Step 707: Learning rate = 0.009282
Step 708: Learning rate = 0.009281
Step 709: Learning rate = 0.009280
Step 710: Learning rate = 0.009279
Step 711: Learning rate = 0.009278
Step 712: Learning rate = 0.009277
Step 713: Learning rate = 0.009276
Step 714: Learning rate = 0.009275
Step 715: Learning rate = 0.009274
Step 716: Learning rate = 0.009273
Step 717: Learning rate = 0.009272
Step 718: Learning rate = 0.009271
Step 719: Learning rate = 0.009270
Step 720: Learning rate = 0.009269
Step 721: Learning rate = 0.009268
Step 722: Learning rate = 0.009268
Step 723: Learning rate = 0.009267
Step 724: Learning rate = 0.009266
Step 725: Learning rate = 0.009265
Step 726: Learning rate = 0.009264
Step 727: Learning rate = 0.009263
Step 728: Learning rate = 0.009262
Step 729: Learning rate = 0.009261
Step 730: Learning rate = 0.009260
Step 731: Learning rate = 0.009259
Step 732: Learning rate = 0.009258
Step 733: Learning rate = 0.009257
Step 734: Learning rate = 0.009256
Step 735: Learning rate = 0.009255
Step 736: Learning rate = 0.009254
Step 737: Learning rate = 0.009253
Step 738: Learning rate = 0.009252
Step 739: Learning rate = 0.009251
Step 740: Learning rate = 0.009250
Step 741: Learning rate = 0.009249
Step 742: Learning rate = 0.009248
Step 743: Learning rate = 0.009247
Step 744: Learning rate = 0.009246
Step 745: Learning rate = 0.009245
Step 746: Learning rate = 0.009244
Step 747: Learning rate = 0.009243
Step 748: Learning rate = 0.009242
Step 749: Learning rate = 0.009241
Step 750: Learning rate = 0.009240
Step 751: Learning rate = 0.009239
Step 752: Learning rate = 0.009238
Step 753: Learning rate = 0.009237
Step 754: Learning rate = 0.009236
Step 755: Learning rate = 0.009235
Step 756: Learning rate = 0.009234
Step 757: Learning rate = 0.009233
Step 758: Learning rate = 0.009232
Step 759: Learning rate = 0.009231
Step 760: Learning rate = 0.009230
Step 761: Learning rate = 0.009230
Step 762: Learning rate = 0.009229
Step 763: Learning rate = 0.009228
Step 764: Learning rate = 0.009227
Step 765: Learning rate = 0.009226
Step 766: Learning rate = 0.009225
Step 767: Learning rate = 0.009224
Step 768: Learning rate = 0.009223
Step 769: Learning rate = 0.009222
Step 770: Learning rate = 0.009221
Step 771: Learning rate = 0.009220
Step 772: Learning rate = 0.009219
Step 773: Learning rate = 0.009218
Step 774: Learning rate = 0.009217
Step 775: Learning rate = 0.009216
Step 776: Learning rate = 0.009215
Step 777: Learning rate = 0.009214
Step 778: Learning rate = 0.009213
Step 779: Learning rate = 0.009212
Step 780: Learning rate = 0.009211
Step 781: Learning rate = 0.009210
Step 782: Learning rate = 0.009209
Step 783: Learning rate = 0.009208
Step 784: Learning rate = 0.009207
Step 785: Learning rate = 0.009206
Step 786: Learning rate = 0.009205
Step 787: Learning rate = 0.009204
Step 788: Learning rate = 0.009203
Step 789: Learning rate = 0.009202
Step 790: Learning rate = 0.009201
Step 791: Learning rate = 0.009200
Step 792: Learning rate = 0.009199
Step 793: Learning rate = 0.009198
Step 794: Learning rate = 0.009197
Step 795: Learning rate = 0.009197
Step 796: Learning rate = 0.009196
Step 797: Learning rate = 0.009195
Step 798: Learning rate = 0.009194
Step 799: Learning rate = 0.009193
Step 800: Learning rate = 0.009192
Step 801: Learning rate = 0.009191
Step 802: Learning rate = 0.009190
Step 803: Learning rate = 0.009189
Step 804: Learning rate = 0.009188
Step 805: Learning rate = 0.009187
Step 806: Learning rate = 0.009186
Step 807: Learning rate = 0.009185
Step 808: Learning rate = 0.009184
Step 809: Learning rate = 0.009183
Step 810: Learning rate = 0.009182
Step 811: Learning rate = 0.009181
Step 812: Learning rate = 0.009180
Step 813: Learning rate = 0.009179
Step 814: Learning rate = 0.009178
Step 815: Learning rate = 0.009177
Step 816: Learning rate = 0.009176
Step 817: Learning rate = 0.009175
Step 818: Learning rate = 0.009174
Step 819: Learning rate = 0.009173
Step 820: Learning rate = 0.009172
Step 821: Learning rate = 0.009171
Step 822: Learning rate = 0.009170
Step 823: Learning rate = 0.009169
Step 824: Learning rate = 0.009168
Step 825: Learning rate = 0.009167
Step 826: Learning rate = 0.009167
Step 827: Learning rate = 0.009166
Step 828: Learning rate = 0.009165
Step 829: Learning rate = 0.009164
Step 830: Learning rate = 0.009163
Step 831: Learning rate = 0.009162
Step 832: Learning rate = 0.009161
Step 833: Learning rate = 0.009160
Step 834: Learning rate = 0.009159
Step 835: Learning rate = 0.009158
Step 836: Learning rate = 0.009157
Step 837: Learning rate = 0.009156
Step 838: Learning rate = 0.009155
Step 839: Learning rate = 0.009154
Step 840: Learning rate = 0.009153
Step 841: Learning rate = 0.009152
Step 842: Learning rate = 0.009151
Step 843: Learning rate = 0.009150
Step 844: Learning rate = 0.009149
Step 845: Learning rate = 0.009148
Step 846: Learning rate = 0.009147
Step 847: Learning rate = 0.009146
Step 848: Learning rate = 0.009145
Step 849: Learning rate = 0.009144
Step 850: Learning rate = 0.009143
Step 851: Learning rate = 0.009142
Step 852: Learning rate = 0.009141
Step 853: Learning rate = 0.009140
Step 854: Learning rate = 0.009140
Step 855: Learning rate = 0.009139
Step 856: Learning rate = 0.009138
Step 857: Learning rate = 0.009137
Step 858: Learning rate = 0.009136
Step 859: Learning rate = 0.009135
Step 860: Learning rate = 0.009134
Step 861: Learning rate = 0.009133
Step 862: Learning rate = 0.009132
Step 863: Learning rate = 0.009131
Step 864: Learning rate = 0.009130
Step 865: Learning rate = 0.009129
Step 866: Learning rate = 0.009128
Step 867: Learning rate = 0.009127
Step 868: Learning rate = 0.009126
Step 869: Learning rate = 0.009125
Step 870: Learning rate = 0.009124
Step 871: Learning rate = 0.009123
Step 872: Learning rate = 0.009122
Step 873: Learning rate = 0.009121
Step 874: Learning rate = 0.009120
Step 875: Learning rate = 0.009119
Step 876: Learning rate = 0.009118
Step 877: Learning rate = 0.009117
Step 878: Learning rate = 0.009116
Step 879: Learning rate = 0.009115
Step 880: Learning rate = 0.009115
Step 881: Learning rate = 0.009114
Step 882: Learning rate = 0.009113
Step 883: Learning rate = 0.009112
Step 884: Learning rate = 0.009111
Step 885: Learning rate = 0.009110
Step 886: Learning rate = 0.009109
Step 887: Learning rate = 0.009108
Step 888: Learning rate = 0.009107
Step 889: Learning rate = 0.009106
Step 890: Learning rate = 0.009105
Step 891: Learning rate = 0.009104
Step 892: Learning rate = 0.009103
Step 893: Learning rate = 0.009102
Step 894: Learning rate = 0.009101
Step 895: Learning rate = 0.009100
Step 896: Learning rate = 0.009099
Step 897: Learning rate = 0.009098
Step 898: Learning rate = 0.009097
Step 899: Learning rate = 0.009096
Step 900: Learning rate = 0.009095
Step 901: Learning rate = 0.009094
Step 902: Learning rate = 0.009093
Step 903: Learning rate = 0.009092
Step 904: Learning rate = 0.009091
Step 905: Learning rate = 0.009091
Step 906: Learning rate = 0.009090
Step 907: Learning rate = 0.009089
Step 908: Learning rate = 0.009088
Step 909: Learning rate = 0.009087
Step 910: Learning rate = 0.009086
Step 911: Learning rate = 0.009085
Step 912: Learning rate = 0.009084
Step 913: Learning rate = 0.009083
Step 914: Learning rate = 0.009082
Step 915: Learning rate = 0.009081
Step 916: Learning rate = 0.009080
Step 917: Learning rate = 0.009079
Step 918: Learning rate = 0.009078
Step 919: Learning rate = 0.009077
Step 920: Learning rate = 0.009076
Step 921: Learning rate = 0.009075
Step 922: Learning rate = 0.009074
Step 923: Learning rate = 0.009073
Step 924: Learning rate = 0.009072
Step 925: Learning rate = 0.009071
Step 926: Learning rate = 0.009070
Step 927: Learning rate = 0.009069
Step 928: Learning rate = 0.009069
Step 929: Learning rate = 0.009068
Step 930: Learning rate = 0.009067
Step 931: Learning rate = 0.009066
Step 932: Learning rate = 0.009065
Step 933: Learning rate = 0.009064
Step 934: Learning rate = 0.009063
Step 935: Learning rate = 0.009062
Step 936: Learning rate = 0.009061
Step 937: Learning rate = 0.009060
Step 938: Learning rate = 0.009059
Step 939: Learning rate = 0.009058
Step 940: Learning rate = 0.009057
Step 941: Learning rate = 0.009056
Step 942: Learning rate = 0.009055
Step 943: Learning rate = 0.009054
Step 944: Learning rate = 0.009053
Step 945: Learning rate = 0.009052
Step 946: Learning rate = 0.009051
Step 947: Learning rate = 0.009050
Step 948: Learning rate = 0.009049
Step 949: Learning rate = 0.009048
Step 950: Learning rate = 0.009048
Step 951: Learning rate = 0.009047
Step 952: Learning rate = 0.009046
Step 953: Learning rate = 0.009045
Step 954: Learning rate = 0.009044
Step 955: Learning rate = 0.009043
Step 956: Learning rate = 0.009042
Step 957: Learning rate = 0.009041
Step 958: Learning rate = 0.009040
Step 959: Learning rate = 0.009039
Step 960: Learning rate = 0.009038
Step 961: Learning rate = 0.009037
Step 962: Learning rate = 0.009036
Step 963: Learning rate = 0.009035
Step 964: Learning rate = 0.009034
Step 965: Learning rate = 0.009033
Step 966: Learning rate = 0.009032
Step 967: Learning rate = 0.009031
Step 968: Learning rate = 0.009030
Step 969: Learning rate = 0.009029
Step 970: Learning rate = 0.009028
Step 971: Learning rate = 0.009028
Step 972: Learning rate = 0.009027
Step 973: Learning rate = 0.009026
Step 974: Learning rate = 0.009025
Step 975: Learning rate = 0.009024
Step 976: Learning rate = 0.009023
Step 977: Learning rate = 0.009022
Step 978: Learning rate = 0.009021
Step 979: Learning rate = 0.009020
Step 980: Learning rate = 0.009019
Step 981: Learning rate = 0.009018
Step 982: Learning rate = 0.009017
Step 983: Learning rate = 0.009016
Step 984: Learning rate = 0.009015
Step 985: Learning rate = 0.009014
Step 986: Learning rate = 0.009013
Step 987: Learning rate = 0.009012
Step 988: Learning rate = 0.009011
Step 989: Learning rate = 0.009010
Step 990: Learning rate = 0.009009
Step 991: Learning rate = 0.009009
Step 992: Learning rate = 0.009008
Step 993: Learning rate = 0.009007
Step 994: Learning rate = 0.009006
Step 995: Learning rate = 0.009005
Step 996: Learning rate = 0.009004
Step 997: Learning rate = 0.009003
Step 998: Learning rate = 0.009002
Step 999: Learning rate = 0.009001
adam
0.010000
1000
Initial loss: 113097874.05268784
Final loss: 155.43095842573916
start inference
#############################################
z_uncertain_list shape (5, 2)
#############################################
#############################################
z_uncertain_list shape (5, 2)
#############################################
#############################################
z_uncertain_list shape (5, 2)
#############################################

                     mean       std    median      5.0%     95.0%     n_eff     r_hat
z_uncertain0[0]      1.00      0.00      1.00      1.00      1.01     23.96      1.03
z_uncertain0[1]      0.87      0.00      0.87      0.87      0.88     12.30      1.08
z_uncertain1[0]      0.08      0.00      0.08      0.08      0.08      9.25      1.30
z_uncertain1[1]     -1.72      0.00     -1.72     -1.72     -1.72     24.34      1.00
z_uncertain2[0]      0.09      0.00      0.09      0.09      0.10      9.18      1.06
z_uncertain2[1]      1.70      0.00      1.70      1.70      1.70     15.48      1.04
z_uncertain3[0]     -1.28      0.00     -1.28     -1.29     -1.28      8.48      1.00
z_uncertain3[1]     -1.11      0.00     -1.11     -1.11     -1.10      4.06      1.65
z_uncertain4[0]      1.13      0.01      1.12      1.12      1.15      3.39      1.72
z_uncertain4[1]      0.28      0.00      0.28      0.27      0.28      4.83      1.43

Number of divergences: 588
{'z_uncertain0': Array([[1.05459297, 0.88831658],
       [1.04776893, 0.88422099],
       [1.05228118, 0.8832642 ],
       ...,
       [0.99994345, 0.87588938],
       [1.00079805, 0.87603309],
       [1.00079805, 0.87603309]], dtype=float64), 'z_uncertain1': Array([[ 0.07474079, -1.72574665],
       [ 0.07242043, -1.72473433],
       [ 0.07265457, -1.72403216],
       ...,
       [ 0.07669567, -1.7222003 ],
       [ 0.07673117, -1.72214608],
       [ 0.07673117, -1.72214608]], dtype=float64), 'z_uncertain2': Array([[0.10231222, 1.70070357],
       [0.10298399, 1.69922431],
       [0.10329684, 1.70134594],
       ...,
       [0.09286141, 1.69814584],
       [0.0929327 , 1.69813547],
       [0.0929327 , 1.69813547]], dtype=float64), 'z_uncertain3': Array([[-1.2822879 , -1.11846062],
       [-1.28074063, -1.11743778],
       [-1.28209697, -1.11580558],
       ...,
       [-1.28595885, -1.1127006 ],
       [-1.28584033, -1.11287612],
       [-1.28584033, -1.11287612]], dtype=float64), 'z_uncertain4': Array([[1.2555115 , 0.23740915],
       [1.18798989, 0.24493061],
       [1.19837035, 0.24972137],
       ...,
       [1.11997421, 0.27836277],
       [1.12045919, 0.27728829],
       [1.12045919, 0.27728829]], dtype=float64)}
Script finished in 5 minutes and 40 seconds.
