hpc-node02
	Adding nVidia Cuda Toolkit 11.8
	Adding nVidia cuDNN 8.6 (.0.163)
	Adding nvtop
Thu Jun 13 10:37:02 2024       
+-----------------------------------------------------------------------------------------+
| NVIDIA-SMI 550.54.15              Driver Version: 550.54.15      CUDA Version: 12.4     |
|-----------------------------------------+------------------------+----------------------+
| GPU  Name                 Persistence-M | Bus-Id          Disp.A | Volatile Uncorr. ECC |
| Fan  Temp   Perf          Pwr:Usage/Cap |           Memory-Usage | GPU-Util  Compute M. |
|                                         |                        |               MIG M. |
|=========================================+========================+======================|
|   0  NVIDIA L40                     On  |   00000000:17:00.0 Off |                    0 |
| N/A   45C    P0             89W /  300W |     692MiB /  46068MiB |     86%      Default |
|                                         |                        |                  N/A |
+-----------------------------------------+------------------------+----------------------+
|   1  NVIDIA L40                     On  |   00000000:65:00.0 Off |                    0 |
| N/A   42C    P0             80W /  300W |       0MiB /  46068MiB |      0%      Default |
|                                         |                        |                  N/A |
+-----------------------------------------+------------------------+----------------------+
|   2  NVIDIA L40                     On  |   00000000:CA:00.0 Off |                    0 |
| N/A   31C    P8             35W /  300W |       0MiB /  46068MiB |      0%      Default |
|                                         |                        |                  N/A |
+-----------------------------------------+------------------------+----------------------+
|   3  NVIDIA L40                     On  |   00000000:E3:00.0 Off |                    0 |
| N/A   47C    P0             92W /  300W |     692MiB /  46068MiB |     81%      Default |
|                                         |                        |                  N/A |
+-----------------------------------------+------------------------+----------------------+
                                                                                         
+-----------------------------------------------------------------------------------------+
| Processes:                                                                              |
|  GPU   GI   CI        PID   Type   Process name                              GPU Memory |
|        ID   ID                                                               Usage      |
|=========================================================================================|
|    0   N/A  N/A      2587      C   python                                        684MiB |
|    3   N/A  N/A      3788      C   python                                        684MiB |
+-----------------------------------------------------------------------------------------+
Date              = Thu Jun 13 10:37:03 CEST 2024
Hostname          = hpc-node02
Working Directory = /local/292995
Number of nodes used        : 1
Number of MPI tasks         : 1
Number of threads           : 16
Number of MPI tasks per node: 1
Number of threads per core  : 
Name of nodes used          : hpc-node02
Gpu devices                 : 2
Starting worker: 
Xu_fixed:  [[0.         0.95006237]
 [0.         0.94521492]
 [0.         0.39422269]
 [0.         0.34238744]
 [0.         0.53206767]
 [0.42300447 0.        ]
 [0.37513696 0.        ]
 [0.51259359 0.        ]
 [0.54022212 0.        ]
 [0.25327558 0.        ]
 [1.         0.39326737]
 [1.         0.69942523]
 [1.         0.78878791]
 [1.         0.39758325]
 [1.         0.41364807]]
sigma_init_yu: 0.38241191379969613	sigma_init_yf: 18.405688782491918	sigma_init: 16.49559896594662
new_sigma_init_yu: 0.38241191379969613	new_sigma_init_yf: 0.4303882378294747	new_sigma_init: 0.4362396348776218
Xu_noise: [[ 0.53441744 -0.01512023]
 [ 0.37383673  0.84915495]
 [ 0.61160043  0.25683977]
 [ 0.21138835  0.81214232]
 [ 0.47124844  0.27870854]]
Xu_noise shape: (5, 2)
Step 0: Learning rate = 0.001000
Step 1: Learning rate = 0.001000
Step 2: Learning rate = 0.001000
Step 3: Learning rate = 0.001000
Step 4: Learning rate = 0.001000
Step 5: Learning rate = 0.001000
Step 6: Learning rate = 0.001000
Step 7: Learning rate = 0.001000
Step 8: Learning rate = 0.001000
Step 9: Learning rate = 0.001000
Step 10: Learning rate = 0.000999
Step 11: Learning rate = 0.000999
Step 12: Learning rate = 0.000999
Step 13: Learning rate = 0.000999
Step 14: Learning rate = 0.000999
Step 15: Learning rate = 0.000999
Step 16: Learning rate = 0.000999
Step 17: Learning rate = 0.000999
Step 18: Learning rate = 0.000999
Step 19: Learning rate = 0.000999
Step 20: Learning rate = 0.000999
Step 21: Learning rate = 0.000999
Step 22: Learning rate = 0.000999
Step 23: Learning rate = 0.000999
Step 24: Learning rate = 0.000999
Step 25: Learning rate = 0.000999
Step 26: Learning rate = 0.000999
Step 27: Learning rate = 0.000999
Step 28: Learning rate = 0.000999
Step 29: Learning rate = 0.000998
Step 30: Learning rate = 0.000998
Step 31: Learning rate = 0.000998
Step 32: Learning rate = 0.000998
Step 33: Learning rate = 0.000998
Step 34: Learning rate = 0.000998
Step 35: Learning rate = 0.000998
Step 36: Learning rate = 0.000998
Step 37: Learning rate = 0.000998
Step 38: Learning rate = 0.000998
Step 39: Learning rate = 0.000998
Step 40: Learning rate = 0.000998
Step 41: Learning rate = 0.000998
Step 42: Learning rate = 0.000998
Step 43: Learning rate = 0.000998
Step 44: Learning rate = 0.000998
Step 45: Learning rate = 0.000998
Step 46: Learning rate = 0.000998
Step 47: Learning rate = 0.000998
Step 48: Learning rate = 0.000997
Step 49: Learning rate = 0.000997
Step 50: Learning rate = 0.000997
Step 51: Learning rate = 0.000997
Step 52: Learning rate = 0.000997
Step 53: Learning rate = 0.000997
Step 54: Learning rate = 0.000997
Step 55: Learning rate = 0.000997
Step 56: Learning rate = 0.000997
Step 57: Learning rate = 0.000997
Step 58: Learning rate = 0.000997
Step 59: Learning rate = 0.000997
Step 60: Learning rate = 0.000997
Step 61: Learning rate = 0.000997
Step 62: Learning rate = 0.000997
Step 63: Learning rate = 0.000997
Step 64: Learning rate = 0.000997
Step 65: Learning rate = 0.000997
Step 66: Learning rate = 0.000997
Step 67: Learning rate = 0.000996
Step 68: Learning rate = 0.000996
Step 69: Learning rate = 0.000996
Step 70: Learning rate = 0.000996
Step 71: Learning rate = 0.000996
Step 72: Learning rate = 0.000996
Step 73: Learning rate = 0.000996
Step 74: Learning rate = 0.000996
Step 75: Learning rate = 0.000996
Step 76: Learning rate = 0.000996
Step 77: Learning rate = 0.000996
Step 78: Learning rate = 0.000996
Step 79: Learning rate = 0.000996
Step 80: Learning rate = 0.000996
Step 81: Learning rate = 0.000996
Step 82: Learning rate = 0.000996
Step 83: Learning rate = 0.000996
Step 84: Learning rate = 0.000996
Step 85: Learning rate = 0.000996
Step 86: Learning rate = 0.000995
Step 87: Learning rate = 0.000995
Step 88: Learning rate = 0.000995
Step 89: Learning rate = 0.000995
Step 90: Learning rate = 0.000995
Step 91: Learning rate = 0.000995
Step 92: Learning rate = 0.000995
Step 93: Learning rate = 0.000995
Step 94: Learning rate = 0.000995
Step 95: Learning rate = 0.000995
Step 96: Learning rate = 0.000995
Step 97: Learning rate = 0.000995
Step 98: Learning rate = 0.000995
Step 99: Learning rate = 0.000995
Step 100: Learning rate = 0.000995
Step 101: Learning rate = 0.000995
Step 102: Learning rate = 0.000995
Step 103: Learning rate = 0.000995
Step 104: Learning rate = 0.000995
Step 105: Learning rate = 0.000994
Step 106: Learning rate = 0.000994
Step 107: Learning rate = 0.000994
Step 108: Learning rate = 0.000994
Step 109: Learning rate = 0.000994
Step 110: Learning rate = 0.000994
Step 111: Learning rate = 0.000994
Step 112: Learning rate = 0.000994
Step 113: Learning rate = 0.000994
Step 114: Learning rate = 0.000994
Step 115: Learning rate = 0.000994
Step 116: Learning rate = 0.000994
Step 117: Learning rate = 0.000994
Step 118: Learning rate = 0.000994
Step 119: Learning rate = 0.000994
Step 120: Learning rate = 0.000994
Step 121: Learning rate = 0.000994
Step 122: Learning rate = 0.000994
Step 123: Learning rate = 0.000994
Step 124: Learning rate = 0.000993
Step 125: Learning rate = 0.000993
Step 126: Learning rate = 0.000993
Step 127: Learning rate = 0.000993
Step 128: Learning rate = 0.000993
Step 129: Learning rate = 0.000993
Step 130: Learning rate = 0.000993
Step 131: Learning rate = 0.000993
Step 132: Learning rate = 0.000993
Step 133: Learning rate = 0.000993
Step 134: Learning rate = 0.000993
Step 135: Learning rate = 0.000993
Step 136: Learning rate = 0.000993
Step 137: Learning rate = 0.000993
Step 138: Learning rate = 0.000993
Step 139: Learning rate = 0.000993
Step 140: Learning rate = 0.000993
Step 141: Learning rate = 0.000993
Step 142: Learning rate = 0.000993
Step 143: Learning rate = 0.000992
Step 144: Learning rate = 0.000992
Step 145: Learning rate = 0.000992
Step 146: Learning rate = 0.000992
Step 147: Learning rate = 0.000992
Step 148: Learning rate = 0.000992
Step 149: Learning rate = 0.000992
Step 150: Learning rate = 0.000992
Step 151: Learning rate = 0.000992
Step 152: Learning rate = 0.000992
Step 153: Learning rate = 0.000992
Step 154: Learning rate = 0.000992
Step 155: Learning rate = 0.000992
Step 156: Learning rate = 0.000992
Step 157: Learning rate = 0.000992
Step 158: Learning rate = 0.000992
Step 159: Learning rate = 0.000992
Step 160: Learning rate = 0.000992
Step 161: Learning rate = 0.000992
Step 162: Learning rate = 0.000992
Step 163: Learning rate = 0.000991
Step 164: Learning rate = 0.000991
Step 165: Learning rate = 0.000991
Step 166: Learning rate = 0.000991
Step 167: Learning rate = 0.000991
Step 168: Learning rate = 0.000991
Step 169: Learning rate = 0.000991
Step 170: Learning rate = 0.000991
Step 171: Learning rate = 0.000991
Step 172: Learning rate = 0.000991
Step 173: Learning rate = 0.000991
Step 174: Learning rate = 0.000991
Step 175: Learning rate = 0.000991
Step 176: Learning rate = 0.000991
Step 177: Learning rate = 0.000991
Step 178: Learning rate = 0.000991
Step 179: Learning rate = 0.000991
Step 180: Learning rate = 0.000991
Step 181: Learning rate = 0.000991
Step 182: Learning rate = 0.000990
Step 183: Learning rate = 0.000990
Step 184: Learning rate = 0.000990
Step 185: Learning rate = 0.000990
Step 186: Learning rate = 0.000990
Step 187: Learning rate = 0.000990
Step 188: Learning rate = 0.000990
Step 189: Learning rate = 0.000990
Step 190: Learning rate = 0.000990
Step 191: Learning rate = 0.000990
Step 192: Learning rate = 0.000990
Step 193: Learning rate = 0.000990
Step 194: Learning rate = 0.000990
Step 195: Learning rate = 0.000990
Step 196: Learning rate = 0.000990
Step 197: Learning rate = 0.000990
Step 198: Learning rate = 0.000990
Step 199: Learning rate = 0.000990
Step 200: Learning rate = 0.000990
Step 201: Learning rate = 0.000989
Step 202: Learning rate = 0.000989
Step 203: Learning rate = 0.000989
Step 204: Learning rate = 0.000989
Step 205: Learning rate = 0.000989
Step 206: Learning rate = 0.000989
Step 207: Learning rate = 0.000989
Step 208: Learning rate = 0.000989
Step 209: Learning rate = 0.000989
Step 210: Learning rate = 0.000989
Step 211: Learning rate = 0.000989
Step 212: Learning rate = 0.000989
Step 213: Learning rate = 0.000989
Step 214: Learning rate = 0.000989
Step 215: Learning rate = 0.000989
Step 216: Learning rate = 0.000989
Step 217: Learning rate = 0.000989
Step 218: Learning rate = 0.000989
Step 219: Learning rate = 0.000989
Step 220: Learning rate = 0.000988
Step 221: Learning rate = 0.000988
Step 222: Learning rate = 0.000988
Step 223: Learning rate = 0.000988
Step 224: Learning rate = 0.000988
Step 225: Learning rate = 0.000988
Step 226: Learning rate = 0.000988
Step 227: Learning rate = 0.000988
Step 228: Learning rate = 0.000988
Step 229: Learning rate = 0.000988
Step 230: Learning rate = 0.000988
Step 231: Learning rate = 0.000988
Step 232: Learning rate = 0.000988
Step 233: Learning rate = 0.000988
Step 234: Learning rate = 0.000988
Step 235: Learning rate = 0.000988
Step 236: Learning rate = 0.000988
Step 237: Learning rate = 0.000988
Step 238: Learning rate = 0.000988
Step 239: Learning rate = 0.000987
Step 240: Learning rate = 0.000987
Step 241: Learning rate = 0.000987
Step 242: Learning rate = 0.000987
Step 243: Learning rate = 0.000987
Step 244: Learning rate = 0.000987
Step 245: Learning rate = 0.000987
Step 246: Learning rate = 0.000987
Step 247: Learning rate = 0.000987
Step 248: Learning rate = 0.000987
Step 249: Learning rate = 0.000987
Step 250: Learning rate = 0.000987
Step 251: Learning rate = 0.000987
Step 252: Learning rate = 0.000987
Step 253: Learning rate = 0.000987
Step 254: Learning rate = 0.000987
Step 255: Learning rate = 0.000987
Step 256: Learning rate = 0.000987
Step 257: Learning rate = 0.000987
Step 258: Learning rate = 0.000987
Step 259: Learning rate = 0.000986
Step 260: Learning rate = 0.000986
Step 261: Learning rate = 0.000986
Step 262: Learning rate = 0.000986
Step 263: Learning rate = 0.000986
Step 264: Learning rate = 0.000986
Step 265: Learning rate = 0.000986
Step 266: Learning rate = 0.000986
Step 267: Learning rate = 0.000986
Step 268: Learning rate = 0.000986
Step 269: Learning rate = 0.000986
Step 270: Learning rate = 0.000986
Step 271: Learning rate = 0.000986
Step 272: Learning rate = 0.000986
Step 273: Learning rate = 0.000986
Step 274: Learning rate = 0.000986
Step 275: Learning rate = 0.000986
Step 276: Learning rate = 0.000986
Step 277: Learning rate = 0.000986
Step 278: Learning rate = 0.000985
Step 279: Learning rate = 0.000985
Step 280: Learning rate = 0.000985
Step 281: Learning rate = 0.000985
Step 282: Learning rate = 0.000985
Step 283: Learning rate = 0.000985
Step 284: Learning rate = 0.000985
Step 285: Learning rate = 0.000985
Step 286: Learning rate = 0.000985
Step 287: Learning rate = 0.000985
Step 288: Learning rate = 0.000985
Step 289: Learning rate = 0.000985
Step 290: Learning rate = 0.000985
Step 291: Learning rate = 0.000985
Step 292: Learning rate = 0.000985
Step 293: Learning rate = 0.000985
Step 294: Learning rate = 0.000985
Step 295: Learning rate = 0.000985
Step 296: Learning rate = 0.000985
Step 297: Learning rate = 0.000984
Step 298: Learning rate = 0.000984
Step 299: Learning rate = 0.000984
Step 300: Learning rate = 0.000984
Step 301: Learning rate = 0.000984
Step 302: Learning rate = 0.000984
Step 303: Learning rate = 0.000984
Step 304: Learning rate = 0.000984
Step 305: Learning rate = 0.000984
Step 306: Learning rate = 0.000984
Step 307: Learning rate = 0.000984
Step 308: Learning rate = 0.000984
Step 309: Learning rate = 0.000984
Step 310: Learning rate = 0.000984
Step 311: Learning rate = 0.000984
Step 312: Learning rate = 0.000984
Step 313: Learning rate = 0.000984
Step 314: Learning rate = 0.000984
Step 315: Learning rate = 0.000984
Step 316: Learning rate = 0.000983
Step 317: Learning rate = 0.000983
Step 318: Learning rate = 0.000983
Step 319: Learning rate = 0.000983
Step 320: Learning rate = 0.000983
Step 321: Learning rate = 0.000983
Step 322: Learning rate = 0.000983
Step 323: Learning rate = 0.000983
Step 324: Learning rate = 0.000983
Step 325: Learning rate = 0.000983
Step 326: Learning rate = 0.000983
Step 327: Learning rate = 0.000983
Step 328: Learning rate = 0.000983
Step 329: Learning rate = 0.000983
Step 330: Learning rate = 0.000983
Step 331: Learning rate = 0.000983
Step 332: Learning rate = 0.000983
Step 333: Learning rate = 0.000983
Step 334: Learning rate = 0.000983
Step 335: Learning rate = 0.000983
Step 336: Learning rate = 0.000982
Step 337: Learning rate = 0.000982
Step 338: Learning rate = 0.000982
Step 339: Learning rate = 0.000982
Step 340: Learning rate = 0.000982
Step 341: Learning rate = 0.000982
Step 342: Learning rate = 0.000982
Step 343: Learning rate = 0.000982
Step 344: Learning rate = 0.000982
Step 345: Learning rate = 0.000982
Step 346: Learning rate = 0.000982
Step 347: Learning rate = 0.000982
Step 348: Learning rate = 0.000982
Step 349: Learning rate = 0.000982
Step 350: Learning rate = 0.000982
Step 351: Learning rate = 0.000982
Step 352: Learning rate = 0.000982
Step 353: Learning rate = 0.000982
Step 354: Learning rate = 0.000982
Step 355: Learning rate = 0.000981
Step 356: Learning rate = 0.000981
Step 357: Learning rate = 0.000981
Step 358: Learning rate = 0.000981
Step 359: Learning rate = 0.000981
Step 360: Learning rate = 0.000981
Step 361: Learning rate = 0.000981
Step 362: Learning rate = 0.000981
Step 363: Learning rate = 0.000981
Step 364: Learning rate = 0.000981
Step 365: Learning rate = 0.000981
Step 366: Learning rate = 0.000981
Step 367: Learning rate = 0.000981
Step 368: Learning rate = 0.000981
Step 369: Learning rate = 0.000981
Step 370: Learning rate = 0.000981
Step 371: Learning rate = 0.000981
Step 372: Learning rate = 0.000981
Step 373: Learning rate = 0.000981
Step 374: Learning rate = 0.000980
Step 375: Learning rate = 0.000980
Step 376: Learning rate = 0.000980
Step 377: Learning rate = 0.000980
Step 378: Learning rate = 0.000980
Step 379: Learning rate = 0.000980
Step 380: Learning rate = 0.000980
Step 381: Learning rate = 0.000980
Step 382: Learning rate = 0.000980
Step 383: Learning rate = 0.000980
Step 384: Learning rate = 0.000980
Step 385: Learning rate = 0.000980
Step 386: Learning rate = 0.000980
Step 387: Learning rate = 0.000980
Step 388: Learning rate = 0.000980
Step 389: Learning rate = 0.000980
Step 390: Learning rate = 0.000980
Step 391: Learning rate = 0.000980
Step 392: Learning rate = 0.000980
Step 393: Learning rate = 0.000980
Step 394: Learning rate = 0.000979
Step 395: Learning rate = 0.000979
Step 396: Learning rate = 0.000979
Step 397: Learning rate = 0.000979
Step 398: Learning rate = 0.000979
Step 399: Learning rate = 0.000979
Step 400: Learning rate = 0.000979
Step 401: Learning rate = 0.000979
Step 402: Learning rate = 0.000979
Step 403: Learning rate = 0.000979
Step 404: Learning rate = 0.000979
Step 405: Learning rate = 0.000979
Step 406: Learning rate = 0.000979
Step 407: Learning rate = 0.000979
Step 408: Learning rate = 0.000979
Step 409: Learning rate = 0.000979
Step 410: Learning rate = 0.000979
Step 411: Learning rate = 0.000979
Step 412: Learning rate = 0.000979
Step 413: Learning rate = 0.000978
Step 414: Learning rate = 0.000978
Step 415: Learning rate = 0.000978
Step 416: Learning rate = 0.000978
Step 417: Learning rate = 0.000978
Step 418: Learning rate = 0.000978
Step 419: Learning rate = 0.000978
Step 420: Learning rate = 0.000978
Step 421: Learning rate = 0.000978
Step 422: Learning rate = 0.000978
Step 423: Learning rate = 0.000978
Step 424: Learning rate = 0.000978
Step 425: Learning rate = 0.000978
Step 426: Learning rate = 0.000978
Step 427: Learning rate = 0.000978
Step 428: Learning rate = 0.000978
Step 429: Learning rate = 0.000978
Step 430: Learning rate = 0.000978
Step 431: Learning rate = 0.000978
Step 432: Learning rate = 0.000977
Step 433: Learning rate = 0.000977
Step 434: Learning rate = 0.000977
Step 435: Learning rate = 0.000977
Step 436: Learning rate = 0.000977
Step 437: Learning rate = 0.000977
Step 438: Learning rate = 0.000977
Step 439: Learning rate = 0.000977
Step 440: Learning rate = 0.000977
Step 441: Learning rate = 0.000977
Step 442: Learning rate = 0.000977
Step 443: Learning rate = 0.000977
Step 444: Learning rate = 0.000977
Step 445: Learning rate = 0.000977
Step 446: Learning rate = 0.000977
Step 447: Learning rate = 0.000977
Step 448: Learning rate = 0.000977
Step 449: Learning rate = 0.000977
Step 450: Learning rate = 0.000977
Step 451: Learning rate = 0.000977
Step 452: Learning rate = 0.000976
Step 453: Learning rate = 0.000976
Step 454: Learning rate = 0.000976
Step 455: Learning rate = 0.000976
Step 456: Learning rate = 0.000976
Step 457: Learning rate = 0.000976
Step 458: Learning rate = 0.000976
Step 459: Learning rate = 0.000976
Step 460: Learning rate = 0.000976
Step 461: Learning rate = 0.000976
Step 462: Learning rate = 0.000976
Step 463: Learning rate = 0.000976
Step 464: Learning rate = 0.000976
Step 465: Learning rate = 0.000976
Step 466: Learning rate = 0.000976
Step 467: Learning rate = 0.000976
Step 468: Learning rate = 0.000976
Step 469: Learning rate = 0.000976
Step 470: Learning rate = 0.000976
Step 471: Learning rate = 0.000975
Step 472: Learning rate = 0.000975
Step 473: Learning rate = 0.000975
Step 474: Learning rate = 0.000975
Step 475: Learning rate = 0.000975
Step 476: Learning rate = 0.000975
Step 477: Learning rate = 0.000975
Step 478: Learning rate = 0.000975
Step 479: Learning rate = 0.000975
Step 480: Learning rate = 0.000975
Step 481: Learning rate = 0.000975
Step 482: Learning rate = 0.000975
Step 483: Learning rate = 0.000975
Step 484: Learning rate = 0.000975
Step 485: Learning rate = 0.000975
Step 486: Learning rate = 0.000975
Step 487: Learning rate = 0.000975
Step 488: Learning rate = 0.000975
Step 489: Learning rate = 0.000975
Step 490: Learning rate = 0.000975
Step 491: Learning rate = 0.000974
Step 492: Learning rate = 0.000974
Step 493: Learning rate = 0.000974
Step 494: Learning rate = 0.000974
Step 495: Learning rate = 0.000974
Step 496: Learning rate = 0.000974
Step 497: Learning rate = 0.000974
Step 498: Learning rate = 0.000974
Step 499: Learning rate = 0.000974
Step 500: Learning rate = 0.000974
Step 501: Learning rate = 0.000974
Step 502: Learning rate = 0.000974
Step 503: Learning rate = 0.000974
Step 504: Learning rate = 0.000974
Step 505: Learning rate = 0.000974
Step 506: Learning rate = 0.000974
Step 507: Learning rate = 0.000974
Step 508: Learning rate = 0.000974
Step 509: Learning rate = 0.000974
Step 510: Learning rate = 0.000973
Step 511: Learning rate = 0.000973
Step 512: Learning rate = 0.000973
Step 513: Learning rate = 0.000973
Step 514: Learning rate = 0.000973
Step 515: Learning rate = 0.000973
Step 516: Learning rate = 0.000973
Step 517: Learning rate = 0.000973
Step 518: Learning rate = 0.000973
Step 519: Learning rate = 0.000973
Step 520: Learning rate = 0.000973
Step 521: Learning rate = 0.000973
Step 522: Learning rate = 0.000973
Step 523: Learning rate = 0.000973
Step 524: Learning rate = 0.000973
Step 525: Learning rate = 0.000973
Step 526: Learning rate = 0.000973
Step 527: Learning rate = 0.000973
Step 528: Learning rate = 0.000973
Step 529: Learning rate = 0.000973
Step 530: Learning rate = 0.000972
Step 531: Learning rate = 0.000972
Step 532: Learning rate = 0.000972
Step 533: Learning rate = 0.000972
Step 534: Learning rate = 0.000972
Step 535: Learning rate = 0.000972
Step 536: Learning rate = 0.000972
Step 537: Learning rate = 0.000972
Step 538: Learning rate = 0.000972
Step 539: Learning rate = 0.000972
Step 540: Learning rate = 0.000972
Step 541: Learning rate = 0.000972
Step 542: Learning rate = 0.000972
Step 543: Learning rate = 0.000972
Step 544: Learning rate = 0.000972
Step 545: Learning rate = 0.000972
Step 546: Learning rate = 0.000972
Step 547: Learning rate = 0.000972
Step 548: Learning rate = 0.000972
Step 549: Learning rate = 0.000971
Step 550: Learning rate = 0.000971
Step 551: Learning rate = 0.000971
Step 552: Learning rate = 0.000971
Step 553: Learning rate = 0.000971
Step 554: Learning rate = 0.000971
Step 555: Learning rate = 0.000971
Step 556: Learning rate = 0.000971
Step 557: Learning rate = 0.000971
Step 558: Learning rate = 0.000971
Step 559: Learning rate = 0.000971
Step 560: Learning rate = 0.000971
Step 561: Learning rate = 0.000971
Step 562: Learning rate = 0.000971
Step 563: Learning rate = 0.000971
Step 564: Learning rate = 0.000971
Step 565: Learning rate = 0.000971
Step 566: Learning rate = 0.000971
Step 567: Learning rate = 0.000971
Step 568: Learning rate = 0.000971
Step 569: Learning rate = 0.000970
Step 570: Learning rate = 0.000970
Step 571: Learning rate = 0.000970
Step 572: Learning rate = 0.000970
Step 573: Learning rate = 0.000970
Step 574: Learning rate = 0.000970
Step 575: Learning rate = 0.000970
Step 576: Learning rate = 0.000970
Step 577: Learning rate = 0.000970
Step 578: Learning rate = 0.000970
Step 579: Learning rate = 0.000970
Step 580: Learning rate = 0.000970
Step 581: Learning rate = 0.000970
Step 582: Learning rate = 0.000970
Step 583: Learning rate = 0.000970
Step 584: Learning rate = 0.000970
Step 585: Learning rate = 0.000970
Step 586: Learning rate = 0.000970
Step 587: Learning rate = 0.000970
Step 588: Learning rate = 0.000969
Step 589: Learning rate = 0.000969
Step 590: Learning rate = 0.000969
Step 591: Learning rate = 0.000969
Step 592: Learning rate = 0.000969
Step 593: Learning rate = 0.000969
Step 594: Learning rate = 0.000969
Step 595: Learning rate = 0.000969
Step 596: Learning rate = 0.000969
Step 597: Learning rate = 0.000969
Step 598: Learning rate = 0.000969
Step 599: Learning rate = 0.000969
Step 600: Learning rate = 0.000969
Step 601: Learning rate = 0.000969
Step 602: Learning rate = 0.000969
Step 603: Learning rate = 0.000969
Step 604: Learning rate = 0.000969
Step 605: Learning rate = 0.000969
Step 606: Learning rate = 0.000969
Step 607: Learning rate = 0.000969
Step 608: Learning rate = 0.000968
Step 609: Learning rate = 0.000968
Step 610: Learning rate = 0.000968
Step 611: Learning rate = 0.000968
Step 612: Learning rate = 0.000968
Step 613: Learning rate = 0.000968
Step 614: Learning rate = 0.000968
Step 615: Learning rate = 0.000968
Step 616: Learning rate = 0.000968
Step 617: Learning rate = 0.000968
Step 618: Learning rate = 0.000968
Step 619: Learning rate = 0.000968
Step 620: Learning rate = 0.000968
Step 621: Learning rate = 0.000968
Step 622: Learning rate = 0.000968
Step 623: Learning rate = 0.000968
Step 624: Learning rate = 0.000968
Step 625: Learning rate = 0.000968
Step 626: Learning rate = 0.000968
Step 627: Learning rate = 0.000968
Step 628: Learning rate = 0.000967
Step 629: Learning rate = 0.000967
Step 630: Learning rate = 0.000967
Step 631: Learning rate = 0.000967
Step 632: Learning rate = 0.000967
Step 633: Learning rate = 0.000967
Step 634: Learning rate = 0.000967
Step 635: Learning rate = 0.000967
Step 636: Learning rate = 0.000967
Step 637: Learning rate = 0.000967
Step 638: Learning rate = 0.000967
Step 639: Learning rate = 0.000967
Step 640: Learning rate = 0.000967
Step 641: Learning rate = 0.000967
Step 642: Learning rate = 0.000967
Step 643: Learning rate = 0.000967
Step 644: Learning rate = 0.000967
Step 645: Learning rate = 0.000967
Step 646: Learning rate = 0.000967
Step 647: Learning rate = 0.000966
Step 648: Learning rate = 0.000966
Step 649: Learning rate = 0.000966
Step 650: Learning rate = 0.000966
Step 651: Learning rate = 0.000966
Step 652: Learning rate = 0.000966
Step 653: Learning rate = 0.000966
Step 654: Learning rate = 0.000966
Step 655: Learning rate = 0.000966
Step 656: Learning rate = 0.000966
Step 657: Learning rate = 0.000966
Step 658: Learning rate = 0.000966
Step 659: Learning rate = 0.000966
Step 660: Learning rate = 0.000966
Step 661: Learning rate = 0.000966
Step 662: Learning rate = 0.000966
Step 663: Learning rate = 0.000966
Step 664: Learning rate = 0.000966
Step 665: Learning rate = 0.000966
Step 666: Learning rate = 0.000966
Step 667: Learning rate = 0.000965
Step 668: Learning rate = 0.000965
Step 669: Learning rate = 0.000965
Step 670: Learning rate = 0.000965
Step 671: Learning rate = 0.000965
Step 672: Learning rate = 0.000965
Step 673: Learning rate = 0.000965
Step 674: Learning rate = 0.000965
Step 675: Learning rate = 0.000965
Step 676: Learning rate = 0.000965
Step 677: Learning rate = 0.000965
Step 678: Learning rate = 0.000965
Step 679: Learning rate = 0.000965
Step 680: Learning rate = 0.000965
Step 681: Learning rate = 0.000965
Step 682: Learning rate = 0.000965
Step 683: Learning rate = 0.000965
Step 684: Learning rate = 0.000965
Step 685: Learning rate = 0.000965
Step 686: Learning rate = 0.000965
Step 687: Learning rate = 0.000964
Step 688: Learning rate = 0.000964
Step 689: Learning rate = 0.000964
Step 690: Learning rate = 0.000964
Step 691: Learning rate = 0.000964
Step 692: Learning rate = 0.000964
Step 693: Learning rate = 0.000964
Step 694: Learning rate = 0.000964
Step 695: Learning rate = 0.000964
Step 696: Learning rate = 0.000964
Step 697: Learning rate = 0.000964
Step 698: Learning rate = 0.000964
Step 699: Learning rate = 0.000964
Step 700: Learning rate = 0.000964
Step 701: Learning rate = 0.000964
Step 702: Learning rate = 0.000964
Step 703: Learning rate = 0.000964
Step 704: Learning rate = 0.000964
Step 705: Learning rate = 0.000964
Step 706: Learning rate = 0.000963
Step 707: Learning rate = 0.000963
Step 708: Learning rate = 0.000963
Step 709: Learning rate = 0.000963
Step 710: Learning rate = 0.000963
Step 711: Learning rate = 0.000963
Step 712: Learning rate = 0.000963
Step 713: Learning rate = 0.000963
Step 714: Learning rate = 0.000963
Step 715: Learning rate = 0.000963
Step 716: Learning rate = 0.000963
Step 717: Learning rate = 0.000963
Step 718: Learning rate = 0.000963
Step 719: Learning rate = 0.000963
Step 720: Learning rate = 0.000963
Step 721: Learning rate = 0.000963
Step 722: Learning rate = 0.000963
Step 723: Learning rate = 0.000963
Step 724: Learning rate = 0.000963
Step 725: Learning rate = 0.000963
Step 726: Learning rate = 0.000962
Step 727: Learning rate = 0.000962
Step 728: Learning rate = 0.000962
Step 729: Learning rate = 0.000962
Step 730: Learning rate = 0.000962
Step 731: Learning rate = 0.000962
Step 732: Learning rate = 0.000962
Step 733: Learning rate = 0.000962
Step 734: Learning rate = 0.000962
Step 735: Learning rate = 0.000962
Step 736: Learning rate = 0.000962
Step 737: Learning rate = 0.000962
Step 738: Learning rate = 0.000962
Step 739: Learning rate = 0.000962
Step 740: Learning rate = 0.000962
Step 741: Learning rate = 0.000962
Step 742: Learning rate = 0.000962
Step 743: Learning rate = 0.000962
Step 744: Learning rate = 0.000962
Step 745: Learning rate = 0.000962
Step 746: Learning rate = 0.000961
Step 747: Learning rate = 0.000961
Step 748: Learning rate = 0.000961
Step 749: Learning rate = 0.000961
Step 750: Learning rate = 0.000961
Step 751: Learning rate = 0.000961
Step 752: Learning rate = 0.000961
Step 753: Learning rate = 0.000961
Step 754: Learning rate = 0.000961
Step 755: Learning rate = 0.000961
Step 756: Learning rate = 0.000961
Step 757: Learning rate = 0.000961
Step 758: Learning rate = 0.000961
Step 759: Learning rate = 0.000961
Step 760: Learning rate = 0.000961
Step 761: Learning rate = 0.000961
Step 762: Learning rate = 0.000961
Step 763: Learning rate = 0.000961
Step 764: Learning rate = 0.000961
Step 765: Learning rate = 0.000961
Step 766: Learning rate = 0.000960
Step 767: Learning rate = 0.000960
Step 768: Learning rate = 0.000960
Step 769: Learning rate = 0.000960
Step 770: Learning rate = 0.000960
Step 771: Learning rate = 0.000960
Step 772: Learning rate = 0.000960
Step 773: Learning rate = 0.000960
Step 774: Learning rate = 0.000960
Step 775: Learning rate = 0.000960
Step 776: Learning rate = 0.000960
Step 777: Learning rate = 0.000960
Step 778: Learning rate = 0.000960
Step 779: Learning rate = 0.000960
Step 780: Learning rate = 0.000960
Step 781: Learning rate = 0.000960
Step 782: Learning rate = 0.000960
Step 783: Learning rate = 0.000960
Step 784: Learning rate = 0.000960
Step 785: Learning rate = 0.000959
Step 786: Learning rate = 0.000959
Step 787: Learning rate = 0.000959
Step 788: Learning rate = 0.000959
Step 789: Learning rate = 0.000959
Step 790: Learning rate = 0.000959
Step 791: Learning rate = 0.000959
Step 792: Learning rate = 0.000959
Step 793: Learning rate = 0.000959
Step 794: Learning rate = 0.000959
Step 795: Learning rate = 0.000959
Step 796: Learning rate = 0.000959
Step 797: Learning rate = 0.000959
Step 798: Learning rate = 0.000959
Step 799: Learning rate = 0.000959
Step 800: Learning rate = 0.000959
Step 801: Learning rate = 0.000959
Step 802: Learning rate = 0.000959
Step 803: Learning rate = 0.000959
Step 804: Learning rate = 0.000959
Step 805: Learning rate = 0.000958
Step 806: Learning rate = 0.000958
Step 807: Learning rate = 0.000958
Step 808: Learning rate = 0.000958
Step 809: Learning rate = 0.000958
Step 810: Learning rate = 0.000958
Step 811: Learning rate = 0.000958
Step 812: Learning rate = 0.000958
Step 813: Learning rate = 0.000958
Step 814: Learning rate = 0.000958
Step 815: Learning rate = 0.000958
Step 816: Learning rate = 0.000958
Step 817: Learning rate = 0.000958
Step 818: Learning rate = 0.000958
Step 819: Learning rate = 0.000958
Step 820: Learning rate = 0.000958
Step 821: Learning rate = 0.000958
Step 822: Learning rate = 0.000958
Step 823: Learning rate = 0.000958
Step 824: Learning rate = 0.000958
Step 825: Learning rate = 0.000957
Step 826: Learning rate = 0.000957
Step 827: Learning rate = 0.000957
Step 828: Learning rate = 0.000957
Step 829: Learning rate = 0.000957
Step 830: Learning rate = 0.000957
Step 831: Learning rate = 0.000957
Step 832: Learning rate = 0.000957
Step 833: Learning rate = 0.000957
Step 834: Learning rate = 0.000957
Step 835: Learning rate = 0.000957
Step 836: Learning rate = 0.000957
Step 837: Learning rate = 0.000957
Step 838: Learning rate = 0.000957
Step 839: Learning rate = 0.000957
Step 840: Learning rate = 0.000957
Step 841: Learning rate = 0.000957
Step 842: Learning rate = 0.000957
Step 843: Learning rate = 0.000957
Step 844: Learning rate = 0.000957
Step 845: Learning rate = 0.000956
Step 846: Learning rate = 0.000956
Step 847: Learning rate = 0.000956
Step 848: Learning rate = 0.000956
Step 849: Learning rate = 0.000956
Step 850: Learning rate = 0.000956
Step 851: Learning rate = 0.000956
Step 852: Learning rate = 0.000956
Step 853: Learning rate = 0.000956
Step 854: Learning rate = 0.000956
Step 855: Learning rate = 0.000956
Step 856: Learning rate = 0.000956
Step 857: Learning rate = 0.000956
Step 858: Learning rate = 0.000956
Step 859: Learning rate = 0.000956
Step 860: Learning rate = 0.000956
Step 861: Learning rate = 0.000956
Step 862: Learning rate = 0.000956
Step 863: Learning rate = 0.000956
Step 864: Learning rate = 0.000956
Step 865: Learning rate = 0.000955
Step 866: Learning rate = 0.000955
Step 867: Learning rate = 0.000955
Step 868: Learning rate = 0.000955
Step 869: Learning rate = 0.000955
Step 870: Learning rate = 0.000955
Step 871: Learning rate = 0.000955
Step 872: Learning rate = 0.000955
Step 873: Learning rate = 0.000955
Step 874: Learning rate = 0.000955
Step 875: Learning rate = 0.000955
Step 876: Learning rate = 0.000955
Step 877: Learning rate = 0.000955
Step 878: Learning rate = 0.000955
Step 879: Learning rate = 0.000955
Step 880: Learning rate = 0.000955
Step 881: Learning rate = 0.000955
Step 882: Learning rate = 0.000955
Step 883: Learning rate = 0.000955
Step 884: Learning rate = 0.000954
Step 885: Learning rate = 0.000954
Step 886: Learning rate = 0.000954
Step 887: Learning rate = 0.000954
Step 888: Learning rate = 0.000954
Step 889: Learning rate = 0.000954
Step 890: Learning rate = 0.000954
Step 891: Learning rate = 0.000954
Step 892: Learning rate = 0.000954
Step 893: Learning rate = 0.000954
Step 894: Learning rate = 0.000954
Step 895: Learning rate = 0.000954
Step 896: Learning rate = 0.000954
Step 897: Learning rate = 0.000954
Step 898: Learning rate = 0.000954
Step 899: Learning rate = 0.000954
Step 900: Learning rate = 0.000954
Step 901: Learning rate = 0.000954
Step 902: Learning rate = 0.000954
Step 903: Learning rate = 0.000954
Step 904: Learning rate = 0.000953
Step 905: Learning rate = 0.000953
Step 906: Learning rate = 0.000953
Step 907: Learning rate = 0.000953
Step 908: Learning rate = 0.000953
Step 909: Learning rate = 0.000953
Step 910: Learning rate = 0.000953
Step 911: Learning rate = 0.000953
Step 912: Learning rate = 0.000953
Step 913: Learning rate = 0.000953
Step 914: Learning rate = 0.000953
Step 915: Learning rate = 0.000953
Step 916: Learning rate = 0.000953
Step 917: Learning rate = 0.000953
Step 918: Learning rate = 0.000953
Step 919: Learning rate = 0.000953
Step 920: Learning rate = 0.000953
Step 921: Learning rate = 0.000953
Step 922: Learning rate = 0.000953
Step 923: Learning rate = 0.000953
Step 924: Learning rate = 0.000952
Step 925: Learning rate = 0.000952
Step 926: Learning rate = 0.000952
Step 927: Learning rate = 0.000952
Step 928: Learning rate = 0.000952
Step 929: Learning rate = 0.000952
Step 930: Learning rate = 0.000952
Step 931: Learning rate = 0.000952
Step 932: Learning rate = 0.000952
Step 933: Learning rate = 0.000952
Step 934: Learning rate = 0.000952
Step 935: Learning rate = 0.000952
Step 936: Learning rate = 0.000952
Step 937: Learning rate = 0.000952
Step 938: Learning rate = 0.000952
Step 939: Learning rate = 0.000952
Step 940: Learning rate = 0.000952
Step 941: Learning rate = 0.000952
Step 942: Learning rate = 0.000952
Step 943: Learning rate = 0.000952
Step 944: Learning rate = 0.000951
Step 945: Learning rate = 0.000951
Step 946: Learning rate = 0.000951
Step 947: Learning rate = 0.000951
Step 948: Learning rate = 0.000951
Step 949: Learning rate = 0.000951
Step 950: Learning rate = 0.000951
Step 951: Learning rate = 0.000951
Step 952: Learning rate = 0.000951
Step 953: Learning rate = 0.000951
Step 954: Learning rate = 0.000951
Step 955: Learning rate = 0.000951
Step 956: Learning rate = 0.000951
Step 957: Learning rate = 0.000951
Step 958: Learning rate = 0.000951
Step 959: Learning rate = 0.000951
Step 960: Learning rate = 0.000951
Step 961: Learning rate = 0.000951
Step 962: Learning rate = 0.000951
Step 963: Learning rate = 0.000951
Step 964: Learning rate = 0.000950
Step 965: Learning rate = 0.000950
Step 966: Learning rate = 0.000950
Step 967: Learning rate = 0.000950
Step 968: Learning rate = 0.000950
Step 969: Learning rate = 0.000950
Step 970: Learning rate = 0.000950
Step 971: Learning rate = 0.000950
Step 972: Learning rate = 0.000950
Step 973: Learning rate = 0.000950
Step 974: Learning rate = 0.000950
Step 975: Learning rate = 0.000950
Step 976: Learning rate = 0.000950
Step 977: Learning rate = 0.000950
Step 978: Learning rate = 0.000950
Step 979: Learning rate = 0.000950
Step 980: Learning rate = 0.000950
Step 981: Learning rate = 0.000950
Step 982: Learning rate = 0.000950
Step 983: Learning rate = 0.000950
Step 984: Learning rate = 0.000949
Step 985: Learning rate = 0.000949
Step 986: Learning rate = 0.000949
Step 987: Learning rate = 0.000949
Step 988: Learning rate = 0.000949
Step 989: Learning rate = 0.000949
Step 990: Learning rate = 0.000949
Step 991: Learning rate = 0.000949
Step 992: Learning rate = 0.000949
Step 993: Learning rate = 0.000949
Step 994: Learning rate = 0.000949
Step 995: Learning rate = 0.000949
Step 996: Learning rate = 0.000949
Step 997: Learning rate = 0.000949
Step 998: Learning rate = 0.000949
Step 999: Learning rate = 0.000949
Step 1000: Learning rate = 0.000949
Step 1001: Learning rate = 0.000949
Step 1002: Learning rate = 0.000949
Step 1003: Learning rate = 0.000949
Step 1004: Learning rate = 0.000948
Step 1005: Learning rate = 0.000948
Step 1006: Learning rate = 0.000948
Step 1007: Learning rate = 0.000948
Step 1008: Learning rate = 0.000948
Step 1009: Learning rate = 0.000948
Step 1010: Learning rate = 0.000948
Step 1011: Learning rate = 0.000948
Step 1012: Learning rate = 0.000948
Step 1013: Learning rate = 0.000948
Step 1014: Learning rate = 0.000948
Step 1015: Learning rate = 0.000948
Step 1016: Learning rate = 0.000948
Step 1017: Learning rate = 0.000948
Step 1018: Learning rate = 0.000948
Step 1019: Learning rate = 0.000948
Step 1020: Learning rate = 0.000948
Step 1021: Learning rate = 0.000948
Step 1022: Learning rate = 0.000948
Step 1023: Learning rate = 0.000948
Step 1024: Learning rate = 0.000947
Step 1025: Learning rate = 0.000947
Step 1026: Learning rate = 0.000947
Step 1027: Learning rate = 0.000947
Step 1028: Learning rate = 0.000947
Step 1029: Learning rate = 0.000947
Step 1030: Learning rate = 0.000947
Step 1031: Learning rate = 0.000947
Step 1032: Learning rate = 0.000947
Step 1033: Learning rate = 0.000947
Step 1034: Learning rate = 0.000947
Step 1035: Learning rate = 0.000947
Step 1036: Learning rate = 0.000947
Step 1037: Learning rate = 0.000947
Step 1038: Learning rate = 0.000947
Step 1039: Learning rate = 0.000947
Step 1040: Learning rate = 0.000947
Step 1041: Learning rate = 0.000947
Step 1042: Learning rate = 0.000947
Step 1043: Learning rate = 0.000947
Step 1044: Learning rate = 0.000946
Step 1045: Learning rate = 0.000946
Step 1046: Learning rate = 0.000946
Step 1047: Learning rate = 0.000946
Step 1048: Learning rate = 0.000946
Step 1049: Learning rate = 0.000946
Step 1050: Learning rate = 0.000946
Step 1051: Learning rate = 0.000946
Step 1052: Learning rate = 0.000946
Step 1053: Learning rate = 0.000946
Step 1054: Learning rate = 0.000946
Step 1055: Learning rate = 0.000946
Step 1056: Learning rate = 0.000946
Step 1057: Learning rate = 0.000946
Step 1058: Learning rate = 0.000946
Step 1059: Learning rate = 0.000946
Step 1060: Learning rate = 0.000946
Step 1061: Learning rate = 0.000946
Step 1062: Learning rate = 0.000946
Step 1063: Learning rate = 0.000946
Step 1064: Learning rate = 0.000945
Step 1065: Learning rate = 0.000945
Step 1066: Learning rate = 0.000945
Step 1067: Learning rate = 0.000945
Step 1068: Learning rate = 0.000945
Step 1069: Learning rate = 0.000945
Step 1070: Learning rate = 0.000945
Step 1071: Learning rate = 0.000945
Step 1072: Learning rate = 0.000945
Step 1073: Learning rate = 0.000945
Step 1074: Learning rate = 0.000945
Step 1075: Learning rate = 0.000945
Step 1076: Learning rate = 0.000945
Step 1077: Learning rate = 0.000945
Step 1078: Learning rate = 0.000945
Step 1079: Learning rate = 0.000945
Step 1080: Learning rate = 0.000945
Step 1081: Learning rate = 0.000945
Step 1082: Learning rate = 0.000945
Step 1083: Learning rate = 0.000945
Step 1084: Learning rate = 0.000944
Step 1085: Learning rate = 0.000944
Step 1086: Learning rate = 0.000944
Step 1087: Learning rate = 0.000944
Step 1088: Learning rate = 0.000944
Step 1089: Learning rate = 0.000944
Step 1090: Learning rate = 0.000944
Step 1091: Learning rate = 0.000944
Step 1092: Learning rate = 0.000944
Step 1093: Learning rate = 0.000944
Step 1094: Learning rate = 0.000944
Step 1095: Learning rate = 0.000944
Step 1096: Learning rate = 0.000944
Step 1097: Learning rate = 0.000944
Step 1098: Learning rate = 0.000944
Step 1099: Learning rate = 0.000944
Step 1100: Learning rate = 0.000944
Step 1101: Learning rate = 0.000944
Step 1102: Learning rate = 0.000944
Step 1103: Learning rate = 0.000944
Step 1104: Learning rate = 0.000943
Step 1105: Learning rate = 0.000943
Step 1106: Learning rate = 0.000943
Step 1107: Learning rate = 0.000943
Step 1108: Learning rate = 0.000943
Step 1109: Learning rate = 0.000943
Step 1110: Learning rate = 0.000943
Step 1111: Learning rate = 0.000943
Step 1112: Learning rate = 0.000943
Step 1113: Learning rate = 0.000943
Step 1114: Learning rate = 0.000943
Step 1115: Learning rate = 0.000943
Step 1116: Learning rate = 0.000943
Step 1117: Learning rate = 0.000943
Step 1118: Learning rate = 0.000943
Step 1119: Learning rate = 0.000943
Step 1120: Learning rate = 0.000943
Step 1121: Learning rate = 0.000943
Step 1122: Learning rate = 0.000943
Step 1123: Learning rate = 0.000943
Step 1124: Learning rate = 0.000943
Step 1125: Learning rate = 0.000942
Step 1126: Learning rate = 0.000942
Step 1127: Learning rate = 0.000942
Step 1128: Learning rate = 0.000942
Step 1129: Learning rate = 0.000942
Step 1130: Learning rate = 0.000942
Step 1131: Learning rate = 0.000942
Step 1132: Learning rate = 0.000942
Step 1133: Learning rate = 0.000942
Step 1134: Learning rate = 0.000942
Step 1135: Learning rate = 0.000942
Step 1136: Learning rate = 0.000942
Step 1137: Learning rate = 0.000942
Step 1138: Learning rate = 0.000942
Step 1139: Learning rate = 0.000942
Step 1140: Learning rate = 0.000942
Step 1141: Learning rate = 0.000942
Step 1142: Learning rate = 0.000942
Step 1143: Learning rate = 0.000942
Step 1144: Learning rate = 0.000942
Step 1145: Learning rate = 0.000941
Step 1146: Learning rate = 0.000941
Step 1147: Learning rate = 0.000941
Step 1148: Learning rate = 0.000941
Step 1149: Learning rate = 0.000941
Step 1150: Learning rate = 0.000941
Step 1151: Learning rate = 0.000941
Step 1152: Learning rate = 0.000941
Step 1153: Learning rate = 0.000941
Step 1154: Learning rate = 0.000941
Step 1155: Learning rate = 0.000941
Step 1156: Learning rate = 0.000941
Step 1157: Learning rate = 0.000941
Step 1158: Learning rate = 0.000941
Step 1159: Learning rate = 0.000941
Step 1160: Learning rate = 0.000941
Step 1161: Learning rate = 0.000941
Step 1162: Learning rate = 0.000941
Step 1163: Learning rate = 0.000941
Step 1164: Learning rate = 0.000941
Step 1165: Learning rate = 0.000940
Step 1166: Learning rate = 0.000940
Step 1167: Learning rate = 0.000940
Step 1168: Learning rate = 0.000940
Step 1169: Learning rate = 0.000940
Step 1170: Learning rate = 0.000940
Step 1171: Learning rate = 0.000940
Step 1172: Learning rate = 0.000940
Step 1173: Learning rate = 0.000940
Step 1174: Learning rate = 0.000940
Step 1175: Learning rate = 0.000940
Step 1176: Learning rate = 0.000940
Step 1177: Learning rate = 0.000940
Step 1178: Learning rate = 0.000940
Step 1179: Learning rate = 0.000940
Step 1180: Learning rate = 0.000940
Step 1181: Learning rate = 0.000940
Step 1182: Learning rate = 0.000940
Step 1183: Learning rate = 0.000940
Step 1184: Learning rate = 0.000940
Step 1185: Learning rate = 0.000939
Step 1186: Learning rate = 0.000939
Step 1187: Learning rate = 0.000939
Step 1188: Learning rate = 0.000939
Step 1189: Learning rate = 0.000939
Step 1190: Learning rate = 0.000939
Step 1191: Learning rate = 0.000939
Step 1192: Learning rate = 0.000939
Step 1193: Learning rate = 0.000939
Step 1194: Learning rate = 0.000939
Step 1195: Learning rate = 0.000939
Step 1196: Learning rate = 0.000939
Step 1197: Learning rate = 0.000939
Step 1198: Learning rate = 0.000939
Step 1199: Learning rate = 0.000939
Step 1200: Learning rate = 0.000939
Step 1201: Learning rate = 0.000939
Step 1202: Learning rate = 0.000939
Step 1203: Learning rate = 0.000939
Step 1204: Learning rate = 0.000939
Step 1205: Learning rate = 0.000938
Step 1206: Learning rate = 0.000938
Step 1207: Learning rate = 0.000938
Step 1208: Learning rate = 0.000938
Step 1209: Learning rate = 0.000938
Step 1210: Learning rate = 0.000938
Step 1211: Learning rate = 0.000938
Step 1212: Learning rate = 0.000938
Step 1213: Learning rate = 0.000938
Step 1214: Learning rate = 0.000938
Step 1215: Learning rate = 0.000938
Step 1216: Learning rate = 0.000938
Step 1217: Learning rate = 0.000938
Step 1218: Learning rate = 0.000938
Step 1219: Learning rate = 0.000938
Step 1220: Learning rate = 0.000938
Step 1221: Learning rate = 0.000938
Step 1222: Learning rate = 0.000938
Step 1223: Learning rate = 0.000938
Step 1224: Learning rate = 0.000938
Step 1225: Learning rate = 0.000938
Step 1226: Learning rate = 0.000937
Step 1227: Learning rate = 0.000937
Step 1228: Learning rate = 0.000937
Step 1229: Learning rate = 0.000937
Step 1230: Learning rate = 0.000937
Step 1231: Learning rate = 0.000937
Step 1232: Learning rate = 0.000937
Step 1233: Learning rate = 0.000937
Step 1234: Learning rate = 0.000937
Step 1235: Learning rate = 0.000937
Step 1236: Learning rate = 0.000937
Step 1237: Learning rate = 0.000937
Step 1238: Learning rate = 0.000937
Step 1239: Learning rate = 0.000937
Step 1240: Learning rate = 0.000937
Step 1241: Learning rate = 0.000937
Step 1242: Learning rate = 0.000937
Step 1243: Learning rate = 0.000937
Step 1244: Learning rate = 0.000937
Step 1245: Learning rate = 0.000937
Step 1246: Learning rate = 0.000936
Step 1247: Learning rate = 0.000936
Step 1248: Learning rate = 0.000936
Step 1249: Learning rate = 0.000936
Step 1250: Learning rate = 0.000936
Step 1251: Learning rate = 0.000936
Step 1252: Learning rate = 0.000936
Step 1253: Learning rate = 0.000936
Step 1254: Learning rate = 0.000936
Step 1255: Learning rate = 0.000936
Step 1256: Learning rate = 0.000936
Step 1257: Learning rate = 0.000936
Step 1258: Learning rate = 0.000936
Step 1259: Learning rate = 0.000936
Step 1260: Learning rate = 0.000936
Step 1261: Learning rate = 0.000936
Step 1262: Learning rate = 0.000936
Step 1263: Learning rate = 0.000936
Step 1264: Learning rate = 0.000936
Step 1265: Learning rate = 0.000936
Step 1266: Learning rate = 0.000935
Step 1267: Learning rate = 0.000935
Step 1268: Learning rate = 0.000935
Step 1269: Learning rate = 0.000935
Step 1270: Learning rate = 0.000935
Step 1271: Learning rate = 0.000935
Step 1272: Learning rate = 0.000935
Step 1273: Learning rate = 0.000935
Step 1274: Learning rate = 0.000935
Step 1275: Learning rate = 0.000935
Step 1276: Learning rate = 0.000935
Step 1277: Learning rate = 0.000935
Step 1278: Learning rate = 0.000935
Step 1279: Learning rate = 0.000935
Step 1280: Learning rate = 0.000935
Step 1281: Learning rate = 0.000935
Step 1282: Learning rate = 0.000935
Step 1283: Learning rate = 0.000935
Step 1284: Learning rate = 0.000935
Step 1285: Learning rate = 0.000935
Step 1286: Learning rate = 0.000934
Step 1287: Learning rate = 0.000934
Step 1288: Learning rate = 0.000934
Step 1289: Learning rate = 0.000934
Step 1290: Learning rate = 0.000934
Step 1291: Learning rate = 0.000934
Step 1292: Learning rate = 0.000934
Step 1293: Learning rate = 0.000934
Step 1294: Learning rate = 0.000934
Step 1295: Learning rate = 0.000934
Step 1296: Learning rate = 0.000934
Step 1297: Learning rate = 0.000934
Step 1298: Learning rate = 0.000934
Step 1299: Learning rate = 0.000934
Step 1300: Learning rate = 0.000934
Step 1301: Learning rate = 0.000934
Step 1302: Learning rate = 0.000934
Step 1303: Learning rate = 0.000934
Step 1304: Learning rate = 0.000934
Step 1305: Learning rate = 0.000934
Step 1306: Learning rate = 0.000934
Step 1307: Learning rate = 0.000933
Step 1308: Learning rate = 0.000933
Step 1309: Learning rate = 0.000933
Step 1310: Learning rate = 0.000933
Step 1311: Learning rate = 0.000933
Step 1312: Learning rate = 0.000933
Step 1313: Learning rate = 0.000933
Step 1314: Learning rate = 0.000933
Step 1315: Learning rate = 0.000933
Step 1316: Learning rate = 0.000933
Step 1317: Learning rate = 0.000933
Step 1318: Learning rate = 0.000933
Step 1319: Learning rate = 0.000933
Step 1320: Learning rate = 0.000933
Step 1321: Learning rate = 0.000933
Step 1322: Learning rate = 0.000933
Step 1323: Learning rate = 0.000933
Step 1324: Learning rate = 0.000933
Step 1325: Learning rate = 0.000933
Step 1326: Learning rate = 0.000933
Step 1327: Learning rate = 0.000932
Step 1328: Learning rate = 0.000932
Step 1329: Learning rate = 0.000932
Step 1330: Learning rate = 0.000932
Step 1331: Learning rate = 0.000932
Step 1332: Learning rate = 0.000932
Step 1333: Learning rate = 0.000932
Step 1334: Learning rate = 0.000932
Step 1335: Learning rate = 0.000932
Step 1336: Learning rate = 0.000932
Step 1337: Learning rate = 0.000932
Step 1338: Learning rate = 0.000932
Step 1339: Learning rate = 0.000932
Step 1340: Learning rate = 0.000932
Step 1341: Learning rate = 0.000932
Step 1342: Learning rate = 0.000932
Step 1343: Learning rate = 0.000932
Step 1344: Learning rate = 0.000932
Step 1345: Learning rate = 0.000932
Step 1346: Learning rate = 0.000932
Step 1347: Learning rate = 0.000931
Step 1348: Learning rate = 0.000931
Step 1349: Learning rate = 0.000931
Step 1350: Learning rate = 0.000931
Step 1351: Learning rate = 0.000931
Step 1352: Learning rate = 0.000931
Step 1353: Learning rate = 0.000931
Step 1354: Learning rate = 0.000931
Step 1355: Learning rate = 0.000931
Step 1356: Learning rate = 0.000931
Step 1357: Learning rate = 0.000931
Step 1358: Learning rate = 0.000931
Step 1359: Learning rate = 0.000931
Step 1360: Learning rate = 0.000931
Step 1361: Learning rate = 0.000931
Step 1362: Learning rate = 0.000931
Step 1363: Learning rate = 0.000931
Step 1364: Learning rate = 0.000931
Step 1365: Learning rate = 0.000931
Step 1366: Learning rate = 0.000931
Step 1367: Learning rate = 0.000931
Step 1368: Learning rate = 0.000930
Step 1369: Learning rate = 0.000930
Step 1370: Learning rate = 0.000930
Step 1371: Learning rate = 0.000930
Step 1372: Learning rate = 0.000930
Step 1373: Learning rate = 0.000930
Step 1374: Learning rate = 0.000930
Step 1375: Learning rate = 0.000930
Step 1376: Learning rate = 0.000930
Step 1377: Learning rate = 0.000930
Step 1378: Learning rate = 0.000930
Step 1379: Learning rate = 0.000930
Step 1380: Learning rate = 0.000930
Step 1381: Learning rate = 0.000930
Step 1382: Learning rate = 0.000930
Step 1383: Learning rate = 0.000930
Step 1384: Learning rate = 0.000930
Step 1385: Learning rate = 0.000930
Step 1386: Learning rate = 0.000930
Step 1387: Learning rate = 0.000930
Step 1388: Learning rate = 0.000929
Step 1389: Learning rate = 0.000929
Step 1390: Learning rate = 0.000929
Step 1391: Learning rate = 0.000929
Step 1392: Learning rate = 0.000929
Step 1393: Learning rate = 0.000929
Step 1394: Learning rate = 0.000929
Step 1395: Learning rate = 0.000929
Step 1396: Learning rate = 0.000929
Step 1397: Learning rate = 0.000929
Step 1398: Learning rate = 0.000929
Step 1399: Learning rate = 0.000929
Step 1400: Learning rate = 0.000929
Step 1401: Learning rate = 0.000929
Step 1402: Learning rate = 0.000929
Step 1403: Learning rate = 0.000929
Step 1404: Learning rate = 0.000929
Step 1405: Learning rate = 0.000929
Step 1406: Learning rate = 0.000929
Step 1407: Learning rate = 0.000929
Step 1408: Learning rate = 0.000929
Step 1409: Learning rate = 0.000928
Step 1410: Learning rate = 0.000928
Step 1411: Learning rate = 0.000928
Step 1412: Learning rate = 0.000928
Step 1413: Learning rate = 0.000928
Step 1414: Learning rate = 0.000928
Step 1415: Learning rate = 0.000928
Step 1416: Learning rate = 0.000928
Step 1417: Learning rate = 0.000928
Step 1418: Learning rate = 0.000928
Step 1419: Learning rate = 0.000928
Step 1420: Learning rate = 0.000928
Step 1421: Learning rate = 0.000928
Step 1422: Learning rate = 0.000928
Step 1423: Learning rate = 0.000928
Step 1424: Learning rate = 0.000928
Step 1425: Learning rate = 0.000928
Step 1426: Learning rate = 0.000928
Step 1427: Learning rate = 0.000928
Step 1428: Learning rate = 0.000928
Step 1429: Learning rate = 0.000927
Step 1430: Learning rate = 0.000927
Step 1431: Learning rate = 0.000927
Step 1432: Learning rate = 0.000927
Step 1433: Learning rate = 0.000927
Step 1434: Learning rate = 0.000927
Step 1435: Learning rate = 0.000927
Step 1436: Learning rate = 0.000927
Step 1437: Learning rate = 0.000927
Step 1438: Learning rate = 0.000927
Step 1439: Learning rate = 0.000927
Step 1440: Learning rate = 0.000927
Step 1441: Learning rate = 0.000927
Step 1442: Learning rate = 0.000927
Step 1443: Learning rate = 0.000927
Step 1444: Learning rate = 0.000927
Step 1445: Learning rate = 0.000927
Step 1446: Learning rate = 0.000927
Step 1447: Learning rate = 0.000927
Step 1448: Learning rate = 0.000927
Step 1449: Learning rate = 0.000927
Step 1450: Learning rate = 0.000926
Step 1451: Learning rate = 0.000926
Step 1452: Learning rate = 0.000926
Step 1453: Learning rate = 0.000926
Step 1454: Learning rate = 0.000926
Step 1455: Learning rate = 0.000926
Step 1456: Learning rate = 0.000926
Step 1457: Learning rate = 0.000926
Step 1458: Learning rate = 0.000926
Step 1459: Learning rate = 0.000926
Step 1460: Learning rate = 0.000926
Step 1461: Learning rate = 0.000926
Step 1462: Learning rate = 0.000926
Step 1463: Learning rate = 0.000926
Step 1464: Learning rate = 0.000926
Step 1465: Learning rate = 0.000926
Step 1466: Learning rate = 0.000926
Step 1467: Learning rate = 0.000926
Step 1468: Learning rate = 0.000926
Step 1469: Learning rate = 0.000926
Step 1470: Learning rate = 0.000925
Step 1471: Learning rate = 0.000925
Step 1472: Learning rate = 0.000925
Step 1473: Learning rate = 0.000925
Step 1474: Learning rate = 0.000925
Step 1475: Learning rate = 0.000925
Step 1476: Learning rate = 0.000925
Step 1477: Learning rate = 0.000925
Step 1478: Learning rate = 0.000925
Step 1479: Learning rate = 0.000925
Step 1480: Learning rate = 0.000925
Step 1481: Learning rate = 0.000925
Step 1482: Learning rate = 0.000925
Step 1483: Learning rate = 0.000925
Step 1484: Learning rate = 0.000925
Step 1485: Learning rate = 0.000925
Step 1486: Learning rate = 0.000925
Step 1487: Learning rate = 0.000925
Step 1488: Learning rate = 0.000925
Step 1489: Learning rate = 0.000925
Step 1490: Learning rate = 0.000925
Step 1491: Learning rate = 0.000924
Step 1492: Learning rate = 0.000924
Step 1493: Learning rate = 0.000924
Step 1494: Learning rate = 0.000924
Step 1495: Learning rate = 0.000924
Step 1496: Learning rate = 0.000924
Step 1497: Learning rate = 0.000924
Step 1498: Learning rate = 0.000924
Step 1499: Learning rate = 0.000924
Step 1500: Learning rate = 0.000924
Step 1501: Learning rate = 0.000924
Step 1502: Learning rate = 0.000924
Step 1503: Learning rate = 0.000924
Step 1504: Learning rate = 0.000924
Step 1505: Learning rate = 0.000924
Step 1506: Learning rate = 0.000924
Step 1507: Learning rate = 0.000924
Step 1508: Learning rate = 0.000924
Step 1509: Learning rate = 0.000924
Step 1510: Learning rate = 0.000924
Step 1511: Learning rate = 0.000923
Step 1512: Learning rate = 0.000923
Step 1513: Learning rate = 0.000923
Step 1514: Learning rate = 0.000923
Step 1515: Learning rate = 0.000923
Step 1516: Learning rate = 0.000923
Step 1517: Learning rate = 0.000923
Step 1518: Learning rate = 0.000923
Step 1519: Learning rate = 0.000923
Step 1520: Learning rate = 0.000923
Step 1521: Learning rate = 0.000923
Step 1522: Learning rate = 0.000923
Step 1523: Learning rate = 0.000923
Step 1524: Learning rate = 0.000923
Step 1525: Learning rate = 0.000923
Step 1526: Learning rate = 0.000923
Step 1527: Learning rate = 0.000923
Step 1528: Learning rate = 0.000923
Step 1529: Learning rate = 0.000923
Step 1530: Learning rate = 0.000923
Step 1531: Learning rate = 0.000923
Step 1532: Learning rate = 0.000922
Step 1533: Learning rate = 0.000922
Step 1534: Learning rate = 0.000922
Step 1535: Learning rate = 0.000922
Step 1536: Learning rate = 0.000922
Step 1537: Learning rate = 0.000922
Step 1538: Learning rate = 0.000922
Step 1539: Learning rate = 0.000922
Step 1540: Learning rate = 0.000922
Step 1541: Learning rate = 0.000922
Step 1542: Learning rate = 0.000922
Step 1543: Learning rate = 0.000922
Step 1544: Learning rate = 0.000922
Step 1545: Learning rate = 0.000922
Step 1546: Learning rate = 0.000922
Step 1547: Learning rate = 0.000922
Step 1548: Learning rate = 0.000922
Step 1549: Learning rate = 0.000922
Step 1550: Learning rate = 0.000922
Step 1551: Learning rate = 0.000922
Step 1552: Learning rate = 0.000921
Step 1553: Learning rate = 0.000921
Step 1554: Learning rate = 0.000921
Step 1555: Learning rate = 0.000921
Step 1556: Learning rate = 0.000921
Step 1557: Learning rate = 0.000921
Step 1558: Learning rate = 0.000921
Step 1559: Learning rate = 0.000921
Step 1560: Learning rate = 0.000921
Step 1561: Learning rate = 0.000921
Step 1562: Learning rate = 0.000921
Step 1563: Learning rate = 0.000921
Step 1564: Learning rate = 0.000921
Step 1565: Learning rate = 0.000921
Step 1566: Learning rate = 0.000921
Step 1567: Learning rate = 0.000921
Step 1568: Learning rate = 0.000921
Step 1569: Learning rate = 0.000921
Step 1570: Learning rate = 0.000921
Step 1571: Learning rate = 0.000921
Step 1572: Learning rate = 0.000921
Step 1573: Learning rate = 0.000920
Step 1574: Learning rate = 0.000920
Step 1575: Learning rate = 0.000920
Step 1576: Learning rate = 0.000920
Step 1577: Learning rate = 0.000920
Step 1578: Learning rate = 0.000920
Step 1579: Learning rate = 0.000920
Step 1580: Learning rate = 0.000920
Step 1581: Learning rate = 0.000920
Step 1582: Learning rate = 0.000920
Step 1583: Learning rate = 0.000920
Step 1584: Learning rate = 0.000920
Step 1585: Learning rate = 0.000920
Step 1586: Learning rate = 0.000920
Step 1587: Learning rate = 0.000920
Step 1588: Learning rate = 0.000920
Step 1589: Learning rate = 0.000920
Step 1590: Learning rate = 0.000920
Step 1591: Learning rate = 0.000920
Step 1592: Learning rate = 0.000920
Step 1593: Learning rate = 0.000920
Step 1594: Learning rate = 0.000919
Step 1595: Learning rate = 0.000919
Step 1596: Learning rate = 0.000919
Step 1597: Learning rate = 0.000919
Step 1598: Learning rate = 0.000919
Step 1599: Learning rate = 0.000919
Step 1600: Learning rate = 0.000919
Step 1601: Learning rate = 0.000919
Step 1602: Learning rate = 0.000919
Step 1603: Learning rate = 0.000919
Step 1604: Learning rate = 0.000919
Step 1605: Learning rate = 0.000919
Step 1606: Learning rate = 0.000919
Step 1607: Learning rate = 0.000919
Step 1608: Learning rate = 0.000919
Step 1609: Learning rate = 0.000919
Step 1610: Learning rate = 0.000919
Step 1611: Learning rate = 0.000919
Step 1612: Learning rate = 0.000919
Step 1613: Learning rate = 0.000919
Step 1614: Learning rate = 0.000918
Step 1615: Learning rate = 0.000918
Step 1616: Learning rate = 0.000918
Step 1617: Learning rate = 0.000918
Step 1618: Learning rate = 0.000918
Step 1619: Learning rate = 0.000918
Step 1620: Learning rate = 0.000918
Step 1621: Learning rate = 0.000918
Step 1622: Learning rate = 0.000918
Step 1623: Learning rate = 0.000918
Step 1624: Learning rate = 0.000918
Step 1625: Learning rate = 0.000918
Step 1626: Learning rate = 0.000918
Step 1627: Learning rate = 0.000918
Step 1628: Learning rate = 0.000918
Step 1629: Learning rate = 0.000918
Step 1630: Learning rate = 0.000918
Step 1631: Learning rate = 0.000918
Step 1632: Learning rate = 0.000918
Step 1633: Learning rate = 0.000918
Step 1634: Learning rate = 0.000918
Step 1635: Learning rate = 0.000917
Step 1636: Learning rate = 0.000917
Step 1637: Learning rate = 0.000917
Step 1638: Learning rate = 0.000917
Step 1639: Learning rate = 0.000917
Step 1640: Learning rate = 0.000917
Step 1641: Learning rate = 0.000917
Step 1642: Learning rate = 0.000917
Step 1643: Learning rate = 0.000917
Step 1644: Learning rate = 0.000917
Step 1645: Learning rate = 0.000917
Step 1646: Learning rate = 0.000917
Step 1647: Learning rate = 0.000917
Step 1648: Learning rate = 0.000917
Step 1649: Learning rate = 0.000917
Step 1650: Learning rate = 0.000917
Step 1651: Learning rate = 0.000917
Step 1652: Learning rate = 0.000917
Step 1653: Learning rate = 0.000917
Step 1654: Learning rate = 0.000917
Step 1655: Learning rate = 0.000917
Step 1656: Learning rate = 0.000916
Step 1657: Learning rate = 0.000916
Step 1658: Learning rate = 0.000916
Step 1659: Learning rate = 0.000916
Step 1660: Learning rate = 0.000916
Step 1661: Learning rate = 0.000916
Step 1662: Learning rate = 0.000916
Step 1663: Learning rate = 0.000916
Step 1664: Learning rate = 0.000916
Step 1665: Learning rate = 0.000916
Step 1666: Learning rate = 0.000916
Step 1667: Learning rate = 0.000916
Step 1668: Learning rate = 0.000916
Step 1669: Learning rate = 0.000916
Step 1670: Learning rate = 0.000916
Step 1671: Learning rate = 0.000916
Step 1672: Learning rate = 0.000916
Step 1673: Learning rate = 0.000916
Step 1674: Learning rate = 0.000916
Step 1675: Learning rate = 0.000916
Step 1676: Learning rate = 0.000915
Step 1677: Learning rate = 0.000915
Step 1678: Learning rate = 0.000915
Step 1679: Learning rate = 0.000915
Step 1680: Learning rate = 0.000915
Step 1681: Learning rate = 0.000915
Step 1682: Learning rate = 0.000915
Step 1683: Learning rate = 0.000915
Step 1684: Learning rate = 0.000915
Step 1685: Learning rate = 0.000915
Step 1686: Learning rate = 0.000915
Step 1687: Learning rate = 0.000915
Step 1688: Learning rate = 0.000915
Step 1689: Learning rate = 0.000915
Step 1690: Learning rate = 0.000915
Step 1691: Learning rate = 0.000915
Step 1692: Learning rate = 0.000915
Step 1693: Learning rate = 0.000915
Step 1694: Learning rate = 0.000915
Step 1695: Learning rate = 0.000915
Step 1696: Learning rate = 0.000915
Step 1697: Learning rate = 0.000914
Step 1698: Learning rate = 0.000914
Step 1699: Learning rate = 0.000914
Step 1700: Learning rate = 0.000914
Step 1701: Learning rate = 0.000914
Step 1702: Learning rate = 0.000914
Step 1703: Learning rate = 0.000914
Step 1704: Learning rate = 0.000914
Step 1705: Learning rate = 0.000914
Step 1706: Learning rate = 0.000914
Step 1707: Learning rate = 0.000914
Step 1708: Learning rate = 0.000914
Step 1709: Learning rate = 0.000914
Step 1710: Learning rate = 0.000914
Step 1711: Learning rate = 0.000914
Step 1712: Learning rate = 0.000914
Step 1713: Learning rate = 0.000914
Step 1714: Learning rate = 0.000914
Step 1715: Learning rate = 0.000914
Step 1716: Learning rate = 0.000914
Step 1717: Learning rate = 0.000914
Step 1718: Learning rate = 0.000913
Step 1719: Learning rate = 0.000913
Step 1720: Learning rate = 0.000913
Step 1721: Learning rate = 0.000913
Step 1722: Learning rate = 0.000913
Step 1723: Learning rate = 0.000913
Step 1724: Learning rate = 0.000913
Step 1725: Learning rate = 0.000913
Step 1726: Learning rate = 0.000913
Step 1727: Learning rate = 0.000913
Step 1728: Learning rate = 0.000913
Step 1729: Learning rate = 0.000913
Step 1730: Learning rate = 0.000913
Step 1731: Learning rate = 0.000913
Step 1732: Learning rate = 0.000913
Step 1733: Learning rate = 0.000913
Step 1734: Learning rate = 0.000913
Step 1735: Learning rate = 0.000913
Step 1736: Learning rate = 0.000913
Step 1737: Learning rate = 0.000913
Step 1738: Learning rate = 0.000913
Step 1739: Learning rate = 0.000912
Step 1740: Learning rate = 0.000912
Step 1741: Learning rate = 0.000912
Step 1742: Learning rate = 0.000912
Step 1743: Learning rate = 0.000912
Step 1744: Learning rate = 0.000912
Step 1745: Learning rate = 0.000912
Step 1746: Learning rate = 0.000912
Step 1747: Learning rate = 0.000912
Step 1748: Learning rate = 0.000912
Step 1749: Learning rate = 0.000912
Step 1750: Learning rate = 0.000912
Step 1751: Learning rate = 0.000912
Step 1752: Learning rate = 0.000912
Step 1753: Learning rate = 0.000912
Step 1754: Learning rate = 0.000912
Step 1755: Learning rate = 0.000912
Step 1756: Learning rate = 0.000912
Step 1757: Learning rate = 0.000912
Step 1758: Learning rate = 0.000912
Step 1759: Learning rate = 0.000911
Step 1760: Learning rate = 0.000911
Step 1761: Learning rate = 0.000911
Step 1762: Learning rate = 0.000911
Step 1763: Learning rate = 0.000911
Step 1764: Learning rate = 0.000911
Step 1765: Learning rate = 0.000911
Step 1766: Learning rate = 0.000911
Step 1767: Learning rate = 0.000911
Step 1768: Learning rate = 0.000911
Step 1769: Learning rate = 0.000911
Step 1770: Learning rate = 0.000911
Step 1771: Learning rate = 0.000911
Step 1772: Learning rate = 0.000911
Step 1773: Learning rate = 0.000911
Step 1774: Learning rate = 0.000911
Step 1775: Learning rate = 0.000911
Step 1776: Learning rate = 0.000911
Step 1777: Learning rate = 0.000911
Step 1778: Learning rate = 0.000911
Step 1779: Learning rate = 0.000911
Step 1780: Learning rate = 0.000910
Step 1781: Learning rate = 0.000910
Step 1782: Learning rate = 0.000910
Step 1783: Learning rate = 0.000910
Step 1784: Learning rate = 0.000910
Step 1785: Learning rate = 0.000910
Step 1786: Learning rate = 0.000910
Step 1787: Learning rate = 0.000910
Step 1788: Learning rate = 0.000910
Step 1789: Learning rate = 0.000910
Step 1790: Learning rate = 0.000910
Step 1791: Learning rate = 0.000910
Step 1792: Learning rate = 0.000910
Step 1793: Learning rate = 0.000910
Step 1794: Learning rate = 0.000910
Step 1795: Learning rate = 0.000910
Step 1796: Learning rate = 0.000910
Step 1797: Learning rate = 0.000910
Step 1798: Learning rate = 0.000910
Step 1799: Learning rate = 0.000910
Step 1800: Learning rate = 0.000910
Step 1801: Learning rate = 0.000909
Step 1802: Learning rate = 0.000909
Step 1803: Learning rate = 0.000909
Step 1804: Learning rate = 0.000909
Step 1805: Learning rate = 0.000909
Step 1806: Learning rate = 0.000909
Step 1807: Learning rate = 0.000909
Step 1808: Learning rate = 0.000909
Step 1809: Learning rate = 0.000909
Step 1810: Learning rate = 0.000909
Step 1811: Learning rate = 0.000909
Step 1812: Learning rate = 0.000909
Step 1813: Learning rate = 0.000909
Step 1814: Learning rate = 0.000909
Step 1815: Learning rate = 0.000909
Step 1816: Learning rate = 0.000909
Step 1817: Learning rate = 0.000909
Step 1818: Learning rate = 0.000909
Step 1819: Learning rate = 0.000909
Step 1820: Learning rate = 0.000909
Step 1821: Learning rate = 0.000909
Step 1822: Learning rate = 0.000908
Step 1823: Learning rate = 0.000908
Step 1824: Learning rate = 0.000908
Step 1825: Learning rate = 0.000908
Step 1826: Learning rate = 0.000908
Step 1827: Learning rate = 0.000908
Step 1828: Learning rate = 0.000908
Step 1829: Learning rate = 0.000908
Step 1830: Learning rate = 0.000908
Step 1831: Learning rate = 0.000908
Step 1832: Learning rate = 0.000908
Step 1833: Learning rate = 0.000908
Step 1834: Learning rate = 0.000908
Step 1835: Learning rate = 0.000908
Step 1836: Learning rate = 0.000908
Step 1837: Learning rate = 0.000908
Step 1838: Learning rate = 0.000908
Step 1839: Learning rate = 0.000908
Step 1840: Learning rate = 0.000908
Step 1841: Learning rate = 0.000908
Step 1842: Learning rate = 0.000908
Step 1843: Learning rate = 0.000907
Step 1844: Learning rate = 0.000907
Step 1845: Learning rate = 0.000907
Step 1846: Learning rate = 0.000907
Step 1847: Learning rate = 0.000907
Step 1848: Learning rate = 0.000907
Step 1849: Learning rate = 0.000907
Step 1850: Learning rate = 0.000907
Step 1851: Learning rate = 0.000907
Step 1852: Learning rate = 0.000907
Step 1853: Learning rate = 0.000907
Step 1854: Learning rate = 0.000907
Step 1855: Learning rate = 0.000907
Step 1856: Learning rate = 0.000907
Step 1857: Learning rate = 0.000907
Step 1858: Learning rate = 0.000907
Step 1859: Learning rate = 0.000907
Step 1860: Learning rate = 0.000907
Step 1861: Learning rate = 0.000907
Step 1862: Learning rate = 0.000907
Step 1863: Learning rate = 0.000907
Step 1864: Learning rate = 0.000906
Step 1865: Learning rate = 0.000906
Step 1866: Learning rate = 0.000906
Step 1867: Learning rate = 0.000906
Step 1868: Learning rate = 0.000906
Step 1869: Learning rate = 0.000906
Step 1870: Learning rate = 0.000906
Step 1871: Learning rate = 0.000906
Step 1872: Learning rate = 0.000906
Step 1873: Learning rate = 0.000906
Step 1874: Learning rate = 0.000906
Step 1875: Learning rate = 0.000906
Step 1876: Learning rate = 0.000906
Step 1877: Learning rate = 0.000906
Step 1878: Learning rate = 0.000906
Step 1879: Learning rate = 0.000906
Step 1880: Learning rate = 0.000906
Step 1881: Learning rate = 0.000906
Step 1882: Learning rate = 0.000906
Step 1883: Learning rate = 0.000906
Step 1884: Learning rate = 0.000906
Step 1885: Learning rate = 0.000905
Step 1886: Learning rate = 0.000905
Step 1887: Learning rate = 0.000905
Step 1888: Learning rate = 0.000905
Step 1889: Learning rate = 0.000905
Step 1890: Learning rate = 0.000905
Step 1891: Learning rate = 0.000905
Step 1892: Learning rate = 0.000905
Step 1893: Learning rate = 0.000905
Step 1894: Learning rate = 0.000905
Step 1895: Learning rate = 0.000905
Step 1896: Learning rate = 0.000905
Step 1897: Learning rate = 0.000905
Step 1898: Learning rate = 0.000905
Step 1899: Learning rate = 0.000905
Step 1900: Learning rate = 0.000905
Step 1901: Learning rate = 0.000905
Step 1902: Learning rate = 0.000905
Step 1903: Learning rate = 0.000905
Step 1904: Learning rate = 0.000905
Step 1905: Learning rate = 0.000905
Step 1906: Learning rate = 0.000904
Step 1907: Learning rate = 0.000904
Step 1908: Learning rate = 0.000904
Step 1909: Learning rate = 0.000904
Step 1910: Learning rate = 0.000904
Step 1911: Learning rate = 0.000904
Step 1912: Learning rate = 0.000904
Step 1913: Learning rate = 0.000904
Step 1914: Learning rate = 0.000904
Step 1915: Learning rate = 0.000904
Step 1916: Learning rate = 0.000904
Step 1917: Learning rate = 0.000904
Step 1918: Learning rate = 0.000904
Step 1919: Learning rate = 0.000904
Step 1920: Learning rate = 0.000904
Step 1921: Learning rate = 0.000904
Step 1922: Learning rate = 0.000904
Step 1923: Learning rate = 0.000904
Step 1924: Learning rate = 0.000904
Step 1925: Learning rate = 0.000904
Step 1926: Learning rate = 0.000904
Step 1927: Learning rate = 0.000903
Step 1928: Learning rate = 0.000903
Step 1929: Learning rate = 0.000903
Step 1930: Learning rate = 0.000903
Step 1931: Learning rate = 0.000903
Step 1932: Learning rate = 0.000903
Step 1933: Learning rate = 0.000903
Step 1934: Learning rate = 0.000903
Step 1935: Learning rate = 0.000903
Step 1936: Learning rate = 0.000903
Step 1937: Learning rate = 0.000903
Step 1938: Learning rate = 0.000903
Step 1939: Learning rate = 0.000903
Step 1940: Learning rate = 0.000903
Step 1941: Learning rate = 0.000903
Step 1942: Learning rate = 0.000903
Step 1943: Learning rate = 0.000903
Step 1944: Learning rate = 0.000903
Step 1945: Learning rate = 0.000903
Step 1946: Learning rate = 0.000903
Step 1947: Learning rate = 0.000903
Step 1948: Learning rate = 0.000902
Step 1949: Learning rate = 0.000902
Step 1950: Learning rate = 0.000902
Step 1951: Learning rate = 0.000902
Step 1952: Learning rate = 0.000902
Step 1953: Learning rate = 0.000902
Step 1954: Learning rate = 0.000902
Step 1955: Learning rate = 0.000902
Step 1956: Learning rate = 0.000902
Step 1957: Learning rate = 0.000902
Step 1958: Learning rate = 0.000902
Step 1959: Learning rate = 0.000902
Step 1960: Learning rate = 0.000902
Step 1961: Learning rate = 0.000902
Step 1962: Learning rate = 0.000902
Step 1963: Learning rate = 0.000902
Step 1964: Learning rate = 0.000902
Step 1965: Learning rate = 0.000902
Step 1966: Learning rate = 0.000902
Step 1967: Learning rate = 0.000902
Step 1968: Learning rate = 0.000902
Step 1969: Learning rate = 0.000901
Step 1970: Learning rate = 0.000901
Step 1971: Learning rate = 0.000901
Step 1972: Learning rate = 0.000901
Step 1973: Learning rate = 0.000901
Step 1974: Learning rate = 0.000901
Step 1975: Learning rate = 0.000901
Step 1976: Learning rate = 0.000901
Step 1977: Learning rate = 0.000901
Step 1978: Learning rate = 0.000901
Step 1979: Learning rate = 0.000901
Step 1980: Learning rate = 0.000901
Step 1981: Learning rate = 0.000901
Step 1982: Learning rate = 0.000901
Step 1983: Learning rate = 0.000901
Step 1984: Learning rate = 0.000901
Step 1985: Learning rate = 0.000901
Step 1986: Learning rate = 0.000901
Step 1987: Learning rate = 0.000901
Step 1988: Learning rate = 0.000901
Step 1989: Learning rate = 0.000901
Step 1990: Learning rate = 0.000900
Step 1991: Learning rate = 0.000900
Step 1992: Learning rate = 0.000900
Step 1993: Learning rate = 0.000900
Step 1994: Learning rate = 0.000900
Step 1995: Learning rate = 0.000900
Step 1996: Learning rate = 0.000900
Step 1997: Learning rate = 0.000900
Step 1998: Learning rate = 0.000900
Step 1999: Learning rate = 0.000900
adam
0.001000
2000
Initial loss: 93826168.40564723
Final loss: 246.84216984522652
start inference
#############################################
z_uncertain_list shape (5, 2)
#############################################
#############################################
z_uncertain_list shape (5, 2)
#############################################
#############################################
z_uncertain_list shape (5, 2)
#############################################

                     mean       std    median      5.0%     95.0%     n_eff     r_hat
z_uncertain0[0]      1.00      0.01      1.00      0.99      1.02    521.54      1.00
z_uncertain0[1]      0.40      0.01      0.40      0.39      0.41    441.02      1.00
z_uncertain1[0]     -0.77      0.41     -0.87     -1.44     -0.27      8.62      1.00
z_uncertain1[1]     -1.23      0.49     -1.35     -1.94     -0.47      3.64      1.51
z_uncertain2[0]     -0.03      0.13     -0.00     -0.01      0.01     17.08      1.06
z_uncertain2[1]      0.61      0.28      0.53      0.53      0.54     13.78      1.08
z_uncertain3[0]     -0.94      0.35     -0.96     -1.39     -0.34      6.81      1.40
z_uncertain3[1]     -1.18      0.48     -1.29     -1.94     -0.47      3.92      1.31
z_uncertain4[0]      0.41      0.10      0.42      0.25      0.55    379.29      1.00
z_uncertain4[1]      0.00      0.00     -0.00     -0.00      0.00    879.40      1.00

Number of divergences: 0
{'z_uncertain0': Array([[0.75108611, 0.39407019],
       [0.88913014, 0.3942735 ],
       [0.94303568, 0.39439984],
       ...,
       [1.0124799 , 0.40503533],
       [0.99167331, 0.41528834],
       [1.00488088, 0.40388253]], dtype=float64), 'z_uncertain1': Array([[ 0.10132937, -1.71019168],
       [ 0.09951836, -1.70923513],
       [ 0.09960973, -1.70890339],
       ...,
       [-0.90902283, -0.03804755],
       [-0.90443659, -0.03392257],
       [-0.89748744, -0.03063778]], dtype=float64), 'z_uncertain2': Array([[ 0.11914484,  1.64224188],
       [ 0.11981937,  1.64120421],
       [ 0.11997643,  1.64194837],
       ...,
       [-0.00859269,  0.52713293],
       [-0.00686352,  0.52748209],
       [-0.00787367,  0.52800994]], dtype=float64), 'z_uncertain3': Array([[-1.21616501, -1.20685936],
       [-1.21496854, -1.20565546],
       [-1.21549297, -1.20469493],
       ...,
       [-0.9059658 , -0.03696926],
       [-0.90093514, -0.03270648],
       [-0.89785998, -0.02948864]], dtype=float64), 'z_uncertain4': Array([[ 3.38269813e-01,  8.53537262e-04],
       [ 4.52825679e-01, -1.36882858e-03],
       [ 4.79766161e-01,  2.40681810e-04],
       ...,
       [ 2.81244612e-01,  4.26976148e-04],
       [ 3.75135628e-01, -4.33844766e-04],
       [ 4.78055432e-01, -6.78298055e-04]], dtype=float64)}
Script finished in 28 minutes and 21 seconds.
