Traceback (most recent call last):
  File "main.py", line 6, in <module>
    from include.init import ModelInitializer_2d
  File "/local/232588/include/init.py", line 4, in <module>
    from include.config import key_he, key_x_u, key_x_f, key_t_u, key_t_f, key_x_u_init, key_t_u_low, key_t_u_high, \
ImportError: cannot import name 'key_he' from 'include.config' (/local/232588/include/config.py)
--------------------------------------------------------------------------
Primary job  terminated normally, but 1 process returned
a non-zero exit code. Per user-direction, the job has been aborted.
--------------------------------------------------------------------------
--------------------------------------------------------------------------
mpirun detected that one or more processes exited with non-zero status, thus causing
the job to be terminated. The first process to do so was:

  Process name: [[30990,1],0]
  Exit code:    1
--------------------------------------------------------------------------
cp: cannot stat '*.pdf': No such file or directory
cp: missing destination file operand after '*.png/home/yanw/uncertain/results/figures/0831'
Try 'cp --help' for more information.
cp: missing destination file operand after '/home/yanw/uncertain'
Try 'cp --help' for more information.
