Traceback (most recent call last):
  File "main.py", line 67, in <module>
    param_iter, optimizer_text, lr_text, epoch_text = train_heat_equation_model_2d(init, Xu_noise, Xu_fixed,
  File "/local/232612/include/train.py", line 25, in train_heat_equation_model_2d
    init_loss = loss_fn(param_iter)
  File "/local/232612/include/heat2d.py", line 137, in heat_equation_nlml_loss_2d
    scalar_result = jnp.squeeze(K_inv_Y_product)[0]
  File "/home/yanw/.conda/envs/uncertain/lib/python3.8/site-packages/jax/_src/array.py", line 317, in __getitem__
    return lax_numpy._rewriting_take(self, idx)
  File "/home/yanw/.conda/envs/uncertain/lib/python3.8/site-packages/jax/_src/numpy/lax_numpy.py", line 4143, in _rewriting_take
    return _gather(arr, treedef, static_idx, dynamic_idx, indices_are_sorted,
  File "/home/yanw/.conda/envs/uncertain/lib/python3.8/site-packages/jax/_src/numpy/lax_numpy.py", line 4152, in _gather
    indexer = _index_to_gather(shape(arr), idx)  # shared with _scatter_update
  File "/home/yanw/.conda/envs/uncertain/lib/python3.8/site-packages/jax/_src/numpy/lax_numpy.py", line 4253, in _index_to_gather
    idx = _canonicalize_tuple_index(len(x_shape), idx)
  File "/home/yanw/.conda/envs/uncertain/lib/python3.8/site-packages/jax/_src/numpy/lax_numpy.py", line 4586, in _canonicalize_tuple_index
    raise IndexError(
IndexError: Too many indices for array: 1 non-None/Ellipsis indices for dim 0.
--------------------------------------------------------------------------
Primary job  terminated normally, but 1 process returned
a non-zero exit code. Per user-direction, the job has been aborted.
--------------------------------------------------------------------------
--------------------------------------------------------------------------
mpirun detected that one or more processes exited with non-zero status, thus causing
the job to be terminated. The first process to do so was:

  Process name: [[25872,1],0]
  Exit code:    1
--------------------------------------------------------------------------
cp: cannot stat '*.pdf': No such file or directory
cp: missing destination file operand after '*.png/home/yanw/uncertain/results/figures/0831'
Try 'cp --help' for more information.
cp: missing destination file operand after '/home/yanw/uncertain'
Try 'cp --help' for more information.
