ctit091
Thu Aug 31 00:59:38 2023       
+-----------------------------------------------------------------------------+
| NVIDIA-SMI 515.86.01    Driver Version: 515.86.01    CUDA Version: 11.7     |
|-------------------------------+----------------------+----------------------+
| GPU  Name        Persistence-M| Bus-Id        Disp.A | Volatile Uncorr. ECC |
| Fan  Temp  Perf  Pwr:Usage/Cap|         Memory-Usage | GPU-Util  Compute M. |
|                               |                      |               MIG M. |
|===============================+======================+======================|
|   0  NVIDIA A40          On   | 00000000:3B:00.0 Off |                    0 |
|  0%   44C    P8    37W / 300W |      0MiB / 46068MiB |      0%      Default |
|                               |                      |                  N/A |
+-------------------------------+----------------------+----------------------+
|   1  NVIDIA A40          On   | 00000000:5E:00.0 Off |                    0 |
|  0%   46C    P8    39W / 300W |      0MiB / 46068MiB |      0%      Default |
|                               |                      |                  N/A |
+-------------------------------+----------------------+----------------------+
|   2  NVIDIA A40          On   | 00000000:B1:00.0 Off |                    0 |
|  0%   46C    P8    38W / 300W |      0MiB / 46068MiB |      0%      Default |
|                               |                      |                  N/A |
+-------------------------------+----------------------+----------------------+
|   3  NVIDIA A40          On   | 00000000:D9:00.0 Off |                    0 |
|  0%   44C    P8    38W / 300W |      0MiB / 46068MiB |      0%      Default |
|                               |                      |                  N/A |
+-------------------------------+----------------------+----------------------+
                                                                               
+-----------------------------------------------------------------------------+
| Processes:                                                                  |
|  GPU   GI   CI        PID   Type   Process name                  GPU Memory |
|        ID   ID                                                   Usage      |
|=============================================================================|
|  No running processes found                                                 |
+-----------------------------------------------------------------------------+
Date              = Thu Aug 31 00:59:39 CEST 2023
Hostname          = ctit091
Working Directory = /local/232573
Number of nodes used        : 1
Number of MPI tasks         : 1
Number of threads           : 16
Number of MPI tasks per node: 1
Number of threads per core  : 
Name of nodes used          : ctit091
Gpu devices                 : 0
Starting worker: 
GPU memory used: 35445.4375 MB
GPU memory used: 34.61468505859375 GB
sigma_init_yu: 0.416939731023939	sigma_init_yf: 12.285721128210179	sigma_init: 6.293898648627159
new_sigma_init_yu: 0.416939731023939	new_sigma_init_yf: 0.7852597163018831	new_sigma_init: 0.8239096820852142
heat_params ((Array([0.82390968], dtype=float64), Array([0.44873964, 0.40803575], dtype=float64)),)
Xuz:  [[0.88025687 0.11536694]
 [0.35507354 0.85773403]
 [0.62207094 0.01884991]
 [0.64537415 0.09245912]
 [0.92836412 0.2617761 ]]
Xfz:  [[0.   0.  ]
 [0.   0.25]
 [0.   0.5 ]
 [0.   0.75]
 [0.   1.  ]
 [0.   0.  ]
 [0.25 0.  ]
 [0.5  0.  ]
 [0.75 0.  ]
 [1.   0.  ]
 [1.   0.  ]
 [1.   0.25]
 [1.   0.5 ]
 [1.   0.75]
 [1.   1.  ]]
Xfg:  [[0.13589596 0.21447376]
 [0.06880269 0.43527915]
 [0.48787549 0.64216413]
 [0.67262965 0.99297271]
 [0.18657265 0.87332952]]
number_Y:  25
Y:  [[-5.88435650e-01]
 [ 3.55841328e-01]
 [-7.01802385e-01]
 [-7.88308940e-01]
 [-3.11034829e-01]
 [ 0.00000000e+00]
 [ 0.00000000e+00]
 [ 0.00000000e+00]
 [ 0.00000000e+00]
 [ 0.00000000e+00]
 [ 0.00000000e+00]
 [ 1.00000000e+00]
 [ 1.22464680e-16]
 [-1.00000000e+00]
 [-2.44929360e-16]
 [-2.44929360e-16]
 [-1.90751177e-16]
 [-1.48557166e-16]
 [-1.15696437e-16]
 [-9.01044760e-17]
 [ 2.34067569e+01]
 [ 1.04315967e+01]
 [ 1.54082311e+00]
 [-1.26037239e+01]
 [ 1.48079019e+01]]
params:  ((Array([0.82390968], dtype=float64), Array([0.44873964, 0.40803575], dtype=float64)),)
Script finished in 0 minutes and 15 seconds.
