ctit091
Thu Aug 31 11:03:26 2023       
+-----------------------------------------------------------------------------+
| NVIDIA-SMI 515.86.01    Driver Version: 515.86.01    CUDA Version: 11.7     |
|-------------------------------+----------------------+----------------------+
| GPU  Name        Persistence-M| Bus-Id        Disp.A | Volatile Uncorr. ECC |
| Fan  Temp  Perf  Pwr:Usage/Cap|         Memory-Usage | GPU-Util  Compute M. |
|                               |                      |               MIG M. |
|===============================+======================+======================|
|   0  NVIDIA A40          On   | 00000000:3B:00.0 Off |                    0 |
|  0%   45C    P8    37W / 300W |      0MiB / 46068MiB |      0%      Default |
|                               |                      |                  N/A |
+-------------------------------+----------------------+----------------------+
|   1  NVIDIA A40          On   | 00000000:5E:00.0 Off |                    0 |
|  0%   44C    P8    38W / 300W |      0MiB / 46068MiB |      0%      Default |
|                               |                      |                  N/A |
+-------------------------------+----------------------+----------------------+
|   2  NVIDIA A40          On   | 00000000:B1:00.0 Off |                    0 |
|  0%   45C    P8    38W / 300W |      0MiB / 46068MiB |      0%      Default |
|                               |                      |                  N/A |
+-------------------------------+----------------------+----------------------+
|   3  NVIDIA A40          On   | 00000000:D9:00.0 Off |                    0 |
|  0%   44C    P8    38W / 300W |      0MiB / 46068MiB |      0%      Default |
|                               |                      |                  N/A |
+-------------------------------+----------------------+----------------------+
                                                                               
+-----------------------------------------------------------------------------+
| Processes:                                                                  |
|  GPU   GI   CI        PID   Type   Process name                  GPU Memory |
|        ID   ID                                                   Usage      |
|=============================================================================|
|  No running processes found                                                 |
+-----------------------------------------------------------------------------+
Date              = Thu Aug 31 11:03:28 CEST 2023
Hostname          = ctit091
Working Directory = /local/232614
Number of nodes used        : 1
Number of MPI tasks         : 1
Number of threads           : 16
Number of MPI tasks per node: 1
Number of threads per core  : 
Name of nodes used          : ctit091
Gpu devices                 : 0
Starting worker: 
GPU memory used: 35445.4375 MB
GPU memory used: 34.61468505859375 GB
sigma_init_yu: 0.4180713554234921	sigma_init_yf: 16.88708019124114	sigma_init: 8.263700443130329
new_sigma_init_yu: 0.4180713554234921	new_sigma_init_yf: 0.8717052165589065	new_sigma_init: 0.6445101765174207
Epoch 1 Loss: 2768.5255753274137
Epoch 2 Loss: 2682.58259580844
Epoch 3 Loss: 2598.9527345532883
Epoch 4 Loss: 2517.579033715363
Epoch 5 Loss: 2438.4063323042074
Epoch 6 Loss: 2361.381202339551
Epoch 7 Loss: 2286.451898575555
Epoch 8 Loss: 2213.568292757752
Epoch 9 Loss: 2142.681825173058
Epoch 10 Loss: 2073.7454373598152
adamw
0.001000
10
Initial loss: 2856.8404759205173
Final loss: 2073.7454373598152
Script finished in 0 minutes and 40 seconds.
