 /home/yanw/.conda/envs/uncertain/lib/python3.8/site-packages/paramz/transformations.py:111: RuntimeWarning:overflow encountered in expm1
/tmp/slurmd/job232274/slurm_script: line 69: /home/yanw/uncertain/results/log/0829/232274_version.log: No such file or directory
/tmp/slurmd/job232274/slurm_script: line 70: /home/yanw/uncertain/results/log/0829/232274_version.log: No such file or directory
ERROR: Pipe to stdout was broken
Exception ignored in: <_io.TextIOWrapper name='<stdout>' mode='w' encoding='utf-8'>
BrokenPipeError: [Errno 32] Broken pipe
/tmp/slurmd/job232274/slurm_script: line 69: /home/yanw/uncertain/results/log/0829/232274_version.log: No such file or directory
/tmp/slurmd/job232274/slurm_script: line 70: /home/yanw/uncertain/results/log/0829/232274_version.log: No such file or directory
ERROR: Pipe to stdout was broken
Exception ignored in: <_io.TextIOWrapper name='<stdout>' mode='w' encoding='utf-8'>
BrokenPipeError: [Errno 32] Broken pipe
/tmp/slurmd/job232274/slurm_script: line 69: /home/yanw/uncertain/results/log/0829/232274_version.log: No such file or directory
/tmp/slurmd/job232274/slurm_script: line 70: /home/yanw/uncertain/results/log/0829/232274_version.log: No such file or directory
ERROR: Pipe to stdout was broken
Exception ignored in: <_io.TextIOWrapper name='<stdout>' mode='w' encoding='utf-8'>
BrokenPipeError: [Errno 32] Broken pipe
/tmp/slurmd/job232274/slurm_script: line 69: /home/yanw/uncertain/results/log/0829/232274_version.log: No such file or directory
/tmp/slurmd/job232274/slurm_script: line 70: /home/yanw/uncertain/results/log/0829/232274_version.log: No such file or directory
ERROR: Pipe to stdout was broken
Exception ignored in: <_io.TextIOWrapper name='<stdout>' mode='w' encoding='utf-8'>
BrokenPipeError: [Errno 32] Broken pipe
/tmp/slurmd/job232274/slurm_script: line 69: /home/yanw/uncertain/results/log/0829/232274_version.log: No such file or directory
/tmp/slurmd/job232274/slurm_script: line 70: /home/yanw/uncertain/results/log/0829/232274_version.log: No such file or directory
ERROR: Pipe to stdout was broken
Exception ignored in: <_io.TextIOWrapper name='<stdout>' mode='w' encoding='utf-8'>
BrokenPipeError: [Errno 32] Broken pipe
/tmp/slurmd/job232274/slurm_script: line 69: /home/yanw/uncertain/results/log/0829/232274_version.log: No such file or directory
/tmp/slurmd/job232274/slurm_script: line 70: /home/yanw/uncertain/results/log/0829/232274_version.log: No such file or directory
ERROR: Pipe to stdout was broken
Exception ignored in: <_io.TextIOWrapper name='<stdout>' mode='w' encoding='utf-8'>
BrokenPipeError: [Errno 32] Broken pipe
/tmp/slurmd/job232274/slurm_script: line 79: /home/yanw/uncertain/results/log/0829/232274_version.log: No such file or directory
cp: missing destination file operand after '*.png/home/yanw/uncertain/results/figures/0829'
Try 'cp --help' for more information.
cp: missing destination file operand after '/home/yanw/uncertain'
Try 'cp --help' for more information.
