hpc-node01
	Adding nVidia Cuda Toolkit 11.8
	Adding nVidia cuDNN 8.6 (.0.163)
	Adding nvtop
Wed Jun 12 14:52:51 2024       
+-----------------------------------------------------------------------------------------+
| NVIDIA-SMI 550.54.15              Driver Version: 550.54.15      CUDA Version: 12.4     |
|-----------------------------------------+------------------------+----------------------+
| GPU  Name                 Persistence-M | Bus-Id          Disp.A | Volatile Uncorr. ECC |
| Fan  Temp   Perf          Pwr:Usage/Cap |           Memory-Usage | GPU-Util  Compute M. |
|                                         |                        |               MIG M. |
|=========================================+========================+======================|
|   0  NVIDIA L40                     On  |   00000000:17:00.0 Off |                    0 |
| N/A   43C    P0             81W /  300W |    2532MiB /  46068MiB |      0%      Default |
|                                         |                        |                  N/A |
+-----------------------------------------+------------------------+----------------------+
|   1  NVIDIA L40                     On  |   00000000:65:00.0 Off |                    0 |
| N/A   41C    P0             87W /  300W |     692MiB /  46068MiB |     80%      Default |
|                                         |                        |                  N/A |
+-----------------------------------------+------------------------+----------------------+
|   2  NVIDIA L40                     On  |   00000000:CA:00.0 Off |                    0 |
| N/A   34C    P8             36W /  300W |       3MiB /  46068MiB |      0%      Default |
|                                         |                        |                  N/A |
+-----------------------------------------+------------------------+----------------------+
|   3  NVIDIA L40                     On  |   00000000:E3:00.0 Off |                    0 |
| N/A   44C    P0             91W /  300W |     692MiB /  46068MiB |     80%      Default |
|                                         |                        |                  N/A |
+-----------------------------------------+------------------------+----------------------+
                                                                                         
+-----------------------------------------------------------------------------------------+
| Processes:                                                                              |
|  GPU   GI   CI        PID   Type   Process name                              GPU Memory |
|        ID   ID                                                               Usage      |
|=========================================================================================|
|    0   N/A  N/A     56071      C   .../miniforge3/envs/dwsnets/bin/python       2524MiB |
|    1   N/A  N/A     99394      C   python                                        684MiB |
|    3   N/A  N/A    100635      C   python                                        684MiB |
+-----------------------------------------------------------------------------------------+
Date              = Wed Jun 12 14:52:51 CEST 2024
Hostname          = hpc-node01
Working Directory = /local/292789
Number of nodes used        : 1
Number of MPI tasks         : 1
Number of threads           : 16
Number of MPI tasks per node: 1
Number of threads per core  : 
Name of nodes used          : hpc-node01
Gpu devices                 : 2
Starting worker: 
Xu_fixed:  [[0.         0.77961699]
 [0.         0.18261499]
 [0.42300447 0.        ]
 [0.37513696 0.        ]
 [0.51259359 0.        ]
 [0.54022212 0.        ]
 [0.25327558 0.        ]
 [1.         0.91389189]
 [1.         0.22755481]]
sigma_init_yu: 0.4489360707283098	sigma_init_yf: 16.379164911764676	sigma_init: 12.71152816190001
new_sigma_init_yu: 0.4489360707283098	new_sigma_init_yf: 0.5854312377523685	new_sigma_init: 0.582378293999085
Xu_noise: [[0.62661459 0.07416888]
 [0.32816845 0.84033023]
 [0.584992   0.26830925]
 [0.26637871 0.75008966]
 [0.38819762 0.25122647]]
Xu_noise shape: (5, 2)
adamw
0.001000
1000
Initial loss: 139.28263863133589
Final loss: 51.278619014240704
start inference
#############################################
z_uncertain_list shape (5, 2)
#############################################
#############################################
z_uncertain_list shape (5, 2)
#############################################
#############################################
z_uncertain_list shape (5, 2)
#############################################

                     mean       std    median      5.0%     95.0%     n_eff     r_hat
z_uncertain0[0]      0.00      0.02      0.00     -0.03      0.04    296.76      1.00
z_uncertain0[1]      0.78      0.03      0.78      0.74      0.82    321.16      1.00
z_uncertain1[0]      0.00      0.03      0.00     -0.03      0.04    213.68      1.01
z_uncertain1[1]      0.74      0.31      0.78      0.74      0.83     63.21      1.02
z_uncertain2[0]      1.00      0.02      1.00      0.97      1.02    617.20      1.00
z_uncertain2[1]      0.23      0.02      0.23      0.19      0.26    633.16      1.00
z_uncertain3[0]      1.00      0.01      1.00      0.98      1.02   1087.86      1.00
z_uncertain3[1]      0.91      0.02      0.91      0.89      0.94   1135.78      1.00
z_uncertain4[0]      0.38      0.12      0.36      0.21      0.56     66.32      1.00
z_uncertain4[1]      0.00      0.01      0.00     -0.01      0.01    214.56      1.00

Number of divergences: 0
{'z_uncertain0': Array([[ 0.0232645 ,  0.80861485],
       [-0.02091088,  0.7456691 ],
       [-0.02252673,  0.7457452 ],
       ...,
       [-0.00340555,  0.77432472],
       [-0.01306842,  0.75940085],
       [-0.00436484,  0.7715016 ]], dtype=float64), 'z_uncertain1': Array([[-0.21678666, -1.83479763],
       [-0.34014988, -1.66635029],
       [-0.33940259, -1.66044923],
       ...,
       [ 0.00409571,  0.7846777 ],
       [-0.00700619,  0.76952526],
       [ 0.00843846,  0.7938347 ]], dtype=float64), 'z_uncertain2': Array([[0.99312784, 0.21708935],
       [1.00408216, 0.24000834],
       [1.01463773, 0.24277713],
       ...,
       [0.98885668, 0.21511113],
       [0.99763134, 0.22774053],
       [1.00901842, 0.24420048]], dtype=float64), 'z_uncertain3': Array([[1.01961564, 0.87610251],
       [1.01690875, 0.88185521],
       [0.97367192, 0.94976887],
       ...,
       [1.00175694, 0.91166588],
       [1.00956956, 0.8971342 ],
       [0.99578393, 0.91974113]], dtype=float64), 'z_uncertain4': Array([[ 0.33023918,  0.00177511],
       [ 0.48887896, -0.00275223],
       [ 0.49214458, -0.0012091 ],
       ...,
       [ 0.39530217,  0.00072404],
       [ 0.35030659, -0.00085324],
       [ 0.30577813,  0.00084658]], dtype=float64)}
Script finished in 13 minutes and 33 seconds.
