hpc-node03
	Adding nVidia Cuda Toolkit 11.8
	Adding nVidia cuDNN 8.6 (.0.163)
	Adding nvtop
Wed Jun 12 15:03:19 2024       
+-----------------------------------------------------------------------------------------+
| NVIDIA-SMI 550.54.15              Driver Version: 550.54.15      CUDA Version: 12.4     |
|-----------------------------------------+------------------------+----------------------+
| GPU  Name                 Persistence-M | Bus-Id          Disp.A | Volatile Uncorr. ECC |
| Fan  Temp   Perf          Pwr:Usage/Cap |           Memory-Usage | GPU-Util  Compute M. |
|                                         |                        |               MIG M. |
|=========================================+========================+======================|
|   0  NVIDIA L40                     On  |   00000000:17:00.0 Off |                    0 |
| N/A   27C    P8             24W /  300W |       0MiB /  46068MiB |      0%      Default |
|                                         |                        |                  N/A |
+-----------------------------------------+------------------------+----------------------+
|   1  NVIDIA L40                     On  |   00000000:65:00.0 Off |                    0 |
| N/A   27C    P8             25W /  300W |       0MiB /  46068MiB |      0%      Default |
|                                         |                        |                  N/A |
+-----------------------------------------+------------------------+----------------------+
|   2  NVIDIA L40                     On  |   00000000:CA:00.0 Off |                    0 |
| N/A   28C    P8             25W /  300W |       0MiB /  46068MiB |      0%      Default |
|                                         |                        |                  N/A |
+-----------------------------------------+------------------------+----------------------+
|   3  NVIDIA L40                     On  |   00000000:E3:00.0 Off |                    0 |
| N/A   29C    P8             24W /  300W |       0MiB /  46068MiB |      0%      Default |
|                                         |                        |                  N/A |
+-----------------------------------------+------------------------+----------------------+
                                                                                         
+-----------------------------------------------------------------------------------------+
| Processes:                                                                              |
|  GPU   GI   CI        PID   Type   Process name                              GPU Memory |
|        ID   ID                                                               Usage      |
|=========================================================================================|
|  No running processes found                                                             |
+-----------------------------------------------------------------------------------------+
Date              = Wed Jun 12 15:03:20 CEST 2024
Hostname          = hpc-node03
Working Directory = /local/292797
Number of nodes used        : 1
Number of MPI tasks         : 1
Number of threads           : 16
Number of MPI tasks per node: 1
Number of threads per core  : 
Name of nodes used          : hpc-node03
Gpu devices                 : 0
Starting worker: 
Xu_fixed:  [[0.         0.77961699]
 [0.         0.18261499]
 [0.42300447 0.        ]
 [0.37513696 0.        ]
 [0.51259359 0.        ]
 [0.54022212 0.        ]
 [0.25327558 0.        ]
 [1.         0.91389189]
 [1.         0.22755481]]
sigma_init_yu: 0.4489360707283098	sigma_init_yf: 16.379164911764676	sigma_init: 12.71152816190001
new_sigma_init_yu: 0.4489360707283098	new_sigma_init_yf: 0.5854010383882087	new_sigma_init: 0.5823651048856883
Xu_noise: [[0.63813923 0.08533001]
 [0.32245991 0.83922714]
 [0.58166595 0.26974294]
 [0.27325251 0.74233308]
 [0.37781627 0.24779121]]
Xu_noise shape: (5, 2)
adam
0.010000
1000
Initial loss: 46.821102388781355
Final loss: 40.09859080707631
start inference
#############################################
z_uncertain_list shape (5, 2)
#############################################
#############################################
z_uncertain_list shape (5, 2)
#############################################
#############################################
z_uncertain_list shape (5, 2)
#############################################

                     mean       std    median      5.0%     95.0%     n_eff     r_hat
z_uncertain0[0]     -7.05      2.93     -7.75    -11.38     -1.11     11.05      1.06
z_uncertain0[1]      6.50      7.16      9.52    -10.06      9.52      6.64      1.20
z_uncertain1[0]      3.19      8.36      6.84    -12.37      7.01     10.80      1.21
z_uncertain1[1]      5.36      4.51      6.08     -2.64     11.47     39.66      1.02
z_uncertain2[0]     -0.00      0.01     -0.00     -0.01      0.01    118.40      1.05
z_uncertain2[1]      0.78      0.01      0.78      0.76      0.80    210.00      1.03
z_uncertain3[0]      4.18      6.61      6.64    -11.70      9.95     17.42      1.15
z_uncertain3[1]      5.29      6.62      6.02     -6.30     15.83     72.63      1.01
z_uncertain4[0]     -7.04      2.93     -7.75    -11.38     -1.12     11.06      1.06
z_uncertain4[1]      6.50      7.16      9.52    -10.06      9.52      6.64      1.20

Number of divergences: 636
{'z_uncertain0': Array([[-4.35134231, -7.2772491 ],
       [-2.36147767, -5.58574342],
       [-2.55422866, -6.01482127],
       ...,
       [-7.75458156,  9.51925564],
       [-7.75458156,  9.51925564],
       [-7.75458156,  9.51925564]], dtype=float64), 'z_uncertain1': Array([[ -4.45325243,  -4.80119117],
       [-12.23122079,  -2.11550876],
       [ -9.3748295 ,  -0.53297722],
       ...,
       [  6.8443378 ,   6.0761462 ],
       [  6.8443378 ,   6.0761462 ],
       [  6.8443378 ,   6.0761462 ]], dtype=float64), 'z_uncertain2': Array([[-4.75783251e-03,  7.69447197e-01],
       [-3.37775297e-04,  7.81032881e-01],
       [ 1.20726593e-02,  7.93197193e-01],
       ...,
       [-2.66247615e-03,  7.76744891e-01],
       [-2.66247615e-03,  7.76744891e-01],
       [-2.66247615e-03,  7.76744891e-01]], dtype=float64), 'z_uncertain3': Array([[-9.87070229, 17.37108931],
       [-2.65830125, 17.09711134],
       [-5.76419974, 18.74379885],
       ...,
       [ 6.63907824,  6.02141344],
       [ 6.63907824,  6.02141344],
       [ 6.63907824,  6.02141344]], dtype=float64), 'z_uncertain4': Array([[-4.36130222, -7.27643648],
       [-2.35698945, -5.58646189],
       [-2.56038402, -6.02278373],
       ...,
       [-7.74892632,  9.51988881],
       [-7.74892632,  9.51988881],
       [-7.74892632,  9.51988881]], dtype=float64)}
Script finished in 5 minutes and 52 seconds.
