hpc-node01
	Adding nVidia Cuda Toolkit 11.8
	Adding nVidia cuDNN 8.6 (.0.163)
	Adding nvtop
Wed Jun 12 11:41:38 2024       
+-----------------------------------------------------------------------------------------+
| NVIDIA-SMI 550.54.15              Driver Version: 550.54.15      CUDA Version: 12.4     |
|-----------------------------------------+------------------------+----------------------+
| GPU  Name                 Persistence-M | Bus-Id          Disp.A | Volatile Uncorr. ECC |
| Fan  Temp   Perf          Pwr:Usage/Cap |           Memory-Usage | GPU-Util  Compute M. |
|                                         |                        |               MIG M. |
|=========================================+========================+======================|
|   0  NVIDIA L40                     On  |   00000000:17:00.0 Off |                    0 |
| N/A   30C    P8             35W /  300W |       0MiB /  46068MiB |      0%      Default |
|                                         |                        |                  N/A |
+-----------------------------------------+------------------------+----------------------+
|   1  NVIDIA L40                     On  |   00000000:65:00.0 Off |                    0 |
| N/A   25C    P8             22W /  300W |       0MiB /  46068MiB |      0%      Default |
|                                         |                        |                  N/A |
+-----------------------------------------+------------------------+----------------------+
|   2  NVIDIA L40                     On  |   00000000:CA:00.0 Off |                    0 |
| N/A   26C    P8             23W /  300W |       0MiB /  46068MiB |      0%      Default |
|                                         |                        |                  N/A |
+-----------------------------------------+------------------------+----------------------+
|   3  NVIDIA L40                     On  |   00000000:E3:00.0 Off |                    0 |
| N/A   27C    P8             23W /  300W |       0MiB /  46068MiB |      0%      Default |
|                                         |                        |                  N/A |
+-----------------------------------------+------------------------+----------------------+
                                                                                         
+-----------------------------------------------------------------------------------------+
| Processes:                                                                              |
|  GPU   GI   CI        PID   Type   Process name                              GPU Memory |
|        ID   ID                                                               Usage      |
|=========================================================================================|
|  No running processes found                                                             |
+-----------------------------------------------------------------------------------------+
Date              = Wed Jun 12 11:41:39 CEST 2024
Hostname          = hpc-node01
Working Directory = /local/292720
Number of nodes used        : 1
Number of MPI tasks         : 1
Number of threads           : 16
Number of MPI tasks per node: 1
Number of threads per core  : 
Name of nodes used          : hpc-node01
Gpu devices                 : 0
Starting worker: 
Xu_fixed:  [[0.         0.77961699]
 [0.         0.18261499]
 [0.42300447 0.        ]
 [0.37513696 0.        ]
 [0.51259359 0.        ]
 [0.54022212 0.        ]
 [0.25327558 0.        ]
 [1.         0.91389189]
 [1.         0.22755481]]
sigma_init_yu: 0.4489360707283098	sigma_init_yf: 16.379164911764676	sigma_init: 12.71152816190001
new_sigma_init_yu: 0.4489360707283098	new_sigma_init_yf: 0.5854312377523685	new_sigma_init: 0.582378293999085
Xu_noise: [[0.62661459 0.07416888]
 [0.32816845 0.84033023]
 [0.584992   0.26830925]
 [0.26637871 0.75008966]
 [0.38819762 0.25122647]]
Xu_noise shape: (5, 2)
Initial loss: 139.28263863133589
Final loss: 51.278619014240704
start inference

                     mean       std    median      5.0%     95.0%     n_eff     r_hat
z_uncertain0[0]      0.38      0.00      0.38      0.38      0.38      2.59      2.32
z_uncertain0[1]      1.00      0.00      1.00      1.00      1.00      7.99      1.09
z_uncertain1[0]      0.94      0.00      0.94      0.94      0.94     11.21      1.07
z_uncertain1[1]      0.51      0.00      0.51      0.51      0.51      6.36      1.03
z_uncertain2[0]      0.50      0.00      0.50      0.50      0.50      5.99      1.14
z_uncertain2[1]     -1.75      0.00     -1.75     -1.75     -1.75      4.24      1.00
z_uncertain3[0]      0.50      0.00      0.50      0.50      0.50      6.11      1.35
z_uncertain3[1]     -1.75      0.00     -1.75     -1.75     -1.75     12.48      1.01
z_uncertain4[0]     -1.24      0.00     -1.24     -1.24     -1.24      2.70      2.38
z_uncertain4[1]      0.50      0.00      0.50      0.50      0.50      4.58      1.60

Number of divergences: 0
{'z_uncertain0': Array([[0.37634581, 1.00014533],
       [0.37634581, 1.00014533],
       [0.37634581, 1.00014533],
       ...,
       [0.37634581, 1.00014533],
       [0.37634581, 1.00014533],
       [0.37634581, 1.00014533]], dtype=float64), 'z_uncertain1': Array([[0.93815565, 0.51058393],
       [0.93815565, 0.51058393],
       [0.93815565, 0.51058393],
       ...,
       [0.93815565, 0.51058394],
       [0.93815565, 0.51058394],
       [0.93815565, 0.51058394]], dtype=float64), 'z_uncertain2': Array([[ 0.5047422 , -1.75015738],
       [ 0.5047422 , -1.75015738],
       [ 0.5047422 , -1.75015738],
       ...,
       [ 0.5047422 , -1.75015738],
       [ 0.5047422 , -1.75015738],
       [ 0.5047422 , -1.75015738]], dtype=float64), 'z_uncertain3': Array([[ 0.5047422 , -1.75015738],
       [ 0.5047422 , -1.75015738],
       [ 0.5047422 , -1.75015738],
       ...,
       [ 0.5047422 , -1.75015738],
       [ 0.5047422 , -1.75015738],
       [ 0.5047422 , -1.75015738]], dtype=float64), 'z_uncertain4': Array([[-1.24455182,  0.49610644],
       [-1.24455182,  0.49610644],
       [-1.24455182,  0.49610644],
       ...,
       [-1.24455182,  0.49610644],
       [-1.24455182,  0.49610644],
       [-1.24455182,  0.49610644]], dtype=float64)}
0:_z_uncertain_mean=[0.37634581 1.00014533]
1:_z_uncertain_mean=[0.93815565 0.51058393]
2:_z_uncertain_mean=[ 0.5047422  -1.75015738]
3:_z_uncertain_mean=[ 0.5047422  -1.75015738]
4:_z_uncertain_mean=[-1.24455182  0.49610644]
Script finished in 31 minutes and 24 seconds.
