hpc-node01
	Adding nVidia Cuda Toolkit 11.8
	Adding nVidia cuDNN 8.6 (.0.163)
	Adding nvtop
Wed Jun 12 14:39:39 2024       
+-----------------------------------------------------------------------------------------+
| NVIDIA-SMI 550.54.15              Driver Version: 550.54.15      CUDA Version: 12.4     |
|-----------------------------------------+------------------------+----------------------+
| GPU  Name                 Persistence-M | Bus-Id          Disp.A | Volatile Uncorr. ECC |
| Fan  Temp   Perf          Pwr:Usage/Cap |           Memory-Usage | GPU-Util  Compute M. |
|                                         |                        |               MIG M. |
|=========================================+========================+======================|
|   0  NVIDIA L40                     On  |   00000000:17:00.0 Off |                    0 |
| N/A   43C    P0             81W /  300W |    2532MiB /  46068MiB |      0%      Default |
|                                         |                        |                  N/A |
+-----------------------------------------+------------------------+----------------------+
|   1  NVIDIA L40                     On  |   00000000:65:00.0 Off |                    0 |
| N/A   44C    P0             89W /  300W |     692MiB /  46068MiB |     84%      Default |
|                                         |                        |                  N/A |
+-----------------------------------------+------------------------+----------------------+
|   2  NVIDIA L40                     On  |   00000000:CA:00.0 Off |                    0 |
| N/A   34C    P8             35W /  300W |       3MiB /  46068MiB |      0%      Default |
|                                         |                        |                  N/A |
+-----------------------------------------+------------------------+----------------------+
|   3  NVIDIA L40                     On  |   00000000:E3:00.0 Off |                    0 |
| N/A   31C    P8             35W /  300W |       3MiB /  46068MiB |      0%      Default |
|                                         |                        |                  N/A |
+-----------------------------------------+------------------------+----------------------+
                                                                                         
+-----------------------------------------------------------------------------------------+
| Processes:                                                                              |
|  GPU   GI   CI        PID   Type   Process name                              GPU Memory |
|        ID   ID                                                               Usage      |
|=========================================================================================|
|    0   N/A  N/A     56071      C   .../miniforge3/envs/dwsnets/bin/python       2524MiB |
|    1   N/A  N/A     66867      C   python                                        684MiB |
+-----------------------------------------------------------------------------------------+
Date              = Wed Jun 12 14:39:40 CEST 2024
Hostname          = hpc-node01
Working Directory = /local/292783
Number of nodes used        : 1
Number of MPI tasks         : 1
Number of threads           : 16
Number of MPI tasks per node: 1
Number of threads per core  : 
Name of nodes used          : hpc-node01
Gpu devices                 : 2
Starting worker: 
Xu_fixed:  [[0.         0.77961699]
 [0.         0.18261499]
 [0.42300447 0.        ]
 [0.37513696 0.        ]
 [0.51259359 0.        ]
 [0.54022212 0.        ]
 [0.25327558 0.        ]
 [1.         0.91389189]
 [1.         0.22755481]]
sigma_init_yu: 0.4489360707283098	sigma_init_yf: 16.379164911764676	sigma_init: 12.71152816190001
new_sigma_init_yu: 0.4489360707283098	new_sigma_init_yf: 0.5854312377523685	new_sigma_init: 0.582378293999085
Xu_noise: [[0.62661459 0.07416888]
 [0.32816845 0.84033023]
 [0.584992   0.26830925]
 [0.26637871 0.75008966]
 [0.38819762 0.25122647]]
Xu_noise shape: (5, 2)
Epoch 1 Loss: 135.51670098754443
Epoch 2 Loss: 131.8834901463076
Epoch 3 Loss: 128.37891976308038
Epoch 4 Loss: 124.99902537544965
Epoch 5 Loss: 121.73996594117378
Epoch 6 Loss: 118.59801675102257
Epoch 7 Loss: 115.56956832828482
Epoch 8 Loss: 112.65112041101376
Epoch 9 Loss: 109.83928157346884
Epoch 10 Loss: 107.13076325688154
Epoch 11 Loss: 104.52237763392499
Epoch 12 Loss: 102.01103494325329
Epoch 13 Loss: 99.5937394493399
Epoch 14 Loss: 97.26758802601788
Epoch 15 Loss: 95.02976565875457
Epoch 16 Loss: 92.87754337740526
Epoch 17 Loss: 90.80827690584785
Epoch 18 Loss: 88.81940134567678
Epoch 19 Loss: 86.90843163251348
Epoch 20 Loss: 85.07295790103338
Epoch 21 Loss: 83.31064416046873
Epoch 22 Loss: 81.61922618894332
Epoch 23 Loss: 79.99650868532885
Epoch 24 Loss: 78.44036324744063
Epoch 25 Loss: 76.94872714817431
Epoch 26 Loss: 75.51960015664201
Epoch 27 Loss: 74.1510434213375
Epoch 28 Loss: 72.84117700265813
Epoch 29 Loss: 71.58817881294117
Epoch 30 Loss: 70.39028190050638
Epoch 31 Loss: 69.2457734439647
Epoch 32 Loss: 68.15299291667122
Epoch 33 Loss: 67.11033014524074
Epoch 34 Loss: 66.11622433943835
Epoch 35 Loss: 65.16916187873797
Epoch 36 Loss: 64.26767548809529
Epoch 37 Loss: 63.41034237417395
Epoch 38 Loss: 62.595783014261045
Epoch 39 Loss: 61.822659741080614
Epoch 40 Loss: 61.08967551984033
Epoch 41 Loss: 60.395572607310996
Epoch 42 Loss: 59.73913134927538
Epoch 43 Loss: 59.11916901025455
Epoch 44 Loss: 58.534538564509546
Epoch 45 Loss: 57.98412767815841
Epoch 46 Loss: 57.4668574890228
Epoch 47 Loss: 56.981681629240484
Epoch 48 Loss: 56.52758522983851
Epoch 49 Loss: 56.103583876223084
Epoch 50 Loss: 55.708722698174796
Epoch 51 Loss: 55.342075352927374
Epoch 52 Loss: 55.002743246161934
Epoch 53 Loss: 54.68985459200702
Epoch 54 Loss: 54.4025635765479
Epoch 55 Loss: 54.14004952760396
Epoch 56 Loss: 53.90151621294256
Epoch 57 Loss: 53.686190940023664
Epoch 58 Loss: 53.493323942428006
Epoch 59 Loss: 53.322187604902865
Epoch 60 Loss: 53.17207580263556
Epoch 61 Loss: 53.04230321384749
Epoch 62 Loss: 52.93220471247689
Epoch 63 Loss: 52.84113474164711
Epoch 64 Loss: 52.76846669473916
Epoch 65 Loss: 52.713373295019565
Epoch 66 Loss: 52.67455502745992
Epoch 67 Loss: 52.65081204035222
Epoch 68 Loss: 52.641109859875186
Epoch 69 Loss: 52.64455113702976
Epoch 70 Loss: 52.65632169876213
Epoch 71 Loss: 52.670355928036926
Epoch 72 Loss: 52.6828628551509
Epoch 73 Loss: 52.69167121808699
Epoch 74 Loss: 52.695759659150454
Epoch 75 Loss: 52.69491820221374
Epoch 76 Loss: 52.6895035549488
Epoch 77 Loss: 52.680261923206686
Epoch 78 Loss: 52.66820068019358
Epoch 79 Loss: 52.65449564246329
Epoch 80 Loss: 52.64042433306244
Epoch 81 Loss: 52.627318345859806
Epoch 82 Loss: 52.61652972335184
Epoch 83 Loss: 52.609407698895325
Epoch 84 Loss: 52.60649633161583
Epoch 85 Loss: 52.60600985661529
Epoch 86 Loss: 52.60564203042538
Epoch 87 Loss: 52.6040405343179
Epoch 88 Loss: 52.600580857724324
Epoch 89 Loss: 52.59517853555238
Epoch 90 Loss: 52.588136014049255
Epoch 91 Loss: 52.58001989882331
Epoch 92 Loss: 52.57156431167111
Epoch 93 Loss: 52.56359624645525
Epoch 94 Loss: 52.55697915368853
Epoch 95 Loss: 52.55241411093887
Epoch 96 Loss: 52.54898147873934
Epoch 97 Loss: 52.54524326356581
Epoch 98 Loss: 52.5405766673982
Epoch 99 Loss: 52.53499654707049
Epoch 100 Loss: 52.52896536655268
Epoch 101 Loss: 52.52325474938788
Epoch 102 Loss: 52.518764939479475
Epoch 103 Loss: 52.515052213754274
Epoch 104 Loss: 52.51113021937181
Epoch 105 Loss: 52.50661466487135
Epoch 106 Loss: 52.501561051220136
Epoch 107 Loss: 52.49633354229721
Epoch 108 Loss: 52.49150083476786
Epoch 109 Loss: 52.487472530783776
Epoch 110 Loss: 52.48354633737853
Epoch 111 Loss: 52.47922934396415
Epoch 112 Loss: 52.474626822847355
Epoch 113 Loss: 52.470255402888014
Epoch 114 Loss: 52.46625355838755
Epoch 115 Loss: 52.462225073523086
Epoch 116 Loss: 52.45792624246616
Epoch 117 Loss: 52.45335819346325
Epoch 118 Loss: 52.44866860522627
Epoch 119 Loss: 52.44396400479013
Epoch 120 Loss: 52.439262013587175
Epoch 121 Loss: 52.43448064851961
Epoch 122 Loss: 52.429409769824225
Epoch 123 Loss: 52.424124475417344
Epoch 124 Loss: 52.41873193324224
Epoch 125 Loss: 52.413124604011955
Epoch 126 Loss: 52.40721437628186
Epoch 127 Loss: 52.40095873606175
Epoch 128 Loss: 52.3943509737454
Epoch 129 Loss: 52.387412467542134
Epoch 130 Loss: 52.380186574936495
Epoch 131 Loss: 52.37273376489128
Epoch 132 Loss: 52.36512638416309
Epoch 133 Loss: 52.35734353900274
Epoch 134 Loss: 52.34931447924577
Epoch 135 Loss: 52.34110146689476
Epoch 136 Loss: 52.3327316900251
Epoch 137 Loss: 52.324127509242146
Epoch 138 Loss: 52.31526243597547
Epoch 139 Loss: 52.30615717039257
Epoch 140 Loss: 52.296868226244015
Epoch 141 Loss: 52.287462217543066
Epoch 142 Loss: 52.27790132440512
Epoch 143 Loss: 52.2681853259199
Epoch 144 Loss: 52.258351925343575
Epoch 145 Loss: 52.248357969038935
Epoch 146 Loss: 52.23816450640386
Epoch 147 Loss: 52.22779931166428
Epoch 148 Loss: 52.217324547426784
Epoch 149 Loss: 52.20673148303096
Epoch 150 Loss: 52.19601027178181
Epoch 151 Loss: 52.18517905229763
Epoch 152 Loss: 52.174211386991914
Epoch 153 Loss: 52.163073983319784
Epoch 154 Loss: 52.15179566217799
Epoch 155 Loss: 52.14040726407514
Epoch 156 Loss: 52.12889952625397
Epoch 157 Loss: 52.11727236324984
Epoch 158 Loss: 52.10552605305667
Epoch 159 Loss: 52.09363320483517
Epoch 160 Loss: 52.081588918468505
Epoch 161 Loss: 52.069419287372135
Epoch 162 Loss: 52.05713064265999
Epoch 163 Loss: 52.04471838601019
Epoch 164 Loss: 52.032184565571434
Epoch 165 Loss: 52.01951521360131
Epoch 166 Loss: 52.006700490810516
Epoch 167 Loss: 51.99375673888663
Epoch 168 Loss: 51.98069476167906
Epoch 169 Loss: 51.96751388226525
Epoch 170 Loss: 51.95421634158485
Epoch 171 Loss: 51.94079503234201
Epoch 172 Loss: 51.927245793231485
Epoch 173 Loss: 51.913582672977896
Epoch 174 Loss: 51.89981616860439
Epoch 175 Loss: 51.88594975896909
Epoch 176 Loss: 51.871987147580626
Epoch 177 Loss: 51.85792567869723
Epoch 178 Loss: 51.843769704039715
Epoch 179 Loss: 51.829534206056735
Epoch 180 Loss: 51.81522886449709
Epoch 181 Loss: 51.80086071231537
Epoch 182 Loss: 51.78643442077458
Epoch 183 Loss: 51.77195322424906
Epoch 184 Loss: 51.757429908209545
Epoch 185 Loss: 51.742878894581494
Epoch 186 Loss: 51.728310407568756
Epoch 187 Loss: 51.71373340891667
Epoch 188 Loss: 51.699154396740084
Epoch 189 Loss: 51.68458541443462
Epoch 190 Loss: 51.670042653966235
Epoch 191 Loss: 51.65553919894715
Epoch 192 Loss: 51.641086622088906
Epoch 193 Loss: 51.62669458338376
Epoch 194 Loss: 51.61237637383601
Epoch 195 Loss: 51.5981490408295
Epoch 196 Loss: 51.584027477393846
Epoch 197 Loss: 51.57002503743966
Epoch 198 Loss: 51.5561537809232
Epoch 199 Loss: 51.542429005094036
Epoch 200 Loss: 51.528868396116465
Epoch 201 Loss: 51.51548786394022
Epoch 202 Loss: 51.50230191731536
Epoch 203 Loss: 51.48932468021688
Epoch 204 Loss: 51.476573454532996
Epoch 205 Loss: 51.464066230411404
Epoch 206 Loss: 51.45181948487104
Epoch 207 Loss: 51.43984854477432
Epoch 208 Loss: 51.428169743709645
Epoch 209 Loss: 51.41680173972733
Epoch 210 Loss: 51.40576250450053
Epoch 211 Loss: 51.39506881117537
Epoch 212 Loss: 51.38473714350446
Epoch 213 Loss: 51.37478598238313
Epoch 214 Loss: 51.36523429556358
Epoch 215 Loss: 51.356099977430986
Epoch 216 Loss: 51.34740024517952
Epoch 217 Loss: 51.339153519179625
Epoch 218 Loss: 51.331379304877814
Epoch 219 Loss: 51.32409635289136
Epoch 220 Loss: 51.31732267275319
Epoch 221 Loss: 51.31107695512243
Epoch 222 Loss: 51.30537906598319
Epoch 223 Loss: 51.30024841369511
Epoch 224 Loss: 51.29570372257999
Epoch 225 Loss: 51.29176417428951
Epoch 226 Loss: 51.28845001116329
Epoch 227 Loss: 51.28578117778776
Epoch 228 Loss: 51.283783915617875
Epoch 229 Loss: 51.282454725634665
Epoch 230 Loss: 51.28172457169467
Epoch 231 Loss: 51.28148321934395
Epoch 232 Loss: 51.281572967421596
Epoch 233 Loss: 51.28182714672211
Epoch 234 Loss: 51.282124456995604
Epoch 235 Loss: 51.28237823094112
Epoch 236 Loss: 51.282529343595705
Epoch 237 Loss: 51.28254285725926
Epoch 238 Loss: 51.28240588889335
Epoch 239 Loss: 51.28212584212402
Epoch 240 Loss: 51.28172369857266
Epoch 241 Loss: 51.28123039252526
Epoch 242 Loss: 51.280685082101044
Epoch 243 Loss: 51.28013200242396
Epoch 244 Loss: 51.279615582132834
Epoch 245 Loss: 51.279189300616224
Epoch 246 Loss: 51.27888842384608
Epoch 247 Loss: 51.27872324236313
Epoch 248 Loss: 51.27868298568163
Epoch 249 Loss: 51.27874073554085
Epoch 250 Loss: 51.27886130441695
Epoch 251 Loss: 51.279007323976394
Epoch 252 Loss: 51.27914565678833
Epoch 253 Loss: 51.279251002161466
Epoch 254 Loss: 51.279308255870276
Epoch 255 Loss: 51.279312526212266
Epoch 256 Loss: 51.27926790499508
Epoch 257 Loss: 51.2791852035282
Epoch 258 Loss: 51.27907902364257
Epoch 259 Loss: 51.2789651249706
Epoch 260 Loss: 51.27885772718969
Epoch 261 Loss: 51.27876792447071
Epoch 262 Loss: 51.278702382858704
Epoch 263 Loss: 51.27866328791255
Epoch 264 Loss: 51.27864863179783
Epoch 265 Loss: 51.27865334695194
Epoch 266 Loss: 51.278670533164515
Epoch 267 Loss: 51.278692870219885
Epoch 268 Loss: 51.27871384773414
Epoch 269 Loss: 51.2787285946984
Epoch 270 Loss: 51.27873441037583
Epoch 271 Loss: 51.278730710137424
Epoch 272 Loss: 51.278718779645445
Epoch 273 Loss: 51.2787011349064
Epoch 274 Loss: 51.278680908225965
Epoch 275 Loss: 51.27866117046242
Epoch 276 Loss: 51.27864443622219
Epoch 277 Loss: 51.278632347058604
Epoch 278 Loss: 51.27862553402795
Epoch 279 Loss: 51.278623720368316
Epoch 280 Loss: 51.27862589483507
Epoch 281 Loss: 51.27863063175572
Epoch 282 Loss: 51.278636368416706
Epoch 283 Loss: 51.27864169245119
Epoch 284 Loss: 51.27864553147396
Epoch 285 Loss: 51.27864725968203
Epoch 286 Loss: 51.27864672322741
Epoch 287 Loss: 51.27864416730243
Epoch 288 Loss: 51.278640138690406
Epoch 289 Loss: 51.27863533045462
Epoch 290 Loss: 51.278630455336824
Epoch 291 Loss: 51.27862612102908
Epoch 292 Loss: 51.278622753220375
Epoch 293 Loss: 51.27862056054954
Epoch 294 Loss: 51.27861953660825
Epoch 295 Loss: 51.27861950259798
Epoch 296 Loss: 51.278620164019564
Epoch 297 Loss: 51.2786211815883
Epoch 298 Loss: 51.27862223381504
Epoch 299 Loss: 51.27862306453814
Epoch 300 Loss: 51.278623514785124
Epoch 301 Loss: 51.278623526483884
Epoch 302 Loss: 51.27862313675201
Epoch 303 Loss: 51.27862244818944
Epoch 304 Loss: 51.278621601364776
Epoch 305 Loss: 51.27862074188512
Epoch 306 Loss: 51.27861999302781
Epoch 307 Loss: 51.2786194394398
Epoch 308 Loss: 51.278619118608574
Epoch 309 Loss: 51.27861902272784
Epoch 310 Loss: 51.27861910751069
Epoch 311 Loss: 51.27861930728844
Epoch 312 Loss: 51.278619549929665
Epoch 313 Loss: 51.27861976918537
Epoch 314 Loss: 51.27861991605345
Epoch 315 Loss: 51.27861996310601
Epoch 316 Loss: 51.278619906589924
Epoch 317 Loss: 51.278619761911884
Epoch 318 Loss: 51.27861955773106
Epoch 319 Loss: 51.2786193289478
Epoch 320 Loss: 51.2786191086639
Epoch 321 Loss: 51.2786189243203
Epoch 322 Loss: 51.2786187928498
Epoch 323 Loss: 51.27861871945893
Epoch 324 Loss: 51.27861870046855
Epoch 325 Loss: 51.278618722856606
Epoch 326 Loss: 51.27861877058851
Epoch 327 Loss: 51.278618826723765
Epoch 328 Loss: 51.27861887606467
Epoch 329 Loss: 51.2786189087603
Epoch 330 Loss: 51.278618919692455
Epoch 331 Loss: 51.278618909017254
Epoch 332 Loss: 51.27861888072469
Epoch 333 Loss: 51.27861884220291
Epoch 334 Loss: 51.278618799640924
Epoch 335 Loss: 51.278618761446566
Epoch 336 Loss: 51.27861873185992
Epoch 337 Loss: 51.27861871322946
Epoch 338 Loss: 51.278618706069835
Epoch 339 Loss: 51.278618708210836
Epoch 340 Loss: 51.278618716702596
Epoch 341 Loss: 51.27861872765848
Epoch 342 Loss: 51.27861873773293
Epoch 343 Loss: 51.27861874455459
Epoch 344 Loss: 51.2786187462563
Epoch 345 Loss: 51.27861874303892
Epoch 346 Loss: 51.27861873560468
Epoch 347 Loss: 51.278618725193866
Epoch 348 Loss: 51.278618713887894
Epoch 349 Loss: 51.27861870366388
Epoch 350 Loss: 51.27861869517189
Epoch 351 Loss: 51.27861868957811
Epoch 352 Loss: 51.27861868713606
Epoch 353 Loss: 51.2786186872095
Epoch 354 Loss: 51.27861868914343
Epoch 355 Loss: 51.27861869212807
Epoch 356 Loss: 51.27861869561629
Epoch 357 Loss: 51.27861869768303
Epoch 358 Loss: 51.27861869887714
Epoch 359 Loss: 51.27861869915856
Epoch 360 Loss: 51.27861869809826
Epoch 361 Loss: 51.27861869651415
Epoch 362 Loss: 51.27861869415307
Epoch 363 Loss: 51.278618692070935
Epoch 364 Loss: 51.278618690224384
Epoch 365 Loss: 51.27861868893202
Epoch 366 Loss: 51.278618688176046
Epoch 367 Loss: 51.278618688123785
Epoch 368 Loss: 51.278618688391205
Epoch 369 Loss: 51.27861868878862
Epoch 370 Loss: 51.27861868917695
Epoch 371 Loss: 51.2786186898788
Epoch 372 Loss: 51.278618690068036
Epoch 373 Loss: 51.27861869009577
Epoch 374 Loss: 51.27861868953387
Epoch 375 Loss: 51.27861868903254
Epoch 376 Loss: 51.278618688428026
Epoch 377 Loss: 51.27861868797744
Epoch 378 Loss: 51.278618687275454
Epoch 379 Loss: 51.278618686787354
Epoch 380 Loss: 51.27861868682439
Epoch 381 Loss: 51.27861868681215
Epoch 382 Loss: 51.27861868691073
Epoch 383 Loss: 51.27861868717099
Epoch 384 Loss: 51.27861868722886
Epoch 385 Loss: 51.27861868728505
Epoch 386 Loss: 51.27861868742793
Epoch 387 Loss: 51.278618687440556
Epoch 388 Loss: 51.278618687353855
Epoch 389 Loss: 51.27861868695868
Epoch 390 Loss: 51.278618687186466
Epoch 391 Loss: 51.27861868687678
Epoch 392 Loss: 51.278618687015324
Epoch 393 Loss: 51.27861868712678
Epoch 394 Loss: 51.278618686816856
Epoch 395 Loss: 51.27861868683101
Epoch 396 Loss: 51.27861868682578
Epoch 397 Loss: 51.278618686628235
Epoch 398 Loss: 51.27861868682759
Epoch 399 Loss: 51.27861868693529
Epoch 400 Loss: 51.27861868695699
Epoch 401 Loss: 51.27861868703663
Epoch 402 Loss: 51.278618686853626
Epoch 403 Loss: 51.27861868671619
Epoch 404 Loss: 51.278618686988764
Epoch 405 Loss: 51.27861868698854
Epoch 406 Loss: 51.27861868663699
Epoch 407 Loss: 51.278618686761845
Epoch 408 Loss: 51.27861868686087
Epoch 409 Loss: 51.27861868695909
Epoch 410 Loss: 51.27861868666013
Epoch 411 Loss: 51.278618686936056
Epoch 412 Loss: 51.278618686838904
Epoch 413 Loss: 51.27861868693222
Epoch 414 Loss: 51.27861868684488
Epoch 415 Loss: 51.27861868663216
Epoch 416 Loss: 51.278618686822156
Epoch 417 Loss: 51.2786186867052
Epoch 418 Loss: 51.27861868676918
Epoch 419 Loss: 51.27861868667232
Epoch 420 Loss: 51.27861868669051
Epoch 421 Loss: 51.27861868673661
Epoch 422 Loss: 51.27861868684615
Epoch 423 Loss: 51.278618686829915
Epoch 424 Loss: 51.278618686887214
Epoch 425 Loss: 51.27861868678097
Epoch 426 Loss: 51.27861868672953
Epoch 427 Loss: 51.27861868663682
Epoch 428 Loss: 51.27861868668011
Epoch 429 Loss: 51.27861868668802
Epoch 430 Loss: 51.278618686667826
Epoch 431 Loss: 51.278618686793976
Epoch 432 Loss: 51.27861868675045
Epoch 433 Loss: 51.27861868678926
Epoch 434 Loss: 51.278618686568215
Epoch 435 Loss: 51.27861868673681
Epoch 436 Loss: 51.27861868664323
Epoch 437 Loss: 51.27861868667812
Epoch 438 Loss: 51.27861868686915
Epoch 439 Loss: 51.2786186869353
Epoch 440 Loss: 51.278618686928624
Epoch 441 Loss: 51.278618686914065
Epoch 442 Loss: 51.27861868676355
Epoch 443 Loss: 51.278618686932276
Epoch 444 Loss: 51.27861868681096
Epoch 445 Loss: 51.27861868671971
Epoch 446 Loss: 51.278618686787645
Epoch 447 Loss: 51.27861868670425
Epoch 448 Loss: 51.27861868682364
Epoch 449 Loss: 51.27861868688886
Epoch 450 Loss: 51.2786186866679
Epoch 451 Loss: 51.278618686877934
Epoch 452 Loss: 51.27861868682663
Epoch 453 Loss: 51.27861868660962
Epoch 454 Loss: 51.278618686858
Epoch 455 Loss: 51.278618686792996
Epoch 456 Loss: 51.27861868684585
Epoch 457 Loss: 51.27861868700725
Epoch 458 Loss: 51.27861868681814
Epoch 459 Loss: 51.27861868685059
Epoch 460 Loss: 51.278618686573
Epoch 461 Loss: 51.27861868685892
Epoch 462 Loss: 51.278618686822504
Epoch 463 Loss: 51.27861868659629
Epoch 464 Loss: 51.2786186867467
Epoch 465 Loss: 51.27861868682986
Epoch 466 Loss: 51.278618686771736
Epoch 467 Loss: 51.27861868691228
Epoch 468 Loss: 51.2786186869679
Epoch 469 Loss: 51.27861868678013
Epoch 470 Loss: 51.27861868679793
Epoch 471 Loss: 51.278618686998925
Epoch 472 Loss: 51.27861868672724
Epoch 473 Loss: 51.278618686985
Epoch 474 Loss: 51.2786186868111
Epoch 475 Loss: 51.27861868675825
Epoch 476 Loss: 51.27861868683222
Epoch 477 Loss: 51.27861868690756
Epoch 478 Loss: 51.27861868658911
Epoch 479 Loss: 51.27861868703811
Epoch 480 Loss: 51.27861868687276
Epoch 481 Loss: 51.278618686827656
Epoch 482 Loss: 51.27861868668997
Epoch 483 Loss: 51.27861868683016
Epoch 484 Loss: 51.27861868683847
Epoch 485 Loss: 51.27861868685835
Epoch 486 Loss: 51.27861868668424
Epoch 487 Loss: 51.278618686591045
Epoch 488 Loss: 51.27861868673986
Epoch 489 Loss: 51.278618686712434
Epoch 490 Loss: 51.278618686637884
Epoch 491 Loss: 51.27861868663598
Epoch 492 Loss: 51.27861868686347
Epoch 493 Loss: 51.278618686942885
Epoch 494 Loss: 51.2786186867818
Epoch 495 Loss: 51.27861868683141
Epoch 496 Loss: 51.27861868663584
Epoch 497 Loss: 51.27861868685282
Epoch 498 Loss: 51.27861868658012
Epoch 499 Loss: 51.27861868667149
Epoch 500 Loss: 51.27861868666135
Epoch 501 Loss: 51.278618686693775
Epoch 502 Loss: 51.27861868668256
Epoch 503 Loss: 51.278618686637074
Epoch 504 Loss: 51.27861868692855
Epoch 505 Loss: 51.278618686696376
Epoch 506 Loss: 51.278618686586526
Epoch 507 Loss: 51.278618686746526
Epoch 508 Loss: 51.27861868683637
Epoch 509 Loss: 51.2786186867467
Epoch 510 Loss: 51.278618686956044
Epoch 511 Loss: 51.278618686680986
Epoch 512 Loss: 51.27861868681623
Epoch 513 Loss: 51.278618686717664
Epoch 514 Loss: 51.27861868660483
Epoch 515 Loss: 51.27861868698763
Epoch 516 Loss: 51.27861868654411
Epoch 517 Loss: 51.27861868673029
Epoch 518 Loss: 51.27861868687238
Epoch 519 Loss: 51.278618686584736
Epoch 520 Loss: 51.27861868659773
Epoch 521 Loss: 51.278618686699325
Epoch 522 Loss: 51.278618686544576
Epoch 523 Loss: 51.27861868665029
Epoch 524 Loss: 51.27861868685045
Epoch 525 Loss: 51.2786186870202
Epoch 526 Loss: 51.278618686641465
Epoch 527 Loss: 51.278618686900415
Epoch 528 Loss: 51.2786186870176
Epoch 529 Loss: 51.27861868681353
Epoch 530 Loss: 51.278618686781066
Epoch 531 Loss: 51.27861868681336
Epoch 532 Loss: 51.278618686708924
Epoch 533 Loss: 51.27861868685608
Epoch 534 Loss: 51.27861868669172
Epoch 535 Loss: 51.278618686695026
Epoch 536 Loss: 51.27861868678809
Epoch 537 Loss: 51.278618686742206
Epoch 538 Loss: 51.278618686894106
Epoch 539 Loss: 51.278618686813196
Epoch 540 Loss: 51.278618686970646
Epoch 541 Loss: 51.278618686844695
Epoch 542 Loss: 51.27861868698592
Epoch 543 Loss: 51.27861868676361
Epoch 544 Loss: 51.27861868695972
Epoch 545 Loss: 51.278618686772404
Epoch 546 Loss: 51.278618686877635
Epoch 547 Loss: 51.278618686926514
Epoch 548 Loss: 51.278618686902654
Epoch 549 Loss: 51.27861868699236
Epoch 550 Loss: 51.27861868673044
Epoch 551 Loss: 51.27861868665114
Epoch 552 Loss: 51.27861868697579
Epoch 553 Loss: 51.27861868694001
Epoch 554 Loss: 51.27861868672578
Epoch 555 Loss: 51.2786186866296
Epoch 556 Loss: 51.278618686579165
Epoch 557 Loss: 51.27861868680621
Epoch 558 Loss: 51.27861868664519
Epoch 559 Loss: 51.27861868678167
Epoch 560 Loss: 51.27861868646889
Epoch 561 Loss: 51.27861868667308
Epoch 562 Loss: 51.27861868672282
Epoch 563 Loss: 51.278618686665084
Epoch 564 Loss: 51.27861868690801
Epoch 565 Loss: 51.27861868669745
Epoch 566 Loss: 51.2786186868319
Epoch 567 Loss: 51.27861868667826
Epoch 568 Loss: 51.278618686640314
Epoch 569 Loss: 51.27861868667058
Epoch 570 Loss: 51.27861868662252
Epoch 571 Loss: 51.27861868700472
Epoch 572 Loss: 51.27861868680213
Epoch 573 Loss: 51.27861868685649
Epoch 574 Loss: 51.278618686932475
Epoch 575 Loss: 51.27861868667323
Epoch 576 Loss: 51.27861868685834
Epoch 577 Loss: 51.2786186867884
Epoch 578 Loss: 51.27861868701534
Epoch 579 Loss: 51.27861868694889
Epoch 580 Loss: 51.27861868664765
Epoch 581 Loss: 51.27861868688831
Epoch 582 Loss: 51.2786186869246
Epoch 583 Loss: 51.27861868666116
Epoch 584 Loss: 51.27861868667923
Epoch 585 Loss: 51.27861868674559
Epoch 586 Loss: 51.278618686637856
Epoch 587 Loss: 51.278618686730695
Epoch 588 Loss: 51.27861868684306
Epoch 589 Loss: 51.27861868683758
Epoch 590 Loss: 51.27861868697731
Epoch 591 Loss: 51.27861868679514
Epoch 592 Loss: 51.278618686750676
Epoch 593 Loss: 51.27861868693263
Epoch 594 Loss: 51.27861868679595
Epoch 595 Loss: 51.278618686822114
Epoch 596 Loss: 51.27861868678666
Epoch 597 Loss: 51.27861868676875
Epoch 598 Loss: 51.27861868671609
Epoch 599 Loss: 51.278618686871425
Epoch 600 Loss: 51.27861868698716
Epoch 601 Loss: 51.27861868682744
Epoch 602 Loss: 51.278618686923664
Epoch 603 Loss: 51.278618686713415
Epoch 604 Loss: 51.2786186869605
Epoch 605 Loss: 51.27861868683523
Epoch 606 Loss: 51.27861868674725
Epoch 607 Loss: 51.27861868671139
Epoch 608 Loss: 51.27861868672827
Epoch 609 Loss: 51.27861868699159
Epoch 610 Loss: 51.27861868658175
Epoch 611 Loss: 51.27861868657514
Epoch 612 Loss: 51.27861868686528
Epoch 613 Loss: 51.278618686954815
Epoch 614 Loss: 51.27861868691831
Epoch 615 Loss: 51.27861868677924
Epoch 616 Loss: 51.27861868669024
Epoch 617 Loss: 51.278618686874836
Epoch 618 Loss: 51.278618686784654
Epoch 619 Loss: 51.27861868683708
Epoch 620 Loss: 51.27861868661924
Epoch 621 Loss: 51.278618687058525
Epoch 622 Loss: 51.27861868682761
Epoch 623 Loss: 51.27861868667161
Epoch 624 Loss: 51.2786186865503
Epoch 625 Loss: 51.278618686788015
Epoch 626 Loss: 51.278618686947596
Epoch 627 Loss: 51.278618686791106
Epoch 628 Loss: 51.27861868686088
Epoch 629 Loss: 51.278618686758065
Epoch 630 Loss: 51.2786186867026
Epoch 631 Loss: 51.2786186866759
Epoch 632 Loss: 51.278618686772404
Epoch 633 Loss: 51.278618686822526
Epoch 634 Loss: 51.27861868685194
Epoch 635 Loss: 51.278618686891264
Epoch 636 Loss: 51.278618686921014
Epoch 637 Loss: 51.27861868656741
Epoch 638 Loss: 51.278618686802076
Epoch 639 Loss: 51.27861868662535
Epoch 640 Loss: 51.278618686750164
Epoch 641 Loss: 51.278618686763195
Epoch 642 Loss: 51.278618686868896
Epoch 643 Loss: 51.27861868666061
Epoch 644 Loss: 51.27861868659512
Epoch 645 Loss: 51.27861868684171
Epoch 646 Loss: 51.27861868670563
Epoch 647 Loss: 51.27861868678433
Epoch 648 Loss: 51.27861868665831
Epoch 649 Loss: 51.27861868680845
Epoch 650 Loss: 51.278618686867375
Epoch 651 Loss: 51.27861868678358
Epoch 652 Loss: 51.27861868677531
Epoch 653 Loss: 51.278618686737246
Epoch 654 Loss: 51.27861868693988
Epoch 655 Loss: 51.2786186868977
Epoch 656 Loss: 51.27861868691461
Epoch 657 Loss: 51.27861868679117
Epoch 658 Loss: 51.27861868661765
Epoch 659 Loss: 51.27861868681876
Epoch 660 Loss: 51.278618686667016
Epoch 661 Loss: 51.27861868686419
Epoch 662 Loss: 51.278618686871695
Epoch 663 Loss: 51.27861868672516
Epoch 664 Loss: 51.27861868693567
Epoch 665 Loss: 51.27861868685031
Epoch 666 Loss: 51.27861868676412
Epoch 667 Loss: 51.27861868689102
Epoch 668 Loss: 51.27861868691074
Epoch 669 Loss: 51.27861868684712
Epoch 670 Loss: 51.278618686654696
Epoch 671 Loss: 51.278618687015296
Epoch 672 Loss: 51.278618686747606
Epoch 673 Loss: 51.27861868672532
Epoch 674 Loss: 51.27861868667849
Epoch 675 Loss: 51.27861868690255
Epoch 676 Loss: 51.27861868690719
Epoch 677 Loss: 51.27861868698119
Epoch 678 Loss: 51.2786186868364
Epoch 679 Loss: 51.27861868696493
Epoch 680 Loss: 51.27861868689699
Epoch 681 Loss: 51.2786186869014
Epoch 682 Loss: 51.278618687465354
Epoch 683 Loss: 51.278618687844926
Epoch 684 Loss: 51.27861868854406
Epoch 685 Loss: 51.27861869039192
Epoch 686 Loss: 51.27861869429374
Epoch 687 Loss: 51.2786187028986
Epoch 688 Loss: 51.27861872055916
Epoch 689 Loss: 51.27861875898181
Epoch 690 Loss: 51.278618841689735
Epoch 691 Loss: 51.27861902318283
Epoch 692 Loss: 51.27861942241296
Epoch 693 Loss: 51.27862031222843
Epoch 694 Loss: 51.27862229979157
Epoch 695 Loss: 51.27862677468613
Epoch 696 Loss: 51.27863676903815
Epoch 697 Loss: 51.27865888592187
Epoch 698 Loss: 51.27866588532001
Epoch 699 Loss: 51.27863427051384
Epoch 700 Loss: 51.27862222178123
Epoch 701 Loss: 51.27861877596056
Epoch 702 Loss: 51.27861995307367
Epoch 703 Loss: 51.278625162445806
Epoch 704 Loss: 51.278636320534616
Epoch 705 Loss: 51.27865802370866
Epoch 706 Loss: 51.27866438537292
Epoch 707 Loss: 51.27863424071175
Epoch 708 Loss: 51.27862190966499
Epoch 709 Loss: 51.27861868925955
Epoch 710 Loss: 51.27862113944147
Epoch 711 Loss: 51.27862863367575
Epoch 712 Loss: 51.278642565703976
Epoch 713 Loss: 51.27866616948707
Epoch 714 Loss: 51.27864111379692
Epoch 715 Loss: 51.27862830250071
Epoch 716 Loss: 51.278621938016535
Epoch 717 Loss: 51.278619286880186
Epoch 718 Loss: 51.2786189042472
Epoch 719 Loss: 51.27862012346699
Epoch 720 Loss: 51.27862280453697
Epoch 721 Loss: 51.27862720935083
Epoch 722 Loss: 51.27863401530962
Epoch 723 Loss: 51.278644058042815
Epoch 724 Loss: 51.27865841677422
Epoch 725 Loss: 51.27864821152112
Epoch 726 Loss: 51.27864135263565
Epoch 727 Loss: 51.278636053425686
Epoch 728 Loss: 51.278631812134606
Epoch 729 Loss: 51.27862823397498
Epoch 730 Loss: 51.27862530402179
Epoch 731 Loss: 51.27862295047683
Epoch 732 Loss: 51.27862118325448
Epoch 733 Loss: 51.27861994471763
Epoch 734 Loss: 51.278619174440436
Epoch 735 Loss: 51.278618785026126
Epoch 736 Loss: 51.278618691962485
Epoch 737 Loss: 51.278618817532205
Epoch 738 Loss: 51.27861910206603
Epoch 739 Loss: 51.2786195061593
Epoch 740 Loss: 51.27862000662654
Epoch 741 Loss: 51.27862060251077
Epoch 742 Loss: 51.27862129997919
Epoch 743 Loss: 51.278622131651574
Epoch 744 Loss: 51.27862312165264
Epoch 745 Loss: 51.27862433369864
Epoch 746 Loss: 51.27862579788332
Epoch 747 Loss: 51.278627602974026
Epoch 748 Loss: 51.278629747867
Epoch 749 Loss: 51.278632309150716
Epoch 750 Loss: 51.2786351509847
Epoch 751 Loss: 51.27863822737373
Epoch 752 Loss: 51.278641078778136
Epoch 753 Loss: 51.278643406195464
Epoch 754 Loss: 51.27864438872254
Epoch 755 Loss: 51.2786437068589
Epoch 756 Loss: 51.27864084335431
Epoch 757 Loss: 51.27863627679238
Epoch 758 Loss: 51.27863066591174
Epoch 759 Loss: 51.27862530344113
Epoch 760 Loss: 51.278621214030075
Epoch 761 Loss: 51.27861904287376
Epoch 762 Loss: 51.27861880100973
Epoch 763 Loss: 51.27862002782308
Epoch 764 Loss: 51.27862202973168
Epoch 765 Loss: 51.278624090969096
Epoch 766 Loss: 51.27862566781667
Epoch 767 Loss: 51.278626383204724
Epoch 768 Loss: 51.27862617667985
Epoch 769 Loss: 51.27862513394538
Epoch 770 Loss: 51.27862358975506
Epoch 771 Loss: 51.27862188741621
Epoch 772 Loss: 51.278620388517695
Epoch 773 Loss: 51.27861931804452
Epoch 774 Loss: 51.278618773017996
Epoch 775 Loss: 51.278618716490215
Epoch 776 Loss: 51.278619027663716
Epoch 777 Loss: 51.27861955183755
Epoch 778 Loss: 51.2786201374165
Epoch 779 Loss: 51.27862066936545
Epoch 780 Loss: 51.27862106445472
Epoch 781 Loss: 51.27862129263961
Epoch 782 Loss: 51.27862134133888
Epoch 783 Loss: 51.27862124121123
Epoch 784 Loss: 51.278621018714546
Epoch 785 Loss: 51.27862072372007
Epoch 786 Loss: 51.2786203892352
Epoch 787 Loss: 51.27862005550036
Epoch 788 Loss: 51.27861974253135
Epoch 789 Loss: 51.278619470665475
Epoch 790 Loss: 51.27861924414215
Epoch 791 Loss: 51.27861906605986
Epoch 792 Loss: 51.27861893123929
Epoch 793 Loss: 51.2786188347486
Epoch 794 Loss: 51.27861876864954
Epoch 795 Loss: 51.27861872657334
Epoch 796 Loss: 51.27861870170625
Epoch 797 Loss: 51.278618689762226
Epoch 798 Loss: 51.278618686847054
Epoch 799 Loss: 51.278618690397764
Epoch 800 Loss: 51.27861869908239
Epoch 801 Loss: 51.27861871211097
Epoch 802 Loss: 51.2786187297668
Epoch 803 Loss: 51.27861875290377
Epoch 804 Loss: 51.2786187838056
Epoch 805 Loss: 51.27861882611661
Epoch 806 Loss: 51.27861888452051
Epoch 807 Loss: 51.27861896700152
Epoch 808 Loss: 51.27861908638208
Epoch 809 Loss: 51.27861926099464
Epoch 810 Loss: 51.278619521973205
Epoch 811 Loss: 51.27861991429293
Epoch 812 Loss: 51.278620514834124
Epoch 813 Loss: 51.27862143586798
Epoch 814 Loss: 51.27862286969564
Epoch 815 Loss: 51.27862508925752
Epoch 816 Loss: 51.27862855810861
Epoch 817 Loss: 51.278633864156234
Epoch 818 Loss: 51.27864193744975
Epoch 819 Loss: 51.278653510936465
Epoch 820 Loss: 51.2786593657697
Epoch 821 Loss: 51.27863867284079
Epoch 822 Loss: 51.27862665178765
Epoch 823 Loss: 51.278620536268434
Epoch 824 Loss: 51.27861870325897
Epoch 825 Loss: 51.27861997394629
Epoch 826 Loss: 51.2786235546569
Epoch 827 Loss: 51.27862899362415
Epoch 828 Loss: 51.27863596554653
Epoch 829 Loss: 51.2786442609312
Epoch 830 Loss: 51.278653003349476
Epoch 831 Loss: 51.27865407133214
Epoch 832 Loss: 51.27864346918322
Epoch 833 Loss: 51.2786340436145
Epoch 834 Loss: 51.27862637186739
Epoch 835 Loss: 51.27862125794866
Epoch 836 Loss: 51.278618908537396
Epoch 837 Loss: 51.27861902108698
Epoch 838 Loss: 51.278620912370755
Epoch 839 Loss: 51.27862375779371
Epoch 840 Loss: 51.278626793151574
Epoch 841 Loss: 51.27862932969684
Epoch 842 Loss: 51.27863094334288
Epoch 843 Loss: 51.278631284400056
Epoch 844 Loss: 51.278630407355784
Epoch 845 Loss: 51.27862845055017
Epoch 846 Loss: 51.278625912060406
Epoch 847 Loss: 51.27862326562756
Epoch 848 Loss: 51.27862102114466
Epoch 849 Loss: 51.278619481935195
Epoch 850 Loss: 51.278618761012396
Epoch 851 Loss: 51.278618776304654
Epoch 852 Loss: 51.27861932687996
Epoch 853 Loss: 51.278620168092836
Epoch 854 Loss: 51.27862106577376
Epoch 855 Loss: 51.278621846297995
Epoch 856 Loss: 51.27862238306915
Epoch 857 Loss: 51.278622636793784
Epoch 858 Loss: 51.278622592530695
Epoch 859 Loss: 51.2786223091125
Epoch 860 Loss: 51.27862183875729
Epoch 861 Loss: 51.27862127336469
Epoch 862 Loss: 51.278620676421625
Epoch 863 Loss: 51.27862011792989
Epoch 864 Loss: 51.27861963452962
Epoch 865 Loss: 51.27861925330785
Epoch 866 Loss: 51.2786189775114
Epoch 867 Loss: 51.27861880157257
Epoch 868 Loss: 51.27861871064249
Epoch 869 Loss: 51.27861868712819
Epoch 870 Loss: 51.27861871418955
Epoch 871 Loss: 51.27861877740732
Epoch 872 Loss: 51.27861886616523
Epoch 873 Loss: 51.278618973422695
Epoch 874 Loss: 51.27861909653156
Epoch 875 Loss: 51.278619234472686
Epoch 876 Loss: 51.27861939301029
Epoch 877 Loss: 51.2786195765099
Epoch 878 Loss: 51.27861979824715
Epoch 879 Loss: 51.27862006966664
Epoch 880 Loss: 51.278620414961225
Epoch 881 Loss: 51.27862085598045
Epoch 882 Loss: 51.27862143713861
Epoch 883 Loss: 51.278622200198654
Epoch 884 Loss: 51.27862322492691
Epoch 885 Loss: 51.27862458322142
Epoch 886 Loss: 51.278626412797806
Epoch 887 Loss: 51.27862881341183
Epoch 888 Loss: 51.27863198546416
Epoch 889 Loss: 51.27863597231992
Epoch 890 Loss: 51.27864092454887
Epoch 891 Loss: 51.278646491872856
Epoch 892 Loss: 51.278652374477815
Epoch 893 Loss: 51.27865303384432
Epoch 894 Loss: 51.278645796843534
Epoch 895 Loss: 51.27863818975098
Epoch 896 Loss: 51.27863102732137
Epoch 897 Loss: 51.27862501813185
Epoch 898 Loss: 51.27862090718894
Epoch 899 Loss: 51.27861892541088
Epoch 900 Loss: 51.27861887957762
Epoch 901 Loss: 51.27862025689309
Epoch 902 Loss: 51.27862241660361
Epoch 903 Loss: 51.2786247562653
Epoch 904 Loss: 51.27862674679679
Epoch 905 Loss: 51.27862806738146
Epoch 906 Loss: 51.278628472560186
Epoch 907 Loss: 51.27862800012066
Epoch 908 Loss: 51.278626732163474
Epoch 909 Loss: 51.278624990348604
Epoch 910 Loss: 51.27862306625509
Epoch 911 Loss: 51.278621305153976
Epoch 912 Loss: 51.27861992701317
Epoch 913 Loss: 51.27861905949136
Epoch 914 Loss: 51.27861870398266
Epoch 915 Loss: 51.27861877988646
Epoch 916 Loss: 51.278619159832814
Epoch 917 Loss: 51.278619705511375
Epoch 918 Loss: 51.27862029804382
Epoch 919 Loss: 51.278620840392165
Epoch 920 Loss: 51.278621278563804
Epoch 921 Loss: 51.278621573044596
Epoch 922 Loss: 51.27862172653473
Epoch 923 Loss: 51.27862173795522
Epoch 924 Loss: 51.27862164031572
Epoch 925 Loss: 51.27862145000674
Epoch 926 Loss: 51.27862120646434
Epoch 927 Loss: 51.278620926602116
Epoch 928 Loss: 51.27862064216063
Epoch 929 Loss: 51.27862036403485
Epoch 930 Loss: 51.27862011033889
Epoch 931 Loss: 51.27861988399925
Epoch 932 Loss: 51.27861969165801
Epoch 933 Loss: 51.278619531356554
Epoch 934 Loss: 51.27861940343081
Epoch 935 Loss: 51.27861930314445
Epoch 936 Loss: 51.27861922870682
Epoch 937 Loss: 51.278619176117154
Epoch 938 Loss: 51.278619144286104
Epoch 939 Loss: 51.27861913089235
Epoch 940 Loss: 51.27861913623762
Epoch 941 Loss: 51.27861916087062
Epoch 942 Loss: 51.27861920896842
Epoch 943 Loss: 51.27861928442954
Epoch 944 Loss: 51.27861939667734
Epoch 945 Loss: 51.27861955781526
Epoch 946 Loss: 51.27861978742631
Epoch 947 Loss: 51.278620111226886
Epoch 948 Loss: 51.278620574012564
Epoch 949 Loss: 51.27862123018082
Epoch 950 Loss: 51.27862217510892
Epoch 951 Loss: 51.278623523450705
Epoch 952 Loss: 51.27862547375117
Epoch 953 Loss: 51.27862824433748
Epoch 954 Loss: 51.27863220678654
Epoch 955 Loss: 51.278637658733636
Epoch 956 Loss: 51.27864507925966
Epoch 957 Loss: 51.27865435467586
Epoch 958 Loss: 51.27865275299081
Epoch 959 Loss: 51.27864622672101
Epoch 960 Loss: 51.27864055148976
Epoch 961 Loss: 51.278635150649535
Epoch 962 Loss: 51.27863024900342
Epoch 963 Loss: 51.278625970311374
Epoch 964 Loss: 51.27862261952261
Epoch 965 Loss: 51.278620306972854
Epoch 966 Loss: 51.27861904095798
Epoch 967 Loss: 51.27861868795688
Epoch 968 Loss: 51.2786190421597
Epoch 969 Loss: 51.278619878017146
Epoch 970 Loss: 51.27862098313239
Epoch 971 Loss: 51.27862219209291
Epoch 972 Loss: 51.278623362715365
Epoch 973 Loss: 51.278624417857486
Epoch 974 Loss: 51.27862526670435
Epoch 975 Loss: 51.278625897215434
Epoch 976 Loss: 51.278626247182935
Epoch 977 Loss: 51.278626349216395
Epoch 978 Loss: 51.27862616869197
Epoch 979 Loss: 51.278625773043956
Epoch 980 Loss: 51.278625162117194
Epoch 981 Loss: 51.27862442499567
Epoch 982 Loss: 51.27862358932187
Epoch 983 Loss: 51.27862274054957
Epoch 984 Loss: 51.27862191138573
Epoch 985 Loss: 51.27862115930763
Epoch 986 Loss: 51.278620502340786
Epoch 987 Loss: 51.2786199611715
Epoch 988 Loss: 51.27861953223602
Epoch 989 Loss: 51.27861921169048
Epoch 990 Loss: 51.278618983810176
Epoch 991 Loss: 51.27861883252502
Epoch 992 Loss: 51.27861874223164
Epoch 993 Loss: 51.27861869785295
Epoch 994 Loss: 51.27861868701615
Epoch 995 Loss: 51.27861870122855
Epoch 996 Loss: 51.27861873360958
Epoch 997 Loss: 51.27861878104611
Epoch 998 Loss: 51.278618842457135
Epoch 999 Loss: 51.27861891866095
Epoch 1000 Loss: 51.278619014240704
adamw
0.001000
1000
Initial loss: 139.28263863133589
Final loss: 51.278619014240704
start inference
#############################################
z_uncertain_list shape (5, 2)
#############################################
#############################################
z_uncertain_list shape (5, 2)
#############################################
#############################################
z_uncertain_list shape (5, 2)
#############################################

                     mean       std    median      5.0%     95.0%     n_eff     r_hat
z_uncertain0[0]      0.00      0.02      0.00     -0.03      0.04    296.76      1.00
z_uncertain0[1]      0.78      0.03      0.78      0.74      0.82    321.16      1.00
z_uncertain1[0]      0.00      0.03      0.00     -0.03      0.04    213.68      1.01
z_uncertain1[1]      0.74      0.31      0.78      0.74      0.83     63.21      1.02
z_uncertain2[0]      1.00      0.02      1.00      0.97      1.02    617.20      1.00
z_uncertain2[1]      0.23      0.02      0.23      0.19      0.26    633.16      1.00
z_uncertain3[0]      1.00      0.01      1.00      0.98      1.02   1087.86      1.00
z_uncertain3[1]      0.91      0.02      0.91      0.89      0.94   1135.78      1.00
z_uncertain4[0]      0.38      0.12      0.36      0.21      0.56     66.32      1.00
z_uncertain4[1]      0.00      0.01      0.00     -0.01      0.01    214.56      1.00

Number of divergences: 0
{'z_uncertain0': Array([[ 0.0232645 ,  0.80861485],
       [-0.02091088,  0.7456691 ],
       [-0.02252673,  0.7457452 ],
       ...,
       [-0.00340555,  0.77432472],
       [-0.01306842,  0.75940085],
       [-0.00436484,  0.7715016 ]], dtype=float64), 'z_uncertain1': Array([[-0.21678666, -1.83479763],
       [-0.34014988, -1.66635029],
       [-0.33940259, -1.66044923],
       ...,
       [ 0.00409571,  0.7846777 ],
       [-0.00700619,  0.76952526],
       [ 0.00843846,  0.7938347 ]], dtype=float64), 'z_uncertain2': Array([[0.99312784, 0.21708935],
       [1.00408216, 0.24000834],
       [1.01463773, 0.24277713],
       ...,
       [0.98885668, 0.21511113],
       [0.99763134, 0.22774053],
       [1.00901842, 0.24420048]], dtype=float64), 'z_uncertain3': Array([[1.01961564, 0.87610251],
       [1.01690875, 0.88185521],
       [0.97367192, 0.94976887],
       ...,
       [1.00175694, 0.91166588],
       [1.00956956, 0.8971342 ],
       [0.99578393, 0.91974113]], dtype=float64), 'z_uncertain4': Array([[ 0.33023918,  0.00177511],
       [ 0.48887896, -0.00275223],
       [ 0.49214458, -0.0012091 ],
       ...,
       [ 0.39530217,  0.00072404],
       [ 0.35030659, -0.00085324],
       [ 0.30577813,  0.00084658]], dtype=float64)}
Script finished in 10 minutes and 30 seconds.
