hpc-node02
	Adding nVidia Cuda Toolkit 11.8
	Adding nVidia cuDNN 8.6 (.0.163)
	Adding nvtop
Wed Jun 12 14:56:52 2024       
+-----------------------------------------------------------------------------------------+
| NVIDIA-SMI 550.54.15              Driver Version: 550.54.15      CUDA Version: 12.4     |
|-----------------------------------------+------------------------+----------------------+
| GPU  Name                 Persistence-M | Bus-Id          Disp.A | Volatile Uncorr. ECC |
| Fan  Temp   Perf          Pwr:Usage/Cap |           Memory-Usage | GPU-Util  Compute M. |
|                                         |                        |               MIG M. |
|=========================================+========================+======================|
|   0  NVIDIA L40                     On  |   00000000:17:00.0 Off |                    0 |
| N/A   34C    P0             77W /  300W |     690MiB /  46068MiB |      0%      Default |
|                                         |                        |                  N/A |
+-----------------------------------------+------------------------+----------------------+
|   1  NVIDIA L40                     On  |   00000000:65:00.0 Off |                    0 |
| N/A   27C    P8             24W /  300W |       0MiB /  46068MiB |      0%      Default |
|                                         |                        |                  N/A |
+-----------------------------------------+------------------------+----------------------+
|   2  NVIDIA L40                     On  |   00000000:CA:00.0 Off |                    0 |
| N/A   28C    P8             23W /  300W |       0MiB /  46068MiB |      0%      Default |
|                                         |                        |                  N/A |
+-----------------------------------------+------------------------+----------------------+
|   3  NVIDIA L40                     On  |   00000000:E3:00.0 Off |                    0 |
| N/A   29C    P8             23W /  300W |       0MiB /  46068MiB |      0%      Default |
|                                         |                        |                  N/A |
+-----------------------------------------+------------------------+----------------------+
                                                                                         
+-----------------------------------------------------------------------------------------+
| Processes:                                                                              |
|  GPU   GI   CI        PID   Type   Process name                              GPU Memory |
|        ID   ID                                                               Usage      |
|=========================================================================================|
|    0   N/A  N/A      2596      C   python                                        682MiB |
+-----------------------------------------------------------------------------------------+
Date              = Wed Jun 12 14:56:53 CEST 2024
Hostname          = hpc-node02
Working Directory = /local/292794
Number of nodes used        : 1
Number of MPI tasks         : 1
Number of threads           : 16
Number of MPI tasks per node: 1
Number of threads per core  : 
Name of nodes used          : hpc-node02
Gpu devices                 : 2
Starting worker: 
Xu_fixed:  [[0.         0.77961699]
 [0.         0.18261499]
 [0.42300447 0.        ]
 [0.37513696 0.        ]
 [0.51259359 0.        ]
 [0.54022212 0.        ]
 [0.25327558 0.        ]
 [1.         0.91389189]
 [1.         0.22755481]]
sigma_init_yu: 0.4489360707283098	sigma_init_yf: 16.379164911764676	sigma_init: 12.71152816190001
new_sigma_init_yu: 0.4489360707283098	new_sigma_init_yf: 0.5854010383882087	new_sigma_init: 0.5823651048856883
Xu_noise: [[0.63813923 0.08533001]
 [0.32245991 0.83922714]
 [0.58166595 0.26974294]
 [0.27325251 0.74233308]
 [0.37781627 0.24779121]]
Xu_noise shape: (5, 2)
adamw
0.010000
1000
Initial loss: 46.821102388781355
Final loss: 40.09953759905757
start inference
#############################################
z_uncertain_list shape (5, 2)
#############################################
#############################################
z_uncertain_list shape (5, 2)
#############################################
#############################################
z_uncertain_list shape (5, 2)
#############################################

                     mean       std    median      5.0%     95.0%     n_eff     r_hat
z_uncertain0[0]      0.65      8.37      2.08    -13.02     13.98      5.99      1.10
z_uncertain0[1]      1.78      6.00      0.65     -6.55     11.08      6.80      1.06
z_uncertain1[0]      0.39      0.13      0.38      0.20      0.60    452.90      1.00
z_uncertain1[1]      0.00      0.00      0.00     -0.00      0.01    562.02      1.00
z_uncertain2[0]      1.00      0.01      1.00      0.98      1.02    696.38      1.00
z_uncertain2[1]      0.91      0.01      0.91      0.89      0.94    726.03      1.00
z_uncertain3[0]     -1.23      8.81     -2.09    -15.44     12.10      6.99      1.30
z_uncertain3[1]      4.79      7.43      3.41     -7.56     14.04      9.48      1.45
z_uncertain4[0]      0.65      8.37      2.08    -13.02     13.98      5.99      1.10
z_uncertain4[1]      1.78      6.00      0.65     -6.56     11.07      6.80      1.06

Number of divergences: 25
{'z_uncertain0': Array([[-1.84059883, -2.55355502],
       [-0.11377493, -1.9991399 ],
       [-0.12201725, -2.01581542],
       ...,
       [ 2.52462334, -4.13032766],
       [ 1.45727862, -3.64087936],
       [ 1.4642364 , -3.63915366]], dtype=float64), 'z_uncertain1': Array([[ 5.94914395e-01,  5.91441734e-03],
       [ 3.94621077e-01,  1.43349221e-04],
       [ 3.96756066e-01, -8.79823323e-05],
       ...,
       [ 2.38939428e-01,  2.38367655e-03],
       [ 2.99248059e-01, -6.76190485e-04],
       [ 3.02289205e-01, -3.70112529e-04]], dtype=float64), 'z_uncertain2': Array([[0.98994237, 0.92591221],
       [0.98855336, 0.92737845],
       [0.9850952 , 0.9297786 ],
       ...,
       [1.00196337, 0.9080443 ],
       [1.00610805, 0.90793488],
       [1.00572444, 0.90407791]], dtype=float64), 'z_uncertain3': Array([[-2.90565688, 14.04279216],
       [-0.37674747, 15.19005427],
       [-0.44417432, 15.29074362],
       ...,
       [ 2.52881733, -4.12990007],
       [ 1.45502262, -3.64272237],
       [ 1.46961391, -3.64241402]], dtype=float64), 'z_uncertain4': Array([[-1.84736109, -2.55813055],
       [-0.10538853, -1.98622505],
       [-0.11648382, -2.00489876],
       ...,
       [ 2.52997744, -4.12307848],
       [ 1.45176973, -3.6499307 ],
       [ 1.46533697, -3.64385847]], dtype=float64)}
Script finished in 14 minutes and 42 seconds.
