hpc-node02
	Adding nVidia Cuda Toolkit 11.8
	Adding nVidia cuDNN 8.6 (.0.163)
	Adding nvtop
Wed Jun 12 14:57:12 2024       
+-----------------------------------------------------------------------------------------+
| NVIDIA-SMI 550.54.15              Driver Version: 550.54.15      CUDA Version: 12.4     |
|-----------------------------------------+------------------------+----------------------+
| GPU  Name                 Persistence-M | Bus-Id          Disp.A | Volatile Uncorr. ECC |
| Fan  Temp   Perf          Pwr:Usage/Cap |           Memory-Usage | GPU-Util  Compute M. |
|                                         |                        |               MIG M. |
|=========================================+========================+======================|
|   0  NVIDIA L40                     On  |   00000000:17:00.0 Off |                    0 |
| N/A   35C    P0             82W /  300W |     692MiB /  46068MiB |     51%      Default |
|                                         |                        |                  N/A |
+-----------------------------------------+------------------------+----------------------+
|   1  NVIDIA L40                     On  |   00000000:65:00.0 Off |                    0 |
| N/A   29C    P0             77W /  300W |     450MiB /  46068MiB |      0%      Default |
|                                         |                        |                  N/A |
+-----------------------------------------+------------------------+----------------------+
|   2  NVIDIA L40                     On  |   00000000:CA:00.0 Off |                    0 |
| N/A   31C    P0             78W /  300W |     652MiB /  46068MiB |      0%      Default |
|                                         |                        |                  N/A |
+-----------------------------------------+------------------------+----------------------+
|   3  NVIDIA L40                     On  |   00000000:E3:00.0 Off |                    0 |
| N/A   29C    P8             24W /  300W |       0MiB /  46068MiB |      0%      Default |
|                                         |                        |                  N/A |
+-----------------------------------------+------------------------+----------------------+
                                                                                         
+-----------------------------------------------------------------------------------------+
| Processes:                                                                              |
|  GPU   GI   CI        PID   Type   Process name                              GPU Memory |
|        ID   ID                                                               Usage      |
|=========================================================================================|
|    0   N/A  N/A      2596      C   python                                        684MiB |
|    1   N/A  N/A      3109      C   python                                        442MiB |
|    2   N/A  N/A      3000      C   python                                        644MiB |
+-----------------------------------------------------------------------------------------+
Date              = Wed Jun 12 14:57:13 CEST 2024
Hostname          = hpc-node02
Working Directory = /local/292796
Number of nodes used        : 1
Number of MPI tasks         : 1
Number of threads           : 16
Number of MPI tasks per node: 1
Number of threads per core  : 
Name of nodes used          : hpc-node02
Gpu devices                 : 3
Starting worker: 
Xu_fixed:  [[0.         0.77961699]
 [0.         0.18261499]
 [0.42300447 0.        ]
 [0.37513696 0.        ]
 [0.51259359 0.        ]
 [0.54022212 0.        ]
 [0.25327558 0.        ]
 [1.         0.91389189]
 [1.         0.22755481]]
sigma_init_yu: 0.4489360707283098	sigma_init_yf: 16.379164911764676	sigma_init: 12.71152816190001
new_sigma_init_yu: 0.4489360707283098	new_sigma_init_yf: 0.5854010383882087	new_sigma_init: 0.5823651048856883
Xu_noise: [[0.63813923 0.08533001]
 [0.32245991 0.83922714]
 [0.58166595 0.26974294]
 [0.27325251 0.74233308]
 [0.37781627 0.24779121]]
Xu_noise shape: (5, 2)
adamw
0.100000
1000
Initial loss: 46.821102388781355
Final loss: 41.23422638303692
start inference
#############################################
z_uncertain_list shape (5, 2)
#############################################
#############################################
z_uncertain_list shape (5, 2)
#############################################
#############################################
z_uncertain_list shape (5, 2)
#############################################

                     mean       std    median      5.0%     95.0%     n_eff     r_hat
z_uncertain0[0]      1.00      0.01      1.00      0.98      1.02    567.82      1.00
z_uncertain0[1]      0.91      0.01      0.91      0.90      0.94    566.95      1.00
z_uncertain1[0]      0.00      0.00      0.00     -0.01      0.01    851.50      1.00
z_uncertain1[1]      0.18      0.02      0.18      0.15      0.22    736.11      1.00
z_uncertain2[0]      0.00      0.02      0.00     -0.02      0.03    261.15      1.01
z_uncertain2[1]      0.78      0.02      0.78      0.75      0.81    236.92      1.01
z_uncertain3[0]      0.00      0.00      0.00     -0.00      0.01    781.72      1.00
z_uncertain3[1]      0.18      0.02      0.18      0.15      0.22    866.58      1.00
z_uncertain4[0]      1.00      0.01      1.00      0.99      1.01    232.02      1.02
z_uncertain4[1]      0.23      0.02      0.22      0.20      0.25    155.96      1.03

Number of divergences: 0
{'z_uncertain0': Array([[0.99672894, 0.91567467],
       [0.99476758, 0.92269169],
       [0.99469449, 0.92307532],
       ...,
       [0.98789218, 0.92653174],
       [0.99077731, 0.92614681],
       [1.00237848, 0.9089447 ]], dtype=float64), 'z_uncertain1': Array([[ 0.00172933,  0.17914043],
       [ 0.0002091 ,  0.16477572],
       [-0.00200379,  0.17355838],
       ...,
       [-0.00135638,  0.18183799],
       [ 0.00179752,  0.17200392],
       [-0.00418668,  0.16462579]], dtype=float64), 'z_uncertain2': Array([[ 0.01544106,  0.79416468],
       [-0.01345066,  0.765524  ],
       [ 0.02224012,  0.80079353],
       ...,
       [ 0.01512048,  0.79406156],
       [ 0.0108579 ,  0.79451881],
       [-0.00403624,  0.77818226]], dtype=float64), 'z_uncertain3': Array([[ 0.00221601,  0.16543767],
       [ 0.00072874,  0.1634764 ],
       [ 0.00049237,  0.16870869],
       ...,
       [ 0.0007206 ,  0.1894068 ],
       [-0.00093632,  0.20482844],
       [-0.00300453,  0.2048737 ]], dtype=float64), 'z_uncertain4': Array([[0.9902388 , 0.21478406],
       [0.98224925, 0.20191526],
       [0.99721057, 0.23267009],
       ...,
       [0.99817094, 0.22445856],
       [0.99518822, 0.22622248],
       [1.00373442, 0.2289984 ]], dtype=float64)}
Script finished in 5 minutes and 2 seconds.
