hpc-node01
	Adding nVidia Cuda Toolkit 11.8
	Adding nVidia cuDNN 8.6 (.0.163)
	Adding nvtop
Wed Jun 12 14:49:52 2024       
+-----------------------------------------------------------------------------------------+
| NVIDIA-SMI 550.54.15              Driver Version: 550.54.15      CUDA Version: 12.4     |
|-----------------------------------------+------------------------+----------------------+
| GPU  Name                 Persistence-M | Bus-Id          Disp.A | Volatile Uncorr. ECC |
| Fan  Temp   Perf          Pwr:Usage/Cap |           Memory-Usage | GPU-Util  Compute M. |
|                                         |                        |               MIG M. |
|=========================================+========================+======================|
|   0  NVIDIA L40                     On  |   00000000:17:00.0 Off |                    0 |
| N/A   43C    P0             81W /  300W |    2532MiB /  46068MiB |      0%      Default |
|                                         |                        |                  N/A |
+-----------------------------------------+------------------------+----------------------+
|   1  NVIDIA L40                     On  |   00000000:65:00.0 Off |                    0 |
| N/A   33C    P0             78W /  300W |     654MiB /  46068MiB |      4%      Default |
|                                         |                        |                  N/A |
+-----------------------------------------+------------------------+----------------------+
|   2  NVIDIA L40                     On  |   00000000:CA:00.0 Off |                    0 |
| N/A   46C    P0             90W /  300W |     692MiB /  46068MiB |     78%      Default |
|                                         |                        |                  N/A |
+-----------------------------------------+------------------------+----------------------+
|   3  NVIDIA L40                     On  |   00000000:E3:00.0 Off |                    0 |
| N/A   31C    P8             35W /  300W |       3MiB /  46068MiB |      0%      Default |
|                                         |                        |                  N/A |
+-----------------------------------------+------------------------+----------------------+
                                                                                         
+-----------------------------------------------------------------------------------------+
| Processes:                                                                              |
|  GPU   GI   CI        PID   Type   Process name                              GPU Memory |
|        ID   ID                                                               Usage      |
|=========================================================================================|
|    0   N/A  N/A     56071      C   .../miniforge3/envs/dwsnets/bin/python       2524MiB |
|    1   N/A  N/A     99394      C   python                                        646MiB |
|    2   N/A  N/A     83045      C   python                                        684MiB |
+-----------------------------------------------------------------------------------------+
Date              = Wed Jun 12 14:49:53 CEST 2024
Hostname          = hpc-node01
Working Directory = /local/292787
Number of nodes used        : 1
Number of MPI tasks         : 1
Number of threads           : 16
Number of MPI tasks per node: 1
Number of threads per core  : 
Name of nodes used          : hpc-node01
Gpu devices                 : 3
Starting worker: 
Xu_fixed:  [[0.         0.77961699]
 [0.         0.18261499]
 [0.42300447 0.        ]
 [0.37513696 0.        ]
 [0.51259359 0.        ]
 [0.54022212 0.        ]
 [0.25327558 0.        ]
 [1.         0.91389189]
 [1.         0.22755481]]
sigma_init_yu: 0.4489360707283098	sigma_init_yf: 16.379164911764676	sigma_init: 12.71152816190001
new_sigma_init_yu: 0.4489360707283098	new_sigma_init_yf: 0.5854312377523685	new_sigma_init: 0.582378293999085
Xu_noise: [[0.62661459 0.07416888]
 [0.32816845 0.84033023]
 [0.584992   0.26830925]
 [0.26637871 0.75008966]
 [0.38819762 0.25122647]]
Xu_noise shape: (5, 2)
adamw
0.010000
1000
Initial loss: 139.28263863133589
Final loss: 51.2813728845406
start inference
#############################################
z_uncertain_list shape (5, 2)
#############################################
#############################################
z_uncertain_list shape (5, 2)
#############################################
#############################################
z_uncertain_list shape (5, 2)
#############################################

                     mean       std    median      5.0%     95.0%     n_eff     r_hat
z_uncertain0[0]      0.24      0.25      0.23     -0.03      0.56      5.80      1.00
z_uncertain0[1]      0.09      0.11      0.03     -0.01      0.20      8.36      1.01
z_uncertain1[0]      0.34      0.17      0.35     -0.01      0.57     17.08      1.07
z_uncertain1[1]     -0.01      0.24      0.00     -0.01      0.17     38.59      1.05
z_uncertain2[0]      0.14      0.21      0.01     -0.03      0.52      7.53      1.00
z_uncertain2[1]      0.13      0.11      0.16     -0.00      0.21     13.53      1.00
z_uncertain3[0]     -0.16      0.47      0.00     -1.22      0.06      8.69      1.13
z_uncertain3[1]      0.49      0.81      0.78     -1.13      0.91      8.50      1.14
z_uncertain4[0]      0.29      0.21      0.34     -0.02      0.55      4.60      1.40
z_uncertain4[1]      0.06      0.09      0.00     -0.01      0.19      3.94      1.43

Number of divergences: 0
{'z_uncertain0': Array([[ 1.06785400e+00,  5.49860485e-01],
       [ 1.06712244e+00,  5.47644708e-01],
       [ 1.06778201e+00,  5.48845627e-01],
       ...,
       [ 3.18617637e-01,  8.78070915e-04],
       [ 5.43542169e-01,  3.19431176e-03],
       [ 5.01935809e-01, -2.49958199e-03]], dtype=float64), 'z_uncertain1': Array([[ 8.85978515e-02, -1.70908468e+00],
       [ 8.69523863e-02, -1.70819131e+00],
       [ 8.71803911e-02, -1.70733064e+00],
       ...,
       [ 5.40495344e-01,  2.81756540e-03],
       [ 5.23138309e-01,  2.53789764e-04],
       [ 5.29261263e-01,  2.04492383e-03]], dtype=float64), 'z_uncertain2': Array([[-3.14096124e-02,  5.55997415e-01],
       [-2.75459525e-02,  5.55247240e-01],
       [-2.05524392e-02,  5.57381860e-01],
       ...,
       [ 5.93343307e-01,  1.59303049e-02],
       [ 5.16211958e-01,  1.76246722e-04],
       [ 5.17734437e-01,  1.96823548e-03]], dtype=float64), 'z_uncertain3': Array([[-1.25639149, -1.12731792],
       [-1.25553822, -1.12664768],
       [-1.25656667, -1.12517708],
       ...,
       [-0.01192869,  0.75855215],
       [ 0.01305218,  0.7955979 ],
       [-0.00170405,  0.77844702]], dtype=float64), 'z_uncertain4': Array([[ 2.82671357e-01,  3.94217792e-01],
       [ 2.77461097e-01,  3.97077107e-01],
       [ 2.53612954e-01,  3.96966737e-01],
       ...,
       [ 5.05946183e-01, -2.77644058e-04],
       [ 3.94140087e-01,  1.44659503e-03],
       [ 4.46261366e-01, -3.61169147e-03]], dtype=float64)}
Script finished in 12 minutes and 9 seconds.
