hpc-node02
	Adding nVidia Cuda Toolkit 11.8
	Adding nVidia cuDNN 8.6 (.0.163)
	Adding nvtop
Wed Jun 12 14:55:52 2024       
+-----------------------------------------------------------------------------------------+
| NVIDIA-SMI 550.54.15              Driver Version: 550.54.15      CUDA Version: 12.4     |
|-----------------------------------------+------------------------+----------------------+
| GPU  Name                 Persistence-M | Bus-Id          Disp.A | Volatile Uncorr. ECC |
| Fan  Temp   Perf          Pwr:Usage/Cap |           Memory-Usage | GPU-Util  Compute M. |
|                                         |                        |               MIG M. |
|=========================================+========================+======================|
|   0  NVIDIA L40                     On  |   00000000:17:00.0 Off |                    0 |
| N/A   28C    P8             25W /  300W |       0MiB /  46068MiB |      0%      Default |
|                                         |                        |                  N/A |
+-----------------------------------------+------------------------+----------------------+
|   1  NVIDIA L40                     On  |   00000000:65:00.0 Off |                    0 |
| N/A   28C    P8             71W /  300W |       0MiB /  46068MiB |      0%      Default |
|                                         |                        |                  N/A |
+-----------------------------------------+------------------------+----------------------+
|   2  NVIDIA L40                     On  |   00000000:CA:00.0 Off |                    0 |
| N/A   31C    P0             78W /  300W |       0MiB /  46068MiB |      0%      Default |
|                                         |                        |                  N/A |
+-----------------------------------------+------------------------+----------------------+
|   3  NVIDIA L40                     On  |   00000000:E3:00.0 Off |                    0 |
| N/A   31C    P0             76W /  300W |       0MiB /  46068MiB |      0%      Default |
|                                         |                        |                  N/A |
+-----------------------------------------+------------------------+----------------------+
                                                                                         
+-----------------------------------------------------------------------------------------+
| Processes:                                                                              |
|  GPU   GI   CI        PID   Type   Process name                              GPU Memory |
|        ID   ID                                                               Usage      |
|=========================================================================================|
|  No running processes found                                                             |
+-----------------------------------------------------------------------------------------+
Date              = Wed Jun 12 14:55:53 CEST 2024
Hostname          = hpc-node02
Working Directory = /local/292788
Number of nodes used        : 1
Number of MPI tasks         : 1
Number of threads           : 16
Number of MPI tasks per node: 1
Number of threads per core  : 
Name of nodes used          : hpc-node02
Gpu devices                 : 0
Starting worker: 
Xu_fixed:  [[0.         0.77961699]
 [0.         0.18261499]
 [0.42300447 0.        ]
 [0.37513696 0.        ]
 [0.51259359 0.        ]
 [0.54022212 0.        ]
 [0.25327558 0.        ]
 [1.         0.91389189]
 [1.         0.22755481]]
sigma_init_yu: 0.4489360707283098	sigma_init_yf: 16.379164911764676	sigma_init: 12.71152816190001
new_sigma_init_yu: 0.4489360707283098	new_sigma_init_yf: 0.5854010383882087	new_sigma_init: 0.5823651048856883
Xu_noise: [[0.63813923 0.08533001]
 [0.32245991 0.83922714]
 [0.58166595 0.26974294]
 [0.27325251 0.74233308]
 [0.37781627 0.24779121]]
Xu_noise shape: (5, 2)
adamw
0.001000
1000
Initial loss: 46.821102388781355
Final loss: 40.097162156370494
start inference
#############################################
z_uncertain_list shape (5, 2)
#############################################
#############################################
z_uncertain_list shape (5, 2)
#############################################
#############################################
z_uncertain_list shape (5, 2)
#############################################

                     mean       std    median      5.0%     95.0%     n_eff     r_hat
z_uncertain0[0]      1.00      0.01      1.00      0.98      1.01    418.52      1.00
z_uncertain0[1]      0.91      0.01      0.91      0.90      0.94    405.35      1.00
z_uncertain1[0]      0.00      0.01      0.00     -0.02      0.02    694.25      1.00
z_uncertain1[1]      0.78      0.02      0.78      0.75      0.81    697.10      1.00
z_uncertain2[0]      0.00      0.01      0.00     -0.02      0.02    493.38      1.00
z_uncertain2[1]      0.78      0.02      0.78      0.75      0.81    486.11      1.00
z_uncertain3[0]      0.00      0.01      0.00     -0.02      0.02    900.10      1.00
z_uncertain3[1]      0.78      0.02      0.78      0.75      0.80    968.96      1.00
z_uncertain4[0]      1.00      0.01      1.00      0.99      1.01    252.73      1.00
z_uncertain4[1]      0.23      0.02      0.23      0.20      0.25    214.10      1.00

Number of divergences: 0
{'z_uncertain0': Array([[0.99218962, 0.92198973],
       [1.00671933, 0.90750077],
       [0.99294725, 0.91992584],
       ...,
       [0.98891802, 0.92787136],
       [1.00462944, 0.9048659 ],
       [1.00649388, 0.9073447 ]], dtype=float64), 'z_uncertain1': Array([[-0.00971947,  0.76791599],
       [ 0.00944978,  0.79089293],
       [-0.00842329,  0.7658628 ],
       ...,
       [-0.00127199,  0.77561139],
       [-0.00235855,  0.7754208 ],
       [-0.00138329,  0.77427472]], dtype=float64), 'z_uncertain2': Array([[ 0.00373659,  0.78670387],
       [-0.00825328,  0.77236004],
       [ 0.00949224,  0.78882164],
       ...,
       [-0.0161979 ,  0.7568083 ],
       [ 0.00821851,  0.78789348],
       [-0.00711928,  0.76828889]], dtype=float64), 'z_uncertain3': Array([[ 0.0018489 ,  0.78026564],
       [-0.00982103,  0.76607073],
       [-0.00981216,  0.768131  ],
       ...,
       [-0.01033   ,  0.7586943 ],
       [-0.01208867,  0.76637804],
       [-0.01084084,  0.76655973]], dtype=float64), 'z_uncertain4': Array([[1.00252274, 0.23657379],
       [1.00347236, 0.26169697],
       [1.01033966, 0.24522218],
       ...,
       [0.99945865, 0.22266285],
       [1.00554284, 0.22964824],
       [0.99986925, 0.23712097]], dtype=float64)}
Script finished in 7 minutes and 42 seconds.
