hpc-node02
	Adding nVidia Cuda Toolkit 11.8
	Adding nVidia cuDNN 8.6 (.0.163)
	Adding nvtop
Wed Jun 12 14:57:02 2024       
+-----------------------------------------------------------------------------------------+
| NVIDIA-SMI 550.54.15              Driver Version: 550.54.15      CUDA Version: 12.4     |
|-----------------------------------------+------------------------+----------------------+
| GPU  Name                 Persistence-M | Bus-Id          Disp.A | Volatile Uncorr. ECC |
| Fan  Temp   Perf          Pwr:Usage/Cap |           Memory-Usage | GPU-Util  Compute M. |
|                                         |                        |               MIG M. |
|=========================================+========================+======================|
|   0  NVIDIA L40                     On  |   00000000:17:00.0 Off |                    0 |
| N/A   35C    P0             85W /  300W |     692MiB /  46068MiB |     75%      Default |
|                                         |                        |                  N/A |
+-----------------------------------------+------------------------+----------------------+
|   1  NVIDIA L40                     On  |   00000000:65:00.0 Off |                    0 |
| N/A   27C    P8             25W /  300W |       0MiB /  46068MiB |      0%      Default |
|                                         |                        |                  N/A |
+-----------------------------------------+------------------------+----------------------+
|   2  NVIDIA L40                     On  |   00000000:CA:00.0 Off |                    0 |
| N/A   29C    P0             67W /  300W |     450MiB /  46068MiB |      0%      Default |
|                                         |                        |                  N/A |
+-----------------------------------------+------------------------+----------------------+
|   3  NVIDIA L40                     On  |   00000000:E3:00.0 Off |                    0 |
| N/A   29C    P8             25W /  300W |       0MiB /  46068MiB |      0%      Default |
|                                         |                        |                  N/A |
+-----------------------------------------+------------------------+----------------------+
                                                                                         
+-----------------------------------------------------------------------------------------+
| Processes:                                                                              |
|  GPU   GI   CI        PID   Type   Process name                              GPU Memory |
|        ID   ID                                                               Usage      |
|=========================================================================================|
|    0   N/A  N/A      2596      C   python                                        684MiB |
|    2   N/A  N/A      3000      C   python                                        442MiB |
+-----------------------------------------------------------------------------------------+
Date              = Wed Jun 12 14:57:03 CEST 2024
Hostname          = hpc-node02
Working Directory = /local/292795
Number of nodes used        : 1
Number of MPI tasks         : 1
Number of threads           : 16
Number of MPI tasks per node: 1
Number of threads per core  : 
Name of nodes used          : hpc-node02
Gpu devices                 : 1
Starting worker: 
Xu_fixed:  [[0.         0.77961699]
 [0.         0.18261499]
 [0.42300447 0.        ]
 [0.37513696 0.        ]
 [0.51259359 0.        ]
 [0.54022212 0.        ]
 [0.25327558 0.        ]
 [1.         0.91389189]
 [1.         0.22755481]]
sigma_init_yu: 0.4489360707283098	sigma_init_yf: 16.379164911764676	sigma_init: 12.71152816190001
new_sigma_init_yu: 0.4489360707283098	new_sigma_init_yf: 0.5854010383882087	new_sigma_init: 0.5823651048856883
Xu_noise: [[0.63813923 0.08533001]
 [0.32245991 0.83922714]
 [0.58166595 0.26974294]
 [0.27325251 0.74233308]
 [0.37781627 0.24779121]]
Xu_noise shape: (5, 2)
adamw
0.030000
1000
Initial loss: 46.821102388781355
Final loss: 40.13075276863563
start inference
#############################################
z_uncertain_list shape (5, 2)
#############################################
#############################################
z_uncertain_list shape (5, 2)
#############################################
#############################################
z_uncertain_list shape (5, 2)
#############################################

                     mean       std    median      5.0%     95.0%     n_eff     r_hat
z_uncertain0[0]      0.00      0.01      0.00     -0.02      0.02    279.11      1.01
z_uncertain0[1]      0.78      0.02      0.78      0.76      0.81    290.60      1.01
z_uncertain1[0]      0.00      0.00      0.00     -0.01      0.01    845.12      1.00
z_uncertain1[1]      0.18      0.02      0.18      0.14      0.22   1152.80      1.00
z_uncertain2[0]      0.00      0.01      0.00     -0.02      0.02    642.09      1.00
z_uncertain2[1]      0.78      0.02      0.78      0.75      0.81    638.36      1.00
z_uncertain3[0]      0.00      0.00      0.00     -0.01      0.01    795.85      1.00
z_uncertain3[1]      0.18      0.02      0.18      0.14      0.22   1022.98      1.00
z_uncertain4[0]      0.40      0.13      0.40      0.19      0.59     66.15      1.01
z_uncertain4[1]      0.00      0.00      0.00     -0.00      0.01    268.31      1.00

Number of divergences: 0
{'z_uncertain0': Array([[ 0.01610394,  0.79926702],
       [ 0.02395242,  0.80488591],
       [-0.00157136,  0.77809472],
       ...,
       [-0.00931445,  0.77174092],
       [-0.01375591,  0.76550672],
       [ 0.01332044,  0.79539682]], dtype=float64), 'z_uncertain1': Array([[ 0.00169063,  0.1879698 ],
       [-0.00347025,  0.181095  ],
       [-0.00283071,  0.1882345 ],
       ...,
       [ 0.00158112,  0.18263036],
       [ 0.00169109,  0.19441283],
       [ 0.00079298,  0.14067987]], dtype=float64), 'z_uncertain2': Array([[-5.05030497e-03,  7.75229272e-01],
       [ 6.37652647e-03,  7.89874629e-01],
       [-1.23835881e-02,  7.62643615e-01],
       ...,
       [ 2.52820490e-03,  7.77618624e-01],
       [-2.73775444e-04,  7.73995846e-01],
       [ 3.77620366e-03,  7.84006107e-01]], dtype=float64), 'z_uncertain3': Array([[0.0076333 , 0.11666318],
       [0.00285732, 0.17233918],
       [0.00240472, 0.16743937],
       ...,
       [0.00416783, 0.20627101],
       [0.00213301, 0.1790159 ],
       [0.00512601, 0.17888727]], dtype=float64), 'z_uncertain4': Array([[ 0.32116447,  0.00047846],
       [ 0.21149977,  0.0053279 ],
       [ 0.33570259, -0.00174242],
       ...,
       [ 0.25727356, -0.00191464],
       [ 0.21885829,  0.0052618 ],
       [ 0.38433577, -0.00351065]], dtype=float64)}
Script finished in 6 minutes and 7 seconds.
