hpc-node03
	Adding nVidia Cuda Toolkit 11.8
	Adding nVidia cuDNN 8.6 (.0.163)
	Adding nvtop
Wed Jun 12 15:55:37 2024       
+-----------------------------------------------------------------------------------------+
| NVIDIA-SMI 550.54.15              Driver Version: 550.54.15      CUDA Version: 12.4     |
|-----------------------------------------+------------------------+----------------------+
| GPU  Name                 Persistence-M | Bus-Id          Disp.A | Volatile Uncorr. ECC |
| Fan  Temp   Perf          Pwr:Usage/Cap |           Memory-Usage | GPU-Util  Compute M. |
|                                         |                        |               MIG M. |
|=========================================+========================+======================|
|   0  NVIDIA L40                     On  |   00000000:17:00.0 Off |                    0 |
| N/A   42C    P8             37W /  300W |       0MiB /  46068MiB |      0%      Default |
|                                         |                        |                  N/A |
+-----------------------------------------+------------------------+----------------------+
|   1  NVIDIA L40                     On  |   00000000:65:00.0 Off |                    0 |
| N/A   26C    P8             24W /  300W |       0MiB /  46068MiB |      0%      Default |
|                                         |                        |                  N/A |
+-----------------------------------------+------------------------+----------------------+
|   2  NVIDIA L40                     On  |   00000000:CA:00.0 Off |                    0 |
| N/A   26C    P8             24W /  300W |       0MiB /  46068MiB |      0%      Default |
|                                         |                        |                  N/A |
+-----------------------------------------+------------------------+----------------------+
|   3  NVIDIA L40                     On  |   00000000:E3:00.0 Off |                    0 |
| N/A   26C    P8             22W /  300W |       0MiB /  46068MiB |      0%      Default |
|                                         |                        |                  N/A |
+-----------------------------------------+------------------------+----------------------+
                                                                                         
+-----------------------------------------------------------------------------------------+
| Processes:                                                                              |
|  GPU   GI   CI        PID   Type   Process name                              GPU Memory |
|        ID   ID                                                               Usage      |
|=========================================================================================|
|  No running processes found                                                             |
+-----------------------------------------------------------------------------------------+
Date              = Wed Jun 12 15:55:38 CEST 2024
Hostname          = hpc-node03
Working Directory = /local/292828
Number of nodes used        : 1
Number of MPI tasks         : 1
Number of threads           : 16
Number of MPI tasks per node: 1
Number of threads per core  : 
Name of nodes used          : hpc-node03
Gpu devices                 : 0
Starting worker: 
Xu_fixed:  [[0.         0.95006237]
 [0.         0.94521492]
 [0.         0.39422269]
 [0.         0.34238744]
 [0.         0.53206767]
 [0.42300447 0.        ]
 [0.37513696 0.        ]
 [0.51259359 0.        ]
 [0.54022212 0.        ]
 [0.25327558 0.        ]
 [1.         0.39326737]
 [1.         0.69942523]
 [1.         0.78878791]
 [1.         0.39758325]
 [1.         0.41364807]]
sigma_init_yu: 0.38241191379969613	sigma_init_yf: 18.110598031070833	sigma_init: 15.277121536300566
new_sigma_init_yu: 0.38241191379969613	new_sigma_init_yf: 0.5572528171534301	new_sigma_init: 0.5579119726459159
Xu_noise: [[ 0.53441744 -0.01512023]
 [ 0.37383673  0.84915495]
 [ 0.61160043  0.25683977]
 [ 0.21138835  0.81214232]
 [ 0.47124844  0.27870854]]
Xu_noise shape: (5, 2)
Step 0: Learning rate = 0.001000
Step 1: Learning rate = 0.001000
Step 2: Learning rate = 0.001000
Step 3: Learning rate = 0.001000
Step 4: Learning rate = 0.001000
Step 5: Learning rate = 0.000999
Step 6: Learning rate = 0.000999
Step 7: Learning rate = 0.000999
Step 8: Learning rate = 0.000999
Step 9: Learning rate = 0.000999
Step 10: Learning rate = 0.000999
Step 11: Learning rate = 0.000999
Step 12: Learning rate = 0.000999
Step 13: Learning rate = 0.000999
Step 14: Learning rate = 0.000999
Step 15: Learning rate = 0.000998
Step 16: Learning rate = 0.000998
Step 17: Learning rate = 0.000998
Step 18: Learning rate = 0.000998
Step 19: Learning rate = 0.000998
Step 20: Learning rate = 0.000998
Step 21: Learning rate = 0.000998
Step 22: Learning rate = 0.000998
Step 23: Learning rate = 0.000998
Step 24: Learning rate = 0.000997
Step 25: Learning rate = 0.000997
Step 26: Learning rate = 0.000997
Step 27: Learning rate = 0.000997
Step 28: Learning rate = 0.000997
Step 29: Learning rate = 0.000997
Step 30: Learning rate = 0.000997
Step 31: Learning rate = 0.000997
Step 32: Learning rate = 0.000997
Step 33: Learning rate = 0.000997
Step 34: Learning rate = 0.000996
Step 35: Learning rate = 0.000996
Step 36: Learning rate = 0.000996
Step 37: Learning rate = 0.000996
Step 38: Learning rate = 0.000996
Step 39: Learning rate = 0.000996
Step 40: Learning rate = 0.000996
Step 41: Learning rate = 0.000996
Step 42: Learning rate = 0.000996
Step 43: Learning rate = 0.000995
Step 44: Learning rate = 0.000995
Step 45: Learning rate = 0.000995
Step 46: Learning rate = 0.000995
Step 47: Learning rate = 0.000995
Step 48: Learning rate = 0.000995
Step 49: Learning rate = 0.000995
Step 50: Learning rate = 0.000995
Step 51: Learning rate = 0.000995
Step 52: Learning rate = 0.000995
Step 53: Learning rate = 0.000994
Step 54: Learning rate = 0.000994
Step 55: Learning rate = 0.000994
Step 56: Learning rate = 0.000994
Step 57: Learning rate = 0.000994
Step 58: Learning rate = 0.000994
Step 59: Learning rate = 0.000994
Step 60: Learning rate = 0.000994
Step 61: Learning rate = 0.000994
Step 62: Learning rate = 0.000993
Step 63: Learning rate = 0.000993
Step 64: Learning rate = 0.000993
Step 65: Learning rate = 0.000993
Step 66: Learning rate = 0.000993
Step 67: Learning rate = 0.000993
Step 68: Learning rate = 0.000993
Step 69: Learning rate = 0.000993
Step 70: Learning rate = 0.000993
Step 71: Learning rate = 0.000993
Step 72: Learning rate = 0.000992
Step 73: Learning rate = 0.000992
Step 74: Learning rate = 0.000992
Step 75: Learning rate = 0.000992
Step 76: Learning rate = 0.000992
Step 77: Learning rate = 0.000992
Step 78: Learning rate = 0.000992
Step 79: Learning rate = 0.000992
Step 80: Learning rate = 0.000992
Step 81: Learning rate = 0.000992
Step 82: Learning rate = 0.000991
Step 83: Learning rate = 0.000991
Step 84: Learning rate = 0.000991
Step 85: Learning rate = 0.000991
Step 86: Learning rate = 0.000991
Step 87: Learning rate = 0.000991
Step 88: Learning rate = 0.000991
Step 89: Learning rate = 0.000991
Step 90: Learning rate = 0.000991
Step 91: Learning rate = 0.000990
Step 92: Learning rate = 0.000990
Step 93: Learning rate = 0.000990
Step 94: Learning rate = 0.000990
Step 95: Learning rate = 0.000990
Step 96: Learning rate = 0.000990
Step 97: Learning rate = 0.000990
Step 98: Learning rate = 0.000990
Step 99: Learning rate = 0.000990
Step 100: Learning rate = 0.000990
Step 101: Learning rate = 0.000989
Step 102: Learning rate = 0.000989
Step 103: Learning rate = 0.000989
Step 104: Learning rate = 0.000989
Step 105: Learning rate = 0.000989
Step 106: Learning rate = 0.000989
Step 107: Learning rate = 0.000989
Step 108: Learning rate = 0.000989
Step 109: Learning rate = 0.000989
Step 110: Learning rate = 0.000988
Step 111: Learning rate = 0.000988
Step 112: Learning rate = 0.000988
Step 113: Learning rate = 0.000988
Step 114: Learning rate = 0.000988
Step 115: Learning rate = 0.000988
Step 116: Learning rate = 0.000988
Step 117: Learning rate = 0.000988
Step 118: Learning rate = 0.000988
Step 119: Learning rate = 0.000988
Step 120: Learning rate = 0.000987
Step 121: Learning rate = 0.000987
Step 122: Learning rate = 0.000987
Step 123: Learning rate = 0.000987
Step 124: Learning rate = 0.000987
Step 125: Learning rate = 0.000987
Step 126: Learning rate = 0.000987
Step 127: Learning rate = 0.000987
Step 128: Learning rate = 0.000987
Step 129: Learning rate = 0.000987
Step 130: Learning rate = 0.000986
Step 131: Learning rate = 0.000986
Step 132: Learning rate = 0.000986
Step 133: Learning rate = 0.000986
Step 134: Learning rate = 0.000986
Step 135: Learning rate = 0.000986
Step 136: Learning rate = 0.000986
Step 137: Learning rate = 0.000986
Step 138: Learning rate = 0.000986
Step 139: Learning rate = 0.000985
Step 140: Learning rate = 0.000985
Step 141: Learning rate = 0.000985
Step 142: Learning rate = 0.000985
Step 143: Learning rate = 0.000985
Step 144: Learning rate = 0.000985
Step 145: Learning rate = 0.000985
Step 146: Learning rate = 0.000985
Step 147: Learning rate = 0.000985
Step 148: Learning rate = 0.000985
Step 149: Learning rate = 0.000984
Step 150: Learning rate = 0.000984
Step 151: Learning rate = 0.000984
Step 152: Learning rate = 0.000984
Step 153: Learning rate = 0.000984
Step 154: Learning rate = 0.000984
Step 155: Learning rate = 0.000984
Step 156: Learning rate = 0.000984
Step 157: Learning rate = 0.000984
Step 158: Learning rate = 0.000983
Step 159: Learning rate = 0.000983
Step 160: Learning rate = 0.000983
Step 161: Learning rate = 0.000983
Step 162: Learning rate = 0.000983
Step 163: Learning rate = 0.000983
Step 164: Learning rate = 0.000983
Step 165: Learning rate = 0.000983
Step 166: Learning rate = 0.000983
Step 167: Learning rate = 0.000983
Step 168: Learning rate = 0.000982
Step 169: Learning rate = 0.000982
Step 170: Learning rate = 0.000982
Step 171: Learning rate = 0.000982
Step 172: Learning rate = 0.000982
Step 173: Learning rate = 0.000982
Step 174: Learning rate = 0.000982
Step 175: Learning rate = 0.000982
Step 176: Learning rate = 0.000982
Step 177: Learning rate = 0.000982
Step 178: Learning rate = 0.000981
Step 179: Learning rate = 0.000981
Step 180: Learning rate = 0.000981
Step 181: Learning rate = 0.000981
Step 182: Learning rate = 0.000981
Step 183: Learning rate = 0.000981
Step 184: Learning rate = 0.000981
Step 185: Learning rate = 0.000981
Step 186: Learning rate = 0.000981
Step 187: Learning rate = 0.000980
Step 188: Learning rate = 0.000980
Step 189: Learning rate = 0.000980
Step 190: Learning rate = 0.000980
Step 191: Learning rate = 0.000980
Step 192: Learning rate = 0.000980
Step 193: Learning rate = 0.000980
Step 194: Learning rate = 0.000980
Step 195: Learning rate = 0.000980
Step 196: Learning rate = 0.000980
Step 197: Learning rate = 0.000979
Step 198: Learning rate = 0.000979
Step 199: Learning rate = 0.000979
Step 200: Learning rate = 0.000979
Step 201: Learning rate = 0.000979
Step 202: Learning rate = 0.000979
Step 203: Learning rate = 0.000979
Step 204: Learning rate = 0.000979
Step 205: Learning rate = 0.000979
Step 206: Learning rate = 0.000979
Step 207: Learning rate = 0.000978
Step 208: Learning rate = 0.000978
Step 209: Learning rate = 0.000978
Step 210: Learning rate = 0.000978
Step 211: Learning rate = 0.000978
Step 212: Learning rate = 0.000978
Step 213: Learning rate = 0.000978
Step 214: Learning rate = 0.000978
Step 215: Learning rate = 0.000978
Step 216: Learning rate = 0.000977
Step 217: Learning rate = 0.000977
Step 218: Learning rate = 0.000977
Step 219: Learning rate = 0.000977
Step 220: Learning rate = 0.000977
Step 221: Learning rate = 0.000977
Step 222: Learning rate = 0.000977
Step 223: Learning rate = 0.000977
Step 224: Learning rate = 0.000977
Step 225: Learning rate = 0.000977
Step 226: Learning rate = 0.000976
Step 227: Learning rate = 0.000976
Step 228: Learning rate = 0.000976
Step 229: Learning rate = 0.000976
Step 230: Learning rate = 0.000976
Step 231: Learning rate = 0.000976
Step 232: Learning rate = 0.000976
Step 233: Learning rate = 0.000976
Step 234: Learning rate = 0.000976
Step 235: Learning rate = 0.000976
Step 236: Learning rate = 0.000975
Step 237: Learning rate = 0.000975
Step 238: Learning rate = 0.000975
Step 239: Learning rate = 0.000975
Step 240: Learning rate = 0.000975
Step 241: Learning rate = 0.000975
Step 242: Learning rate = 0.000975
Step 243: Learning rate = 0.000975
Step 244: Learning rate = 0.000975
Step 245: Learning rate = 0.000975
Step 246: Learning rate = 0.000974
Step 247: Learning rate = 0.000974
Step 248: Learning rate = 0.000974
Step 249: Learning rate = 0.000974
Step 250: Learning rate = 0.000974
Step 251: Learning rate = 0.000974
Step 252: Learning rate = 0.000974
Step 253: Learning rate = 0.000974
Step 254: Learning rate = 0.000974
Step 255: Learning rate = 0.000973
Step 256: Learning rate = 0.000973
Step 257: Learning rate = 0.000973
Step 258: Learning rate = 0.000973
Step 259: Learning rate = 0.000973
Step 260: Learning rate = 0.000973
Step 261: Learning rate = 0.000973
Step 262: Learning rate = 0.000973
Step 263: Learning rate = 0.000973
Step 264: Learning rate = 0.000973
Step 265: Learning rate = 0.000972
Step 266: Learning rate = 0.000972
Step 267: Learning rate = 0.000972
Step 268: Learning rate = 0.000972
Step 269: Learning rate = 0.000972
Step 270: Learning rate = 0.000972
Step 271: Learning rate = 0.000972
Step 272: Learning rate = 0.000972
Step 273: Learning rate = 0.000972
Step 274: Learning rate = 0.000972
Step 275: Learning rate = 0.000971
Step 276: Learning rate = 0.000971
Step 277: Learning rate = 0.000971
Step 278: Learning rate = 0.000971
Step 279: Learning rate = 0.000971
Step 280: Learning rate = 0.000971
Step 281: Learning rate = 0.000971
Step 282: Learning rate = 0.000971
Step 283: Learning rate = 0.000971
Step 284: Learning rate = 0.000971
Step 285: Learning rate = 0.000970
Step 286: Learning rate = 0.000970
Step 287: Learning rate = 0.000970
Step 288: Learning rate = 0.000970
Step 289: Learning rate = 0.000970
Step 290: Learning rate = 0.000970
Step 291: Learning rate = 0.000970
Step 292: Learning rate = 0.000970
Step 293: Learning rate = 0.000970
Step 294: Learning rate = 0.000969
Step 295: Learning rate = 0.000969
Step 296: Learning rate = 0.000969
Step 297: Learning rate = 0.000969
Step 298: Learning rate = 0.000969
Step 299: Learning rate = 0.000969
Step 300: Learning rate = 0.000969
Step 301: Learning rate = 0.000969
Step 302: Learning rate = 0.000969
Step 303: Learning rate = 0.000969
Step 304: Learning rate = 0.000968
Step 305: Learning rate = 0.000968
Step 306: Learning rate = 0.000968
Step 307: Learning rate = 0.000968
Step 308: Learning rate = 0.000968
Step 309: Learning rate = 0.000968
Step 310: Learning rate = 0.000968
Step 311: Learning rate = 0.000968
Step 312: Learning rate = 0.000968
Step 313: Learning rate = 0.000968
Step 314: Learning rate = 0.000967
Step 315: Learning rate = 0.000967
Step 316: Learning rate = 0.000967
Step 317: Learning rate = 0.000967
Step 318: Learning rate = 0.000967
Step 319: Learning rate = 0.000967
Step 320: Learning rate = 0.000967
Step 321: Learning rate = 0.000967
Step 322: Learning rate = 0.000967
Step 323: Learning rate = 0.000967
Step 324: Learning rate = 0.000966
Step 325: Learning rate = 0.000966
Step 326: Learning rate = 0.000966
Step 327: Learning rate = 0.000966
Step 328: Learning rate = 0.000966
Step 329: Learning rate = 0.000966
Step 330: Learning rate = 0.000966
Step 331: Learning rate = 0.000966
Step 332: Learning rate = 0.000966
Step 333: Learning rate = 0.000966
Step 334: Learning rate = 0.000965
Step 335: Learning rate = 0.000965
Step 336: Learning rate = 0.000965
Step 337: Learning rate = 0.000965
Step 338: Learning rate = 0.000965
Step 339: Learning rate = 0.000965
Step 340: Learning rate = 0.000965
Step 341: Learning rate = 0.000965
Step 342: Learning rate = 0.000965
Step 343: Learning rate = 0.000965
Step 344: Learning rate = 0.000964
Step 345: Learning rate = 0.000964
Step 346: Learning rate = 0.000964
Step 347: Learning rate = 0.000964
Step 348: Learning rate = 0.000964
Step 349: Learning rate = 0.000964
Step 350: Learning rate = 0.000964
Step 351: Learning rate = 0.000964
Step 352: Learning rate = 0.000964
Step 353: Learning rate = 0.000963
Step 354: Learning rate = 0.000963
Step 355: Learning rate = 0.000963
Step 356: Learning rate = 0.000963
Step 357: Learning rate = 0.000963
Step 358: Learning rate = 0.000963
Step 359: Learning rate = 0.000963
Step 360: Learning rate = 0.000963
Step 361: Learning rate = 0.000963
Step 362: Learning rate = 0.000963
Step 363: Learning rate = 0.000962
Step 364: Learning rate = 0.000962
Step 365: Learning rate = 0.000962
Step 366: Learning rate = 0.000962
Step 367: Learning rate = 0.000962
Step 368: Learning rate = 0.000962
Step 369: Learning rate = 0.000962
Step 370: Learning rate = 0.000962
Step 371: Learning rate = 0.000962
Step 372: Learning rate = 0.000962
Step 373: Learning rate = 0.000961
Step 374: Learning rate = 0.000961
Step 375: Learning rate = 0.000961
Step 376: Learning rate = 0.000961
Step 377: Learning rate = 0.000961
Step 378: Learning rate = 0.000961
Step 379: Learning rate = 0.000961
Step 380: Learning rate = 0.000961
Step 381: Learning rate = 0.000961
Step 382: Learning rate = 0.000961
Step 383: Learning rate = 0.000960
Step 384: Learning rate = 0.000960
Step 385: Learning rate = 0.000960
Step 386: Learning rate = 0.000960
Step 387: Learning rate = 0.000960
Step 388: Learning rate = 0.000960
Step 389: Learning rate = 0.000960
Step 390: Learning rate = 0.000960
Step 391: Learning rate = 0.000960
Step 392: Learning rate = 0.000960
Step 393: Learning rate = 0.000959
Step 394: Learning rate = 0.000959
Step 395: Learning rate = 0.000959
Step 396: Learning rate = 0.000959
Step 397: Learning rate = 0.000959
Step 398: Learning rate = 0.000959
Step 399: Learning rate = 0.000959
Step 400: Learning rate = 0.000959
Step 401: Learning rate = 0.000959
Step 402: Learning rate = 0.000959
Step 403: Learning rate = 0.000958
Step 404: Learning rate = 0.000958
Step 405: Learning rate = 0.000958
Step 406: Learning rate = 0.000958
Step 407: Learning rate = 0.000958
Step 408: Learning rate = 0.000958
Step 409: Learning rate = 0.000958
Step 410: Learning rate = 0.000958
Step 411: Learning rate = 0.000958
Step 412: Learning rate = 0.000958
Step 413: Learning rate = 0.000957
Step 414: Learning rate = 0.000957
Step 415: Learning rate = 0.000957
Step 416: Learning rate = 0.000957
Step 417: Learning rate = 0.000957
Step 418: Learning rate = 0.000957
Step 419: Learning rate = 0.000957
Step 420: Learning rate = 0.000957
Step 421: Learning rate = 0.000957
Step 422: Learning rate = 0.000957
Step 423: Learning rate = 0.000956
Step 424: Learning rate = 0.000956
Step 425: Learning rate = 0.000956
Step 426: Learning rate = 0.000956
Step 427: Learning rate = 0.000956
Step 428: Learning rate = 0.000956
Step 429: Learning rate = 0.000956
Step 430: Learning rate = 0.000956
Step 431: Learning rate = 0.000956
Step 432: Learning rate = 0.000956
Step 433: Learning rate = 0.000955
Step 434: Learning rate = 0.000955
Step 435: Learning rate = 0.000955
Step 436: Learning rate = 0.000955
Step 437: Learning rate = 0.000955
Step 438: Learning rate = 0.000955
Step 439: Learning rate = 0.000955
Step 440: Learning rate = 0.000955
Step 441: Learning rate = 0.000955
Step 442: Learning rate = 0.000954
Step 443: Learning rate = 0.000954
Step 444: Learning rate = 0.000954
Step 445: Learning rate = 0.000954
Step 446: Learning rate = 0.000954
Step 447: Learning rate = 0.000954
Step 448: Learning rate = 0.000954
Step 449: Learning rate = 0.000954
Step 450: Learning rate = 0.000954
Step 451: Learning rate = 0.000954
Step 452: Learning rate = 0.000953
Step 453: Learning rate = 0.000953
Step 454: Learning rate = 0.000953
Step 455: Learning rate = 0.000953
Step 456: Learning rate = 0.000953
Step 457: Learning rate = 0.000953
Step 458: Learning rate = 0.000953
Step 459: Learning rate = 0.000953
Step 460: Learning rate = 0.000953
Step 461: Learning rate = 0.000953
Step 462: Learning rate = 0.000952
Step 463: Learning rate = 0.000952
Step 464: Learning rate = 0.000952
Step 465: Learning rate = 0.000952
Step 466: Learning rate = 0.000952
Step 467: Learning rate = 0.000952
Step 468: Learning rate = 0.000952
Step 469: Learning rate = 0.000952
Step 470: Learning rate = 0.000952
Step 471: Learning rate = 0.000952
Step 472: Learning rate = 0.000951
Step 473: Learning rate = 0.000951
Step 474: Learning rate = 0.000951
Step 475: Learning rate = 0.000951
Step 476: Learning rate = 0.000951
Step 477: Learning rate = 0.000951
Step 478: Learning rate = 0.000951
Step 479: Learning rate = 0.000951
Step 480: Learning rate = 0.000951
Step 481: Learning rate = 0.000951
Step 482: Learning rate = 0.000950
Step 483: Learning rate = 0.000950
Step 484: Learning rate = 0.000950
Step 485: Learning rate = 0.000950
Step 486: Learning rate = 0.000950
Step 487: Learning rate = 0.000950
Step 488: Learning rate = 0.000950
Step 489: Learning rate = 0.000950
Step 490: Learning rate = 0.000950
Step 491: Learning rate = 0.000950
Step 492: Learning rate = 0.000949
Step 493: Learning rate = 0.000949
Step 494: Learning rate = 0.000949
Step 495: Learning rate = 0.000949
Step 496: Learning rate = 0.000949
Step 497: Learning rate = 0.000949
Step 498: Learning rate = 0.000949
Step 499: Learning rate = 0.000949
Step 500: Learning rate = 0.000949
Step 501: Learning rate = 0.000949
Step 502: Learning rate = 0.000948
Step 503: Learning rate = 0.000948
Step 504: Learning rate = 0.000948
Step 505: Learning rate = 0.000948
Step 506: Learning rate = 0.000948
Step 507: Learning rate = 0.000948
Step 508: Learning rate = 0.000948
Step 509: Learning rate = 0.000948
Step 510: Learning rate = 0.000948
Step 511: Learning rate = 0.000948
Step 512: Learning rate = 0.000947
Step 513: Learning rate = 0.000947
Step 514: Learning rate = 0.000947
Step 515: Learning rate = 0.000947
Step 516: Learning rate = 0.000947
Step 517: Learning rate = 0.000947
Step 518: Learning rate = 0.000947
Step 519: Learning rate = 0.000947
Step 520: Learning rate = 0.000947
Step 521: Learning rate = 0.000947
Step 522: Learning rate = 0.000946
Step 523: Learning rate = 0.000946
Step 524: Learning rate = 0.000946
Step 525: Learning rate = 0.000946
Step 526: Learning rate = 0.000946
Step 527: Learning rate = 0.000946
Step 528: Learning rate = 0.000946
Step 529: Learning rate = 0.000946
Step 530: Learning rate = 0.000946
Step 531: Learning rate = 0.000946
Step 532: Learning rate = 0.000945
Step 533: Learning rate = 0.000945
Step 534: Learning rate = 0.000945
Step 535: Learning rate = 0.000945
Step 536: Learning rate = 0.000945
Step 537: Learning rate = 0.000945
Step 538: Learning rate = 0.000945
Step 539: Learning rate = 0.000945
Step 540: Learning rate = 0.000945
Step 541: Learning rate = 0.000945
Step 542: Learning rate = 0.000944
Step 543: Learning rate = 0.000944
Step 544: Learning rate = 0.000944
Step 545: Learning rate = 0.000944
Step 546: Learning rate = 0.000944
Step 547: Learning rate = 0.000944
Step 548: Learning rate = 0.000944
Step 549: Learning rate = 0.000944
Step 550: Learning rate = 0.000944
Step 551: Learning rate = 0.000944
Step 552: Learning rate = 0.000943
Step 553: Learning rate = 0.000943
Step 554: Learning rate = 0.000943
Step 555: Learning rate = 0.000943
Step 556: Learning rate = 0.000943
Step 557: Learning rate = 0.000943
Step 558: Learning rate = 0.000943
Step 559: Learning rate = 0.000943
Step 560: Learning rate = 0.000943
Step 561: Learning rate = 0.000943
Step 562: Learning rate = 0.000943
Step 563: Learning rate = 0.000942
Step 564: Learning rate = 0.000942
Step 565: Learning rate = 0.000942
Step 566: Learning rate = 0.000942
Step 567: Learning rate = 0.000942
Step 568: Learning rate = 0.000942
Step 569: Learning rate = 0.000942
Step 570: Learning rate = 0.000942
Step 571: Learning rate = 0.000942
Step 572: Learning rate = 0.000942
Step 573: Learning rate = 0.000941
Step 574: Learning rate = 0.000941
Step 575: Learning rate = 0.000941
Step 576: Learning rate = 0.000941
Step 577: Learning rate = 0.000941
Step 578: Learning rate = 0.000941
Step 579: Learning rate = 0.000941
Step 580: Learning rate = 0.000941
Step 581: Learning rate = 0.000941
Step 582: Learning rate = 0.000941
Step 583: Learning rate = 0.000940
Step 584: Learning rate = 0.000940
Step 585: Learning rate = 0.000940
Step 586: Learning rate = 0.000940
Step 587: Learning rate = 0.000940
Step 588: Learning rate = 0.000940
Step 589: Learning rate = 0.000940
Step 590: Learning rate = 0.000940
Step 591: Learning rate = 0.000940
Step 592: Learning rate = 0.000940
Step 593: Learning rate = 0.000939
Step 594: Learning rate = 0.000939
Step 595: Learning rate = 0.000939
Step 596: Learning rate = 0.000939
Step 597: Learning rate = 0.000939
Step 598: Learning rate = 0.000939
Step 599: Learning rate = 0.000939
Step 600: Learning rate = 0.000939
Step 601: Learning rate = 0.000939
Step 602: Learning rate = 0.000939
Step 603: Learning rate = 0.000938
Step 604: Learning rate = 0.000938
Step 605: Learning rate = 0.000938
Step 606: Learning rate = 0.000938
Step 607: Learning rate = 0.000938
Step 608: Learning rate = 0.000938
Step 609: Learning rate = 0.000938
Step 610: Learning rate = 0.000938
Step 611: Learning rate = 0.000938
Step 612: Learning rate = 0.000938
Step 613: Learning rate = 0.000937
Step 614: Learning rate = 0.000937
Step 615: Learning rate = 0.000937
Step 616: Learning rate = 0.000937
Step 617: Learning rate = 0.000937
Step 618: Learning rate = 0.000937
Step 619: Learning rate = 0.000937
Step 620: Learning rate = 0.000937
Step 621: Learning rate = 0.000937
Step 622: Learning rate = 0.000937
Step 623: Learning rate = 0.000936
Step 624: Learning rate = 0.000936
Step 625: Learning rate = 0.000936
Step 626: Learning rate = 0.000936
Step 627: Learning rate = 0.000936
Step 628: Learning rate = 0.000936
Step 629: Learning rate = 0.000936
Step 630: Learning rate = 0.000936
Step 631: Learning rate = 0.000936
Step 632: Learning rate = 0.000936
Step 633: Learning rate = 0.000935
Step 634: Learning rate = 0.000935
Step 635: Learning rate = 0.000935
Step 636: Learning rate = 0.000935
Step 637: Learning rate = 0.000935
Step 638: Learning rate = 0.000935
Step 639: Learning rate = 0.000935
Step 640: Learning rate = 0.000935
Step 641: Learning rate = 0.000935
Step 642: Learning rate = 0.000935
Step 643: Learning rate = 0.000934
Step 644: Learning rate = 0.000934
Step 645: Learning rate = 0.000934
Step 646: Learning rate = 0.000934
Step 647: Learning rate = 0.000934
Step 648: Learning rate = 0.000934
Step 649: Learning rate = 0.000934
Step 650: Learning rate = 0.000934
Step 651: Learning rate = 0.000934
Step 652: Learning rate = 0.000934
Step 653: Learning rate = 0.000934
Step 654: Learning rate = 0.000933
Step 655: Learning rate = 0.000933
Step 656: Learning rate = 0.000933
Step 657: Learning rate = 0.000933
Step 658: Learning rate = 0.000933
Step 659: Learning rate = 0.000933
Step 660: Learning rate = 0.000933
Step 661: Learning rate = 0.000933
Step 662: Learning rate = 0.000933
Step 663: Learning rate = 0.000933
Step 664: Learning rate = 0.000932
Step 665: Learning rate = 0.000932
Step 666: Learning rate = 0.000932
Step 667: Learning rate = 0.000932
Step 668: Learning rate = 0.000932
Step 669: Learning rate = 0.000932
Step 670: Learning rate = 0.000932
Step 671: Learning rate = 0.000932
Step 672: Learning rate = 0.000932
Step 673: Learning rate = 0.000932
Step 674: Learning rate = 0.000931
Step 675: Learning rate = 0.000931
Step 676: Learning rate = 0.000931
Step 677: Learning rate = 0.000931
Step 678: Learning rate = 0.000931
Step 679: Learning rate = 0.000931
Step 680: Learning rate = 0.000931
Step 681: Learning rate = 0.000931
Step 682: Learning rate = 0.000931
Step 683: Learning rate = 0.000931
Step 684: Learning rate = 0.000930
Step 685: Learning rate = 0.000930
Step 686: Learning rate = 0.000930
Step 687: Learning rate = 0.000930
Step 688: Learning rate = 0.000930
Step 689: Learning rate = 0.000930
Step 690: Learning rate = 0.000930
Step 691: Learning rate = 0.000930
Step 692: Learning rate = 0.000930
Step 693: Learning rate = 0.000930
Step 694: Learning rate = 0.000929
Step 695: Learning rate = 0.000929
Step 696: Learning rate = 0.000929
Step 697: Learning rate = 0.000929
Step 698: Learning rate = 0.000929
Step 699: Learning rate = 0.000929
Step 700: Learning rate = 0.000929
Step 701: Learning rate = 0.000929
Step 702: Learning rate = 0.000929
Step 703: Learning rate = 0.000929
Step 704: Learning rate = 0.000929
Step 705: Learning rate = 0.000928
Step 706: Learning rate = 0.000928
Step 707: Learning rate = 0.000928
Step 708: Learning rate = 0.000928
Step 709: Learning rate = 0.000928
Step 710: Learning rate = 0.000928
Step 711: Learning rate = 0.000928
Step 712: Learning rate = 0.000928
Step 713: Learning rate = 0.000928
Step 714: Learning rate = 0.000928
Step 715: Learning rate = 0.000927
Step 716: Learning rate = 0.000927
Step 717: Learning rate = 0.000927
Step 718: Learning rate = 0.000927
Step 719: Learning rate = 0.000927
Step 720: Learning rate = 0.000927
Step 721: Learning rate = 0.000927
Step 722: Learning rate = 0.000927
Step 723: Learning rate = 0.000927
Step 724: Learning rate = 0.000927
Step 725: Learning rate = 0.000926
Step 726: Learning rate = 0.000926
Step 727: Learning rate = 0.000926
Step 728: Learning rate = 0.000926
Step 729: Learning rate = 0.000926
Step 730: Learning rate = 0.000926
Step 731: Learning rate = 0.000926
Step 732: Learning rate = 0.000926
Step 733: Learning rate = 0.000926
Step 734: Learning rate = 0.000926
Step 735: Learning rate = 0.000925
Step 736: Learning rate = 0.000925
Step 737: Learning rate = 0.000925
Step 738: Learning rate = 0.000925
Step 739: Learning rate = 0.000925
Step 740: Learning rate = 0.000925
Step 741: Learning rate = 0.000925
Step 742: Learning rate = 0.000925
Step 743: Learning rate = 0.000925
Step 744: Learning rate = 0.000925
Step 745: Learning rate = 0.000925
Step 746: Learning rate = 0.000924
Step 747: Learning rate = 0.000924
Step 748: Learning rate = 0.000924
Step 749: Learning rate = 0.000924
Step 750: Learning rate = 0.000924
Step 751: Learning rate = 0.000924
Step 752: Learning rate = 0.000924
Step 753: Learning rate = 0.000924
Step 754: Learning rate = 0.000924
Step 755: Learning rate = 0.000924
Step 756: Learning rate = 0.000923
Step 757: Learning rate = 0.000923
Step 758: Learning rate = 0.000923
Step 759: Learning rate = 0.000923
Step 760: Learning rate = 0.000923
Step 761: Learning rate = 0.000923
Step 762: Learning rate = 0.000923
Step 763: Learning rate = 0.000923
Step 764: Learning rate = 0.000923
Step 765: Learning rate = 0.000923
Step 766: Learning rate = 0.000922
Step 767: Learning rate = 0.000922
Step 768: Learning rate = 0.000922
Step 769: Learning rate = 0.000922
Step 770: Learning rate = 0.000922
Step 771: Learning rate = 0.000922
Step 772: Learning rate = 0.000922
Step 773: Learning rate = 0.000922
Step 774: Learning rate = 0.000922
Step 775: Learning rate = 0.000922
Step 776: Learning rate = 0.000921
Step 777: Learning rate = 0.000921
Step 778: Learning rate = 0.000921
Step 779: Learning rate = 0.000921
Step 780: Learning rate = 0.000921
Step 781: Learning rate = 0.000921
Step 782: Learning rate = 0.000921
Step 783: Learning rate = 0.000921
Step 784: Learning rate = 0.000921
Step 785: Learning rate = 0.000921
Step 786: Learning rate = 0.000921
Step 787: Learning rate = 0.000920
Step 788: Learning rate = 0.000920
Step 789: Learning rate = 0.000920
Step 790: Learning rate = 0.000920
Step 791: Learning rate = 0.000920
Step 792: Learning rate = 0.000920
Step 793: Learning rate = 0.000920
Step 794: Learning rate = 0.000920
Step 795: Learning rate = 0.000920
Step 796: Learning rate = 0.000920
Step 797: Learning rate = 0.000919
Step 798: Learning rate = 0.000919
Step 799: Learning rate = 0.000919
Step 800: Learning rate = 0.000919
Step 801: Learning rate = 0.000919
Step 802: Learning rate = 0.000919
Step 803: Learning rate = 0.000919
Step 804: Learning rate = 0.000919
Step 805: Learning rate = 0.000919
Step 806: Learning rate = 0.000919
Step 807: Learning rate = 0.000918
Step 808: Learning rate = 0.000918
Step 809: Learning rate = 0.000918
Step 810: Learning rate = 0.000918
Step 811: Learning rate = 0.000918
Step 812: Learning rate = 0.000918
Step 813: Learning rate = 0.000918
Step 814: Learning rate = 0.000918
Step 815: Learning rate = 0.000918
Step 816: Learning rate = 0.000918
Step 817: Learning rate = 0.000918
Step 818: Learning rate = 0.000917
Step 819: Learning rate = 0.000917
Step 820: Learning rate = 0.000917
Step 821: Learning rate = 0.000917
Step 822: Learning rate = 0.000917
Step 823: Learning rate = 0.000917
Step 824: Learning rate = 0.000917
Step 825: Learning rate = 0.000917
Step 826: Learning rate = 0.000917
Step 827: Learning rate = 0.000917
Step 828: Learning rate = 0.000916
Step 829: Learning rate = 0.000916
Step 830: Learning rate = 0.000916
Step 831: Learning rate = 0.000916
Step 832: Learning rate = 0.000916
Step 833: Learning rate = 0.000916
Step 834: Learning rate = 0.000916
Step 835: Learning rate = 0.000916
Step 836: Learning rate = 0.000916
Step 837: Learning rate = 0.000916
Step 838: Learning rate = 0.000915
Step 839: Learning rate = 0.000915
Step 840: Learning rate = 0.000915
Step 841: Learning rate = 0.000915
Step 842: Learning rate = 0.000915
Step 843: Learning rate = 0.000915
Step 844: Learning rate = 0.000915
Step 845: Learning rate = 0.000915
Step 846: Learning rate = 0.000915
Step 847: Learning rate = 0.000915
Step 848: Learning rate = 0.000915
Step 849: Learning rate = 0.000914
Step 850: Learning rate = 0.000914
Step 851: Learning rate = 0.000914
Step 852: Learning rate = 0.000914
Step 853: Learning rate = 0.000914
Step 854: Learning rate = 0.000914
Step 855: Learning rate = 0.000914
Step 856: Learning rate = 0.000914
Step 857: Learning rate = 0.000914
Step 858: Learning rate = 0.000914
Step 859: Learning rate = 0.000913
Step 860: Learning rate = 0.000913
Step 861: Learning rate = 0.000913
Step 862: Learning rate = 0.000913
Step 863: Learning rate = 0.000913
Step 864: Learning rate = 0.000913
Step 865: Learning rate = 0.000913
Step 866: Learning rate = 0.000913
Step 867: Learning rate = 0.000913
Step 868: Learning rate = 0.000913
Step 869: Learning rate = 0.000913
Step 870: Learning rate = 0.000912
Step 871: Learning rate = 0.000912
Step 872: Learning rate = 0.000912
Step 873: Learning rate = 0.000912
Step 874: Learning rate = 0.000912
Step 875: Learning rate = 0.000912
Step 876: Learning rate = 0.000912
Step 877: Learning rate = 0.000912
Step 878: Learning rate = 0.000912
Step 879: Learning rate = 0.000912
Step 880: Learning rate = 0.000911
Step 881: Learning rate = 0.000911
Step 882: Learning rate = 0.000911
Step 883: Learning rate = 0.000911
Step 884: Learning rate = 0.000911
Step 885: Learning rate = 0.000911
Step 886: Learning rate = 0.000911
Step 887: Learning rate = 0.000911
Step 888: Learning rate = 0.000911
Step 889: Learning rate = 0.000911
Step 890: Learning rate = 0.000910
Step 891: Learning rate = 0.000910
Step 892: Learning rate = 0.000910
Step 893: Learning rate = 0.000910
Step 894: Learning rate = 0.000910
Step 895: Learning rate = 0.000910
Step 896: Learning rate = 0.000910
Step 897: Learning rate = 0.000910
Step 898: Learning rate = 0.000910
Step 899: Learning rate = 0.000910
Step 900: Learning rate = 0.000910
Step 901: Learning rate = 0.000909
Step 902: Learning rate = 0.000909
Step 903: Learning rate = 0.000909
Step 904: Learning rate = 0.000909
Step 905: Learning rate = 0.000909
Step 906: Learning rate = 0.000909
Step 907: Learning rate = 0.000909
Step 908: Learning rate = 0.000909
Step 909: Learning rate = 0.000909
Step 910: Learning rate = 0.000909
Step 911: Learning rate = 0.000908
Step 912: Learning rate = 0.000908
Step 913: Learning rate = 0.000908
Step 914: Learning rate = 0.000908
Step 915: Learning rate = 0.000908
Step 916: Learning rate = 0.000908
Step 917: Learning rate = 0.000908
Step 918: Learning rate = 0.000908
Step 919: Learning rate = 0.000908
Step 920: Learning rate = 0.000908
Step 921: Learning rate = 0.000908
Step 922: Learning rate = 0.000907
Step 923: Learning rate = 0.000907
Step 924: Learning rate = 0.000907
Step 925: Learning rate = 0.000907
Step 926: Learning rate = 0.000907
Step 927: Learning rate = 0.000907
Step 928: Learning rate = 0.000907
Step 929: Learning rate = 0.000907
Step 930: Learning rate = 0.000907
Step 931: Learning rate = 0.000907
Step 932: Learning rate = 0.000906
Step 933: Learning rate = 0.000906
Step 934: Learning rate = 0.000906
Step 935: Learning rate = 0.000906
Step 936: Learning rate = 0.000906
Step 937: Learning rate = 0.000906
Step 938: Learning rate = 0.000906
Step 939: Learning rate = 0.000906
Step 940: Learning rate = 0.000906
Step 941: Learning rate = 0.000906
Step 942: Learning rate = 0.000906
Step 943: Learning rate = 0.000905
Step 944: Learning rate = 0.000905
Step 945: Learning rate = 0.000905
Step 946: Learning rate = 0.000905
Step 947: Learning rate = 0.000905
Step 948: Learning rate = 0.000905
Step 949: Learning rate = 0.000905
Step 950: Learning rate = 0.000905
Step 951: Learning rate = 0.000905
Step 952: Learning rate = 0.000905
Step 953: Learning rate = 0.000904
Step 954: Learning rate = 0.000904
Step 955: Learning rate = 0.000904
Step 956: Learning rate = 0.000904
Step 957: Learning rate = 0.000904
Step 958: Learning rate = 0.000904
Step 959: Learning rate = 0.000904
Step 960: Learning rate = 0.000904
Step 961: Learning rate = 0.000904
Step 962: Learning rate = 0.000904
Step 963: Learning rate = 0.000904
Step 964: Learning rate = 0.000903
Step 965: Learning rate = 0.000903
Step 966: Learning rate = 0.000903
Step 967: Learning rate = 0.000903
Step 968: Learning rate = 0.000903
Step 969: Learning rate = 0.000903
Step 970: Learning rate = 0.000903
Step 971: Learning rate = 0.000903
Step 972: Learning rate = 0.000903
Step 973: Learning rate = 0.000903
Step 974: Learning rate = 0.000902
Step 975: Learning rate = 0.000902
Step 976: Learning rate = 0.000902
Step 977: Learning rate = 0.000902
Step 978: Learning rate = 0.000902
Step 979: Learning rate = 0.000902
Step 980: Learning rate = 0.000902
Step 981: Learning rate = 0.000902
Step 982: Learning rate = 0.000902
Step 983: Learning rate = 0.000902
Step 984: Learning rate = 0.000902
Step 985: Learning rate = 0.000901
Step 986: Learning rate = 0.000901
Step 987: Learning rate = 0.000901
Step 988: Learning rate = 0.000901
Step 989: Learning rate = 0.000901
Step 990: Learning rate = 0.000901
Step 991: Learning rate = 0.000901
Step 992: Learning rate = 0.000901
Step 993: Learning rate = 0.000901
Step 994: Learning rate = 0.000901
Step 995: Learning rate = 0.000900
Step 996: Learning rate = 0.000900
Step 997: Learning rate = 0.000900
Step 998: Learning rate = 0.000900
Step 999: Learning rate = 0.000900
adam
0.001000
1000
Initial loss: 1087214.5240205312
Final loss: 141.54282252913723
start inference
#############################################
z_uncertain_list shape (5, 2)
#############################################
#############################################
z_uncertain_list shape (5, 2)
#############################################
#############################################
z_uncertain_list shape (5, 2)
#############################################

                     mean       std    median      5.0%     95.0%     n_eff     r_hat
z_uncertain0[0]      1.00      0.01      1.00      0.99      1.01     26.54      1.05
z_uncertain0[1]      0.40      0.01      0.40      0.39      0.42     25.97      1.06
z_uncertain1[0]      0.27      0.49      0.32     -0.14      0.55     70.09      1.04
z_uncertain1[1]     -0.09      0.28     -0.00     -0.19      0.00     12.02      1.10
z_uncertain2[0]      0.04      0.41     -0.00     -0.01      0.01    133.11      1.01
z_uncertain2[1]      0.95      0.05      0.95      0.94      0.95    132.41      1.01
z_uncertain3[0]      0.27      0.49      0.33     -0.12      0.55     70.97      1.04
z_uncertain3[1]     -0.09      0.28     -0.00     -0.19      0.00     11.98      1.10
z_uncertain4[0]      0.40      0.10      0.42      0.24      0.52     42.48      1.04
z_uncertain4[1]     -0.00      0.00     -0.00     -0.00      0.00    837.16      1.00

Number of divergences: 9
{'z_uncertain0': Array([[0.99186763, 0.41539357],
       [0.99703324, 0.41561803],
       [0.99605175, 0.39333638],
       ...,
       [0.99840028, 0.41383164],
       [1.0009922 , 0.41076882],
       [1.00093832, 0.41051811]], dtype=float64), 'z_uncertain1': Array([[ 3.14241131e-01, -2.07373875e+00],
       [-5.55718137e-01, -1.66871536e+00],
       [-7.33960168e-01, -1.25942999e+00],
       ...,
       [ 2.55999562e-01,  2.05634679e-05],
       [ 2.64715587e-01,  5.68335633e-04],
       [ 2.56245335e-01, -8.51375909e-06]], dtype=float64), 'z_uncertain2': Array([[ 2.41492391e+00,  1.20848488e+00],
       [ 4.96105938e+00,  1.02354184e+00],
       [ 5.29184180e+00,  1.48247620e+00],
       ...,
       [-7.73561223e-03,  9.44833381e-01],
       [ 1.45400239e-03,  9.49746241e-01],
       [-3.10085571e-03,  9.41213167e-01]], dtype=float64), 'z_uncertain3': Array([[ 3.13127731e-01, -2.07245483e+00],
       [-5.62072074e-01, -1.67008259e+00],
       [-7.38938706e-01, -1.25864510e+00],
       ...,
       [ 4.53987638e-01, -2.85203682e-03],
       [ 3.05829300e-01,  1.46886733e-04],
       [ 4.44043498e-01, -2.82414972e-04]], dtype=float64), 'z_uncertain4': Array([[ 4.79479588e-01, -3.36034197e-04],
       [ 2.54193878e-01,  1.23523384e-03],
       [ 5.26551687e-01, -1.34191819e-03],
       ...,
       [ 2.61649214e-01,  1.46894624e-03],
       [ 3.13309038e-01, -1.64986683e-03],
       [ 4.08519731e-01, -1.30528140e-03]], dtype=float64)}
Script finished in 3 minutes and 51 seconds.
