  0%|          | 0/5500 [00:00<?, ?it/s]  0%|          | 0/5500 [00:00<?, ?it/s]
Traceback (most recent call last):
  File "/local/293430/main.py", line 130, in <module>
    mcmc = run_mcmc(Xu_fixed, Xf, Y, Xu_noise, jnp.eye(2) * prior_var, param_iter, num_samples=num_samples,
  File "/local/293430/include/mcmc_posterior.py", line 79, in run_mcmc
    mcmc.run(rng_key, Xfz, Xfg, Y_data, prior_mean, prior_cov, init_params)
  File "/home/yanw/.conda/envs/uncertain/lib/python3.9/site-packages/numpyro/infer/mcmc.py", line 666, in run
    states_flat, last_state = partial_map_fn(map_args)
  File "/home/yanw/.conda/envs/uncertain/lib/python3.9/site-packages/numpyro/infer/mcmc.py", line 462, in _single_chain_mcmc
    collect_vals = fori_collect(
  File "/home/yanw/.conda/envs/uncertain/lib/python3.9/site-packages/numpyro/util.py", line 367, in fori_collect
    vals = jit(_body_fn)(i, vals)
  File "/home/yanw/.conda/envs/uncertain/lib/python3.9/site-packages/jax/_src/traceback_util.py", line 179, in reraise_with_filtered_traceback
    return fun(*args, **kwargs)
  File "/home/yanw/.conda/envs/uncertain/lib/python3.9/site-packages/jax/_src/pjit.py", line 248, in cache_miss
    outs, out_flat, out_tree, args_flat, jaxpr, attrs_tracked = _python_pjit_helper(
  File "/home/yanw/.conda/envs/uncertain/lib/python3.9/site-packages/jax/_src/pjit.py", line 136, in _python_pjit_helper
    infer_params_fn(*args, **kwargs)
  File "/home/yanw/.conda/envs/uncertain/lib/python3.9/site-packages/jax/_src/api.py", line 325, in infer_params
    return pjit.common_infer_params(pjit_info_args, *args, **kwargs)
  File "/home/yanw/.conda/envs/uncertain/lib/python3.9/site-packages/jax/_src/pjit.py", line 495, in common_infer_params
    jaxpr, consts, out_shardings, out_layouts_flat, attrs_tracked = _pjit_jaxpr(
  File "/home/yanw/.conda/envs/uncertain/lib/python3.9/site-packages/jax/_src/pjit.py", line 1150, in _pjit_jaxpr
    jaxpr, final_consts, out_type, attrs_tracked = _create_pjit_jaxpr(
  File "/home/yanw/.conda/envs/uncertain/lib/python3.9/site-packages/jax/_src/linear_util.py", line 350, in memoized_fun
    ans = call(fun, *args)
  File "/home/yanw/.conda/envs/uncertain/lib/python3.9/site-packages/jax/_src/pjit.py", line 1089, in _create_pjit_jaxpr
    jaxpr, global_out_avals, consts, attrs_tracked = pe.trace_to_jaxpr_dynamic(
  File "/home/yanw/.conda/envs/uncertain/lib/python3.9/site-packages/jax/_src/profiler.py", line 336, in wrapper
    return func(*args, **kwargs)
  File "/home/yanw/.conda/envs/uncertain/lib/python3.9/site-packages/jax/_src/interpreters/partial_eval.py", line 2314, in trace_to_jaxpr_dynamic
    jaxpr, out_avals, consts, attrs_tracked = trace_to_subjaxpr_dynamic(
  File "/home/yanw/.conda/envs/uncertain/lib/python3.9/site-packages/jax/_src/interpreters/partial_eval.py", line 2336, in trace_to_subjaxpr_dynamic
    ans = fun.call_wrapped(*in_tracers_)
  File "/home/yanw/.conda/envs/uncertain/lib/python3.9/site-packages/jax/_src/linear_util.py", line 192, in call_wrapped
    ans = self.f(*args, **dict(self.params, **kwargs))
  File "/home/yanw/.conda/envs/uncertain/lib/python3.9/site-packages/numpyro/util.py", line 332, in _body_fn
    val = body_fun(val)
  File "/home/yanw/.conda/envs/uncertain/lib/python3.9/site-packages/numpyro/infer/mcmc.py", line 188, in _sample_fn_nojit_args
    return (sampler.sample(state[0], args, kwargs),)
  File "/local/293430/include/mcmc_posterior.py", line 68, in sample
    u_proposal = dist.Normal(u, self.step_size).sample(key_proposal)
  File "/home/yanw/.conda/envs/uncertain/lib/python3.9/site-packages/numpyro/distributions/continuous.py", line 2093, in sample
    return self.loc + eps * self.scale
TypeError: unsupported operand type(s) for +: 'NoneType' and 'DynamicJaxprTracer'
--------------------------------------------------------------------------
Primary job  terminated normally, but 1 process returned
a non-zero exit code. Per user-direction, the job has been aborted.
--------------------------------------------------------------------------
--------------------------------------------------------------------------
mpirun detected that one or more processes exited with non-zero status, thus causing
the job to be terminated. The first process to do so was:

  Process name: [[21308,1],0]
  Exit code:    1
--------------------------------------------------------------------------
cp: missing destination file operand after '*.png/home/yanw/uncertain/results/figures/0614'
Try 'cp --help' for more information.
cp: missing destination file operand after '/home/yanw/uncertain'
Try 'cp --help' for more information.
