hpc-node03
Collecting package metadata (current_repodata.json): ...working... failed
Tue Feb 20 00:45:34 2024       
+---------------------------------------------------------------------------------------+
| NVIDIA-SMI 535.104.05             Driver Version: 535.104.05   CUDA Version: 12.2     |
|-----------------------------------------+----------------------+----------------------+
| GPU  Name                 Persistence-M | Bus-Id        Disp.A | Volatile Uncorr. ECC |
| Fan  Temp   Perf          Pwr:Usage/Cap |         Memory-Usage | GPU-Util  Compute M. |
|                                         |                      |               MIG M. |
|=========================================+======================+======================|
|   0  NVIDIA L40                     On  | 00000000:17:00.0 Off |                    0 |
| N/A   31C    P8              35W / 300W |      4MiB / 46068MiB |      0%      Default |
|                                         |                      |                  N/A |
+-----------------------------------------+----------------------+----------------------+
|   1  NVIDIA L40                     On  | 00000000:65:00.0 Off |                    0 |
| N/A   31C    P8              36W / 300W |      4MiB / 46068MiB |      0%      Default |
|                                         |                      |                  N/A |
+-----------------------------------------+----------------------+----------------------+
|   2  NVIDIA L40                     On  | 00000000:CA:00.0 Off |                    0 |
| N/A   31C    P8              35W / 300W |      4MiB / 46068MiB |      0%      Default |
|                                         |                      |                  N/A |
+-----------------------------------------+----------------------+----------------------+
|   3  NVIDIA L40                     On  | 00000000:E3:00.0 Off |                    0 |
| N/A   32C    P0              35W / 300W |      4MiB / 46068MiB |      0%      Default |
|                                         |                      |                  N/A |
+-----------------------------------------+----------------------+----------------------+
                                                                                         
+---------------------------------------------------------------------------------------+
| Processes:                                                                            |
|  GPU   GI   CI        PID   Type   Process name                            GPU Memory |
|        ID   ID                                                             Usage      |
|=======================================================================================|
|  No running processes found                                                           |
+---------------------------------------------------------------------------------------+
Date              = Tue Feb 20 00:45:37 CET 2024
Hostname          = hpc-node03
Working Directory = /local/269396
Number of nodes used        : 1
Number of MPI tasks         : 1
Number of threads           : 16
Number of MPI tasks per node: 1
Number of threads per core  : 
Name of nodes used          : hpc-node03
Gpu devices                 : 1
Starting worker: 
sigma_init_yu: 0.4124124058070794	sigma_init_yf: 16.88708019124114	sigma_init: 8.26348917090675
new_sigma_init_yu: 0.4124124058070794	new_sigma_init_yf: 0.8717052165589062	new_sigma_init: 0.6445101765174205
Xu_noise: [[0.86041803 0.407946  ]
 [0.47981698 0.37768862]
 [0.31407172 0.29118561]
 [0.89966496 0.84905457]
 [0.27952723 0.09003273]
 [0.83715097 0.70901247]
 [0.61831648 0.46794143]
 [0.2443358  0.75718614]
 [0.91768526 0.77823912]
 [0.73000551 0.18512075]
 [0.93061297 0.40110551]
 [0.1385972  0.43996769]
 [0.44841027 0.20167252]
 [0.45244136 0.81725298]
 [0.31548548 0.66127418]
 [0.49726064 0.45523565]
 [0.14274667 0.24981709]
 [0.97079493 0.26795404]
 [0.12630104 0.84255312]
 [0.02519675 0.86264226]]
Xu_noise shape: (20, 2)
Initial loss: 2853.3947343709087
Final loss: 69.43686995481623
start inference

                      mean       std    median      5.0%     95.0%     n_eff     r_hat
 z_uncertain0[0]      0.42      0.00      0.42      0.41      0.42      3.17      1.74
 z_uncertain0[1]      1.17      0.00      1.17      1.17      1.17     19.18      1.02
 z_uncertain1[0]      1.80      0.00      1.80      1.80      1.80      5.11      1.37
 z_uncertain1[1]     -0.39      0.00     -0.40     -0.40     -0.39      4.34      1.40
z_uncertain10[0]      1.80      0.00      1.80      1.80      1.80     14.66      1.00
z_uncertain10[1]     -0.48      0.00     -0.48     -0.48     -0.48     14.57      0.99
z_uncertain11[0]      0.42      0.00      0.41      0.41      0.42      7.84      1.17
z_uncertain11[1]      1.13      0.00      1.13      1.13      1.13      6.35      1.28
z_uncertain12[0]      1.80      0.00      1.80      1.80      1.80      5.57      1.26
z_uncertain12[1]     -1.10      0.02     -1.09     -1.12     -1.09      3.63      1.55
z_uncertain13[0]      1.80      0.00      1.80      1.80      1.80     48.55      0.99
z_uncertain13[1]     -0.19      0.01     -0.19     -0.19     -0.18      3.32      1.65
z_uncertain14[0]     -1.01      0.00     -1.01     -1.01     -1.01      4.69      1.45
z_uncertain14[1]      0.91      0.02      0.90      0.90      0.92      3.92      1.49
z_uncertain15[0]     -1.78      0.01     -1.77     -1.78     -1.77      3.79      1.60
z_uncertain15[1]      0.17      0.00      0.17      0.17      0.18      5.16      1.37
z_uncertain16[0]      0.39      0.00      0.39      0.38      0.39      4.76      1.37
z_uncertain16[1]      0.87      0.01      0.88      0.86      0.88      3.87      1.50
z_uncertain17[0]      0.46      0.00      0.46      0.46      0.46      3.01      1.85
z_uncertain17[1]      0.98      0.01      0.98      0.97      0.98      3.96      1.46
z_uncertain18[0]      0.40      0.00      0.40      0.40      0.40      3.04      1.80
z_uncertain18[1]      0.91      0.01      0.92      0.91      0.92      4.15      1.44
z_uncertain19[0]      1.80      0.00      1.80      1.80      1.80      6.84      1.24
z_uncertain19[1]     -0.27      0.01     -0.28     -0.28     -0.27      3.56      1.58
 z_uncertain2[0]      0.39      0.01      0.38      0.38      0.40      3.48      1.60
 z_uncertain2[1]     -1.80      0.00     -1.80     -1.80     -1.80      4.12      1.42
 z_uncertain3[0]      0.39      0.01      0.38      0.38      0.40      3.68      1.54
 z_uncertain3[1]     -1.76      0.00     -1.76     -1.76     -1.76      6.99      1.23
 z_uncertain4[0]     -1.01      0.00     -1.01     -1.01     -1.01      4.22      1.50
 z_uncertain4[1]      0.51      0.00      0.51      0.51      0.52      3.06      1.83
 z_uncertain5[0]     -1.01      0.00     -1.00     -1.01     -1.00      3.31      1.72
 z_uncertain5[1]     -0.24      0.02     -0.23     -0.26     -0.23      3.45      1.61
 z_uncertain6[0]     -1.78      0.01     -1.78     -1.78     -1.77      3.89      1.60
 z_uncertain6[1]      0.18      0.00      0.18      0.18      0.18     16.88      0.99
 z_uncertain7[0]     -1.01      0.00     -1.01     -1.01     -1.01     36.52      0.99
 z_uncertain7[1]      0.13      0.00      0.13      0.13      0.13      3.79      1.51
 z_uncertain8[0]     -0.09      0.00     -0.09     -0.09     -0.09      4.38      1.50
 z_uncertain8[1]     -1.11      0.01     -1.11     -1.12     -1.11      3.85      1.49
 z_uncertain9[0]      0.42      0.00      0.42      0.41      0.42      6.97      1.22
 z_uncertain9[1]      1.09      0.00      1.09      1.09      1.09     21.61      1.01

Number of divergences: 67
{'z_uncertain0': Array([[0.40507267, 1.17038055],
       [0.40507267, 1.17038055],
       [0.40507267, 1.17038055],
       [0.40974514, 1.17119689],
       [0.40974514, 1.17119689],
       [0.40974514, 1.17119689],
       [0.40974514, 1.17119689],
       [0.41245485, 1.16576199],
       [0.41245485, 1.16576199],
       [0.41245485, 1.16576199],
       [0.41245485, 1.16576199],
       [0.41245485, 1.16576199],
       [0.41245485, 1.16576199],
       [0.41245485, 1.16576199],
       [0.41245485, 1.16576199],
       [0.41245485, 1.16576199],
       [0.41245485, 1.16576199],
       [0.41245485, 1.16576199],
       [0.41245485, 1.16576199],
       [0.41245485, 1.16576199],
       [0.41245485, 1.16576199],
       [0.41245485, 1.16576199],
       [0.41245485, 1.16576199],
       [0.41245485, 1.16576199],
       [0.41245485, 1.16576199],
       [0.41245485, 1.16576199],
       [0.41245485, 1.16576199],
       [0.41245485, 1.16576199],
       [0.41245485, 1.16576199],
       [0.41245485, 1.16576199],
       [0.41245485, 1.16576199],
       [0.41245485, 1.16576199],
       [0.41245485, 1.16576199],
       [0.41245485, 1.16576199],
       [0.41245485, 1.16576199],
       [0.41245485, 1.16576199],
       [0.41962159, 1.16621241],
       [0.41962159, 1.16621241],
       [0.41962159, 1.16621241],
       [0.41962159, 1.16621241],
       [0.41962159, 1.16621241],
       [0.41962159, 1.16621241],
       [0.41962159, 1.16621241],
       [0.41962159, 1.16621241],
       [0.41962159, 1.16621241],
       [0.41962159, 1.16621241],
       [0.41962159, 1.16621241],
       [0.41962159, 1.16621241],
       [0.41962159, 1.16621241],
       [0.41962159, 1.16621241],
       [0.41962159, 1.16621241],
       [0.41962159, 1.16621241],
       [0.41962159, 1.16621241],
       [0.41962159, 1.16621241],
       [0.41962159, 1.16621241],
       [0.41962159, 1.16621241],
       [0.41962159, 1.16621241],
       [0.41962159, 1.16621241],
       [0.41962159, 1.16621241],
       [0.41962159, 1.16621241],
       [0.41962159, 1.16621241],
       [0.41962159, 1.16621241],
       [0.41962159, 1.16621241],
       [0.41962159, 1.16621241],
       [0.41962159, 1.16621241],
       [0.41962159, 1.16621241],
       [0.41962159, 1.16621241],
       [0.41962159, 1.16621241],
       [0.41962159, 1.16621241],
       [0.41962159, 1.16621241],
       [0.41962159, 1.16621241],
       [0.41962159, 1.16621241],
       [0.41962159, 1.16621241],
       [0.41962159, 1.16621241],
       [0.41962159, 1.16621241],
       [0.41962159, 1.16621241],
       [0.41962159, 1.16621241],
       [0.41962159, 1.16621241],
       [0.41962159, 1.16621241],
       [0.41962159, 1.16621241],
       [0.41962159, 1.16621241],
       [0.41962159, 1.16621241],
       [0.41962159, 1.16621241],
       [0.41962159, 1.16621241],
       [0.41962159, 1.16621241],
       [0.41962159, 1.16621241],
       [0.41962159, 1.16621241],
       [0.41962159, 1.16621241],
       [0.41962159, 1.16621241],
       [0.41962159, 1.16621241],
       [0.41962159, 1.16621241],
       [0.41962159, 1.16621241],
       [0.41962159, 1.16621241],
       [0.41962159, 1.16621241],
       [0.41962159, 1.16621241],
       [0.41962159, 1.16621241],
       [0.41962159, 1.16621241],
       [0.41962159, 1.16621241],
       [0.41962159, 1.16621241],
       [0.42448151, 1.15911967]], dtype=float64), 'z_uncertain1': Array([[ 1.79514042, -0.3771625 ],
       [ 1.79514042, -0.3771625 ],
       [ 1.79514042, -0.3771625 ],
       [ 1.79497831, -0.38313795],
       [ 1.79497831, -0.38313795],
       [ 1.79497831, -0.38313795],
       [ 1.79497831, -0.38313795],
       [ 1.80016963, -0.39181388],
       [ 1.80016963, -0.39181388],
       [ 1.80016963, -0.39181388],
       [ 1.80016963, -0.39181388],
       [ 1.80016963, -0.39181388],
       [ 1.80016963, -0.39181388],
       [ 1.80016963, -0.39181388],
       [ 1.80016963, -0.39181388],
       [ 1.80016963, -0.39181388],
       [ 1.80016963, -0.39181388],
       [ 1.80016963, -0.39181388],
       [ 1.80016963, -0.39181388],
       [ 1.80016963, -0.39181388],
       [ 1.80016963, -0.39181388],
       [ 1.80016963, -0.39181388],
       [ 1.80016963, -0.39181388],
       [ 1.80016963, -0.39181388],
       [ 1.80016963, -0.39181388],
       [ 1.80016963, -0.39181388],
       [ 1.80016963, -0.39181388],
       [ 1.80016963, -0.39181388],
       [ 1.80016963, -0.39181388],
       [ 1.80016963, -0.39181388],
       [ 1.80016963, -0.39181388],
       [ 1.80016963, -0.39181388],
       [ 1.80016963, -0.39181388],
       [ 1.80016963, -0.39181388],
       [ 1.80016963, -0.39181388],
       [ 1.80016963, -0.39181388],
       [ 1.79566981, -0.39654717],
       [ 1.79566981, -0.39654717],
       [ 1.79566981, -0.39654717],
       [ 1.79566981, -0.39654717],
       [ 1.79566981, -0.39654717],
       [ 1.79566981, -0.39654717],
       [ 1.79566981, -0.39654717],
       [ 1.79566981, -0.39654717],
       [ 1.79566981, -0.39654717],
       [ 1.79566981, -0.39654717],
       [ 1.79566981, -0.39654717],
       [ 1.79566981, -0.39654717],
       [ 1.79566981, -0.39654717],
       [ 1.79566981, -0.39654717],
       [ 1.79566981, -0.39654717],
       [ 1.79566981, -0.39654717],
       [ 1.79566981, -0.39654717],
       [ 1.79566981, -0.39654717],
       [ 1.79566981, -0.39654717],
       [ 1.79566981, -0.39654717],
       [ 1.79566981, -0.39654717],
       [ 1.79566981, -0.39654717],
       [ 1.79566981, -0.39654717],
       [ 1.79566981, -0.39654717],
       [ 1.79566981, -0.39654717],
       [ 1.79566981, -0.39654717],
       [ 1.79566981, -0.39654717],
       [ 1.79566981, -0.39654717],
       [ 1.79566981, -0.39654717],
       [ 1.79566981, -0.39654717],
       [ 1.79566981, -0.39654717],
       [ 1.79566981, -0.39654717],
       [ 1.79566981, -0.39654717],
       [ 1.79566981, -0.39654717],
       [ 1.79566981, -0.39654717],
       [ 1.79566981, -0.39654717],
       [ 1.79566981, -0.39654717],
       [ 1.79566981, -0.39654717],
       [ 1.79566981, -0.39654717],
       [ 1.79566981, -0.39654717],
       [ 1.79566981, -0.39654717],
       [ 1.79566981, -0.39654717],
       [ 1.79566981, -0.39654717],
       [ 1.79566981, -0.39654717],
       [ 1.79566981, -0.39654717],
       [ 1.79566981, -0.39654717],
       [ 1.79566981, -0.39654717],
       [ 1.79566981, -0.39654717],
       [ 1.79566981, -0.39654717],
       [ 1.79566981, -0.39654717],
       [ 1.79566981, -0.39654717],
       [ 1.79566981, -0.39654717],
       [ 1.79566981, -0.39654717],
       [ 1.79566981, -0.39654717],
       [ 1.79566981, -0.39654717],
       [ 1.79566981, -0.39654717],
       [ 1.79566981, -0.39654717],
       [ 1.79566981, -0.39654717],
       [ 1.79566981, -0.39654717],
       [ 1.79566981, -0.39654717],
       [ 1.79566981, -0.39654717],
       [ 1.79566981, -0.39654717],
       [ 1.79566981, -0.39654717],
       [ 1.80216729, -0.39644486]], dtype=float64), 'z_uncertain10': Array([[ 1.78842921, -0.47942564],
       [ 1.78842921, -0.47942564],
       [ 1.78842921, -0.47942564],
       [ 1.79334033, -0.48037787],
       [ 1.79334033, -0.48037787],
       [ 1.79334033, -0.48037787],
       [ 1.79334033, -0.48037787],
       [ 1.80121739, -0.48495463],
       [ 1.80121739, -0.48495463],
       [ 1.80121739, -0.48495463],
       [ 1.80121739, -0.48495463],
       [ 1.80121739, -0.48495463],
       [ 1.80121739, -0.48495463],
       [ 1.80121739, -0.48495463],
       [ 1.80121739, -0.48495463],
       [ 1.80121739, -0.48495463],
       [ 1.80121739, -0.48495463],
       [ 1.80121739, -0.48495463],
       [ 1.80121739, -0.48495463],
       [ 1.80121739, -0.48495463],
       [ 1.80121739, -0.48495463],
       [ 1.80121739, -0.48495463],
       [ 1.80121739, -0.48495463],
       [ 1.80121739, -0.48495463],
       [ 1.80121739, -0.48495463],
       [ 1.80121739, -0.48495463],
       [ 1.80121739, -0.48495463],
       [ 1.80121739, -0.48495463],
       [ 1.80121739, -0.48495463],
       [ 1.80121739, -0.48495463],
       [ 1.80121739, -0.48495463],
       [ 1.80121739, -0.48495463],
       [ 1.80121739, -0.48495463],
       [ 1.80121739, -0.48495463],
       [ 1.80121739, -0.48495463],
       [ 1.80121739, -0.48495463],
       [ 1.7986425 , -0.4838679 ],
       [ 1.7986425 , -0.4838679 ],
       [ 1.7986425 , -0.4838679 ],
       [ 1.7986425 , -0.4838679 ],
       [ 1.7986425 , -0.4838679 ],
       [ 1.7986425 , -0.4838679 ],
       [ 1.7986425 , -0.4838679 ],
       [ 1.7986425 , -0.4838679 ],
       [ 1.7986425 , -0.4838679 ],
       [ 1.7986425 , -0.4838679 ],
       [ 1.7986425 , -0.4838679 ],
       [ 1.7986425 , -0.4838679 ],
       [ 1.7986425 , -0.4838679 ],
       [ 1.7986425 , -0.4838679 ],
       [ 1.7986425 , -0.4838679 ],
       [ 1.7986425 , -0.4838679 ],
       [ 1.7986425 , -0.4838679 ],
       [ 1.7986425 , -0.4838679 ],
       [ 1.7986425 , -0.4838679 ],
       [ 1.7986425 , -0.4838679 ],
       [ 1.7986425 , -0.4838679 ],
       [ 1.7986425 , -0.4838679 ],
       [ 1.7986425 , -0.4838679 ],
       [ 1.7986425 , -0.4838679 ],
       [ 1.7986425 , -0.4838679 ],
       [ 1.7986425 , -0.4838679 ],
       [ 1.7986425 , -0.4838679 ],
       [ 1.7986425 , -0.4838679 ],
       [ 1.7986425 , -0.4838679 ],
       [ 1.7986425 , -0.4838679 ],
       [ 1.7986425 , -0.4838679 ],
       [ 1.7986425 , -0.4838679 ],
       [ 1.7986425 , -0.4838679 ],
       [ 1.7986425 , -0.4838679 ],
       [ 1.7986425 , -0.4838679 ],
       [ 1.7986425 , -0.4838679 ],
       [ 1.7986425 , -0.4838679 ],
       [ 1.7986425 , -0.4838679 ],
       [ 1.7986425 , -0.4838679 ],
       [ 1.7986425 , -0.4838679 ],
       [ 1.7986425 , -0.4838679 ],
       [ 1.7986425 , -0.4838679 ],
       [ 1.7986425 , -0.4838679 ],
       [ 1.7986425 , -0.4838679 ],
       [ 1.7986425 , -0.4838679 ],
       [ 1.7986425 , -0.4838679 ],
       [ 1.7986425 , -0.4838679 ],
       [ 1.7986425 , -0.4838679 ],
       [ 1.7986425 , -0.4838679 ],
       [ 1.7986425 , -0.4838679 ],
       [ 1.7986425 , -0.4838679 ],
       [ 1.7986425 , -0.4838679 ],
       [ 1.7986425 , -0.4838679 ],
       [ 1.7986425 , -0.4838679 ],
       [ 1.7986425 , -0.4838679 ],
       [ 1.7986425 , -0.4838679 ],
       [ 1.7986425 , -0.4838679 ],
       [ 1.7986425 , -0.4838679 ],
       [ 1.7986425 , -0.4838679 ],
       [ 1.7986425 , -0.4838679 ],
       [ 1.7986425 , -0.4838679 ],
       [ 1.7986425 , -0.4838679 ],
       [ 1.7986425 , -0.4838679 ],
       [ 1.79650474, -0.48424512]], dtype=float64), 'z_uncertain11': Array([[0.40837163, 1.1312518 ],
       [0.40837163, 1.1312518 ],
       [0.40837163, 1.1312518 ],
       [0.41320111, 1.13088621],
       [0.41320111, 1.13088621],
       [0.41320111, 1.13088621],
       [0.41320111, 1.13088621],
       [0.41843108, 1.13474202],
       [0.41843108, 1.13474202],
       [0.41843108, 1.13474202],
       [0.41843108, 1.13474202],
       [0.41843108, 1.13474202],
       [0.41843108, 1.13474202],
       [0.41843108, 1.13474202],
       [0.41843108, 1.13474202],
       [0.41843108, 1.13474202],
       [0.41843108, 1.13474202],
       [0.41843108, 1.13474202],
       [0.41843108, 1.13474202],
       [0.41843108, 1.13474202],
       [0.41843108, 1.13474202],
       [0.41843108, 1.13474202],
       [0.41843108, 1.13474202],
       [0.41843108, 1.13474202],
       [0.41843108, 1.13474202],
       [0.41843108, 1.13474202],
       [0.41843108, 1.13474202],
       [0.41843108, 1.13474202],
       [0.41843108, 1.13474202],
       [0.41843108, 1.13474202],
       [0.41843108, 1.13474202],
       [0.41843108, 1.13474202],
       [0.41843108, 1.13474202],
       [0.41843108, 1.13474202],
       [0.41843108, 1.13474202],
       [0.41843108, 1.13474202],
       [0.41410427, 1.13241478],
       [0.41410427, 1.13241478],
       [0.41410427, 1.13241478],
       [0.41410427, 1.13241478],
       [0.41410427, 1.13241478],
       [0.41410427, 1.13241478],
       [0.41410427, 1.13241478],
       [0.41410427, 1.13241478],
       [0.41410427, 1.13241478],
       [0.41410427, 1.13241478],
       [0.41410427, 1.13241478],
       [0.41410427, 1.13241478],
       [0.41410427, 1.13241478],
       [0.41410427, 1.13241478],
       [0.41410427, 1.13241478],
       [0.41410427, 1.13241478],
       [0.41410427, 1.13241478],
       [0.41410427, 1.13241478],
       [0.41410427, 1.13241478],
       [0.41410427, 1.13241478],
       [0.41410427, 1.13241478],
       [0.41410427, 1.13241478],
       [0.41410427, 1.13241478],
       [0.41410427, 1.13241478],
       [0.41410427, 1.13241478],
       [0.41410427, 1.13241478],
       [0.41410427, 1.13241478],
       [0.41410427, 1.13241478],
       [0.41410427, 1.13241478],
       [0.41410427, 1.13241478],
       [0.41410427, 1.13241478],
       [0.41410427, 1.13241478],
       [0.41410427, 1.13241478],
       [0.41410427, 1.13241478],
       [0.41410427, 1.13241478],
       [0.41410427, 1.13241478],
       [0.41410427, 1.13241478],
       [0.41410427, 1.13241478],
       [0.41410427, 1.13241478],
       [0.41410427, 1.13241478],
       [0.41410427, 1.13241478],
       [0.41410427, 1.13241478],
       [0.41410427, 1.13241478],
       [0.41410427, 1.13241478],
       [0.41410427, 1.13241478],
       [0.41410427, 1.13241478],
       [0.41410427, 1.13241478],
       [0.41410427, 1.13241478],
       [0.41410427, 1.13241478],
       [0.41410427, 1.13241478],
       [0.41410427, 1.13241478],
       [0.41410427, 1.13241478],
       [0.41410427, 1.13241478],
       [0.41410427, 1.13241478],
       [0.41410427, 1.13241478],
       [0.41410427, 1.13241478],
       [0.41410427, 1.13241478],
       [0.41410427, 1.13241478],
       [0.41410427, 1.13241478],
       [0.41410427, 1.13241478],
       [0.41410427, 1.13241478],
       [0.41410427, 1.13241478],
       [0.41410427, 1.13241478],
       [0.42080475, 1.13111341]], dtype=float64), 'z_uncertain12': Array([[ 1.79921179, -1.1709412 ],
       [ 1.79921179, -1.1709412 ],
       [ 1.79921179, -1.1709412 ],
       [ 1.79431703, -1.14466475],
       [ 1.79431703, -1.14466475],
       [ 1.79431703, -1.14466475],
       [ 1.79431703, -1.14466475],
       [ 1.80047923, -1.116582  ],
       [ 1.80047923, -1.116582  ],
       [ 1.80047923, -1.116582  ],
       [ 1.80047923, -1.116582  ],
       [ 1.80047923, -1.116582  ],
       [ 1.80047923, -1.116582  ],
       [ 1.80047923, -1.116582  ],
       [ 1.80047923, -1.116582  ],
       [ 1.80047923, -1.116582  ],
       [ 1.80047923, -1.116582  ],
       [ 1.80047923, -1.116582  ],
       [ 1.80047923, -1.116582  ],
       [ 1.80047923, -1.116582  ],
       [ 1.80047923, -1.116582  ],
       [ 1.80047923, -1.116582  ],
       [ 1.80047923, -1.116582  ],
       [ 1.80047923, -1.116582  ],
       [ 1.80047923, -1.116582  ],
       [ 1.80047923, -1.116582  ],
       [ 1.80047923, -1.116582  ],
       [ 1.80047923, -1.116582  ],
       [ 1.80047923, -1.116582  ],
       [ 1.80047923, -1.116582  ],
       [ 1.80047923, -1.116582  ],
       [ 1.80047923, -1.116582  ],
       [ 1.80047923, -1.116582  ],
       [ 1.80047923, -1.116582  ],
       [ 1.80047923, -1.116582  ],
       [ 1.80047923, -1.116582  ],
       [ 1.80217216, -1.08854923],
       [ 1.80217216, -1.08854923],
       [ 1.80217216, -1.08854923],
       [ 1.80217216, -1.08854923],
       [ 1.80217216, -1.08854923],
       [ 1.80217216, -1.08854923],
       [ 1.80217216, -1.08854923],
       [ 1.80217216, -1.08854923],
       [ 1.80217216, -1.08854923],
       [ 1.80217216, -1.08854923],
       [ 1.80217216, -1.08854923],
       [ 1.80217216, -1.08854923],
       [ 1.80217216, -1.08854923],
       [ 1.80217216, -1.08854923],
       [ 1.80217216, -1.08854923],
       [ 1.80217216, -1.08854923],
       [ 1.80217216, -1.08854923],
       [ 1.80217216, -1.08854923],
       [ 1.80217216, -1.08854923],
       [ 1.80217216, -1.08854923],
       [ 1.80217216, -1.08854923],
       [ 1.80217216, -1.08854923],
       [ 1.80217216, -1.08854923],
       [ 1.80217216, -1.08854923],
       [ 1.80217216, -1.08854923],
       [ 1.80217216, -1.08854923],
       [ 1.80217216, -1.08854923],
       [ 1.80217216, -1.08854923],
       [ 1.80217216, -1.08854923],
       [ 1.80217216, -1.08854923],
       [ 1.80217216, -1.08854923],
       [ 1.80217216, -1.08854923],
       [ 1.80217216, -1.08854923],
       [ 1.80217216, -1.08854923],
       [ 1.80217216, -1.08854923],
       [ 1.80217216, -1.08854923],
       [ 1.80217216, -1.08854923],
       [ 1.80217216, -1.08854923],
       [ 1.80217216, -1.08854923],
       [ 1.80217216, -1.08854923],
       [ 1.80217216, -1.08854923],
       [ 1.80217216, -1.08854923],
       [ 1.80217216, -1.08854923],
       [ 1.80217216, -1.08854923],
       [ 1.80217216, -1.08854923],
       [ 1.80217216, -1.08854923],
       [ 1.80217216, -1.08854923],
       [ 1.80217216, -1.08854923],
       [ 1.80217216, -1.08854923],
       [ 1.80217216, -1.08854923],
       [ 1.80217216, -1.08854923],
       [ 1.80217216, -1.08854923],
       [ 1.80217216, -1.08854923],
       [ 1.80217216, -1.08854923],
       [ 1.80217216, -1.08854923],
       [ 1.80217216, -1.08854923],
       [ 1.80217216, -1.08854923],
       [ 1.80217216, -1.08854923],
       [ 1.80217216, -1.08854923],
       [ 1.80217216, -1.08854923],
       [ 1.80217216, -1.08854923],
       [ 1.80217216, -1.08854923],
       [ 1.80217216, -1.08854923],
       [ 1.79678565, -1.06149547]], dtype=float64), 'z_uncertain13': Array([[ 1.78920712, -0.15089143],
       [ 1.78920712, -0.15089143],
       [ 1.78920712, -0.15089143],
       [ 1.80574661, -0.1585171 ],
       [ 1.80574661, -0.1585171 ],
       [ 1.80574661, -0.1585171 ],
       [ 1.80574661, -0.1585171 ],
       [ 1.79857383, -0.1751509 ],
       [ 1.79857383, -0.1751509 ],
       [ 1.79857383, -0.1751509 ],
       [ 1.79857383, -0.1751509 ],
       [ 1.79857383, -0.1751509 ],
       [ 1.79857383, -0.1751509 ],
       [ 1.79857383, -0.1751509 ],
       [ 1.79857383, -0.1751509 ],
       [ 1.79857383, -0.1751509 ],
       [ 1.79857383, -0.1751509 ],
       [ 1.79857383, -0.1751509 ],
       [ 1.79857383, -0.1751509 ],
       [ 1.79857383, -0.1751509 ],
       [ 1.79857383, -0.1751509 ],
       [ 1.79857383, -0.1751509 ],
       [ 1.79857383, -0.1751509 ],
       [ 1.79857383, -0.1751509 ],
       [ 1.79857383, -0.1751509 ],
       [ 1.79857383, -0.1751509 ],
       [ 1.79857383, -0.1751509 ],
       [ 1.79857383, -0.1751509 ],
       [ 1.79857383, -0.1751509 ],
       [ 1.79857383, -0.1751509 ],
       [ 1.79857383, -0.1751509 ],
       [ 1.79857383, -0.1751509 ],
       [ 1.79857383, -0.1751509 ],
       [ 1.79857383, -0.1751509 ],
       [ 1.79857383, -0.1751509 ],
       [ 1.79857383, -0.1751509 ],
       [ 1.79879046, -0.19352112],
       [ 1.79879046, -0.19352112],
       [ 1.79879046, -0.19352112],
       [ 1.79879046, -0.19352112],
       [ 1.79879046, -0.19352112],
       [ 1.79879046, -0.19352112],
       [ 1.79879046, -0.19352112],
       [ 1.79879046, -0.19352112],
       [ 1.79879046, -0.19352112],
       [ 1.79879046, -0.19352112],
       [ 1.79879046, -0.19352112],
       [ 1.79879046, -0.19352112],
       [ 1.79879046, -0.19352112],
       [ 1.79879046, -0.19352112],
       [ 1.79879046, -0.19352112],
       [ 1.79879046, -0.19352112],
       [ 1.79879046, -0.19352112],
       [ 1.79879046, -0.19352112],
       [ 1.79879046, -0.19352112],
       [ 1.79879046, -0.19352112],
       [ 1.79879046, -0.19352112],
       [ 1.79879046, -0.19352112],
       [ 1.79879046, -0.19352112],
       [ 1.79879046, -0.19352112],
       [ 1.79879046, -0.19352112],
       [ 1.79879046, -0.19352112],
       [ 1.79879046, -0.19352112],
       [ 1.79879046, -0.19352112],
       [ 1.79879046, -0.19352112],
       [ 1.79879046, -0.19352112],
       [ 1.79879046, -0.19352112],
       [ 1.79879046, -0.19352112],
       [ 1.79879046, -0.19352112],
       [ 1.79879046, -0.19352112],
       [ 1.79879046, -0.19352112],
       [ 1.79879046, -0.19352112],
       [ 1.79879046, -0.19352112],
       [ 1.79879046, -0.19352112],
       [ 1.79879046, -0.19352112],
       [ 1.79879046, -0.19352112],
       [ 1.79879046, -0.19352112],
       [ 1.79879046, -0.19352112],
       [ 1.79879046, -0.19352112],
       [ 1.79879046, -0.19352112],
       [ 1.79879046, -0.19352112],
       [ 1.79879046, -0.19352112],
       [ 1.79879046, -0.19352112],
       [ 1.79879046, -0.19352112],
       [ 1.79879046, -0.19352112],
       [ 1.79879046, -0.19352112],
       [ 1.79879046, -0.19352112],
       [ 1.79879046, -0.19352112],
       [ 1.79879046, -0.19352112],
       [ 1.79879046, -0.19352112],
       [ 1.79879046, -0.19352112],
       [ 1.79879046, -0.19352112],
       [ 1.79879046, -0.19352112],
       [ 1.79879046, -0.19352112],
       [ 1.79879046, -0.19352112],
       [ 1.79879046, -0.19352112],
       [ 1.79879046, -0.19352112],
       [ 1.79879046, -0.19352112],
       [ 1.79879046, -0.19352112],
       [ 1.80418168, -0.20480757]], dtype=float64), 'z_uncertain14': Array([[-1.00954444,  0.97634572],
       [-1.00954444,  0.97634572],
       [-1.00954444,  0.97634572],
       [-1.01475947,  0.95180182],
       [-1.01475947,  0.95180182],
       [-1.01475947,  0.95180182],
       [-1.01475947,  0.95180182],
       [-1.00783053,  0.92159888],
       [-1.00783053,  0.92159888],
       [-1.00783053,  0.92159888],
       [-1.00783053,  0.92159888],
       [-1.00783053,  0.92159888],
       [-1.00783053,  0.92159888],
       [-1.00783053,  0.92159888],
       [-1.00783053,  0.92159888],
       [-1.00783053,  0.92159888],
       [-1.00783053,  0.92159888],
       [-1.00783053,  0.92159888],
       [-1.00783053,  0.92159888],
       [-1.00783053,  0.92159888],
       [-1.00783053,  0.92159888],
       [-1.00783053,  0.92159888],
       [-1.00783053,  0.92159888],
       [-1.00783053,  0.92159888],
       [-1.00783053,  0.92159888],
       [-1.00783053,  0.92159888],
       [-1.00783053,  0.92159888],
       [-1.00783053,  0.92159888],
       [-1.00783053,  0.92159888],
       [-1.00783053,  0.92159888],
       [-1.00783053,  0.92159888],
       [-1.00783053,  0.92159888],
       [-1.00783053,  0.92159888],
       [-1.00783053,  0.92159888],
       [-1.00783053,  0.92159888],
       [-1.00783053,  0.92159888],
       [-1.01286736,  0.89822575],
       [-1.01286736,  0.89822575],
       [-1.01286736,  0.89822575],
       [-1.01286736,  0.89822575],
       [-1.01286736,  0.89822575],
       [-1.01286736,  0.89822575],
       [-1.01286736,  0.89822575],
       [-1.01286736,  0.89822575],
       [-1.01286736,  0.89822575],
       [-1.01286736,  0.89822575],
       [-1.01286736,  0.89822575],
       [-1.01286736,  0.89822575],
       [-1.01286736,  0.89822575],
       [-1.01286736,  0.89822575],
       [-1.01286736,  0.89822575],
       [-1.01286736,  0.89822575],
       [-1.01286736,  0.89822575],
       [-1.01286736,  0.89822575],
       [-1.01286736,  0.89822575],
       [-1.01286736,  0.89822575],
       [-1.01286736,  0.89822575],
       [-1.01286736,  0.89822575],
       [-1.01286736,  0.89822575],
       [-1.01286736,  0.89822575],
       [-1.01286736,  0.89822575],
       [-1.01286736,  0.89822575],
       [-1.01286736,  0.89822575],
       [-1.01286736,  0.89822575],
       [-1.01286736,  0.89822575],
       [-1.01286736,  0.89822575],
       [-1.01286736,  0.89822575],
       [-1.01286736,  0.89822575],
       [-1.01286736,  0.89822575],
       [-1.01286736,  0.89822575],
       [-1.01286736,  0.89822575],
       [-1.01286736,  0.89822575],
       [-1.01286736,  0.89822575],
       [-1.01286736,  0.89822575],
       [-1.01286736,  0.89822575],
       [-1.01286736,  0.89822575],
       [-1.01286736,  0.89822575],
       [-1.01286736,  0.89822575],
       [-1.01286736,  0.89822575],
       [-1.01286736,  0.89822575],
       [-1.01286736,  0.89822575],
       [-1.01286736,  0.89822575],
       [-1.01286736,  0.89822575],
       [-1.01286736,  0.89822575],
       [-1.01286736,  0.89822575],
       [-1.01286736,  0.89822575],
       [-1.01286736,  0.89822575],
       [-1.01286736,  0.89822575],
       [-1.01286736,  0.89822575],
       [-1.01286736,  0.89822575],
       [-1.01286736,  0.89822575],
       [-1.01286736,  0.89822575],
       [-1.01286736,  0.89822575],
       [-1.01286736,  0.89822575],
       [-1.01286736,  0.89822575],
       [-1.01286736,  0.89822575],
       [-1.01286736,  0.89822575],
       [-1.01286736,  0.89822575],
       [-1.01286736,  0.89822575],
       [-1.00845485,  0.8664836 ]], dtype=float64), 'z_uncertain15': Array([[-1.78428804,  0.16697059],
       [-1.78428804,  0.16697059],
       [-1.78428804,  0.16697059],
       [-1.77472739,  0.17143433],
       [-1.77472739,  0.17143433],
       [-1.77472739,  0.17143433],
       [-1.77472739,  0.17143433],
       [-1.78362356,  0.17531173],
       [-1.78362356,  0.17531173],
       [-1.78362356,  0.17531173],
       [-1.78362356,  0.17531173],
       [-1.78362356,  0.17531173],
       [-1.78362356,  0.17531173],
       [-1.78362356,  0.17531173],
       [-1.78362356,  0.17531173],
       [-1.78362356,  0.17531173],
       [-1.78362356,  0.17531173],
       [-1.78362356,  0.17531173],
       [-1.78362356,  0.17531173],
       [-1.78362356,  0.17531173],
       [-1.78362356,  0.17531173],
       [-1.78362356,  0.17531173],
       [-1.78362356,  0.17531173],
       [-1.78362356,  0.17531173],
       [-1.78362356,  0.17531173],
       [-1.78362356,  0.17531173],
       [-1.78362356,  0.17531173],
       [-1.78362356,  0.17531173],
       [-1.78362356,  0.17531173],
       [-1.78362356,  0.17531173],
       [-1.78362356,  0.17531173],
       [-1.78362356,  0.17531173],
       [-1.78362356,  0.17531173],
       [-1.78362356,  0.17531173],
       [-1.78362356,  0.17531173],
       [-1.78362356,  0.17531173],
       [-1.77301253,  0.17050888],
       [-1.77301253,  0.17050888],
       [-1.77301253,  0.17050888],
       [-1.77301253,  0.17050888],
       [-1.77301253,  0.17050888],
       [-1.77301253,  0.17050888],
       [-1.77301253,  0.17050888],
       [-1.77301253,  0.17050888],
       [-1.77301253,  0.17050888],
       [-1.77301253,  0.17050888],
       [-1.77301253,  0.17050888],
       [-1.77301253,  0.17050888],
       [-1.77301253,  0.17050888],
       [-1.77301253,  0.17050888],
       [-1.77301253,  0.17050888],
       [-1.77301253,  0.17050888],
       [-1.77301253,  0.17050888],
       [-1.77301253,  0.17050888],
       [-1.77301253,  0.17050888],
       [-1.77301253,  0.17050888],
       [-1.77301253,  0.17050888],
       [-1.77301253,  0.17050888],
       [-1.77301253,  0.17050888],
       [-1.77301253,  0.17050888],
       [-1.77301253,  0.17050888],
       [-1.77301253,  0.17050888],
       [-1.77301253,  0.17050888],
       [-1.77301253,  0.17050888],
       [-1.77301253,  0.17050888],
       [-1.77301253,  0.17050888],
       [-1.77301253,  0.17050888],
       [-1.77301253,  0.17050888],
       [-1.77301253,  0.17050888],
       [-1.77301253,  0.17050888],
       [-1.77301253,  0.17050888],
       [-1.77301253,  0.17050888],
       [-1.77301253,  0.17050888],
       [-1.77301253,  0.17050888],
       [-1.77301253,  0.17050888],
       [-1.77301253,  0.17050888],
       [-1.77301253,  0.17050888],
       [-1.77301253,  0.17050888],
       [-1.77301253,  0.17050888],
       [-1.77301253,  0.17050888],
       [-1.77301253,  0.17050888],
       [-1.77301253,  0.17050888],
       [-1.77301253,  0.17050888],
       [-1.77301253,  0.17050888],
       [-1.77301253,  0.17050888],
       [-1.77301253,  0.17050888],
       [-1.77301253,  0.17050888],
       [-1.77301253,  0.17050888],
       [-1.77301253,  0.17050888],
       [-1.77301253,  0.17050888],
       [-1.77301253,  0.17050888],
       [-1.77301253,  0.17050888],
       [-1.77301253,  0.17050888],
       [-1.77301253,  0.17050888],
       [-1.77301253,  0.17050888],
       [-1.77301253,  0.17050888],
       [-1.77301253,  0.17050888],
       [-1.77301253,  0.17050888],
       [-1.77301253,  0.17050888],
       [-1.7857533 ,  0.17339506]], dtype=float64), 'z_uncertain16': Array([[0.3657067 , 0.82361681],
       [0.3657067 , 0.82361681],
       [0.3657067 , 0.82361681],
       [0.37443989, 0.84620382],
       [0.37443989, 0.84620382],
       [0.37443989, 0.84620382],
       [0.37443989, 0.84620382],
       [0.38310323, 0.86228342],
       [0.38310323, 0.86228342],
       [0.38310323, 0.86228342],
       [0.38310323, 0.86228342],
       [0.38310323, 0.86228342],
       [0.38310323, 0.86228342],
       [0.38310323, 0.86228342],
       [0.38310323, 0.86228342],
       [0.38310323, 0.86228342],
       [0.38310323, 0.86228342],
       [0.38310323, 0.86228342],
       [0.38310323, 0.86228342],
       [0.38310323, 0.86228342],
       [0.38310323, 0.86228342],
       [0.38310323, 0.86228342],
       [0.38310323, 0.86228342],
       [0.38310323, 0.86228342],
       [0.38310323, 0.86228342],
       [0.38310323, 0.86228342],
       [0.38310323, 0.86228342],
       [0.38310323, 0.86228342],
       [0.38310323, 0.86228342],
       [0.38310323, 0.86228342],
       [0.38310323, 0.86228342],
       [0.38310323, 0.86228342],
       [0.38310323, 0.86228342],
       [0.38310323, 0.86228342],
       [0.38310323, 0.86228342],
       [0.38310323, 0.86228342],
       [0.38793824, 0.8785589 ],
       [0.38793824, 0.8785589 ],
       [0.38793824, 0.8785589 ],
       [0.38793824, 0.8785589 ],
       [0.38793824, 0.8785589 ],
       [0.38793824, 0.8785589 ],
       [0.38793824, 0.8785589 ],
       [0.38793824, 0.8785589 ],
       [0.38793824, 0.8785589 ],
       [0.38793824, 0.8785589 ],
       [0.38793824, 0.8785589 ],
       [0.38793824, 0.8785589 ],
       [0.38793824, 0.8785589 ],
       [0.38793824, 0.8785589 ],
       [0.38793824, 0.8785589 ],
       [0.38793824, 0.8785589 ],
       [0.38793824, 0.8785589 ],
       [0.38793824, 0.8785589 ],
       [0.38793824, 0.8785589 ],
       [0.38793824, 0.8785589 ],
       [0.38793824, 0.8785589 ],
       [0.38793824, 0.8785589 ],
       [0.38793824, 0.8785589 ],
       [0.38793824, 0.8785589 ],
       [0.38793824, 0.8785589 ],
       [0.38793824, 0.8785589 ],
       [0.38793824, 0.8785589 ],
       [0.38793824, 0.8785589 ],
       [0.38793824, 0.8785589 ],
       [0.38793824, 0.8785589 ],
       [0.38793824, 0.8785589 ],
       [0.38793824, 0.8785589 ],
       [0.38793824, 0.8785589 ],
       [0.38793824, 0.8785589 ],
       [0.38793824, 0.8785589 ],
       [0.38793824, 0.8785589 ],
       [0.38793824, 0.8785589 ],
       [0.38793824, 0.8785589 ],
       [0.38793824, 0.8785589 ],
       [0.38793824, 0.8785589 ],
       [0.38793824, 0.8785589 ],
       [0.38793824, 0.8785589 ],
       [0.38793824, 0.8785589 ],
       [0.38793824, 0.8785589 ],
       [0.38793824, 0.8785589 ],
       [0.38793824, 0.8785589 ],
       [0.38793824, 0.8785589 ],
       [0.38793824, 0.8785589 ],
       [0.38793824, 0.8785589 ],
       [0.38793824, 0.8785589 ],
       [0.38793824, 0.8785589 ],
       [0.38793824, 0.8785589 ],
       [0.38793824, 0.8785589 ],
       [0.38793824, 0.8785589 ],
       [0.38793824, 0.8785589 ],
       [0.38793824, 0.8785589 ],
       [0.38793824, 0.8785589 ],
       [0.38793824, 0.8785589 ],
       [0.38793824, 0.8785589 ],
       [0.38793824, 0.8785589 ],
       [0.38793824, 0.8785589 ],
       [0.38793824, 0.8785589 ],
       [0.38793824, 0.8785589 ],
       [0.39783697, 0.89579101]], dtype=float64), 'z_uncertain17': Array([[0.46251155, 0.95219431],
       [0.46251155, 0.95219431],
       [0.46251155, 0.95219431],
       [0.46088127, 0.96074027],
       [0.46088127, 0.96074027],
       [0.46088127, 0.96074027],
       [0.46088127, 0.96074027],
       [0.46072106, 0.97459793],
       [0.46072106, 0.97459793],
       [0.46072106, 0.97459793],
       [0.46072106, 0.97459793],
       [0.46072106, 0.97459793],
       [0.46072106, 0.97459793],
       [0.46072106, 0.97459793],
       [0.46072106, 0.97459793],
       [0.46072106, 0.97459793],
       [0.46072106, 0.97459793],
       [0.46072106, 0.97459793],
       [0.46072106, 0.97459793],
       [0.46072106, 0.97459793],
       [0.46072106, 0.97459793],
       [0.46072106, 0.97459793],
       [0.46072106, 0.97459793],
       [0.46072106, 0.97459793],
       [0.46072106, 0.97459793],
       [0.46072106, 0.97459793],
       [0.46072106, 0.97459793],
       [0.46072106, 0.97459793],
       [0.46072106, 0.97459793],
       [0.46072106, 0.97459793],
       [0.46072106, 0.97459793],
       [0.46072106, 0.97459793],
       [0.46072106, 0.97459793],
       [0.46072106, 0.97459793],
       [0.46072106, 0.97459793],
       [0.46072106, 0.97459793],
       [0.45570914, 0.98358621],
       [0.45570914, 0.98358621],
       [0.45570914, 0.98358621],
       [0.45570914, 0.98358621],
       [0.45570914, 0.98358621],
       [0.45570914, 0.98358621],
       [0.45570914, 0.98358621],
       [0.45570914, 0.98358621],
       [0.45570914, 0.98358621],
       [0.45570914, 0.98358621],
       [0.45570914, 0.98358621],
       [0.45570914, 0.98358621],
       [0.45570914, 0.98358621],
       [0.45570914, 0.98358621],
       [0.45570914, 0.98358621],
       [0.45570914, 0.98358621],
       [0.45570914, 0.98358621],
       [0.45570914, 0.98358621],
       [0.45570914, 0.98358621],
       [0.45570914, 0.98358621],
       [0.45570914, 0.98358621],
       [0.45570914, 0.98358621],
       [0.45570914, 0.98358621],
       [0.45570914, 0.98358621],
       [0.45570914, 0.98358621],
       [0.45570914, 0.98358621],
       [0.45570914, 0.98358621],
       [0.45570914, 0.98358621],
       [0.45570914, 0.98358621],
       [0.45570914, 0.98358621],
       [0.45570914, 0.98358621],
       [0.45570914, 0.98358621],
       [0.45570914, 0.98358621],
       [0.45570914, 0.98358621],
       [0.45570914, 0.98358621],
       [0.45570914, 0.98358621],
       [0.45570914, 0.98358621],
       [0.45570914, 0.98358621],
       [0.45570914, 0.98358621],
       [0.45570914, 0.98358621],
       [0.45570914, 0.98358621],
       [0.45570914, 0.98358621],
       [0.45570914, 0.98358621],
       [0.45570914, 0.98358621],
       [0.45570914, 0.98358621],
       [0.45570914, 0.98358621],
       [0.45570914, 0.98358621],
       [0.45570914, 0.98358621],
       [0.45570914, 0.98358621],
       [0.45570914, 0.98358621],
       [0.45570914, 0.98358621],
       [0.45570914, 0.98358621],
       [0.45570914, 0.98358621],
       [0.45570914, 0.98358621],
       [0.45570914, 0.98358621],
       [0.45570914, 0.98358621],
       [0.45570914, 0.98358621],
       [0.45570914, 0.98358621],
       [0.45570914, 0.98358621],
       [0.45570914, 0.98358621],
       [0.45570914, 0.98358621],
       [0.45570914, 0.98358621],
       [0.45570914, 0.98358621],
       [0.45347445, 0.98729723]], dtype=float64), 'z_uncertain18': Array([[0.39825131, 0.88157525],
       [0.39825131, 0.88157525],
       [0.39825131, 0.88157525],
       [0.39379799, 0.89282777],
       [0.39379799, 0.89282777],
       [0.39379799, 0.89282777],
       [0.39379799, 0.89282777],
       [0.39700172, 0.90951152],
       [0.39700172, 0.90951152],
       [0.39700172, 0.90951152],
       [0.39700172, 0.90951152],
       [0.39700172, 0.90951152],
       [0.39700172, 0.90951152],
       [0.39700172, 0.90951152],
       [0.39700172, 0.90951152],
       [0.39700172, 0.90951152],
       [0.39700172, 0.90951152],
       [0.39700172, 0.90951152],
       [0.39700172, 0.90951152],
       [0.39700172, 0.90951152],
       [0.39700172, 0.90951152],
       [0.39700172, 0.90951152],
       [0.39700172, 0.90951152],
       [0.39700172, 0.90951152],
       [0.39700172, 0.90951152],
       [0.39700172, 0.90951152],
       [0.39700172, 0.90951152],
       [0.39700172, 0.90951152],
       [0.39700172, 0.90951152],
       [0.39700172, 0.90951152],
       [0.39700172, 0.90951152],
       [0.39700172, 0.90951152],
       [0.39700172, 0.90951152],
       [0.39700172, 0.90951152],
       [0.39700172, 0.90951152],
       [0.39700172, 0.90951152],
       [0.40452254, 0.91985765],
       [0.40452254, 0.91985765],
       [0.40452254, 0.91985765],
       [0.40452254, 0.91985765],
       [0.40452254, 0.91985765],
       [0.40452254, 0.91985765],
       [0.40452254, 0.91985765],
       [0.40452254, 0.91985765],
       [0.40452254, 0.91985765],
       [0.40452254, 0.91985765],
       [0.40452254, 0.91985765],
       [0.40452254, 0.91985765],
       [0.40452254, 0.91985765],
       [0.40452254, 0.91985765],
       [0.40452254, 0.91985765],
       [0.40452254, 0.91985765],
       [0.40452254, 0.91985765],
       [0.40452254, 0.91985765],
       [0.40452254, 0.91985765],
       [0.40452254, 0.91985765],
       [0.40452254, 0.91985765],
       [0.40452254, 0.91985765],
       [0.40452254, 0.91985765],
       [0.40452254, 0.91985765],
       [0.40452254, 0.91985765],
       [0.40452254, 0.91985765],
       [0.40452254, 0.91985765],
       [0.40452254, 0.91985765],
       [0.40452254, 0.91985765],
       [0.40452254, 0.91985765],
       [0.40452254, 0.91985765],
       [0.40452254, 0.91985765],
       [0.40452254, 0.91985765],
       [0.40452254, 0.91985765],
       [0.40452254, 0.91985765],
       [0.40452254, 0.91985765],
       [0.40452254, 0.91985765],
       [0.40452254, 0.91985765],
       [0.40452254, 0.91985765],
       [0.40452254, 0.91985765],
       [0.40452254, 0.91985765],
       [0.40452254, 0.91985765],
       [0.40452254, 0.91985765],
       [0.40452254, 0.91985765],
       [0.40452254, 0.91985765],
       [0.40452254, 0.91985765],
       [0.40452254, 0.91985765],
       [0.40452254, 0.91985765],
       [0.40452254, 0.91985765],
       [0.40452254, 0.91985765],
       [0.40452254, 0.91985765],
       [0.40452254, 0.91985765],
       [0.40452254, 0.91985765],
       [0.40452254, 0.91985765],
       [0.40452254, 0.91985765],
       [0.40452254, 0.91985765],
       [0.40452254, 0.91985765],
       [0.40452254, 0.91985765],
       [0.40452254, 0.91985765],
       [0.40452254, 0.91985765],
       [0.40452254, 0.91985765],
       [0.40452254, 0.91985765],
       [0.40452254, 0.91985765],
       [0.40087398, 0.93258795]], dtype=float64), 'z_uncertain19': Array([[ 1.79814556, -0.24617521],
       [ 1.79814556, -0.24617521],
       [ 1.79814556, -0.24617521],
       [ 1.79643336, -0.25459643],
       [ 1.79643336, -0.25459643],
       [ 1.79643336, -0.25459643],
       [ 1.79643336, -0.25459643],
       [ 1.79979873, -0.26621839],
       [ 1.79979873, -0.26621839],
       [ 1.79979873, -0.26621839],
       [ 1.79979873, -0.26621839],
       [ 1.79979873, -0.26621839],
       [ 1.79979873, -0.26621839],
       [ 1.79979873, -0.26621839],
       [ 1.79979873, -0.26621839],
       [ 1.79979873, -0.26621839],
       [ 1.79979873, -0.26621839],
       [ 1.79979873, -0.26621839],
       [ 1.79979873, -0.26621839],
       [ 1.79979873, -0.26621839],
       [ 1.79979873, -0.26621839],
       [ 1.79979873, -0.26621839],
       [ 1.79979873, -0.26621839],
       [ 1.79979873, -0.26621839],
       [ 1.79979873, -0.26621839],
       [ 1.79979873, -0.26621839],
       [ 1.79979873, -0.26621839],
       [ 1.79979873, -0.26621839],
       [ 1.79979873, -0.26621839],
       [ 1.79979873, -0.26621839],
       [ 1.79979873, -0.26621839],
       [ 1.79979873, -0.26621839],
       [ 1.79979873, -0.26621839],
       [ 1.79979873, -0.26621839],
       [ 1.79979873, -0.26621839],
       [ 1.79979873, -0.26621839],
       [ 1.7978831 , -0.27792934],
       [ 1.7978831 , -0.27792934],
       [ 1.7978831 , -0.27792934],
       [ 1.7978831 , -0.27792934],
       [ 1.7978831 , -0.27792934],
       [ 1.7978831 , -0.27792934],
       [ 1.7978831 , -0.27792934],
       [ 1.7978831 , -0.27792934],
       [ 1.7978831 , -0.27792934],
       [ 1.7978831 , -0.27792934],
       [ 1.7978831 , -0.27792934],
       [ 1.7978831 , -0.27792934],
       [ 1.7978831 , -0.27792934],
       [ 1.7978831 , -0.27792934],
       [ 1.7978831 , -0.27792934],
       [ 1.7978831 , -0.27792934],
       [ 1.7978831 , -0.27792934],
       [ 1.7978831 , -0.27792934],
       [ 1.7978831 , -0.27792934],
       [ 1.7978831 , -0.27792934],
       [ 1.7978831 , -0.27792934],
       [ 1.7978831 , -0.27792934],
       [ 1.7978831 , -0.27792934],
       [ 1.7978831 , -0.27792934],
       [ 1.7978831 , -0.27792934],
       [ 1.7978831 , -0.27792934],
       [ 1.7978831 , -0.27792934],
       [ 1.7978831 , -0.27792934],
       [ 1.7978831 , -0.27792934],
       [ 1.7978831 , -0.27792934],
       [ 1.7978831 , -0.27792934],
       [ 1.7978831 , -0.27792934],
       [ 1.7978831 , -0.27792934],
       [ 1.7978831 , -0.27792934],
       [ 1.7978831 , -0.27792934],
       [ 1.7978831 , -0.27792934],
       [ 1.7978831 , -0.27792934],
       [ 1.7978831 , -0.27792934],
       [ 1.7978831 , -0.27792934],
       [ 1.7978831 , -0.27792934],
       [ 1.7978831 , -0.27792934],
       [ 1.7978831 , -0.27792934],
       [ 1.7978831 , -0.27792934],
       [ 1.7978831 , -0.27792934],
       [ 1.7978831 , -0.27792934],
       [ 1.7978831 , -0.27792934],
       [ 1.7978831 , -0.27792934],
       [ 1.7978831 , -0.27792934],
       [ 1.7978831 , -0.27792934],
       [ 1.7978831 , -0.27792934],
       [ 1.7978831 , -0.27792934],
       [ 1.7978831 , -0.27792934],
       [ 1.7978831 , -0.27792934],
       [ 1.7978831 , -0.27792934],
       [ 1.7978831 , -0.27792934],
       [ 1.7978831 , -0.27792934],
       [ 1.7978831 , -0.27792934],
       [ 1.7978831 , -0.27792934],
       [ 1.7978831 , -0.27792934],
       [ 1.7978831 , -0.27792934],
       [ 1.7978831 , -0.27792934],
       [ 1.7978831 , -0.27792934],
       [ 1.7978831 , -0.27792934],
       [ 1.80150879, -0.29233707]], dtype=float64), 'z_uncertain2': Array([[ 0.43056453, -1.79853532],
       [ 0.43056453, -1.79853532],
       [ 0.43056453, -1.79853532],
       [ 0.41572458, -1.79961558],
       [ 0.41572458, -1.79961558],
       [ 0.41572458, -1.79961558],
       [ 0.41572458, -1.79961558],
       [ 0.40098747, -1.80276046],
       [ 0.40098747, -1.80276046],
       [ 0.40098747, -1.80276046],
       [ 0.40098747, -1.80276046],
       [ 0.40098747, -1.80276046],
       [ 0.40098747, -1.80276046],
       [ 0.40098747, -1.80276046],
       [ 0.40098747, -1.80276046],
       [ 0.40098747, -1.80276046],
       [ 0.40098747, -1.80276046],
       [ 0.40098747, -1.80276046],
       [ 0.40098747, -1.80276046],
       [ 0.40098747, -1.80276046],
       [ 0.40098747, -1.80276046],
       [ 0.40098747, -1.80276046],
       [ 0.40098747, -1.80276046],
       [ 0.40098747, -1.80276046],
       [ 0.40098747, -1.80276046],
       [ 0.40098747, -1.80276046],
       [ 0.40098747, -1.80276046],
       [ 0.40098747, -1.80276046],
       [ 0.40098747, -1.80276046],
       [ 0.40098747, -1.80276046],
       [ 0.40098747, -1.80276046],
       [ 0.40098747, -1.80276046],
       [ 0.40098747, -1.80276046],
       [ 0.40098747, -1.80276046],
       [ 0.40098747, -1.80276046],
       [ 0.40098747, -1.80276046],
       [ 0.38360441, -1.80441523],
       [ 0.38360441, -1.80441523],
       [ 0.38360441, -1.80441523],
       [ 0.38360441, -1.80441523],
       [ 0.38360441, -1.80441523],
       [ 0.38360441, -1.80441523],
       [ 0.38360441, -1.80441523],
       [ 0.38360441, -1.80441523],
       [ 0.38360441, -1.80441523],
       [ 0.38360441, -1.80441523],
       [ 0.38360441, -1.80441523],
       [ 0.38360441, -1.80441523],
       [ 0.38360441, -1.80441523],
       [ 0.38360441, -1.80441523],
       [ 0.38360441, -1.80441523],
       [ 0.38360441, -1.80441523],
       [ 0.38360441, -1.80441523],
       [ 0.38360441, -1.80441523],
       [ 0.38360441, -1.80441523],
       [ 0.38360441, -1.80441523],
       [ 0.38360441, -1.80441523],
       [ 0.38360441, -1.80441523],
       [ 0.38360441, -1.80441523],
       [ 0.38360441, -1.80441523],
       [ 0.38360441, -1.80441523],
       [ 0.38360441, -1.80441523],
       [ 0.38360441, -1.80441523],
       [ 0.38360441, -1.80441523],
       [ 0.38360441, -1.80441523],
       [ 0.38360441, -1.80441523],
       [ 0.38360441, -1.80441523],
       [ 0.38360441, -1.80441523],
       [ 0.38360441, -1.80441523],
       [ 0.38360441, -1.80441523],
       [ 0.38360441, -1.80441523],
       [ 0.38360441, -1.80441523],
       [ 0.38360441, -1.80441523],
       [ 0.38360441, -1.80441523],
       [ 0.38360441, -1.80441523],
       [ 0.38360441, -1.80441523],
       [ 0.38360441, -1.80441523],
       [ 0.38360441, -1.80441523],
       [ 0.38360441, -1.80441523],
       [ 0.38360441, -1.80441523],
       [ 0.38360441, -1.80441523],
       [ 0.38360441, -1.80441523],
       [ 0.38360441, -1.80441523],
       [ 0.38360441, -1.80441523],
       [ 0.38360441, -1.80441523],
       [ 0.38360441, -1.80441523],
       [ 0.38360441, -1.80441523],
       [ 0.38360441, -1.80441523],
       [ 0.38360441, -1.80441523],
       [ 0.38360441, -1.80441523],
       [ 0.38360441, -1.80441523],
       [ 0.38360441, -1.80441523],
       [ 0.38360441, -1.80441523],
       [ 0.38360441, -1.80441523],
       [ 0.38360441, -1.80441523],
       [ 0.38360441, -1.80441523],
       [ 0.38360441, -1.80441523],
       [ 0.38360441, -1.80441523],
       [ 0.38360441, -1.80441523],
       [ 0.37019977, -1.80339653]], dtype=float64), 'z_uncertain3': Array([[ 0.4282349 , -1.75290048],
       [ 0.4282349 , -1.75290048],
       [ 0.4282349 , -1.75290048],
       [ 0.4177455 , -1.7574013 ],
       [ 0.4177455 , -1.7574013 ],
       [ 0.4177455 , -1.7574013 ],
       [ 0.4177455 , -1.7574013 ],
       [ 0.39882482, -1.76317758],
       [ 0.39882482, -1.76317758],
       [ 0.39882482, -1.76317758],
       [ 0.39882482, -1.76317758],
       [ 0.39882482, -1.76317758],
       [ 0.39882482, -1.76317758],
       [ 0.39882482, -1.76317758],
       [ 0.39882482, -1.76317758],
       [ 0.39882482, -1.76317758],
       [ 0.39882482, -1.76317758],
       [ 0.39882482, -1.76317758],
       [ 0.39882482, -1.76317758],
       [ 0.39882482, -1.76317758],
       [ 0.39882482, -1.76317758],
       [ 0.39882482, -1.76317758],
       [ 0.39882482, -1.76317758],
       [ 0.39882482, -1.76317758],
       [ 0.39882482, -1.76317758],
       [ 0.39882482, -1.76317758],
       [ 0.39882482, -1.76317758],
       [ 0.39882482, -1.76317758],
       [ 0.39882482, -1.76317758],
       [ 0.39882482, -1.76317758],
       [ 0.39882482, -1.76317758],
       [ 0.39882482, -1.76317758],
       [ 0.39882482, -1.76317758],
       [ 0.39882482, -1.76317758],
       [ 0.39882482, -1.76317758],
       [ 0.39882482, -1.76317758],
       [ 0.38377265, -1.76476739],
       [ 0.38377265, -1.76476739],
       [ 0.38377265, -1.76476739],
       [ 0.38377265, -1.76476739],
       [ 0.38377265, -1.76476739],
       [ 0.38377265, -1.76476739],
       [ 0.38377265, -1.76476739],
       [ 0.38377265, -1.76476739],
       [ 0.38377265, -1.76476739],
       [ 0.38377265, -1.76476739],
       [ 0.38377265, -1.76476739],
       [ 0.38377265, -1.76476739],
       [ 0.38377265, -1.76476739],
       [ 0.38377265, -1.76476739],
       [ 0.38377265, -1.76476739],
       [ 0.38377265, -1.76476739],
       [ 0.38377265, -1.76476739],
       [ 0.38377265, -1.76476739],
       [ 0.38377265, -1.76476739],
       [ 0.38377265, -1.76476739],
       [ 0.38377265, -1.76476739],
       [ 0.38377265, -1.76476739],
       [ 0.38377265, -1.76476739],
       [ 0.38377265, -1.76476739],
       [ 0.38377265, -1.76476739],
       [ 0.38377265, -1.76476739],
       [ 0.38377265, -1.76476739],
       [ 0.38377265, -1.76476739],
       [ 0.38377265, -1.76476739],
       [ 0.38377265, -1.76476739],
       [ 0.38377265, -1.76476739],
       [ 0.38377265, -1.76476739],
       [ 0.38377265, -1.76476739],
       [ 0.38377265, -1.76476739],
       [ 0.38377265, -1.76476739],
       [ 0.38377265, -1.76476739],
       [ 0.38377265, -1.76476739],
       [ 0.38377265, -1.76476739],
       [ 0.38377265, -1.76476739],
       [ 0.38377265, -1.76476739],
       [ 0.38377265, -1.76476739],
       [ 0.38377265, -1.76476739],
       [ 0.38377265, -1.76476739],
       [ 0.38377265, -1.76476739],
       [ 0.38377265, -1.76476739],
       [ 0.38377265, -1.76476739],
       [ 0.38377265, -1.76476739],
       [ 0.38377265, -1.76476739],
       [ 0.38377265, -1.76476739],
       [ 0.38377265, -1.76476739],
       [ 0.38377265, -1.76476739],
       [ 0.38377265, -1.76476739],
       [ 0.38377265, -1.76476739],
       [ 0.38377265, -1.76476739],
       [ 0.38377265, -1.76476739],
       [ 0.38377265, -1.76476739],
       [ 0.38377265, -1.76476739],
       [ 0.38377265, -1.76476739],
       [ 0.38377265, -1.76476739],
       [ 0.38377265, -1.76476739],
       [ 0.38377265, -1.76476739],
       [ 0.38377265, -1.76476739],
       [ 0.38377265, -1.76476739],
       [ 0.3698871 , -1.77341863]], dtype=float64), 'z_uncertain4': Array([[-1.01079056,  0.51701182],
       [-1.01079056,  0.51701182],
       [-1.01079056,  0.51701182],
       [-1.01488643,  0.51948848],
       [-1.01488643,  0.51948848],
       [-1.01488643,  0.51948848],
       [-1.01488643,  0.51948848],
       [-1.01293373,  0.51921192],
       [-1.01293373,  0.51921192],
       [-1.01293373,  0.51921192],
       [-1.01293373,  0.51921192],
       [-1.01293373,  0.51921192],
       [-1.01293373,  0.51921192],
       [-1.01293373,  0.51921192],
       [-1.01293373,  0.51921192],
       [-1.01293373,  0.51921192],
       [-1.01293373,  0.51921192],
       [-1.01293373,  0.51921192],
       [-1.01293373,  0.51921192],
       [-1.01293373,  0.51921192],
       [-1.01293373,  0.51921192],
       [-1.01293373,  0.51921192],
       [-1.01293373,  0.51921192],
       [-1.01293373,  0.51921192],
       [-1.01293373,  0.51921192],
       [-1.01293373,  0.51921192],
       [-1.01293373,  0.51921192],
       [-1.01293373,  0.51921192],
       [-1.01293373,  0.51921192],
       [-1.01293373,  0.51921192],
       [-1.01293373,  0.51921192],
       [-1.01293373,  0.51921192],
       [-1.01293373,  0.51921192],
       [-1.01293373,  0.51921192],
       [-1.01293373,  0.51921192],
       [-1.01293373,  0.51921192],
       [-1.01126583,  0.51188823],
       [-1.01126583,  0.51188823],
       [-1.01126583,  0.51188823],
       [-1.01126583,  0.51188823],
       [-1.01126583,  0.51188823],
       [-1.01126583,  0.51188823],
       [-1.01126583,  0.51188823],
       [-1.01126583,  0.51188823],
       [-1.01126583,  0.51188823],
       [-1.01126583,  0.51188823],
       [-1.01126583,  0.51188823],
       [-1.01126583,  0.51188823],
       [-1.01126583,  0.51188823],
       [-1.01126583,  0.51188823],
       [-1.01126583,  0.51188823],
       [-1.01126583,  0.51188823],
       [-1.01126583,  0.51188823],
       [-1.01126583,  0.51188823],
       [-1.01126583,  0.51188823],
       [-1.01126583,  0.51188823],
       [-1.01126583,  0.51188823],
       [-1.01126583,  0.51188823],
       [-1.01126583,  0.51188823],
       [-1.01126583,  0.51188823],
       [-1.01126583,  0.51188823],
       [-1.01126583,  0.51188823],
       [-1.01126583,  0.51188823],
       [-1.01126583,  0.51188823],
       [-1.01126583,  0.51188823],
       [-1.01126583,  0.51188823],
       [-1.01126583,  0.51188823],
       [-1.01126583,  0.51188823],
       [-1.01126583,  0.51188823],
       [-1.01126583,  0.51188823],
       [-1.01126583,  0.51188823],
       [-1.01126583,  0.51188823],
       [-1.01126583,  0.51188823],
       [-1.01126583,  0.51188823],
       [-1.01126583,  0.51188823],
       [-1.01126583,  0.51188823],
       [-1.01126583,  0.51188823],
       [-1.01126583,  0.51188823],
       [-1.01126583,  0.51188823],
       [-1.01126583,  0.51188823],
       [-1.01126583,  0.51188823],
       [-1.01126583,  0.51188823],
       [-1.01126583,  0.51188823],
       [-1.01126583,  0.51188823],
       [-1.01126583,  0.51188823],
       [-1.01126583,  0.51188823],
       [-1.01126583,  0.51188823],
       [-1.01126583,  0.51188823],
       [-1.01126583,  0.51188823],
       [-1.01126583,  0.51188823],
       [-1.01126583,  0.51188823],
       [-1.01126583,  0.51188823],
       [-1.01126583,  0.51188823],
       [-1.01126583,  0.51188823],
       [-1.01126583,  0.51188823],
       [-1.01126583,  0.51188823],
       [-1.01126583,  0.51188823],
       [-1.01126583,  0.51188823],
       [-1.01126583,  0.51188823],
       [-1.0097326 ,  0.51490575]], dtype=float64), 'z_uncertain5': Array([[-1.01825926, -0.31020901],
       [-1.01825926, -0.31020901],
       [-1.01825926, -0.31020901],
       [-1.00970841, -0.28371531],
       [-1.00970841, -0.28371531],
       [-1.00970841, -0.28371531],
       [-1.00970841, -0.28371531],
       [-1.01378681, -0.25848218],
       [-1.01378681, -0.25848218],
       [-1.01378681, -0.25848218],
       [-1.01378681, -0.25848218],
       [-1.01378681, -0.25848218],
       [-1.01378681, -0.25848218],
       [-1.01378681, -0.25848218],
       [-1.01378681, -0.25848218],
       [-1.01378681, -0.25848218],
       [-1.01378681, -0.25848218],
       [-1.01378681, -0.25848218],
       [-1.01378681, -0.25848218],
       [-1.01378681, -0.25848218],
       [-1.01378681, -0.25848218],
       [-1.01378681, -0.25848218],
       [-1.01378681, -0.25848218],
       [-1.01378681, -0.25848218],
       [-1.01378681, -0.25848218],
       [-1.01378681, -0.25848218],
       [-1.01378681, -0.25848218],
       [-1.01378681, -0.25848218],
       [-1.01378681, -0.25848218],
       [-1.01378681, -0.25848218],
       [-1.01378681, -0.25848218],
       [-1.01378681, -0.25848218],
       [-1.01378681, -0.25848218],
       [-1.01378681, -0.25848218],
       [-1.01378681, -0.25848218],
       [-1.01378681, -0.25848218],
       [-1.00422042, -0.22680949],
       [-1.00422042, -0.22680949],
       [-1.00422042, -0.22680949],
       [-1.00422042, -0.22680949],
       [-1.00422042, -0.22680949],
       [-1.00422042, -0.22680949],
       [-1.00422042, -0.22680949],
       [-1.00422042, -0.22680949],
       [-1.00422042, -0.22680949],
       [-1.00422042, -0.22680949],
       [-1.00422042, -0.22680949],
       [-1.00422042, -0.22680949],
       [-1.00422042, -0.22680949],
       [-1.00422042, -0.22680949],
       [-1.00422042, -0.22680949],
       [-1.00422042, -0.22680949],
       [-1.00422042, -0.22680949],
       [-1.00422042, -0.22680949],
       [-1.00422042, -0.22680949],
       [-1.00422042, -0.22680949],
       [-1.00422042, -0.22680949],
       [-1.00422042, -0.22680949],
       [-1.00422042, -0.22680949],
       [-1.00422042, -0.22680949],
       [-1.00422042, -0.22680949],
       [-1.00422042, -0.22680949],
       [-1.00422042, -0.22680949],
       [-1.00422042, -0.22680949],
       [-1.00422042, -0.22680949],
       [-1.00422042, -0.22680949],
       [-1.00422042, -0.22680949],
       [-1.00422042, -0.22680949],
       [-1.00422042, -0.22680949],
       [-1.00422042, -0.22680949],
       [-1.00422042, -0.22680949],
       [-1.00422042, -0.22680949],
       [-1.00422042, -0.22680949],
       [-1.00422042, -0.22680949],
       [-1.00422042, -0.22680949],
       [-1.00422042, -0.22680949],
       [-1.00422042, -0.22680949],
       [-1.00422042, -0.22680949],
       [-1.00422042, -0.22680949],
       [-1.00422042, -0.22680949],
       [-1.00422042, -0.22680949],
       [-1.00422042, -0.22680949],
       [-1.00422042, -0.22680949],
       [-1.00422042, -0.22680949],
       [-1.00422042, -0.22680949],
       [-1.00422042, -0.22680949],
       [-1.00422042, -0.22680949],
       [-1.00422042, -0.22680949],
       [-1.00422042, -0.22680949],
       [-1.00422042, -0.22680949],
       [-1.00422042, -0.22680949],
       [-1.00422042, -0.22680949],
       [-1.00422042, -0.22680949],
       [-1.00422042, -0.22680949],
       [-1.00422042, -0.22680949],
       [-1.00422042, -0.22680949],
       [-1.00422042, -0.22680949],
       [-1.00422042, -0.22680949],
       [-1.00422042, -0.22680949],
       [-1.01252501, -0.19927266]], dtype=float64), 'z_uncertain6': Array([[-1.77652842,  0.18535672],
       [-1.77652842,  0.18535672],
       [-1.77652842,  0.18535672],
       [-1.78484398,  0.18218262],
       [-1.78484398,  0.18218262],
       [-1.78484398,  0.18218262],
       [-1.78484398,  0.18218262],
       [-1.77280701,  0.17844704],
       [-1.77280701,  0.17844704],
       [-1.77280701,  0.17844704],
       [-1.77280701,  0.17844704],
       [-1.77280701,  0.17844704],
       [-1.77280701,  0.17844704],
       [-1.77280701,  0.17844704],
       [-1.77280701,  0.17844704],
       [-1.77280701,  0.17844704],
       [-1.77280701,  0.17844704],
       [-1.77280701,  0.17844704],
       [-1.77280701,  0.17844704],
       [-1.77280701,  0.17844704],
       [-1.77280701,  0.17844704],
       [-1.77280701,  0.17844704],
       [-1.77280701,  0.17844704],
       [-1.77280701,  0.17844704],
       [-1.77280701,  0.17844704],
       [-1.77280701,  0.17844704],
       [-1.77280701,  0.17844704],
       [-1.77280701,  0.17844704],
       [-1.77280701,  0.17844704],
       [-1.77280701,  0.17844704],
       [-1.77280701,  0.17844704],
       [-1.77280701,  0.17844704],
       [-1.77280701,  0.17844704],
       [-1.77280701,  0.17844704],
       [-1.77280701,  0.17844704],
       [-1.77280701,  0.17844704],
       [-1.78463999,  0.17920738],
       [-1.78463999,  0.17920738],
       [-1.78463999,  0.17920738],
       [-1.78463999,  0.17920738],
       [-1.78463999,  0.17920738],
       [-1.78463999,  0.17920738],
       [-1.78463999,  0.17920738],
       [-1.78463999,  0.17920738],
       [-1.78463999,  0.17920738],
       [-1.78463999,  0.17920738],
       [-1.78463999,  0.17920738],
       [-1.78463999,  0.17920738],
       [-1.78463999,  0.17920738],
       [-1.78463999,  0.17920738],
       [-1.78463999,  0.17920738],
       [-1.78463999,  0.17920738],
       [-1.78463999,  0.17920738],
       [-1.78463999,  0.17920738],
       [-1.78463999,  0.17920738],
       [-1.78463999,  0.17920738],
       [-1.78463999,  0.17920738],
       [-1.78463999,  0.17920738],
       [-1.78463999,  0.17920738],
       [-1.78463999,  0.17920738],
       [-1.78463999,  0.17920738],
       [-1.78463999,  0.17920738],
       [-1.78463999,  0.17920738],
       [-1.78463999,  0.17920738],
       [-1.78463999,  0.17920738],
       [-1.78463999,  0.17920738],
       [-1.78463999,  0.17920738],
       [-1.78463999,  0.17920738],
       [-1.78463999,  0.17920738],
       [-1.78463999,  0.17920738],
       [-1.78463999,  0.17920738],
       [-1.78463999,  0.17920738],
       [-1.78463999,  0.17920738],
       [-1.78463999,  0.17920738],
       [-1.78463999,  0.17920738],
       [-1.78463999,  0.17920738],
       [-1.78463999,  0.17920738],
       [-1.78463999,  0.17920738],
       [-1.78463999,  0.17920738],
       [-1.78463999,  0.17920738],
       [-1.78463999,  0.17920738],
       [-1.78463999,  0.17920738],
       [-1.78463999,  0.17920738],
       [-1.78463999,  0.17920738],
       [-1.78463999,  0.17920738],
       [-1.78463999,  0.17920738],
       [-1.78463999,  0.17920738],
       [-1.78463999,  0.17920738],
       [-1.78463999,  0.17920738],
       [-1.78463999,  0.17920738],
       [-1.78463999,  0.17920738],
       [-1.78463999,  0.17920738],
       [-1.78463999,  0.17920738],
       [-1.78463999,  0.17920738],
       [-1.78463999,  0.17920738],
       [-1.78463999,  0.17920738],
       [-1.78463999,  0.17920738],
       [-1.78463999,  0.17920738],
       [-1.78463999,  0.17920738],
       [-1.77835585,  0.18237274]], dtype=float64), 'z_uncertain7': Array([[-1.0114115 ,  0.11569632],
       [-1.0114115 ,  0.11569632],
       [-1.0114115 ,  0.11569632],
       [-1.00570818,  0.12307302],
       [-1.00570818,  0.12307302],
       [-1.00570818,  0.12307302],
       [-1.00570818,  0.12307302],
       [-1.01037527,  0.12745765],
       [-1.01037527,  0.12745765],
       [-1.01037527,  0.12745765],
       [-1.01037527,  0.12745765],
       [-1.01037527,  0.12745765],
       [-1.01037527,  0.12745765],
       [-1.01037527,  0.12745765],
       [-1.01037527,  0.12745765],
       [-1.01037527,  0.12745765],
       [-1.01037527,  0.12745765],
       [-1.01037527,  0.12745765],
       [-1.01037527,  0.12745765],
       [-1.01037527,  0.12745765],
       [-1.01037527,  0.12745765],
       [-1.01037527,  0.12745765],
       [-1.01037527,  0.12745765],
       [-1.01037527,  0.12745765],
       [-1.01037527,  0.12745765],
       [-1.01037527,  0.12745765],
       [-1.01037527,  0.12745765],
       [-1.01037527,  0.12745765],
       [-1.01037527,  0.12745765],
       [-1.01037527,  0.12745765],
       [-1.01037527,  0.12745765],
       [-1.01037527,  0.12745765],
       [-1.01037527,  0.12745765],
       [-1.01037527,  0.12745765],
       [-1.01037527,  0.12745765],
       [-1.01037527,  0.12745765],
       [-1.00996314,  0.13249722],
       [-1.00996314,  0.13249722],
       [-1.00996314,  0.13249722],
       [-1.00996314,  0.13249722],
       [-1.00996314,  0.13249722],
       [-1.00996314,  0.13249722],
       [-1.00996314,  0.13249722],
       [-1.00996314,  0.13249722],
       [-1.00996314,  0.13249722],
       [-1.00996314,  0.13249722],
       [-1.00996314,  0.13249722],
       [-1.00996314,  0.13249722],
       [-1.00996314,  0.13249722],
       [-1.00996314,  0.13249722],
       [-1.00996314,  0.13249722],
       [-1.00996314,  0.13249722],
       [-1.00996314,  0.13249722],
       [-1.00996314,  0.13249722],
       [-1.00996314,  0.13249722],
       [-1.00996314,  0.13249722],
       [-1.00996314,  0.13249722],
       [-1.00996314,  0.13249722],
       [-1.00996314,  0.13249722],
       [-1.00996314,  0.13249722],
       [-1.00996314,  0.13249722],
       [-1.00996314,  0.13249722],
       [-1.00996314,  0.13249722],
       [-1.00996314,  0.13249722],
       [-1.00996314,  0.13249722],
       [-1.00996314,  0.13249722],
       [-1.00996314,  0.13249722],
       [-1.00996314,  0.13249722],
       [-1.00996314,  0.13249722],
       [-1.00996314,  0.13249722],
       [-1.00996314,  0.13249722],
       [-1.00996314,  0.13249722],
       [-1.00996314,  0.13249722],
       [-1.00996314,  0.13249722],
       [-1.00996314,  0.13249722],
       [-1.00996314,  0.13249722],
       [-1.00996314,  0.13249722],
       [-1.00996314,  0.13249722],
       [-1.00996314,  0.13249722],
       [-1.00996314,  0.13249722],
       [-1.00996314,  0.13249722],
       [-1.00996314,  0.13249722],
       [-1.00996314,  0.13249722],
       [-1.00996314,  0.13249722],
       [-1.00996314,  0.13249722],
       [-1.00996314,  0.13249722],
       [-1.00996314,  0.13249722],
       [-1.00996314,  0.13249722],
       [-1.00996314,  0.13249722],
       [-1.00996314,  0.13249722],
       [-1.00996314,  0.13249722],
       [-1.00996314,  0.13249722],
       [-1.00996314,  0.13249722],
       [-1.00996314,  0.13249722],
       [-1.00996314,  0.13249722],
       [-1.00996314,  0.13249722],
       [-1.00996314,  0.13249722],
       [-1.00996314,  0.13249722],
       [-1.00996314,  0.13249722],
       [-1.0067033 ,  0.13545191]], dtype=float64), 'z_uncertain8': Array([[-0.09359964, -1.14416785],
       [-0.09359964, -1.14416785],
       [-0.09359964, -1.14416785],
       [-0.09086768, -1.1301915 ],
       [-0.09086768, -1.1301915 ],
       [-0.09086768, -1.1301915 ],
       [-0.09086768, -1.1301915 ],
       [-0.08584364, -1.11768927],
       [-0.08584364, -1.11768927],
       [-0.08584364, -1.11768927],
       [-0.08584364, -1.11768927],
       [-0.08584364, -1.11768927],
       [-0.08584364, -1.11768927],
       [-0.08584364, -1.11768927],
       [-0.08584364, -1.11768927],
       [-0.08584364, -1.11768927],
       [-0.08584364, -1.11768927],
       [-0.08584364, -1.11768927],
       [-0.08584364, -1.11768927],
       [-0.08584364, -1.11768927],
       [-0.08584364, -1.11768927],
       [-0.08584364, -1.11768927],
       [-0.08584364, -1.11768927],
       [-0.08584364, -1.11768927],
       [-0.08584364, -1.11768927],
       [-0.08584364, -1.11768927],
       [-0.08584364, -1.11768927],
       [-0.08584364, -1.11768927],
       [-0.08584364, -1.11768927],
       [-0.08584364, -1.11768927],
       [-0.08584364, -1.11768927],
       [-0.08584364, -1.11768927],
       [-0.08584364, -1.11768927],
       [-0.08584364, -1.11768927],
       [-0.08584364, -1.11768927],
       [-0.08584364, -1.11768927],
       [-0.09183258, -1.1066791 ],
       [-0.09183258, -1.1066791 ],
       [-0.09183258, -1.1066791 ],
       [-0.09183258, -1.1066791 ],
       [-0.09183258, -1.1066791 ],
       [-0.09183258, -1.1066791 ],
       [-0.09183258, -1.1066791 ],
       [-0.09183258, -1.1066791 ],
       [-0.09183258, -1.1066791 ],
       [-0.09183258, -1.1066791 ],
       [-0.09183258, -1.1066791 ],
       [-0.09183258, -1.1066791 ],
       [-0.09183258, -1.1066791 ],
       [-0.09183258, -1.1066791 ],
       [-0.09183258, -1.1066791 ],
       [-0.09183258, -1.1066791 ],
       [-0.09183258, -1.1066791 ],
       [-0.09183258, -1.1066791 ],
       [-0.09183258, -1.1066791 ],
       [-0.09183258, -1.1066791 ],
       [-0.09183258, -1.1066791 ],
       [-0.09183258, -1.1066791 ],
       [-0.09183258, -1.1066791 ],
       [-0.09183258, -1.1066791 ],
       [-0.09183258, -1.1066791 ],
       [-0.09183258, -1.1066791 ],
       [-0.09183258, -1.1066791 ],
       [-0.09183258, -1.1066791 ],
       [-0.09183258, -1.1066791 ],
       [-0.09183258, -1.1066791 ],
       [-0.09183258, -1.1066791 ],
       [-0.09183258, -1.1066791 ],
       [-0.09183258, -1.1066791 ],
       [-0.09183258, -1.1066791 ],
       [-0.09183258, -1.1066791 ],
       [-0.09183258, -1.1066791 ],
       [-0.09183258, -1.1066791 ],
       [-0.09183258, -1.1066791 ],
       [-0.09183258, -1.1066791 ],
       [-0.09183258, -1.1066791 ],
       [-0.09183258, -1.1066791 ],
       [-0.09183258, -1.1066791 ],
       [-0.09183258, -1.1066791 ],
       [-0.09183258, -1.1066791 ],
       [-0.09183258, -1.1066791 ],
       [-0.09183258, -1.1066791 ],
       [-0.09183258, -1.1066791 ],
       [-0.09183258, -1.1066791 ],
       [-0.09183258, -1.1066791 ],
       [-0.09183258, -1.1066791 ],
       [-0.09183258, -1.1066791 ],
       [-0.09183258, -1.1066791 ],
       [-0.09183258, -1.1066791 ],
       [-0.09183258, -1.1066791 ],
       [-0.09183258, -1.1066791 ],
       [-0.09183258, -1.1066791 ],
       [-0.09183258, -1.1066791 ],
       [-0.09183258, -1.1066791 ],
       [-0.09183258, -1.1066791 ],
       [-0.09183258, -1.1066791 ],
       [-0.09183258, -1.1066791 ],
       [-0.09183258, -1.1066791 ],
       [-0.09183258, -1.1066791 ],
       [-0.09428937, -1.10076357]], dtype=float64), 'z_uncertain9': Array([[0.4059005 , 1.08330023],
       [0.4059005 , 1.08330023],
       [0.4059005 , 1.08330023],
       [0.41102406, 1.08491233],
       [0.41102406, 1.08491233],
       [0.41102406, 1.08491233],
       [0.41102406, 1.08491233],
       [0.41462256, 1.08619484],
       [0.41462256, 1.08619484],
       [0.41462256, 1.08619484],
       [0.41462256, 1.08619484],
       [0.41462256, 1.08619484],
       [0.41462256, 1.08619484],
       [0.41462256, 1.08619484],
       [0.41462256, 1.08619484],
       [0.41462256, 1.08619484],
       [0.41462256, 1.08619484],
       [0.41462256, 1.08619484],
       [0.41462256, 1.08619484],
       [0.41462256, 1.08619484],
       [0.41462256, 1.08619484],
       [0.41462256, 1.08619484],
       [0.41462256, 1.08619484],
       [0.41462256, 1.08619484],
       [0.41462256, 1.08619484],
       [0.41462256, 1.08619484],
       [0.41462256, 1.08619484],
       [0.41462256, 1.08619484],
       [0.41462256, 1.08619484],
       [0.41462256, 1.08619484],
       [0.41462256, 1.08619484],
       [0.41462256, 1.08619484],
       [0.41462256, 1.08619484],
       [0.41462256, 1.08619484],
       [0.41462256, 1.08619484],
       [0.41462256, 1.08619484],
       [0.41585076, 1.08597065],
       [0.41585076, 1.08597065],
       [0.41585076, 1.08597065],
       [0.41585076, 1.08597065],
       [0.41585076, 1.08597065],
       [0.41585076, 1.08597065],
       [0.41585076, 1.08597065],
       [0.41585076, 1.08597065],
       [0.41585076, 1.08597065],
       [0.41585076, 1.08597065],
       [0.41585076, 1.08597065],
       [0.41585076, 1.08597065],
       [0.41585076, 1.08597065],
       [0.41585076, 1.08597065],
       [0.41585076, 1.08597065],
       [0.41585076, 1.08597065],
       [0.41585076, 1.08597065],
       [0.41585076, 1.08597065],
       [0.41585076, 1.08597065],
       [0.41585076, 1.08597065],
       [0.41585076, 1.08597065],
       [0.41585076, 1.08597065],
       [0.41585076, 1.08597065],
       [0.41585076, 1.08597065],
       [0.41585076, 1.08597065],
       [0.41585076, 1.08597065],
       [0.41585076, 1.08597065],
       [0.41585076, 1.08597065],
       [0.41585076, 1.08597065],
       [0.41585076, 1.08597065],
       [0.41585076, 1.08597065],
       [0.41585076, 1.08597065],
       [0.41585076, 1.08597065],
       [0.41585076, 1.08597065],
       [0.41585076, 1.08597065],
       [0.41585076, 1.08597065],
       [0.41585076, 1.08597065],
       [0.41585076, 1.08597065],
       [0.41585076, 1.08597065],
       [0.41585076, 1.08597065],
       [0.41585076, 1.08597065],
       [0.41585076, 1.08597065],
       [0.41585076, 1.08597065],
       [0.41585076, 1.08597065],
       [0.41585076, 1.08597065],
       [0.41585076, 1.08597065],
       [0.41585076, 1.08597065],
       [0.41585076, 1.08597065],
       [0.41585076, 1.08597065],
       [0.41585076, 1.08597065],
       [0.41585076, 1.08597065],
       [0.41585076, 1.08597065],
       [0.41585076, 1.08597065],
       [0.41585076, 1.08597065],
       [0.41585076, 1.08597065],
       [0.41585076, 1.08597065],
       [0.41585076, 1.08597065],
       [0.41585076, 1.08597065],
       [0.41585076, 1.08597065],
       [0.41585076, 1.08597065],
       [0.41585076, 1.08597065],
       [0.41585076, 1.08597065],
       [0.41585076, 1.08597065],
       [0.42009267, 1.08881034]], dtype=float64)}
0:_z_uncertain_mean=[0.41676031 1.16633529]
1:_z_uncertain_mean=[ 1.79699619 -0.39405558]
2:_z_uncertain_mean=[ 0.39120506 -1.80355678]
3:_z_uncertain_mean=[ 0.39069171 -1.76374221]
4:_z_uncertain_mean=[-1.01186476  0.51449999]
5:_z_uncertain_mean=[-1.0077184  -0.24049742]
6:_z_uncertain_mean=[-1.7809104   0.17932202]
7:_z_uncertain_mean=[-1.00992331  0.13018429]
8:_z_uncertain_mean=[-0.09013477 -1.11187805]
9:_z_uncertain_mean=[0.41504542 1.08594162]
10:_z_uncertain_mean=[ 1.79884936 -0.48391396]
11:_z_uncertain_mean=[0.41521795 1.13298063]
12:_z_uncertain_mean=[ 1.80122433 -1.10112457]
Script finished in 15 minutes and 51 seconds.
