hpc-node03
Collecting package metadata (current_repodata.json): ...working... failed
Tue Feb 20 00:45:34 2024       
+---------------------------------------------------------------------------------------+
| NVIDIA-SMI 535.104.05             Driver Version: 535.104.05   CUDA Version: 12.2     |
|-----------------------------------------+----------------------+----------------------+
| GPU  Name                 Persistence-M | Bus-Id        Disp.A | Volatile Uncorr. ECC |
| Fan  Temp   Perf          Pwr:Usage/Cap |         Memory-Usage | GPU-Util  Compute M. |
|                                         |                      |               MIG M. |
|=========================================+======================+======================|
|   0  NVIDIA L40                     On  | 00000000:17:00.0 Off |                    0 |
| N/A   31C    P8              35W / 300W |      4MiB / 46068MiB |      0%      Default |
|                                         |                      |                  N/A |
+-----------------------------------------+----------------------+----------------------+
|   1  NVIDIA L40                     On  | 00000000:65:00.0 Off |                    0 |
| N/A   31C    P8              36W / 300W |      4MiB / 46068MiB |      0%      Default |
|                                         |                      |                  N/A |
+-----------------------------------------+----------------------+----------------------+
|   2  NVIDIA L40                     On  | 00000000:CA:00.0 Off |                    0 |
| N/A   31C    P8              35W / 300W |      4MiB / 46068MiB |      0%      Default |
|                                         |                      |                  N/A |
+-----------------------------------------+----------------------+----------------------+
|   3  NVIDIA L40                     On  | 00000000:E3:00.0 Off |                    0 |
| N/A   32C    P0              35W / 300W |      4MiB / 46068MiB |      0%      Default |
|                                         |                      |                  N/A |
+-----------------------------------------+----------------------+----------------------+
                                                                                         
+---------------------------------------------------------------------------------------+
| Processes:                                                                            |
|  GPU   GI   CI        PID   Type   Process name                            GPU Memory |
|        ID   ID                                                             Usage      |
|=======================================================================================|
|  No running processes found                                                           |
+---------------------------------------------------------------------------------------+
Date              = Tue Feb 20 00:45:37 CET 2024
Hostname          = hpc-node03
Working Directory = /local/269393
Number of nodes used        : 1
Number of MPI tasks         : 1
Number of threads           : 16
Number of MPI tasks per node: 1
Number of threads per core  : 
Name of nodes used          : hpc-node03
Gpu devices                 : 0
Starting worker: 
sigma_init_yu: 0.4124124058070794	sigma_init_yf: 16.88708019124114	sigma_init: 8.26348917090675
new_sigma_init_yu: 0.4124124058070794	new_sigma_init_yf: 0.8717052165589062	new_sigma_init: 0.6445101765174205
Xu_noise: [[0.86041803 0.407946  ]
 [0.47981698 0.37768862]
 [0.31407172 0.29118561]
 [0.89966496 0.84905457]
 [0.27952723 0.09003273]
 [0.83715097 0.70901247]
 [0.61831648 0.46794143]
 [0.2443358  0.75718614]
 [0.91768526 0.77823912]
 [0.73000551 0.18512075]
 [0.93061297 0.40110551]
 [0.1385972  0.43996769]
 [0.44841027 0.20167252]
 [0.45244136 0.81725298]
 [0.31548548 0.66127418]
 [0.49726064 0.45523565]
 [0.14274667 0.24981709]
 [0.97079493 0.26795404]
 [0.12630104 0.84255312]
 [0.02519675 0.86264226]]
Xu_noise shape: (20, 2)
Initial loss: 2853.3947343709087
Final loss: 69.43686995481623
start inference

                      mean       std    median      5.0%     95.0%     n_eff     r_hat
 z_uncertain0[0]      0.44      0.10      0.45      0.26      0.60     20.09      1.11
 z_uncertain0[1]      5.35      1.50      5.05      3.46      7.59     12.59      1.10
 z_uncertain1[0]      0.46      0.01      0.46      0.43      0.48     28.84      1.02
 z_uncertain1[1]     -2.23      0.04     -2.23     -2.29     -2.17     34.45      1.03
z_uncertain10[0]      0.46      0.01      0.46      0.43      0.48     29.09      1.02
z_uncertain10[1]     -2.24      0.04     -2.24     -2.30     -2.17     36.50      1.03
z_uncertain11[0]      0.44      0.10      0.45      0.25      0.60     20.12      1.11
z_uncertain11[1]      5.35      1.50      5.04      3.48      7.63     12.59      1.10
z_uncertain12[0]      0.46      0.01      0.46      0.43      0.48     29.21      1.02
z_uncertain12[1]     -2.24      0.04     -2.23     -2.30     -2.18     35.71      1.03
z_uncertain13[0]      0.46      0.01      0.46      0.44      0.48     29.08      1.02
z_uncertain13[1]     -2.24      0.04     -2.23     -2.30     -2.18     37.18      1.03
z_uncertain14[0]     -3.34      2.04     -2.69     -7.01     -0.69     12.79      1.13
z_uncertain14[1]      1.43      3.09      1.59     -4.19      5.77     15.16      1.17
z_uncertain15[0]     -3.34      2.04     -2.69     -6.82     -0.50     12.80      1.13
z_uncertain15[1]      1.43      3.08      1.59     -4.09      5.86     15.16      1.17
z_uncertain16[0]      0.44      0.10      0.45      0.25      0.60     20.06      1.11
z_uncertain16[1]      5.35      1.50      5.04      3.50      7.67     12.60      1.10
z_uncertain17[0]      0.44      0.10      0.45      0.25      0.59     20.09      1.11
z_uncertain17[1]      5.35      1.50      5.04      3.46      7.62     12.60      1.10
z_uncertain18[0]      0.44      0.10      0.44      0.25      0.59     20.11      1.11
z_uncertain18[1]      5.35      1.50      5.04      3.45      7.60     12.60      1.10
z_uncertain19[0]      0.46      0.01      0.46      0.43      0.48     28.81      1.02
z_uncertain19[1]     -2.24      0.04     -2.23     -2.31     -2.18     34.55      1.03
 z_uncertain2[0]      0.46      0.01      0.46      0.43      0.48     29.37      1.02
 z_uncertain2[1]     -2.24      0.04     -2.23     -2.30     -2.17     33.34      1.04
 z_uncertain3[0]      0.46      0.01      0.46      0.44      0.48     28.63      1.02
 z_uncertain3[1]     -2.24      0.04     -2.24     -2.30     -2.17     36.85      1.03
 z_uncertain4[0]     -3.34      2.04     -2.69     -6.99     -0.67     12.79      1.13
 z_uncertain4[1]      1.43      3.09      1.58     -4.08      5.86     15.16      1.17
 z_uncertain5[0]     -3.34      2.04     -2.70     -6.82     -0.50     12.79      1.13
 z_uncertain5[1]      1.43      3.08      1.60     -4.20      5.78     15.16      1.17
 z_uncertain6[0]     -3.34      2.04     -2.69     -6.86     -0.54     12.79      1.13
 z_uncertain6[1]      1.43      3.08      1.60     -4.17      5.79     15.16      1.17
 z_uncertain7[0]     -3.34      2.04     -2.70     -6.82     -0.50     12.79      1.13
 z_uncertain7[1]      1.43      3.08      1.61     -4.10      5.87     15.17      1.17
 z_uncertain8[0]      0.46      0.01      0.46      0.44      0.48     29.01      1.02
 z_uncertain8[1]     -2.23      0.04     -2.23     -2.31     -2.18     33.52      1.04
 z_uncertain9[0]      0.44      0.10      0.45      0.26      0.60     20.09      1.11
 z_uncertain9[1]      5.35      1.50      5.04      3.44      7.60     12.61      1.10

Number of divergences: 0
{'z_uncertain0': Array([[ 0.40430816,  5.87420845],
       [ 0.37247602,  6.48078983],
       [ 0.38598268,  6.5989811 ],
       ...,
       [ 0.39294327,  9.08267182],
       [ 0.40993574,  9.50805694],
       [ 0.45334638, 10.08076872]], dtype=float64), 'z_uncertain1': Array([[ 0.45501464, -2.25298556],
       [ 0.46475284, -2.2501381 ],
       [ 0.46137795, -2.27613224],
       ...,
       [ 0.46187682, -2.26435135],
       [ 0.45905301, -2.22924781],
       [ 0.45925413, -2.23932969]], dtype=float64), 'z_uncertain10': Array([[ 0.44921474, -2.22827349],
       [ 0.45956302, -2.28016989],
       [ 0.46217393, -2.25763954],
       ...,
       [ 0.46069978, -2.25855591],
       [ 0.4597382 , -2.22096007],
       [ 0.46049194, -2.25891258]], dtype=float64), 'z_uncertain11': Array([[ 0.40613173,  5.89797225],
       [ 0.37487995,  6.45306522],
       [ 0.38424736,  6.573745  ],
       ...,
       [ 0.39367588,  9.08516173],
       [ 0.41050526,  9.50921697],
       [ 0.45444102, 10.08318818]], dtype=float64), 'z_uncertain12': Array([[ 0.45068217, -2.25956337],
       [ 0.46169124, -2.22378429],
       [ 0.46291548, -2.24885178],
       ...,
       [ 0.46249817, -2.25100802],
       [ 0.45878015, -2.25797702],
       [ 0.45828814, -2.21818997]], dtype=float64), 'z_uncertain13': Array([[ 0.4543171 , -2.23908572],
       [ 0.46240944, -2.24041381],
       [ 0.45985834, -2.23981652],
       ...,
       [ 0.45590142, -2.22911335],
       [ 0.45650995, -2.24436488],
       [ 0.45745427, -2.23575079]], dtype=float64), 'z_uncertain14': Array([[-3.58064987, -2.81125561],
       [-4.54154211, -4.28621124],
       [-4.55570583, -3.72537725],
       ...,
       [-1.19210198,  1.2846709 ],
       [-0.98363548,  1.98892286],
       [-0.79839827,  3.25870285]], dtype=float64), 'z_uncertain15': Array([[-3.5862641 , -2.81989043],
       [-4.54038131, -4.29712642],
       [-4.55748408, -3.75388646],
       ...,
       [-1.19260485,  1.24936608],
       [-0.98060991,  1.95348687],
       [-0.79487536,  3.21731492]], dtype=float64), 'z_uncertain16': Array([[ 0.40218521,  5.8693298 ],
       [ 0.37812004,  6.45391998],
       [ 0.38481335,  6.57183596],
       ...,
       [ 0.39148056,  9.0524728 ],
       [ 0.41057944,  9.54173244],
       [ 0.45581952, 10.10394127]], dtype=float64), 'z_uncertain17': Array([[ 0.40625461,  5.880739  ],
       [ 0.37207809,  6.46631801],
       [ 0.38154621,  6.58305016],
       ...,
       [ 0.39784017,  9.07372881],
       [ 0.40974475,  9.51953938],
       [ 0.45431222, 10.08798238]], dtype=float64), 'z_uncertain18': Array([[ 0.40560713,  5.84116567],
       [ 0.37504783,  6.48810906],
       [ 0.3861122 ,  6.59908575],
       ...,
       [ 0.397805  ,  9.11897234],
       [ 0.40826828,  9.47368252],
       [ 0.45272424, 10.05099086]], dtype=float64), 'z_uncertain19': Array([[ 0.44901072, -2.23348356],
       [ 0.45919318, -2.25476913],
       [ 0.46298679, -2.24729999],
       ...,
       [ 0.46068188, -2.26253372],
       [ 0.45938862, -2.23975686],
       [ 0.45913445, -2.23983242]], dtype=float64), 'z_uncertain2': Array([[ 0.45480363, -2.26962045],
       [ 0.46414902, -2.20952287],
       [ 0.46058287, -2.27263489],
       ...,
       [ 0.46155014, -2.23698432],
       [ 0.45940468, -2.27869909],
       [ 0.45909332, -2.2384015 ]], dtype=float64), 'z_uncertain3': Array([[ 0.45643933, -2.27419661],
       [ 0.46825354, -2.23440233],
       [ 0.45446319, -2.2554036 ],
       ...,
       [ 0.45968072, -2.29107277],
       [ 0.45593799, -2.22273446],
       [ 0.45636003, -2.26624822]], dtype=float64), 'z_uncertain4': Array([[-3.5871274 , -2.81184187],
       [-4.54022625, -4.29528176],
       [-4.55451509, -3.74718125],
       ...,
       [-1.19835909,  1.27425086],
       [-0.97813465,  1.98353369],
       [-0.7945188 ,  3.23334239]], dtype=float64), 'z_uncertain5': Array([[-3.58689306, -2.81910528],
       [-4.54022449, -4.29714697],
       [-4.55559065, -3.76108989],
       ...,
       [-1.19639535,  1.2801943 ],
       [-0.98211428,  1.99133558],
       [-0.79485505,  3.26090286]], dtype=float64), 'z_uncertain6': Array([[-3.5901383 , -2.81862791],
       [-4.53808981, -4.29742892],
       [-4.55850377, -3.76244906],
       ...,
       [-1.19593634,  1.27497235],
       [-0.98140219,  1.97584066],
       [-0.79521601,  3.2049879 ]], dtype=float64), 'z_uncertain7': Array([[-3.58417334, -2.81008061],
       [-4.5433373 , -4.29078465],
       [-4.55231068, -3.76157111],
       ...,
       [-1.19221271,  1.27373004],
       [-0.98543758,  1.97714643],
       [-0.79768003,  3.23312955]], dtype=float64), 'z_uncertain8': Array([[ 0.45580903, -2.26122539],
       [ 0.46429045, -2.24468646],
       [ 0.45863316, -2.24849374],
       ...,
       [ 0.45861963, -2.25376909],
       [ 0.45920537, -2.25398745],
       [ 0.45977346, -2.21914161]], dtype=float64), 'z_uncertain9': Array([[ 0.39874952,  5.87792958],
       [ 0.37795365,  6.46125834],
       [ 0.38546261,  6.57521316],
       ...,
       [ 0.40098501,  9.07722349],
       [ 0.41163966,  9.52515564],
       [ 0.45603185, 10.1019296 ]], dtype=float64)}
0:_z_uncertain_mean=[0.43736036 5.35287981]
1:_z_uncertain_mean=[ 0.45706177 -2.23473344]
2:_z_uncertain_mean=[ 0.45712501 -2.23599497]
3:_z_uncertain_mean=[ 0.45729734 -2.23695707]
4:_z_uncertain_mean=[-3.33533648  1.42655063]
5:_z_uncertain_mean=[-3.33525885  1.42599403]
6:_z_uncertain_mean=[-3.33534515  1.42657356]
7:_z_uncertain_mean=[-3.33521586  1.42656252]
8:_z_uncertain_mean=[ 0.45716171 -2.23473371]
9:_z_uncertain_mean=[0.43734125 5.35304682]
10:_z_uncertain_mean=[ 0.4572765  -2.23638702]
11:_z_uncertain_mean=[0.43754142 5.35293814]
12:_z_uncertain_mean=[ 0.45714381 -2.23593153]
Script finished in 92 minutes and 19 seconds.
