hpc-node03
Collecting package metadata (current_repodata.json): ...working... failed
Tue Feb 20 00:45:34 2024       
+---------------------------------------------------------------------------------------+
| NVIDIA-SMI 535.104.05             Driver Version: 535.104.05   CUDA Version: 12.2     |
|-----------------------------------------+----------------------+----------------------+
| GPU  Name                 Persistence-M | Bus-Id        Disp.A | Volatile Uncorr. ECC |
| Fan  Temp   Perf          Pwr:Usage/Cap |         Memory-Usage | GPU-Util  Compute M. |
|                                         |                      |               MIG M. |
|=========================================+======================+======================|
|   0  NVIDIA L40                     On  | 00000000:17:00.0 Off |                    0 |
| N/A   31C    P8              35W / 300W |      4MiB / 46068MiB |      0%      Default |
|                                         |                      |                  N/A |
+-----------------------------------------+----------------------+----------------------+
|   1  NVIDIA L40                     On  | 00000000:65:00.0 Off |                    0 |
| N/A   31C    P8              36W / 300W |      4MiB / 46068MiB |      0%      Default |
|                                         |                      |                  N/A |
+-----------------------------------------+----------------------+----------------------+
|   2  NVIDIA L40                     On  | 00000000:CA:00.0 Off |                    0 |
| N/A   31C    P8              35W / 300W |      4MiB / 46068MiB |      0%      Default |
|                                         |                      |                  N/A |
+-----------------------------------------+----------------------+----------------------+
|   3  NVIDIA L40                     On  | 00000000:E3:00.0 Off |                    0 |
| N/A   32C    P8              35W / 300W |      4MiB / 46068MiB |      0%      Default |
|                                         |                      |                  N/A |
+-----------------------------------------+----------------------+----------------------+
                                                                                         
+---------------------------------------------------------------------------------------+
| Processes:                                                                            |
|  GPU   GI   CI        PID   Type   Process name                            GPU Memory |
|        ID   ID                                                             Usage      |
|=======================================================================================|
|  No running processes found                                                           |
+---------------------------------------------------------------------------------------+
Date              = Tue Feb 20 00:45:35 CET 2024
Hostname          = hpc-node03
Working Directory = /local/269397
Number of nodes used        : 1
Number of MPI tasks         : 1
Number of threads           : 16
Number of MPI tasks per node: 1
Number of threads per core  : 
Name of nodes used          : hpc-node03
Gpu devices                 : 3
Starting worker: 
sigma_init_yu: 0.4124124058070794	sigma_init_yf: 16.88708019124114	sigma_init: 8.26348917090675
new_sigma_init_yu: 0.4124124058070794	new_sigma_init_yf: 0.8717052165589062	new_sigma_init: 0.6445101765174205
Xu_noise: [[0.86041803 0.407946  ]
 [0.47981698 0.37768862]
 [0.31407172 0.29118561]
 [0.89966496 0.84905457]
 [0.27952723 0.09003273]
 [0.83715097 0.70901247]
 [0.61831648 0.46794143]
 [0.2443358  0.75718614]
 [0.91768526 0.77823912]
 [0.73000551 0.18512075]
 [0.93061297 0.40110551]
 [0.1385972  0.43996769]
 [0.44841027 0.20167252]
 [0.45244136 0.81725298]
 [0.31548548 0.66127418]
 [0.49726064 0.45523565]
 [0.14274667 0.24981709]
 [0.97079493 0.26795404]
 [0.12630104 0.84255312]
 [0.02519675 0.86264226]]
Xu_noise shape: (20, 2)
Initial loss: 2853.3947343709087
Final loss: 69.43686995481623
start inference

                      mean       std    median      5.0%     95.0%     n_eff     r_hat
 z_uncertain0[0]     -0.82      0.54     -0.87     -1.50      0.25      3.56      1.76
 z_uncertain0[1]      2.10      3.98      2.12     -3.40      9.99      5.79      1.21
 z_uncertain1[0]      0.61      0.50      0.46      0.42      0.49     12.77      1.09
 z_uncertain1[1]     -2.34      0.63     -2.25     -2.35     -2.15     51.34      1.02
z_uncertain10[0]      0.60      0.50      0.46      0.42      0.49     12.77      1.09
z_uncertain10[1]     -2.34      0.63     -2.25     -2.35     -2.15     51.37      1.02
z_uncertain11[0]     -0.82      0.54     -0.87     -1.50      0.25      3.56      1.76
z_uncertain11[1]      2.10      3.98      2.12     -3.25     10.13      5.79      1.21
z_uncertain12[0]      0.60      0.50      0.46      0.42      0.49     12.77      1.09
z_uncertain12[1]     -2.34      0.63     -2.25     -2.34     -2.14     51.31      1.02
z_uncertain13[0]      0.61      0.50      0.46      0.42      0.49     12.78      1.09
z_uncertain13[1]     -2.34      0.63     -2.25     -2.35     -2.14     51.37      1.02
z_uncertain14[0]     -1.74      0.79     -1.52     -3.19     -0.74      5.62      1.46
z_uncertain14[1]      0.88      2.67      0.77     -3.90      5.20     14.94      1.08
z_uncertain15[0]     -1.75      0.79     -1.53     -3.19     -0.75      5.64      1.48
z_uncertain15[1]      0.88      2.67      0.81     -3.95      5.14     14.96      1.08
z_uncertain16[0]     -0.82      0.54     -0.87     -1.50      0.25      3.56      1.76
z_uncertain16[1]      2.10      3.99      2.12     -3.25     10.14      5.79      1.21
z_uncertain17[0]     -0.82      0.54     -0.87     -1.50      0.25      3.56      1.76
z_uncertain17[1]      2.10      3.98      2.12     -3.57      9.83      5.79      1.21
z_uncertain18[0]     -0.82      0.54     -0.87     -1.50      0.25      3.56      1.76
z_uncertain18[1]      2.10      3.99      2.11     -3.27     10.15      5.79      1.21
z_uncertain19[0]      0.60      0.50      0.46      0.42      0.49     12.77      1.09
z_uncertain19[1]     -2.34      0.63     -2.25     -2.34     -2.15     51.41      1.02
 z_uncertain2[0]      0.46      0.02      0.46      0.44      0.48    395.61      1.01
 z_uncertain2[1]     -2.24      0.05     -2.24     -2.31     -2.17    262.35      1.01
 z_uncertain3[0]      0.46      0.02      0.46      0.44      0.48    389.80      1.01
 z_uncertain3[1]     -2.24      0.05     -2.24     -2.31     -2.17    268.92      1.01
 z_uncertain4[0]     -1.74      0.79     -1.52     -3.19     -0.75      5.62      1.46
 z_uncertain4[1]      0.88      2.67      0.78     -3.88      5.22     14.94      1.08
 z_uncertain5[0]     -1.74      0.79     -1.52     -3.19     -0.75      5.62      1.46
 z_uncertain5[1]      0.88      2.67      0.79     -3.92      5.17     14.95      1.08
 z_uncertain6[0]     -1.75      0.79     -1.53     -3.20     -0.75      5.64      1.48
 z_uncertain6[1]      0.88      2.67      0.79     -3.88      5.21     14.97      1.08
 z_uncertain7[0]     -1.74      0.79     -1.52     -3.19     -0.74      5.62      1.46
 z_uncertain7[1]      0.88      2.67      0.78     -3.90      5.19     14.93      1.08
 z_uncertain8[0]      0.46      0.02      0.46      0.44      0.48    390.64      1.01
 z_uncertain8[1]     -2.24      0.06     -2.24     -2.30     -2.17    227.01      1.00
 z_uncertain9[0]     -0.82      0.54     -0.87     -1.50      0.25      3.56      1.76
 z_uncertain9[1]      2.10      3.98      2.12     -3.21     10.21      5.79      1.21

Number of divergences: 0
{'z_uncertain0': Array([[ 0.4862303 ,  4.84824022],
       [ 0.48573544,  4.8482608 ],
       [ 0.56084106,  4.92029259],
       ...,
       [-1.80201886,  2.63968521],
       [-1.80670587,  2.58513782],
       [-1.80301122,  2.60077145]], dtype=float64), 'z_uncertain1': Array([[ 1.90716394, -3.39455007],
       [ 1.90746077, -3.4049001 ],
       [ 1.85813216, -3.45486932],
       ...,
       [ 0.48122308, -2.25191364],
       [ 0.48544239, -2.23984325],
       [ 0.48901337, -2.24153771]], dtype=float64), 'z_uncertain10': Array([[ 1.90799024, -3.41900389],
       [ 1.90543091, -3.41522659],
       [ 1.85751345, -3.44211504],
       ...,
       [ 0.48290881, -2.24713593],
       [ 0.48370292, -2.22943038],
       [ 0.48960258, -2.2491169 ]], dtype=float64), 'z_uncertain11': Array([[ 0.48451514,  4.85818443],
       [ 0.48318083,  4.84399293],
       [ 0.56245475,  4.93699414],
       ...,
       [-1.80280087,  2.63802563],
       [-1.80491459,  2.62271459],
       [-1.80463141,  2.59141985]], dtype=float64), 'z_uncertain12': Array([[ 1.90825872, -3.37493529],
       [ 1.9052229 , -3.38993377],
       [ 1.85663617, -3.46742532],
       ...,
       [ 0.48062915, -2.25503832],
       [ 0.48524623, -2.22338308],
       [ 0.49108373, -2.23368775]], dtype=float64), 'z_uncertain13': Array([[ 1.90604399, -3.37561174],
       [ 1.90727523, -3.37011947],
       [ 1.85896429, -3.43352914],
       ...,
       [ 0.48403597, -2.26118757],
       [ 0.48249615, -2.23095211],
       [ 0.49165795, -2.23342726]], dtype=float64), 'z_uncertain14': Array([[-0.86300692,  0.09873545],
       [-0.86607605,  0.10645697],
       [-0.88999408,  0.18104407],
       ...,
       [-1.80320881,  2.66057699],
       [-1.80369705,  2.56297929],
       [-1.80050941,  2.6180219 ]], dtype=float64), 'z_uncertain15': Array([[-2.04657875,  1.40892138],
       [-2.05103751,  1.40691104],
       [-2.21601117,  2.10601479],
       ...,
       [-1.80039638,  2.65371062],
       [-1.80377608,  2.62794103],
       [-1.80840747,  2.61691946]], dtype=float64), 'z_uncertain16': Array([[ 0.48747882,  4.85533155],
       [ 0.48858449,  4.88369844],
       [ 0.55999928,  4.930234  ],
       ...,
       [-1.80553394,  2.63503705],
       [-1.79996211,  2.59870995],
       [-1.8027954 ,  2.61566545]], dtype=float64), 'z_uncertain17': Array([[ 0.48399591,  4.85274207],
       [ 0.48248207,  4.82371413],
       [ 0.56116475,  4.89389936],
       ...,
       [-1.80773391,  2.64442285],
       [-1.79819836,  2.62255964],
       [-1.79859504,  2.62446268]], dtype=float64), 'z_uncertain18': Array([[ 0.48715985,  4.83297789],
       [ 0.48942038,  4.85700585],
       [ 0.55576024,  4.93393247],
       ...,
       [-1.80161793,  2.67325423],
       [-1.8055416 ,  2.58859804],
       [-1.80986595,  2.60837687]], dtype=float64), 'z_uncertain19': Array([[ 1.90592382, -3.39236697],
       [ 1.90795522, -3.40348168],
       [ 1.85894714, -3.48360814],
       ...,
       [ 0.47849808, -2.23265568],
       [ 0.48796139, -2.24949221],
       [ 0.48718723, -2.23444839]], dtype=float64), 'z_uncertain2': Array([[ 0.47087994, -2.28744806],
       [ 0.47055129, -2.28996095],
       [ 0.45924817, -2.23466355],
       ...,
       [ 0.48282131, -2.21569124],
       [ 0.48479615, -2.2437412 ],
       [ 0.49291113, -2.24315658]], dtype=float64), 'z_uncertain3': Array([[ 0.47037346, -2.26725342],
       [ 0.46952397, -2.26749095],
       [ 0.45556182, -2.22211091],
       ...,
       [ 0.49030439, -2.24275332],
       [ 0.48970704, -2.25802422],
       [ 0.48402849, -2.26784968]], dtype=float64), 'z_uncertain4': Array([[-0.86530091,  0.08263232],
       [-0.86280296,  0.06296592],
       [-0.88986231,  0.14328941],
       ...,
       [-1.805096  ,  2.62712069],
       [-1.79674544,  2.63894065],
       [-1.80593429,  2.55769162]], dtype=float64), 'z_uncertain5': Array([[-0.8665624 ,  0.07576001],
       [-0.86434481,  0.07913483],
       [-0.8903258 ,  0.1552338 ],
       ...,
       [-1.80330699,  2.65590694],
       [-1.80831956,  2.5817632 ],
       [-1.8022171 ,  2.66199688]], dtype=float64), 'z_uncertain6': Array([[-2.05356752,  1.4066051 ],
       [-2.05059497,  1.41455378],
       [-2.21663303,  2.09623802],
       ...,
       [-1.80656078,  2.61478857],
       [-1.8032692 ,  2.61708663],
       [-1.79812883,  2.60228172]], dtype=float64), 'z_uncertain7': Array([[-0.86343006,  0.06883576],
       [-0.86446518,  0.07106637],
       [-0.89200279,  0.1642358 ],
       ...,
       [-1.80527689,  2.61099528],
       [-1.80350251,  2.6167172 ],
       [-1.80204864,  2.59768415]], dtype=float64), 'z_uncertain8': Array([[ 0.47253163, -2.2847544 ],
       [ 0.46799302, -2.28711514],
       [ 0.45523969, -2.23919488],
       ...,
       [ 0.48888736, -2.26906049],
       [ 0.4856437 , -2.208512  ],
       [ 0.48834516, -2.24028841]], dtype=float64), 'z_uncertain9': Array([[ 0.48170096,  4.86429065],
       [ 0.47981917,  4.85293051],
       [ 0.56773677,  4.89788057],
       ...,
       [-1.80540865,  2.61266321],
       [-1.79895863,  2.57968422],
       [-1.79958702,  2.62105267]], dtype=float64)}
0:_z_uncertain_mean=[-0.81519294  2.10230316]
1:_z_uncertain_mean=[ 0.60507763 -2.34121527]
2:_z_uncertain_mean=[ 0.46127506 -2.24420007]
3:_z_uncertain_mean=[ 0.46123193 -2.24334455]
4:_z_uncertain_mean=[-1.7359438   0.88086064]
5:_z_uncertain_mean=[-1.73604176  0.88142039]
6:_z_uncertain_mean=[-1.74535387  0.88235131]
7:_z_uncertain_mean=[-1.73597462  0.88098188]
8:_z_uncertain_mean=[ 0.46129087 -2.24481259]
9:_z_uncertain_mean=[-0.81512752  2.1022183 ]
10:_z_uncertain_mean=[ 0.60494805 -2.34049033]
11:_z_uncertain_mean=[-0.81519288  2.10260749]
12:_z_uncertain_mean=[ 0.60487956 -2.34093656]
Script finished in 72 minutes and 49 seconds.
