

==> WARNING: A newer version of conda exists. <==
  current version: 4.12.0
  latest version: 23.7.3

Please update conda by running

    $ conda update -n base -c defaults conda


Traceback (most recent call last):
  File "/local/232476/main.py", line 4, in <module>
    import pynvml
ModuleNotFoundError: No module named 'pynvml'
--------------------------------------------------------------------------
Primary job  terminated normally, but 1 process returned
a non-zero exit code. Per user-direction, the job has been aborted.
--------------------------------------------------------------------------
--------------------------------------------------------------------------
mpirun detected that one or more processes exited with non-zero status, thus causing
the job to be terminated. The first process to do so was:

  Process name: [[59466,1],0]
  Exit code:    1
--------------------------------------------------------------------------
cp: cannot stat '*.pdf': No such file or directory
cp: missing destination file operand after '*.png/home/yanw/uncertain/results/figures/0830'
Try 'cp --help' for more information.
cp: missing destination file operand after '/home/yanw/uncertain'
Try 'cp --help' for more information.
