Traceback (most recent call last):
  File "/local/232460/main.py", line 2, in <module>
    import jax
ModuleNotFoundError: No module named 'jax'
/tmp/slurmd/job232460/slurm_script: line 69: /home/yanw/uncertain/results/log/0830/232460_version.log: No such file or directory
/tmp/slurmd/job232460/slurm_script: line 70: /home/yanw/uncertain/results/log/0830/232460_version.log: No such file or directory
ERROR: Pipe to stdout was broken
Exception ignored in: <_io.TextIOWrapper name='<stdout>' mode='w' encoding='utf-8'>
BrokenPipeError: [Errno 32] Broken pipe
/tmp/slurmd/job232460/slurm_script: line 69: /home/yanw/uncertain/results/log/0830/232460_version.log: No such file or directory
/tmp/slurmd/job232460/slurm_script: line 70: /home/yanw/uncertain/results/log/0830/232460_version.log: No such file or directory
ERROR: Pipe to stdout was broken
Exception ignored in: <_io.TextIOWrapper name='<stdout>' mode='w' encoding='utf-8'>
BrokenPipeError: [Errno 32] Broken pipe
/tmp/slurmd/job232460/slurm_script: line 69: /home/yanw/uncertain/results/log/0830/232460_version.log: No such file or directory
/tmp/slurmd/job232460/slurm_script: line 70: /home/yanw/uncertain/results/log/0830/232460_version.log: No such file or directory
ERROR: Pipe to stdout was broken
Exception ignored in: <_io.TextIOWrapper name='<stdout>' mode='w' encoding='utf-8'>
BrokenPipeError: [Errno 32] Broken pipe
/tmp/slurmd/job232460/slurm_script: line 69: /home/yanw/uncertain/results/log/0830/232460_version.log: No such file or directory
/tmp/slurmd/job232460/slurm_script: line 70: /home/yanw/uncertain/results/log/0830/232460_version.log: No such file or directory
ERROR: Pipe to stdout was broken
Exception ignored in: <_io.TextIOWrapper name='<stdout>' mode='w' encoding='utf-8'>
BrokenPipeError: [Errno 32] Broken pipe
/tmp/slurmd/job232460/slurm_script: line 69: /home/yanw/uncertain/results/log/0830/232460_version.log: No such file or directory
/tmp/slurmd/job232460/slurm_script: line 70: /home/yanw/uncertain/results/log/0830/232460_version.log: No such file or directory
ERROR: Pipe to stdout was broken
Exception ignored in: <_io.TextIOWrapper name='<stdout>' mode='w' encoding='utf-8'>
BrokenPipeError: [Errno 32] Broken pipe
/tmp/slurmd/job232460/slurm_script: line 69: /home/yanw/uncertain/results/log/0830/232460_version.log: No such file or directory
/tmp/slurmd/job232460/slurm_script: line 70: /home/yanw/uncertain/results/log/0830/232460_version.log: No such file or directory
ERROR: Pipe to stdout was broken
Exception ignored in: <_io.TextIOWrapper name='<stdout>' mode='w' encoding='utf-8'>
BrokenPipeError: [Errno 32] Broken pipe
/tmp/slurmd/job232460/slurm_script: line 79: /home/yanw/uncertain/results/log/0830/232460_version.log: No such file or directory
cp: missing destination file operand after '*.png/home/yanw/uncertain/results/figures/0830'
Try 'cp --help' for more information.
cp: missing destination file operand after '/home/yanw/uncertain'
Try 'cp --help' for more information.
