WARNING: jax 0.4.14 does not provide the extra 'cuda11_cudnn82'
2023-08-30 23:18:03.663997: E external/xla/xla/stream_executor/cuda/cuda_dnn.cc:417] Loaded runtime CuDNN library: 8.6.0 but source was compiled with: 8.8.0.  CuDNN library needs to have matching major version and equal or higher minor version. If using a binary install, upgrade your CuDNN library.  If building from sources, make sure the library loaded at runtime is compatible with the version specified during compile configuration.
Traceback (most recent call last):
  File "/local/232536/main.py", line 6, in <module>
    from include.init import ModelInitializer_2d
  File "/local/232536/include/init.py", line 4, in <module>
    from include.config import key_he, key_x_u, key_x_f, key_t_u, key_t_f
  File "/local/232536/include/config.py", line 3, in <module>
    key = jax.random.PRNGKey(42)
  File "/home/yanw/.conda/envs/noise/lib/python3.10/site-packages/jax/_src/random.py", line 137, in PRNGKey
    key = prng.seed_with_impl(impl, seed)
  File "/home/yanw/.conda/envs/noise/lib/python3.10/site-packages/jax/_src/prng.py", line 270, in seed_with_impl
    return random_seed(seed, impl=impl)
  File "/home/yanw/.conda/envs/noise/lib/python3.10/site-packages/jax/_src/prng.py", line 561, in random_seed
    return random_seed_p.bind(seeds_arr, impl=impl)
  File "/home/yanw/.conda/envs/noise/lib/python3.10/site-packages/jax/_src/core.py", line 359, in bind
    return self.bind_with_trace(find_top_trace(args), args, params)
  File "/home/yanw/.conda/envs/noise/lib/python3.10/site-packages/jax/_src/core.py", line 362, in bind_with_trace
    out = trace.process_primitive(self, map(trace.full_raise, args), params)
  File "/home/yanw/.conda/envs/noise/lib/python3.10/site-packages/jax/_src/core.py", line 816, in process_primitive
    return primitive.impl(*tracers, **params)
  File "/home/yanw/.conda/envs/noise/lib/python3.10/site-packages/jax/_src/prng.py", line 573, in random_seed_impl
    base_arr = random_seed_impl_base(seeds, impl=impl)
  File "/home/yanw/.conda/envs/noise/lib/python3.10/site-packages/jax/_src/prng.py", line 578, in random_seed_impl_base
    return seed(seeds)
  File "/home/yanw/.conda/envs/noise/lib/python3.10/site-packages/jax/_src/prng.py", line 813, in threefry_seed
    lax.shift_right_logical(seed, lax_internal._const(seed, 32)))
  File "/home/yanw/.conda/envs/noise/lib/python3.10/site-packages/jax/_src/lax/lax.py", line 458, in shift_right_logical
    return shift_right_logical_p.bind(x, y)
  File "/home/yanw/.conda/envs/noise/lib/python3.10/site-packages/jax/_src/core.py", line 359, in bind
    return self.bind_with_trace(find_top_trace(args), args, params)
  File "/home/yanw/.conda/envs/noise/lib/python3.10/site-packages/jax/_src/core.py", line 362, in bind_with_trace
    out = trace.process_primitive(self, map(trace.full_raise, args), params)
  File "/home/yanw/.conda/envs/noise/lib/python3.10/site-packages/jax/_src/core.py", line 816, in process_primitive
    return primitive.impl(*tracers, **params)
  File "/home/yanw/.conda/envs/noise/lib/python3.10/site-packages/jax/_src/dispatch.py", line 117, in apply_primitive
    compiled_fun = xla_primitive_callable(prim, *unsafe_map(arg_spec, args),
  File "/home/yanw/.conda/envs/noise/lib/python3.10/site-packages/jax/_src/util.py", line 253, in wrapper
    return cached(config._trace_context(), *args, **kwargs)
  File "/home/yanw/.conda/envs/noise/lib/python3.10/site-packages/jax/_src/util.py", line 246, in cached
    return f(*args, **kwargs)
  File "/home/yanw/.conda/envs/noise/lib/python3.10/site-packages/jax/_src/dispatch.py", line 208, in xla_primitive_callable
    compiled = _xla_callable_uncached(lu.wrap_init(prim_fun), prim.name,
  File "/home/yanw/.conda/envs/noise/lib/python3.10/site-packages/jax/_src/dispatch.py", line 254, in _xla_callable_uncached
    return computation.compile(_allow_propagation_to_outputs=allow_prop).unsafe_call
  File "/home/yanw/.conda/envs/noise/lib/python3.10/site-packages/jax/_src/interpreters/pxla.py", line 2836, in compile
    self._executable = UnloadedMeshExecutable.from_hlo(
  File "/home/yanw/.conda/envs/noise/lib/python3.10/site-packages/jax/_src/interpreters/pxla.py", line 3048, in from_hlo
    xla_executable = dispatch.compile_or_get_cached(
  File "/home/yanw/.conda/envs/noise/lib/python3.10/site-packages/jax/_src/dispatch.py", line 526, in compile_or_get_cached
    return backend_compile(backend, serialized_computation, compile_options,
  File "/home/yanw/.conda/envs/noise/lib/python3.10/site-packages/jax/_src/profiler.py", line 314, in wrapper
    return func(*args, **kwargs)
  File "/home/yanw/.conda/envs/noise/lib/python3.10/site-packages/jax/_src/dispatch.py", line 471, in backend_compile
    return backend.compile(built_c, compile_options=options)
jaxlib.xla_extension.XlaRuntimeError: FAILED_PRECONDITION: DNN library initialization failed. Look at the errors above for more details.
--------------------------------------------------------------------------
Primary job  terminated normally, but 1 process returned
a non-zero exit code. Per user-direction, the job has been aborted.
--------------------------------------------------------------------------
--------------------------------------------------------------------------
mpirun detected that one or more processes exited with non-zero status, thus causing
the job to be terminated. The first process to do so was:

  Process name: [[62635,1],0]
  Exit code:    1
--------------------------------------------------------------------------
cp: cannot stat '*.pdf': No such file or directory
cp: missing destination file operand after '*.png/home/yanw/uncertain/results/figures/0830'
Try 'cp --help' for more information.
cp: missing destination file operand after '/home/yanw/uncertain'
Try 'cp --help' for more information.
