ctit090
Defaulting to user installation because normal site-packages is not writeable
Looking in indexes: https://__token__:****@gitlab.utsp.utwente.nl/api/v4/groups/271/-/packages/pypi/simple
Looking in links: https://storage.googleapis.com/jax-releases/jax_cuda_releases.html
Collecting jax[cuda12_local]
  Downloading jax-0.4.14.tar.gz (1.3 MB)
  Installing build dependencies: started
  Installing build dependencies: finished with status 'done'
  Getting requirements to build wheel: started
  Getting requirements to build wheel: finished with status 'done'
    Preparing wheel metadata: started
    Preparing wheel metadata: finished with status 'done'
Requirement already satisfied: scipy>=1.7 in /deepstore/software/anaconda3/2022.05/lib/python3.9/site-packages (from jax[cuda12_local]) (1.7.3)
Collecting numpy>=1.22
  Downloading numpy-1.25.2-cp39-cp39-manylinux_2_17_x86_64.manylinux2014_x86_64.whl (18.3 MB)
Requirement already satisfied: opt-einsum in /home/yanw/.local/lib/python3.9/site-packages (from jax[cuda12_local]) (3.3.0)
Collecting ml-dtypes>=0.2.0
  Downloading ml_dtypes-0.2.0-cp39-cp39-manylinux_2_17_x86_64.manylinux2014_x86_64.whl (1.0 MB)
Requirement already satisfied: importlib-metadata>=4.6 in /deepstore/software/anaconda3/2022.05/lib/python3.9/site-packages (from jax[cuda12_local]) (4.11.3)
Collecting jaxlib==0.4.14+cuda12.cudnn89
  Downloading https://storage.googleapis.com/jax-releases/cuda12/jaxlib-0.4.14%2Bcuda12.cudnn89-cp39-cp39-manylinux2014_x86_64.whl (191.3 MB)
Requirement already satisfied: zipp>=0.5 in /deepstore/software/anaconda3/2022.05/lib/python3.9/site-packages (from importlib-metadata>=4.6->jax[cuda12_local]) (3.7.0)
Collecting numpy>=1.22
  Downloading numpy-1.22.4-cp39-cp39-manylinux_2_17_x86_64.manylinux2014_x86_64.whl (16.8 MB)
Building wheels for collected packages: jax
  Building wheel for jax (PEP 517): started
  Building wheel for jax (PEP 517): finished with status 'done'
  Created wheel for jax: filename=jax-0.4.14-py3-none-any.whl size=1535361 sha256=8640c72bafbd4e66da102d210dd7c20b430162e7d7755ef87b8ea33cb8b62710
  Stored in directory: /home/yanw/.cache/pip/wheels/b2/6a/ae/ac83488c58ba1ef1c6720d8b9b685994249f7ed7f1a7294f00
Successfully built jax
Installing collected packages: numpy, ml-dtypes, jaxlib, jax
  Attempting uninstall: ml-dtypes
    Found existing installation: ml-dtypes 0.1.0
    Uninstalling ml-dtypes-0.1.0:
      Successfully uninstalled ml-dtypes-0.1.0
Successfully installed jax-0.4.14 jaxlib-0.4.14+cuda12.cudnn89 ml-dtypes-0.2.0 numpy-1.22.4
Wed Aug 30 15:13:09 2023       
+-----------------------------------------------------------------------------+
| NVIDIA-SMI 515.86.01    Driver Version: 515.86.01    CUDA Version: 11.7     |
|-------------------------------+----------------------+----------------------+
| GPU  Name        Persistence-M| Bus-Id        Disp.A | Volatile Uncorr. ECC |
| Fan  Temp  Perf  Pwr:Usage/Cap|         Memory-Usage | GPU-Util  Compute M. |
|                               |                      |               MIG M. |
|===============================+======================+======================|
|   0  NVIDIA A40          On   | 00000000:3B:00.0 Off |                    0 |
|  0%   31C    P8    34W / 300W |      0MiB / 46068MiB |      0%      Default |
|                               |                      |                  N/A |
+-------------------------------+----------------------+----------------------+
|   1  NVIDIA A40          On   | 00000000:5E:00.0 Off |                    0 |
|  0%   62C    P0   193W / 300W |  26241MiB / 46068MiB |     93%      Default |
|                               |                      |                  N/A |
+-------------------------------+----------------------+----------------------+
|   2  NVIDIA A40          On   | 00000000:B1:00.0 Off |                    0 |
|  0%   64C    P0   228W / 300W |  26249MiB / 46068MiB |     93%      Default |
|                               |                      |                  N/A |
+-------------------------------+----------------------+----------------------+
|   3  NVIDIA A40          On   | 00000000:D9:00.0 Off |                    0 |
|  0%   64C    P0   226W / 300W |  24209MiB / 46068MiB |     91%      Default |
|                               |                      |                  N/A |
+-------------------------------+----------------------+----------------------+
                                                                               
+-----------------------------------------------------------------------------+
| Processes:                                                                  |
|  GPU   GI   CI        PID   Type   Process name                  GPU Memory |
|        ID   ID                                                   Usage      |
|=============================================================================|
|    1   N/A  N/A   1629252      C   python                          26239MiB |
|    2   N/A  N/A   1629438      C   python                          26247MiB |
|    3   N/A  N/A   1646759      C   python                          24207MiB |
+-----------------------------------------------------------------------------+
Date              = Wed Aug 30 15:13:10 CEST 2023
Hostname          = ctit090
Working Directory = /local/232463
Number of nodes used        : 1
Number of MPI tasks         : 1
Number of threads           : 16
Number of MPI tasks per node: 1
Number of threads per core  : 
Name of nodes used          : ctit090
Gpu devices                 : 0
Starting worker: 
Script finished in 0 minutes and 45 seconds.
