ctit091
Looking in indexes: https://__token__:****@gitlab.utsp.utwente.nl/api/v4/groups/271/-/packages/pypi/simple
Looking in links: https://storage.googleapis.com/jax-releases/jax_cuda_releases.html
Requirement already satisfied: jax[cuda11_cudnn86] in /home/yanw/.local/lib/python3.8/site-packages (0.3.24)
Collecting jax[cuda11_cudnn86]
  Downloading jax-0.4.13.tar.gz (1.3 MB)
     ━━━━━━━━━━━━━━━━━━━━━━━━━━━━━━━━━━━━━━━━ 1.3/1.3 MB 15.5 MB/s eta 0:00:00
  Installing build dependencies: started
  Installing build dependencies: finished with status 'done'
  Getting requirements to build wheel: started
  Getting requirements to build wheel: finished with status 'done'
  Preparing metadata (pyproject.toml): started
  Preparing metadata (pyproject.toml): finished with status 'done'
Collecting ml-dtypes>=0.1.0 (from jax[cuda11_cudnn86])
  Obtaining dependency information for ml-dtypes>=0.1.0 from https://files.pythonhosted.org/packages/e7/db/16992470d8adc93e5230f01b0be8fe32a4eb25cd1c306a2efd1349d36d1a/ml_dtypes-0.2.0-cp38-cp38-manylinux_2_17_x86_64.manylinux2014_x86_64.whl.metadata
  Downloading ml_dtypes-0.2.0-cp38-cp38-manylinux_2_17_x86_64.manylinux2014_x86_64.whl.metadata (20 kB)
Requirement already satisfied: numpy>=1.21 in /home/yanw/.local/lib/python3.8/site-packages (from jax[cuda11_cudnn86]) (1.23.4)
Requirement already satisfied: opt-einsum in /home/yanw/.local/lib/python3.8/site-packages (from jax[cuda11_cudnn86]) (3.3.0)
Requirement already satisfied: scipy>=1.7 in /home/yanw/.local/lib/python3.8/site-packages (from jax[cuda11_cudnn86]) (1.9.3)
Collecting importlib-metadata>=4.6 (from jax[cuda11_cudnn86])
  Obtaining dependency information for importlib-metadata>=4.6 from https://files.pythonhosted.org/packages/cc/37/db7ba97e676af155f5fcb1a35466f446eadc9104e25b83366e8088c9c926/importlib_metadata-6.8.0-py3-none-any.whl.metadata
  Downloading importlib_metadata-6.8.0-py3-none-any.whl.metadata (5.1 kB)
Collecting jaxlib==0.4.13+cuda11.cudnn86 (from jax[cuda11_cudnn86])
  Downloading https://storage.googleapis.com/jax-releases/cuda11/jaxlib-0.4.13%2Bcuda11.cudnn86-cp38-cp38-manylinux2014_x86_64.whl (188.3 MB)
     ━━━━━━━━━━━━━━━━━━━━━━━━━━━━━━━━━━━━━━ 188.3/188.3 MB 12.6 MB/s eta 0:00:00
Requirement already satisfied: zipp>=0.5 in /home/yanw/.conda/envs/uncertain/lib/python3.8/site-packages (from importlib-metadata>=4.6->jax[cuda11_cudnn86]) (3.16.2)
Downloading importlib_metadata-6.8.0-py3-none-any.whl (22 kB)
Downloading ml_dtypes-0.2.0-cp38-cp38-manylinux_2_17_x86_64.manylinux2014_x86_64.whl (1.0 MB)
   ━━━━━━━━━━━━━━━━━━━━━━━━━━━━━━━━━━━━━━━━ 1.0/1.0 MB 27.7 MB/s eta 0:00:00
Building wheels for collected packages: jax
  Building wheel for jax (pyproject.toml): started
  Building wheel for jax (pyproject.toml): finished with status 'done'
  Created wheel for jax: filename=jax-0.4.13-py3-none-any.whl size=1518704 sha256=21f9455599d9193488fb366982b987b5218541a41c4ca1d167e6f922126502e5
  Stored in directory: /home/yanw/.cache/pip/wheels/46/d9/15/d2800d4089dc4c77299ac7513c6aa1036f5491edbd2bf6ba16
Successfully built jax
Installing collected packages: ml-dtypes, importlib-metadata, jaxlib, jax
  Attempting uninstall: jaxlib
    Found existing installation: jaxlib 0.3.25
    Uninstalling jaxlib-0.3.25:
      Successfully uninstalled jaxlib-0.3.25
  Attempting uninstall: jax
    Found existing installation: jax 0.3.24
    Uninstalling jax-0.3.24:
      Successfully uninstalled jax-0.3.24
Successfully installed importlib-metadata-6.8.0 jax-0.3.25 jaxlib-0.4.13+cuda11.cudnn86 ml-dtypes-0.2.0
Wed Aug 30 23:30:46 2023       
+-----------------------------------------------------------------------------+
| NVIDIA-SMI 515.86.01    Driver Version: 515.86.01    CUDA Version: 11.7     |
|-------------------------------+----------------------+----------------------+
| GPU  Name        Persistence-M| Bus-Id        Disp.A | Volatile Uncorr. ECC |
| Fan  Temp  Perf  Pwr:Usage/Cap|         Memory-Usage | GPU-Util  Compute M. |
|                               |                      |               MIG M. |
|===============================+======================+======================|
|   0  NVIDIA A40          On   | 00000000:3B:00.0 Off |                    0 |
|  0%   43C    P8    36W / 300W |      0MiB / 46068MiB |      0%      Default |
|                               |                      |                  N/A |
+-------------------------------+----------------------+----------------------+
|   1  NVIDIA A40          On   | 00000000:5E:00.0 Off |                    0 |
|  0%   45C    P8    38W / 300W |      0MiB / 46068MiB |      0%      Default |
|                               |                      |                  N/A |
+-------------------------------+----------------------+----------------------+
|   2  NVIDIA A40          On   | 00000000:B1:00.0 Off |                    0 |
|  0%   46C    P8    38W / 300W |      0MiB / 46068MiB |      0%      Default |
|                               |                      |                  N/A |
+-------------------------------+----------------------+----------------------+
|   3  NVIDIA A40          On   | 00000000:D9:00.0 Off |                    0 |
|  0%   44C    P8    38W / 300W |      0MiB / 46068MiB |      0%      Default |
|                               |                      |                  N/A |
+-------------------------------+----------------------+----------------------+
                                                                               
+-----------------------------------------------------------------------------+
| Processes:                                                                  |
|  GPU   GI   CI        PID   Type   Process name                  GPU Memory |
|        ID   ID                                                   Usage      |
|=============================================================================|
|  No running processes found                                                 |
+-----------------------------------------------------------------------------+
Date              = Wed Aug 30 23:30:47 CEST 2023
Hostname          = ctit091
Working Directory = /local/232541
Number of nodes used        : 1
Number of MPI tasks         : 1
Number of threads           : 16
Number of MPI tasks per node: 1
Number of threads per core  : 
Name of nodes used          : ctit091
Gpu devices                 : 0
Starting worker: 
Script finished in 0 minutes and 58 seconds.
