ctit091
Wed Aug 30 23:59:09 2023       
+-----------------------------------------------------------------------------+
| NVIDIA-SMI 515.86.01    Driver Version: 515.86.01    CUDA Version: 11.7     |
|-------------------------------+----------------------+----------------------+
| GPU  Name        Persistence-M| Bus-Id        Disp.A | Volatile Uncorr. ECC |
| Fan  Temp  Perf  Pwr:Usage/Cap|         Memory-Usage | GPU-Util  Compute M. |
|                               |                      |               MIG M. |
|===============================+======================+======================|
|   0  NVIDIA A40          On   | 00000000:3B:00.0 Off |                    0 |
|  0%   45C    P8    37W / 300W |      0MiB / 46068MiB |      0%      Default |
|                               |                      |                  N/A |
+-------------------------------+----------------------+----------------------+
|   1  NVIDIA A40          On   | 00000000:5E:00.0 Off |                    0 |
|  0%   45C    P8    39W / 300W |      0MiB / 46068MiB |      0%      Default |
|                               |                      |                  N/A |
+-------------------------------+----------------------+----------------------+
|   2  NVIDIA A40          On   | 00000000:B1:00.0 Off |                    0 |
|  0%   46C    P8    43W / 300W |      0MiB / 46068MiB |      0%      Default |
|                               |                      |                  N/A |
+-------------------------------+----------------------+----------------------+
|   3  NVIDIA A40          On   | 00000000:D9:00.0 Off |                    0 |
|  0%   44C    P8    53W / 300W |      0MiB / 46068MiB |      0%      Default |
|                               |                      |                  N/A |
+-------------------------------+----------------------+----------------------+
                                                                               
+-----------------------------------------------------------------------------+
| Processes:                                                                  |
|  GPU   GI   CI        PID   Type   Process name                  GPU Memory |
|        ID   ID                                                   Usage      |
|=============================================================================|
|  No running processes found                                                 |
+-----------------------------------------------------------------------------+
Date              = Wed Aug 30 23:59:11 CEST 2023
Hostname          = ctit091
Working Directory = /local/232553
Number of nodes used        : 1
Number of MPI tasks         : 1
Number of threads           : 16
Number of MPI tasks per node: 1
Number of threads per core  : 
Name of nodes used          : ctit091
Gpu devices                 : 0
Starting worker: 
GPU memory used: 35445.4375 MB
GPU memory used: 34.61468505859375 GB
x shape:  (5, 1)
t shape:  (5, 1)
u shape:  (5, 1)
(5, 1)
(5, 2)
Script finished in 0 minutes and 13 seconds.
