ctit091
Collecting package metadata (current_repodata.json): ...working... done
Solving environment: ...working... done

# All requested packages already installed.

Looking in indexes: https://__token__:****@gitlab.utsp.utwente.nl/api/v4/groups/271/-/packages/pypi/simple
Looking in links: https://storage.googleapis.com/jax-releases/jax_cuda_releases.html
Requirement already satisfied: jax[cuda12_local] in /home/yanw/.conda/envs/noise/lib/python3.10/site-packages (0.4.14)
Collecting ml-dtypes>=0.2.0 (from jax[cuda12_local])
  Obtaining dependency information for ml-dtypes>=0.2.0 from https://files.pythonhosted.org/packages/d1/1d/d5cf76e5e40f69dbd273036e3172ae4a614577cb141673427b80cac948df/ml_dtypes-0.2.0-cp310-cp310-manylinux_2_17_x86_64.manylinux2014_x86_64.whl.metadata
  Downloading ml_dtypes-0.2.0-cp310-cp310-manylinux_2_17_x86_64.manylinux2014_x86_64.whl.metadata (20 kB)
Requirement already satisfied: numpy>=1.22 in /home/yanw/.conda/envs/noise/lib/python3.10/site-packages (from jax[cuda12_local]) (1.25.2)
Requirement already satisfied: opt-einsum in /home/yanw/.local/lib/python3.10/site-packages (from jax[cuda12_local]) (3.3.0)
Requirement already satisfied: scipy>=1.7 in /home/yanw/.conda/envs/noise/lib/python3.10/site-packages (from jax[cuda12_local]) (1.11.2)
Collecting jaxlib==0.4.14+cuda12.cudnn89 (from jax[cuda12_local])
  Downloading https://storage.googleapis.com/jax-releases/cuda12/jaxlib-0.4.14%2Bcuda12.cudnn89-cp310-cp310-manylinux2014_x86_64.whl (191.3 MB)
     ━━━━━━━━━━━━━━━━━━━━━━━━━━━━━━━━━━━━━━ 191.3/191.3 MB 13.0 MB/s eta 0:00:00
Downloading ml_dtypes-0.2.0-cp310-cp310-manylinux_2_17_x86_64.manylinux2014_x86_64.whl (1.0 MB)
   ━━━━━━━━━━━━━━━━━━━━━━━━━━━━━━━━━━━━━━━━ 1.0/1.0 MB 35.7 MB/s eta 0:00:00
Installing collected packages: ml-dtypes, jaxlib
  Attempting uninstall: ml-dtypes
    Found existing installation: ml-dtypes 0.0.4
    Uninstalling ml-dtypes-0.0.4:
      Successfully uninstalled ml-dtypes-0.0.4
  Attempting uninstall: jaxlib
    Found existing installation: jaxlib 0.4.7
    Uninstalling jaxlib-0.4.7:
      Successfully uninstalled jaxlib-0.4.7
Successfully installed jaxlib-0.4.14+cuda12.cudnn89 ml-dtypes-0.2.0
Wed Aug 30 16:28:23 2023       
+-----------------------------------------------------------------------------+
| NVIDIA-SMI 515.86.01    Driver Version: 515.86.01    CUDA Version: 11.7     |
|-------------------------------+----------------------+----------------------+
| GPU  Name        Persistence-M| Bus-Id        Disp.A | Volatile Uncorr. ECC |
| Fan  Temp  Perf  Pwr:Usage/Cap|         Memory-Usage | GPU-Util  Compute M. |
|                               |                      |               MIG M. |
|===============================+======================+======================|
|   0  NVIDIA A40          On   | 00000000:3B:00.0 Off |                    0 |
|  0%   44C    P0    58W / 300W |      2MiB / 46068MiB |      0%      Default |
|                               |                      |                  N/A |
+-------------------------------+----------------------+----------------------+
|   1  NVIDIA A40          On   | 00000000:5E:00.0 Off |                    0 |
|  0%   46C    P0    50W / 300W |      2MiB / 46068MiB |      0%      Default |
|                               |                      |                  N/A |
+-------------------------------+----------------------+----------------------+
|   2  NVIDIA A40          On   | 00000000:B1:00.0 Off |                    0 |
|  0%   47C    P0    39W / 300W |      0MiB / 46068MiB |      0%      Default |
|                               |                      |                  N/A |
+-------------------------------+----------------------+----------------------+
|   3  NVIDIA A40          On   | 00000000:D9:00.0 Off |                    0 |
|  0%   45C    P8    39W / 300W |      0MiB / 46068MiB |      0%      Default |
|                               |                      |                  N/A |
+-------------------------------+----------------------+----------------------+
                                                                               
+-----------------------------------------------------------------------------+
| Processes:                                                                  |
|  GPU   GI   CI        PID   Type   Process name                  GPU Memory |
|        ID   ID                                                   Usage      |
|=============================================================================|
|  No running processes found                                                 |
+-----------------------------------------------------------------------------+
Date              = Wed Aug 30 16:28:24 CEST 2023
Hostname          = ctit091
Working Directory = /local/232476
Number of nodes used        : 1
Number of MPI tasks         : 1
Number of threads           : 16
Number of MPI tasks per node: 1
Number of threads per core  : 
Name of nodes used          : ctit091
Gpu devices                 : 2
Starting worker: 
Script finished in 0 minutes and 46 seconds.
