ctit091
Found existing installation: jax 0.4.11
Uninstalling jax-0.4.11:
  Would remove:
    /home/yanw/.conda/envs/noise/lib/python3.10/site-packages/jax-0.4.11.dist-info/*
    /home/yanw/.conda/envs/noise/lib/python3.10/site-packages/jax/*
  Would not remove (might be manually added):
    /home/yanw/.conda/envs/noise/lib/python3.10/site-packages/jax/_src/pickle_util.py
    /home/yanw/.conda/envs/noise/lib/python3.10/site-packages/jax/_src/scipy/spatial/__init__.py
    /home/yanw/.conda/envs/noise/lib/python3.10/site-packages/jax/_src/scipy/spatial/transform.py
    /home/yanw/.conda/envs/noise/lib/python3.10/site-packages/jax/_src/scipy/stats/binom.py
    /home/yanw/.conda/envs/noise/lib/python3.10/site-packages/jax/_src/tpu_custom_call.py
    /home/yanw/.conda/envs/noise/lib/python3.10/site-packages/jax/experimental/jax2tf/tests/back_compat_test_util.py
    /home/yanw/.conda/envs/noise/lib/python3.10/site-packages/jax/experimental/jax2tf/tests/back_compat_tf_test.py
    /home/yanw/.conda/envs/noise/lib/python3.10/site-packages/jax/experimental/mosaic/__init__.py
    /home/yanw/.conda/envs/noise/lib/python3.10/site-packages/jax/experimental/mosaic/dialects.py
    /home/yanw/.conda/envs/noise/lib/python3.10/site-packages/jax/experimental/profiler.py
    /home/yanw/.conda/envs/noise/lib/python3.10/site-packages/jax/scipy/spatial/__init__.py
    /home/yanw/.conda/envs/noise/lib/python3.10/site-packages/jax/scipy/spatial/transform.py
    /home/yanw/.conda/envs/noise/lib/python3.10/site-packages/jax/scipy/stats/binom.py
Proceed (Y/n)? Collecting package metadata (current_repodata.json): ...working... done
Solving environment: ...working... done

# All requested packages already installed.

Looking in indexes: https://__token__:****@gitlab.utsp.utwente.nl/api/v4/groups/271/-/packages/pypi/simple
Looking in links: https://storage.googleapis.com/jax-releases/jax_cuda_releases.html
Requirement already satisfied: jax[cuda11_cudnn82] in /home/yanw/.conda/envs/noise/lib/python3.10/site-packages (0.4.11)
Collecting jax[cuda11_cudnn82]
  Using cached jax-0.4.14-py3-none-any.whl
Requirement already satisfied: ml-dtypes>=0.2.0 in /home/yanw/.conda/envs/noise/lib/python3.10/site-packages (from jax[cuda11_cudnn82]) (0.2.0)
Requirement already satisfied: numpy>=1.22 in /home/yanw/.conda/envs/noise/lib/python3.10/site-packages (from jax[cuda11_cudnn82]) (1.25.2)
Requirement already satisfied: opt-einsum in /home/yanw/.local/lib/python3.10/site-packages (from jax[cuda11_cudnn82]) (3.3.0)
Requirement already satisfied: scipy>=1.7 in /home/yanw/.conda/envs/noise/lib/python3.10/site-packages (from jax[cuda11_cudnn82]) (1.11.2)
Installing collected packages: jax
  Attempting uninstall: jax
    Found existing installation: jax 0.4.11
    Uninstalling jax-0.4.11:
      Successfully uninstalled jax-0.4.11
Successfully installed jax-0.4.14
Wed Aug 30 18:29:19 2023       
+-----------------------------------------------------------------------------+
| NVIDIA-SMI 515.86.01    Driver Version: 515.86.01    CUDA Version: 11.7     |
|-------------------------------+----------------------+----------------------+
| GPU  Name        Persistence-M| Bus-Id        Disp.A | Volatile Uncorr. ECC |
| Fan  Temp  Perf  Pwr:Usage/Cap|         Memory-Usage | GPU-Util  Compute M. |
|                               |                      |               MIG M. |
|===============================+======================+======================|
|   0  NVIDIA A40          On   | 00000000:3B:00.0 Off |                    0 |
|  0%   43C    P8    37W / 300W |      0MiB / 46068MiB |      0%      Default |
|                               |                      |                  N/A |
+-------------------------------+----------------------+----------------------+
|   1  NVIDIA A40          On   | 00000000:5E:00.0 Off |                    0 |
|  0%   45C    P8    38W / 300W |      0MiB / 46068MiB |      0%      Default |
|                               |                      |                  N/A |
+-------------------------------+----------------------+----------------------+
|   2  NVIDIA A40          On   | 00000000:B1:00.0 Off |                    0 |
|  0%   46C    P8    38W / 300W |      0MiB / 46068MiB |      0%      Default |
|                               |                      |                  N/A |
+-------------------------------+----------------------+----------------------+
|   3  NVIDIA A40          On   | 00000000:D9:00.0 Off |                    0 |
|  0%   44C    P8    38W / 300W |      0MiB / 46068MiB |      0%      Default |
|                               |                      |                  N/A |
+-------------------------------+----------------------+----------------------+
                                                                               
+-----------------------------------------------------------------------------+
| Processes:                                                                  |
|  GPU   GI   CI        PID   Type   Process name                  GPU Memory |
|        ID   ID                                                   Usage      |
|=============================================================================|
|  No running processes found                                                 |
+-----------------------------------------------------------------------------+
Date              = Wed Aug 30 18:29:20 CEST 2023
Hostname          = ctit091
Working Directory = /local/232506
Number of nodes used        : 1
Number of MPI tasks         : 1
Number of threads           : 16
Number of MPI tasks per node: 1
Number of threads per core  : 
Name of nodes used          : ctit091
Gpu devices                 : 0
Starting worker: 
Script finished in 0 minutes and 37 seconds.
