ctit091
Collecting package metadata (current_repodata.json): ...working... done
Solving environment: ...working... failed with initial frozen solve. Retrying with flexible solve.
Solving environment: ...working... failed with repodata from current_repodata.json, will retry with next repodata source.
Collecting package metadata (repodata.json): ...working... done
Solving environment: ...working... done

## Package Plan ##

  environment location: /deepstore/software/anaconda3/2022.05

  added / updated specs:
    - optax


The following NEW packages will be INSTALLED:

  absl-py            conda-forge/noarch::absl-py-1.4.0-pyhd8ed1ab_0
  chex               conda-forge/noarch::chex-0.1.5-pyhd8ed1ab_0
  dm-tree            conda-forge/linux-64::dm-tree-0.1.5-py39hde0f152_2
  etils              conda-forge/noarch::etils-1.4.1-pyhd8ed1ab_0
  importlib_resourc~ conda-forge/noarch::importlib_resources-6.0.1-pyhd8ed1ab_0
  jax                conda-forge/noarch::jax-0.3.14-pyhd8ed1ab_0
  jaxlib             conda-forge/linux-64::jaxlib-0.1.69-py39hf3d152e_1
  opt_einsum         conda-forge/noarch::opt_einsum-3.3.0-pyhd8ed1ab_1
  optax              conda-forge/noarch::optax-0.1.7-pyhd8ed1ab_0
  python-flatbuffers conda-forge/noarch::python-flatbuffers-23.5.26-pyhd8ed1ab_0
  python_abi         conda-forge/linux-64::python_abi-3.9-2_cp39

The following packages will be SUPERSEDED by a higher-priority channel:

  conda              pkgs/main::conda-4.12.0-py39h06a4308_0 --> conda-forge::conda-4.12.0-py39hf3d152e_0


Proceed ([y]/n)? 
Preparing transaction: ...working... done
Verifying transaction: ...working... failed
Wed Aug 30 16:39:01 2023       
+-----------------------------------------------------------------------------+
| NVIDIA-SMI 515.86.01    Driver Version: 515.86.01    CUDA Version: 11.7     |
|-------------------------------+----------------------+----------------------+
| GPU  Name        Persistence-M| Bus-Id        Disp.A | Volatile Uncorr. ECC |
| Fan  Temp  Perf  Pwr:Usage/Cap|         Memory-Usage | GPU-Util  Compute M. |
|                               |                      |               MIG M. |
|===============================+======================+======================|
|   0  NVIDIA A40          On   | 00000000:3B:00.0 Off |                    0 |
|  0%   43C    P8    36W / 300W |      0MiB / 46068MiB |      0%      Default |
|                               |                      |                  N/A |
+-------------------------------+----------------------+----------------------+
|   1  NVIDIA A40          On   | 00000000:5E:00.0 Off |                    0 |
|  0%   45C    P8    38W / 300W |      0MiB / 46068MiB |      0%      Default |
|                               |                      |                  N/A |
+-------------------------------+----------------------+----------------------+
|   2  NVIDIA A40          On   | 00000000:B1:00.0 Off |                    0 |
|  0%   46C    P8    39W / 300W |      0MiB / 46068MiB |      0%      Default |
|                               |                      |                  N/A |
+-------------------------------+----------------------+----------------------+
|   3  NVIDIA A40          On   | 00000000:D9:00.0 Off |                    0 |
|  0%   45C    P8    39W / 300W |      0MiB / 46068MiB |      0%      Default |
|                               |                      |                  N/A |
+-------------------------------+----------------------+----------------------+
                                                                               
+-----------------------------------------------------------------------------+
| Processes:                                                                  |
|  GPU   GI   CI        PID   Type   Process name                  GPU Memory |
|        ID   ID                                                   Usage      |
|=============================================================================|
|  No running processes found                                                 |
+-----------------------------------------------------------------------------+
Date              = Wed Aug 30 16:39:03 CEST 2023
Hostname          = ctit091
Working Directory = /local/232474
Number of nodes used        : 1
Number of MPI tasks         : 1
Number of threads           : 16
Number of MPI tasks per node: 1
Number of threads per core  : 
Name of nodes used          : ctit091
Gpu devices                 : 1
Starting worker: 
Script finished in 18 minutes and 35 seconds.
