ctit091
Looking in indexes: https://__token__:****@gitlab.utsp.utwente.nl/api/v4/groups/271/-/packages/pypi/simple
Requirement already satisfied: pip in /home/yanw/.conda/envs/noise/lib/python3.10/site-packages (23.2.1)
Looking in indexes: https://__token__:****@gitlab.utsp.utwente.nl/api/v4/groups/271/-/packages/pypi/simple
Looking in links: https://storage.googleapis.com/jax-releases/jax_cuda_releases.html
Requirement already satisfied: jax[cuda11_pip] in /home/yanw/.conda/envs/noise/lib/python3.10/site-packages (0.4.14)
Requirement already satisfied: ml-dtypes>=0.2.0 in /home/yanw/.conda/envs/noise/lib/python3.10/site-packages (from jax[cuda11_pip]) (0.2.0)
Requirement already satisfied: numpy>=1.22 in /home/yanw/.conda/envs/noise/lib/python3.10/site-packages (from jax[cuda11_pip]) (1.25.2)
Requirement already satisfied: opt-einsum in /home/yanw/.local/lib/python3.10/site-packages (from jax[cuda11_pip]) (3.3.0)
Requirement already satisfied: scipy>=1.7 in /home/yanw/.conda/envs/noise/lib/python3.10/site-packages (from jax[cuda11_pip]) (1.11.2)
Requirement already satisfied: jaxlib==0.4.14+cuda11.cudnn86 in /home/yanw/.conda/envs/noise/lib/python3.10/site-packages (from jax[cuda11_pip]) (0.4.14+cuda11.cudnn86)
Requirement already satisfied: nvidia-cublas-cu11>=11.11 in /home/yanw/.conda/envs/noise/lib/python3.10/site-packages (from jax[cuda11_pip]) (11.11.3.6)
Requirement already satisfied: nvidia-cuda-cupti-cu11>=11.8 in /home/yanw/.conda/envs/noise/lib/python3.10/site-packages (from jax[cuda11_pip]) (11.8.87)
Requirement already satisfied: nvidia-cuda-nvcc-cu11>=11.8 in /home/yanw/.conda/envs/noise/lib/python3.10/site-packages (from jax[cuda11_pip]) (11.8.89)
Requirement already satisfied: nvidia-cuda-runtime-cu11>=11.8 in /home/yanw/.conda/envs/noise/lib/python3.10/site-packages (from jax[cuda11_pip]) (11.8.89)
Requirement already satisfied: nvidia-cudnn-cu11>=8.8 in /home/yanw/.conda/envs/noise/lib/python3.10/site-packages (from jax[cuda11_pip]) (8.9.4.25)
Requirement already satisfied: nvidia-cufft-cu11>=10.9 in /home/yanw/.conda/envs/noise/lib/python3.10/site-packages (from jax[cuda11_pip]) (10.9.0.58)
Requirement already satisfied: nvidia-cusolver-cu11>=11.4 in /home/yanw/.conda/envs/noise/lib/python3.10/site-packages (from jax[cuda11_pip]) (11.4.1.48)
Requirement already satisfied: nvidia-cusparse-cu11>=11.7 in /home/yanw/.conda/envs/noise/lib/python3.10/site-packages (from jax[cuda11_pip]) (11.7.5.86)
Requirement already satisfied: nvidia-cuda-nvrtc-cu11 in /home/yanw/.conda/envs/noise/lib/python3.10/site-packages (from nvidia-cudnn-cu11>=8.8->jax[cuda11_pip]) (11.8.89)
Wed Aug 30 21:06:17 2023       
+-----------------------------------------------------------------------------+
| NVIDIA-SMI 515.86.01    Driver Version: 515.86.01    CUDA Version: 11.7     |
|-------------------------------+----------------------+----------------------+
| GPU  Name        Persistence-M| Bus-Id        Disp.A | Volatile Uncorr. ECC |
| Fan  Temp  Perf  Pwr:Usage/Cap|         Memory-Usage | GPU-Util  Compute M. |
|                               |                      |               MIG M. |
|===============================+======================+======================|
|   0  NVIDIA A40          On   | 00000000:3B:00.0 Off |                    0 |
|  0%   43C    P8    36W / 300W |      0MiB / 46068MiB |      0%      Default |
|                               |                      |                  N/A |
+-------------------------------+----------------------+----------------------+
|   1  NVIDIA A40          On   | 00000000:5E:00.0 Off |                    0 |
|  0%   45C    P8    38W / 300W |      0MiB / 46068MiB |      0%      Default |
|                               |                      |                  N/A |
+-------------------------------+----------------------+----------------------+
|   2  NVIDIA A40          On   | 00000000:B1:00.0 Off |                    0 |
|  0%   46C    P8    38W / 300W |      0MiB / 46068MiB |      0%      Default |
|                               |                      |                  N/A |
+-------------------------------+----------------------+----------------------+
|   3  NVIDIA A40          On   | 00000000:D9:00.0 Off |                    0 |
|  0%   45C    P8    38W / 300W |      0MiB / 46068MiB |      0%      Default |
|                               |                      |                  N/A |
+-------------------------------+----------------------+----------------------+
                                                                               
+-----------------------------------------------------------------------------+
| Processes:                                                                  |
|  GPU   GI   CI        PID   Type   Process name                  GPU Memory |
|        ID   ID                                                   Usage      |
|=============================================================================|
|  No running processes found                                                 |
+-----------------------------------------------------------------------------+
Date              = Wed Aug 30 21:06:18 CEST 2023
Hostname          = ctit091
Working Directory = /local/232529
Number of nodes used        : 1
Number of MPI tasks         : 1
Number of threads           : 16
Number of MPI tasks per node: 1
Number of threads per core  : 
Name of nodes used          : ctit091
Gpu devices                 : 0
Starting worker: 
Script finished in 0 minutes and 32 seconds.
