ctit091
Looking in indexes: https://__token__:****@gitlab.utsp.utwente.nl/api/v4/groups/271/-/packages/pypi/simple
Looking in links: https://storage.googleapis.com/jax-releases/jax_cuda_releases.html
Requirement already satisfied: jax[cuda11_cudnn86] in /home/yanw/.conda/envs/uncertain/lib/python3.8/site-packages (0.4.13)
Requirement already satisfied: ml-dtypes>=0.1.0 in /home/yanw/.conda/envs/uncertain/lib/python3.8/site-packages (from jax[cuda11_cudnn86]) (0.2.0)
Requirement already satisfied: numpy>=1.21 in /home/yanw/.local/lib/python3.8/site-packages (from jax[cuda11_cudnn86]) (1.23.4)
Requirement already satisfied: opt-einsum in /home/yanw/.local/lib/python3.8/site-packages (from jax[cuda11_cudnn86]) (3.3.0)
Requirement already satisfied: scipy>=1.7 in /home/yanw/.local/lib/python3.8/site-packages (from jax[cuda11_cudnn86]) (1.9.3)
Requirement already satisfied: importlib-metadata>=4.6 in /home/yanw/.conda/envs/uncertain/lib/python3.8/site-packages (from jax[cuda11_cudnn86]) (6.8.0)
Requirement already satisfied: jaxlib==0.4.13+cuda11.cudnn86 in /home/yanw/.conda/envs/uncertain/lib/python3.8/site-packages (from jax[cuda11_cudnn86]) (0.4.13+cuda11.cudnn86)
Requirement already satisfied: zipp>=0.5 in /home/yanw/.conda/envs/uncertain/lib/python3.8/site-packages (from importlib-metadata>=4.6->jax[cuda11_cudnn86]) (3.16.2)
Wed Aug 30 23:32:25 2023       
+-----------------------------------------------------------------------------+
| NVIDIA-SMI 515.86.01    Driver Version: 515.86.01    CUDA Version: 11.7     |
|-------------------------------+----------------------+----------------------+
| GPU  Name        Persistence-M| Bus-Id        Disp.A | Volatile Uncorr. ECC |
| Fan  Temp  Perf  Pwr:Usage/Cap|         Memory-Usage | GPU-Util  Compute M. |
|                               |                      |               MIG M. |
|===============================+======================+======================|
|   0  NVIDIA A40          On   | 00000000:3B:00.0 Off |                    0 |
|  0%   43C    P8    36W / 300W |      0MiB / 46068MiB |      0%      Default |
|                               |                      |                  N/A |
+-------------------------------+----------------------+----------------------+
|   1  NVIDIA A40          On   | 00000000:5E:00.0 Off |                    0 |
|  0%   45C    P8    38W / 300W |      0MiB / 46068MiB |      0%      Default |
|                               |                      |                  N/A |
+-------------------------------+----------------------+----------------------+
|   2  NVIDIA A40          On   | 00000000:B1:00.0 Off |                    0 |
|  0%   46C    P8    38W / 300W |      0MiB / 46068MiB |      0%      Default |
|                               |                      |                  N/A |
+-------------------------------+----------------------+----------------------+
|   3  NVIDIA A40          On   | 00000000:D9:00.0 Off |                    0 |
|  0%   45C    P8    38W / 300W |      0MiB / 46068MiB |      0%      Default |
|                               |                      |                  N/A |
+-------------------------------+----------------------+----------------------+
                                                                               
+-----------------------------------------------------------------------------+
| Processes:                                                                  |
|  GPU   GI   CI        PID   Type   Process name                  GPU Memory |
|        ID   ID                                                   Usage      |
|=============================================================================|
|  No running processes found                                                 |
+-----------------------------------------------------------------------------+
Date              = Wed Aug 30 23:32:26 CEST 2023
Hostname          = ctit091
Working Directory = /local/232542
Number of nodes used        : 1
Number of MPI tasks         : 1
Number of threads           : 16
Number of MPI tasks per node: 1
Number of threads per core  : 
Name of nodes used          : ctit091
Gpu devices                 : 0
Starting worker: 
Script finished in 0 minutes and 17 seconds.
