ctit091
Looking in indexes: https://__token__:****@gitlab.utsp.utwente.nl/api/v4/groups/271/-/packages/pypi/simple
Looking in links: https://storage.googleapis.com/jax-releases/jax_cuda_releases.html
Requirement already satisfied: jax[cuda11_pip] in /home/yanw/.conda/envs/noise/lib/python3.10/site-packages (0.4.14)
Requirement already satisfied: ml-dtypes>=0.2.0 in /home/yanw/.conda/envs/noise/lib/python3.10/site-packages (from jax[cuda11_pip]) (0.2.0)
Requirement already satisfied: numpy>=1.22 in /home/yanw/.conda/envs/noise/lib/python3.10/site-packages (from jax[cuda11_pip]) (1.25.2)
Requirement already satisfied: opt-einsum in /home/yanw/.local/lib/python3.10/site-packages (from jax[cuda11_pip]) (3.3.0)
Requirement already satisfied: scipy>=1.7 in /home/yanw/.conda/envs/noise/lib/python3.10/site-packages (from jax[cuda11_pip]) (1.11.2)
Collecting jaxlib==0.4.14+cuda11.cudnn86 (from jax[cuda11_pip])
  Downloading https://storage.googleapis.com/jax-releases/cuda11/jaxlib-0.4.14%2Bcuda11.cudnn86-cp310-cp310-manylinux2014_x86_64.whl (191.1 MB)
     ━━━━━━━━━━━━━━━━━━━━━━━━━━━━━━━━━━━━━━ 191.1/191.1 MB 12.4 MB/s eta 0:00:00
Collecting nvidia-cublas-cu11>=11.11 (from jax[cuda11_pip])
  Using cached nvidia_cublas_cu11-11.11.3.6-py3-none-manylinux1_x86_64.whl (417.9 MB)
Collecting nvidia-cuda-cupti-cu11>=11.8 (from jax[cuda11_pip])
  Downloading nvidia_cuda_cupti_cu11-11.8.87-py3-none-manylinux1_x86_64.whl (13.1 MB)
     ━━━━━━━━━━━━━━━━━━━━━━━━━━━━━━━━━━━━━━━━ 13.1/13.1 MB 53.4 MB/s eta 0:00:00
Collecting nvidia-cuda-nvcc-cu11>=11.8 (from jax[cuda11_pip])
  Using cached nvidia_cuda_nvcc_cu11-11.8.89-py3-none-manylinux1_x86_64.whl (19.5 MB)
Collecting nvidia-cuda-runtime-cu11>=11.8 (from jax[cuda11_pip])
  Using cached nvidia_cuda_runtime_cu11-11.8.89-py3-none-manylinux1_x86_64.whl (875 kB)
Collecting nvidia-cudnn-cu11>=8.8 (from jax[cuda11_pip])
  Obtaining dependency information for nvidia-cudnn-cu11>=8.8 from https://files.pythonhosted.org/packages/64/52/62a198ed717bea2946755b7210e3498db6323b5270fef72099fa414ab2b3/nvidia_cudnn_cu11-8.9.4.25-py3-none-manylinux1_x86_64.whl.metadata
  Downloading nvidia_cudnn_cu11-8.9.4.25-py3-none-manylinux1_x86_64.whl.metadata (1.6 kB)
Collecting nvidia-cufft-cu11>=10.9 (from jax[cuda11_pip])
  Using cached nvidia_cufft_cu11-10.9.0.58-py3-none-manylinux1_x86_64.whl (168.4 MB)
Collecting nvidia-cusolver-cu11>=11.4 (from jax[cuda11_pip])
  Downloading nvidia_cusolver_cu11-11.4.1.48-py3-none-manylinux1_x86_64.whl (128.2 MB)
     ━━━━━━━━━━━━━━━━━━━━━━━━━━━━━━━━━━━━━━ 128.2/128.2 MB 21.4 MB/s eta 0:00:00
Collecting nvidia-cusparse-cu11>=11.7 (from jax[cuda11_pip])
  Downloading nvidia_cusparse_cu11-11.7.5.86-py3-none-manylinux1_x86_64.whl (204.1 MB)
     ━━━━━━━━━━━━━━━━━━━━━━━━━━━━━━━━━━━━━━ 204.1/204.1 MB 14.9 MB/s eta 0:00:00
Collecting nvidia-cuda-nvrtc-cu11 (from nvidia-cudnn-cu11>=8.8->jax[cuda11_pip])
  Downloading nvidia_cuda_nvrtc_cu11-11.8.89-py3-none-manylinux1_x86_64.whl (23.2 MB)
     ━━━━━━━━━━━━━━━━━━━━━━━━━━━━━━━━━━━━━━━━ 23.2/23.2 MB 60.9 MB/s eta 0:00:00
Downloading nvidia_cudnn_cu11-8.9.4.25-py3-none-manylinux1_x86_64.whl (719.3 MB)
   ━━━━━━━━━━━━━━━━━━━━━━━━━━━━━━━━━━━━━━━━ 719.3/719.3 MB 5.0 MB/s eta 0:00:00
Installing collected packages: nvidia-cusparse-cu11, nvidia-cufft-cu11, nvidia-cuda-runtime-cu11, nvidia-cuda-nvrtc-cu11, nvidia-cuda-nvcc-cu11, nvidia-cuda-cupti-cu11, nvidia-cublas-cu11, nvidia-cusolver-cu11, nvidia-cudnn-cu11, jaxlib
  Attempting uninstall: jaxlib
    Found existing installation: jaxlib 0.4.14+cuda12.cudnn89
    Uninstalling jaxlib-0.4.14+cuda12.cudnn89:
      Successfully uninstalled jaxlib-0.4.14+cuda12.cudnn89
Successfully installed jaxlib-0.4.14+cuda11.cudnn86 nvidia-cublas-cu11-11.11.3.6 nvidia-cuda-cupti-cu11-11.8.87 nvidia-cuda-nvcc-cu11-11.8.89 nvidia-cuda-nvrtc-cu11-11.8.89 nvidia-cuda-runtime-cu11-11.8.89 nvidia-cudnn-cu11-8.9.4.25 nvidia-cufft-cu11-10.9.0.58 nvidia-cusolver-cu11-11.4.1.48 nvidia-cusparse-cu11-11.7.5.86
Collecting package metadata (current_repodata.json): ...working... done
Solving environment: ...working... done

# All requested packages already installed.

Collecting package metadata (current_repodata.json): ...working... done
Solving environment: ...working... done

# All requested packages already installed.

Wed Aug 30 17:08:48 2023       
+-----------------------------------------------------------------------------+
| NVIDIA-SMI 515.86.01    Driver Version: 515.86.01    CUDA Version: 11.7     |
|-------------------------------+----------------------+----------------------+
| GPU  Name        Persistence-M| Bus-Id        Disp.A | Volatile Uncorr. ECC |
| Fan  Temp  Perf  Pwr:Usage/Cap|         Memory-Usage | GPU-Util  Compute M. |
|                               |                      |               MIG M. |
|===============================+======================+======================|
|   0  NVIDIA A40          On   | 00000000:3B:00.0 Off |                    0 |
|  0%   44C    P8    37W / 300W |      0MiB / 46068MiB |      0%      Default |
|                               |                      |                  N/A |
+-------------------------------+----------------------+----------------------+
|   1  NVIDIA A40          On   | 00000000:5E:00.0 Off |                    0 |
|  0%   46C    P8    39W / 300W |      0MiB / 46068MiB |      0%      Default |
|                               |                      |                  N/A |
+-------------------------------+----------------------+----------------------+
|   2  NVIDIA A40          On   | 00000000:B1:00.0 Off |                    0 |
|  0%   46C    P8    39W / 300W |      0MiB / 46068MiB |      0%      Default |
|                               |                      |                  N/A |
+-------------------------------+----------------------+----------------------+
|   3  NVIDIA A40          On   | 00000000:D9:00.0 Off |                    0 |
|  0%   45C    P8    39W / 300W |      0MiB / 46068MiB |      0%      Default |
|                               |                      |                  N/A |
+-------------------------------+----------------------+----------------------+
                                                                               
+-----------------------------------------------------------------------------+
| Processes:                                                                  |
|  GPU   GI   CI        PID   Type   Process name                  GPU Memory |
|        ID   ID                                                   Usage      |
|=============================================================================|
|  No running processes found                                                 |
+-----------------------------------------------------------------------------+
Date              = Wed Aug 30 17:08:49 CEST 2023
Hostname          = ctit091
Working Directory = /local/232498
Number of nodes used        : 1
Number of MPI tasks         : 1
Number of threads           : 16
Number of MPI tasks per node: 1
Number of threads per core  : 
Name of nodes used          : ctit091
Gpu devices                 : 0
Starting worker: 
Script finished in 1 minutes and 50 seconds.
