/local/296439/main.py:159: UserWarning: Dataset has 0 variance; skipping density estimate. Pass `warn_singular=False` to disable this warning.
  sns.kdeplot(data, ax=ax, color='tab:blue',label='x denoised')
/local/296439/main.py:159: UserWarning: Dataset has 0 variance; skipping density estimate. Pass `warn_singular=False` to disable this warning.
  sns.kdeplot(data, ax=ax, color='tab:blue',label='x denoised')
/local/296439/main.py:173: UserWarning: Dataset has 0 variance; skipping density estimate. Pass `warn_singular=False` to disable this warning.
  sns.kdeplot(data, color='tab:blue',label='t denoised')
/local/296439/main.py:173: UserWarning: Dataset has 0 variance; skipping density estimate. Pass `warn_singular=False` to disable this warning.
  sns.kdeplot(data, color='tab:blue',label='t denoised')
/tmp/slurmd/job296439/slurm_script: line 57: /home/yanw/uncertain/results/log/0628/296439_version.log: No such file or directory
/tmp/slurmd/job296439/slurm_script: line 58: /home/yanw/uncertain/results/log/0628/296439_version.log: No such file or directory
ERROR: Pipe to stdout was broken
Exception ignored in: <_io.TextIOWrapper name='<stdout>' mode='w' encoding='utf-8'>
BrokenPipeError: [Errno 32] Broken pipe
/tmp/slurmd/job296439/slurm_script: line 57: /home/yanw/uncertain/results/log/0628/296439_version.log: No such file or directory
/tmp/slurmd/job296439/slurm_script: line 58: /home/yanw/uncertain/results/log/0628/296439_version.log: No such file or directory
ERROR: Pipe to stdout was broken
Exception ignored in: <_io.TextIOWrapper name='<stdout>' mode='w' encoding='utf-8'>
BrokenPipeError: [Errno 32] Broken pipe
/tmp/slurmd/job296439/slurm_script: line 57: /home/yanw/uncertain/results/log/0628/296439_version.log: No such file or directory
/tmp/slurmd/job296439/slurm_script: line 58: /home/yanw/uncertain/results/log/0628/296439_version.log: No such file or directory
ERROR: Pipe to stdout was broken
Exception ignored in: <_io.TextIOWrapper name='<stdout>' mode='w' encoding='utf-8'>
BrokenPipeError: [Errno 32] Broken pipe
/tmp/slurmd/job296439/slurm_script: line 57: /home/yanw/uncertain/results/log/0628/296439_version.log: No such file or directory
/tmp/slurmd/job296439/slurm_script: line 58: /home/yanw/uncertain/results/log/0628/296439_version.log: No such file or directory
ERROR: Pipe to stdout was broken
Exception ignored in: <_io.TextIOWrapper name='<stdout>' mode='w' encoding='utf-8'>
BrokenPipeError: [Errno 32] Broken pipe
/tmp/slurmd/job296439/slurm_script: line 57: /home/yanw/uncertain/results/log/0628/296439_version.log: No such file or directory
/tmp/slurmd/job296439/slurm_script: line 58: /home/yanw/uncertain/results/log/0628/296439_version.log: No such file or directory
ERROR: Pipe to stdout was broken
Exception ignored in: <_io.TextIOWrapper name='<stdout>' mode='w' encoding='utf-8'>
BrokenPipeError: [Errno 32] Broken pipe
/tmp/slurmd/job296439/slurm_script: line 57: /home/yanw/uncertain/results/log/0628/296439_version.log: No such file or directory
/tmp/slurmd/job296439/slurm_script: line 58: /home/yanw/uncertain/results/log/0628/296439_version.log: No such file or directory
ERROR: Pipe to stdout was broken
Exception ignored in: <_io.TextIOWrapper name='<stdout>' mode='w' encoding='utf-8'>
BrokenPipeError: [Errno 32] Broken pipe
cp: missing destination file operand after '/home/yanw/uncertain'
Try 'cp --help' for more information.
mv: cannot stat '*.log': No such file or directory
