ctit093
Sat Feb 17 11:21:29 2024       
+---------------------------------------------------------------------------------------+
| NVIDIA-SMI 535.104.05             Driver Version: 535.104.05   CUDA Version: 12.2     |
|-----------------------------------------+----------------------+----------------------+
| GPU  Name                 Persistence-M | Bus-Id        Disp.A | Volatile Uncorr. ECC |
| Fan  Temp   Perf          Pwr:Usage/Cap |         Memory-Usage | GPU-Util  Compute M. |
|                                         |                      |               MIG M. |
|=========================================+======================+======================|
|   0  NVIDIA A40                     On  | 00000000:3B:00.0 Off |                    0 |
|  0%   64C    P0              99W / 300W |   3987MiB / 46068MiB |     20%      Default |
|                                         |                      |                  N/A |
+-----------------------------------------+----------------------+----------------------+
|   1  NVIDIA A40                     On  | 00000000:5E:00.0 Off |                    0 |
|  0%   44C    P8              24W / 300W |      4MiB / 46068MiB |      0%      Default |
|                                         |                      |                  N/A |
+-----------------------------------------+----------------------+----------------------+
|   2  NVIDIA A40                     On  | 00000000:B1:00.0 Off |                    0 |
|  0%   44C    P0              79W / 300W |  34455MiB / 46068MiB |      5%      Default |
|                                         |                      |                  N/A |
+-----------------------------------------+----------------------+----------------------+
|   3  NVIDIA A40                     On  | 00000000:D9:00.0 Off |                    0 |
|  0%   43C    P0              83W / 300W |  34455MiB / 46068MiB |      5%      Default |
|                                         |                      |                  N/A |
+-----------------------------------------+----------------------+----------------------+
                                                                                         
+---------------------------------------------------------------------------------------+
| Processes:                                                                            |
|  GPU   GI   CI        PID   Type   Process name                            GPU Memory |
|        ID   ID                                                             Usage      |
|=======================================================================================|
|    0   N/A  N/A      8753      C   python                                     3974MiB |
|    2   N/A  N/A     11505      C   python                                    34442MiB |
|    3   N/A  N/A     12403      C   python                                    34442MiB |
+---------------------------------------------------------------------------------------+
Date              = Sat 17 Feb 2024 11:21:30 AM CET
Hostname          = ctit093
Working Directory = /local/268748
Number of nodes used        : 1
Number of MPI tasks         : 1
Number of threads           : 16
Number of MPI tasks per node: 1
Number of threads per core  : 
Name of nodes used          : ctit093
Gpu devices                 : 1
Starting worker: 
sigma_init_yu: 0.4124124058070794	sigma_init_yf: 16.88708019124114	sigma_init: 8.26348917090675
new_sigma_init_yu: 0.4124124058070794	new_sigma_init_yf: 0.8717052165589066	new_sigma_init: 0.6445101765174207
Xu_noise: [[0.86041803 0.407946  ]
 [0.47981698 0.37768862]
 [0.31407172 0.29118561]
 [0.89966496 0.84905457]
 [0.27952723 0.09003273]
 [0.83715097 0.70901247]
 [0.61831648 0.46794143]
 [0.2443358  0.75718614]
 [0.91768526 0.77823912]
 [0.73000551 0.18512075]
 [0.93061297 0.40110551]
 [0.1385972  0.43996769]
 [0.44841027 0.20167252]
 [0.45244136 0.81725298]
 [0.31548548 0.66127418]
 [0.49726064 0.45523565]
 [0.14274667 0.24981709]
 [0.97079493 0.26795404]
 [0.12630104 0.84255312]
 [0.02519675 0.86264226]]
Xu_noise shape: (20, 2)
Initial loss: 2853.394734759531
Final loss: 69.43670849039708
start inference

                      mean       std    median      5.0%     95.0%     n_eff     r_hat
 z_uncertain0[0]      0.53      0.00      0.53      0.53      0.53      0.53       nan
 z_uncertain0[1]      1.24      0.00      1.24      1.24      1.24      0.53       nan
 z_uncertain1[0]      1.84      0.00      1.84      1.84      1.84      0.53      0.89
 z_uncertain1[1]     -0.34      0.00     -0.34     -0.34     -0.34      0.53       nan
z_uncertain10[0]      1.87      0.00      1.87      1.87      1.87       nan       nan
z_uncertain10[1]     -0.47      0.00     -0.47     -0.47     -0.47       nan       nan
z_uncertain11[0]      0.43      0.00      0.43      0.43      0.43      0.53      0.89
z_uncertain11[1]      1.18      0.00      1.18      1.18      1.18       nan       nan
z_uncertain12[0]      1.76      0.00      1.76      1.76      1.76      0.53      0.89
z_uncertain12[1]     -1.49      0.00     -1.49     -1.49     -1.49      0.53       nan
z_uncertain13[0]      1.67      0.00      1.67      1.67      1.67       nan       nan
z_uncertain13[1]      0.03      0.00      0.03      0.03      0.03       nan       nan
z_uncertain14[0]     -0.84      0.00     -0.84     -0.84     -0.84      0.53      0.89
z_uncertain14[1]      1.21      0.00      1.21      1.21      1.21       nan       nan
z_uncertain15[0]     -1.76      0.00     -1.76     -1.76     -1.76      0.53       nan
z_uncertain15[1]      0.14      0.00      0.14      0.14      0.14      0.53       nan
z_uncertain16[0]      0.42      0.00      0.42      0.42      0.42      0.53       nan
z_uncertain16[1]      0.60      0.00      0.60      0.60      0.60      0.53       nan
z_uncertain17[0]      0.25      0.00      0.25      0.25      0.25       nan       nan
z_uncertain17[1]      0.91      0.00      0.91      0.91      0.91      0.53      0.89
z_uncertain18[0]      0.30      0.00      0.30      0.30      0.30       nan       nan
z_uncertain18[1]      0.77      0.00      0.77      0.77      0.77       nan       nan
z_uncertain19[0]      1.79      0.00      1.79      1.79      1.79      0.53       nan
z_uncertain19[1]     -0.16      0.00     -0.16     -0.16     -0.16       nan       nan
 z_uncertain2[0]      0.54      0.00      0.54      0.54      0.54       nan       nan
 z_uncertain2[1]     -1.78      0.00     -1.78     -1.78     -1.78       nan       nan
 z_uncertain3[0]      0.48      0.00      0.48      0.48      0.48       nan       nan
 z_uncertain3[1]     -1.70      0.00     -1.70     -1.70     -1.70      0.53       nan
 z_uncertain4[0]     -1.21      0.00     -1.21     -1.21     -1.21      0.53       nan
 z_uncertain4[1]      0.57      0.00      0.57      0.57      0.57      0.53       nan
 z_uncertain5[0]     -1.02      0.00     -1.02     -1.02     -1.02       nan       nan
 z_uncertain5[1]     -0.60      0.00     -0.60     -0.60     -0.60      0.53       nan
 z_uncertain6[0]     -1.80      0.00     -1.80     -1.80     -1.80       nan       nan
 z_uncertain6[1]      0.19      0.00      0.19      0.19      0.19       nan       nan
 z_uncertain7[0]     -0.98      0.00     -0.98     -0.98     -0.98      0.53      0.89
 z_uncertain7[1]      0.09      0.00      0.09      0.09      0.09      0.53       nan
 z_uncertain8[0]     -0.01      0.00     -0.01     -0.01     -0.01      0.53       nan
 z_uncertain8[1]     -1.23      0.00     -1.23     -1.23     -1.23      0.53       nan
 z_uncertain9[0]      0.34      0.00      0.34      0.34      0.34       nan       nan
 z_uncertain9[1]      1.08      0.00      1.08      1.08      1.08       nan       nan

Number of divergences: 10
{'z_uncertain0': Array([[0.52540115, 1.24211234],
       [0.52540115, 1.24211234],
       [0.52540115, 1.24211234],
       [0.52540115, 1.24211234],
       [0.52540115, 1.24211234],
       [0.52540115, 1.24211234],
       [0.52540115, 1.24211234],
       [0.52540115, 1.24211234],
       [0.52540115, 1.24211234],
       [0.52540115, 1.24211234]], dtype=float64), 'z_uncertain1': Array([[ 1.84007784, -0.33660043],
       [ 1.84007784, -0.33660043],
       [ 1.84007784, -0.33660043],
       [ 1.84007784, -0.33660043],
       [ 1.84007784, -0.33660043],
       [ 1.84007784, -0.33660043],
       [ 1.84007784, -0.33660043],
       [ 1.84007784, -0.33660043],
       [ 1.84007784, -0.33660043],
       [ 1.84007784, -0.33660043]], dtype=float64), 'z_uncertain10': Array([[ 1.86689906, -0.47342007],
       [ 1.86689906, -0.47342007],
       [ 1.86689906, -0.47342007],
       [ 1.86689906, -0.47342007],
       [ 1.86689906, -0.47342007],
       [ 1.86689906, -0.47342007],
       [ 1.86689906, -0.47342007],
       [ 1.86689906, -0.47342007],
       [ 1.86689906, -0.47342007],
       [ 1.86689906, -0.47342007]], dtype=float64), 'z_uncertain11': Array([[0.43118083, 1.1809365 ],
       [0.43118083, 1.1809365 ],
       [0.43118083, 1.1809365 ],
       [0.43118083, 1.1809365 ],
       [0.43118083, 1.1809365 ],
       [0.43118083, 1.1809365 ],
       [0.43118083, 1.1809365 ],
       [0.43118083, 1.1809365 ],
       [0.43118083, 1.1809365 ],
       [0.43118083, 1.1809365 ]], dtype=float64), 'z_uncertain12': Array([[ 1.76128455, -1.48818054],
       [ 1.76128455, -1.48818054],
       [ 1.76128455, -1.48818054],
       [ 1.76128455, -1.48818054],
       [ 1.76128455, -1.48818054],
       [ 1.76128455, -1.48818054],
       [ 1.76128455, -1.48818054],
       [ 1.76128455, -1.48818054],
       [ 1.76128455, -1.48818054],
       [ 1.76128455, -1.48818054]], dtype=float64), 'z_uncertain13': Array([[1.67038224, 0.03458147],
       [1.67038224, 0.03458147],
       [1.67038224, 0.03458147],
       [1.67038224, 0.03458147],
       [1.67038224, 0.03458147],
       [1.67038224, 0.03458147],
       [1.67038224, 0.03458147],
       [1.67038224, 0.03458147],
       [1.67038224, 0.03458147],
       [1.67038224, 0.03458147]], dtype=float64), 'z_uncertain14': Array([[-0.83844565,  1.21151049],
       [-0.83844565,  1.21151049],
       [-0.83844565,  1.21151049],
       [-0.83844565,  1.21151049],
       [-0.83844565,  1.21151049],
       [-0.83844565,  1.21151049],
       [-0.83844565,  1.21151049],
       [-0.83844565,  1.21151049],
       [-0.83844565,  1.21151049],
       [-0.83844565,  1.21151049]], dtype=float64), 'z_uncertain15': Array([[-1.75572989,  0.14389536],
       [-1.75572989,  0.14389536],
       [-1.75572989,  0.14389536],
       [-1.75572989,  0.14389536],
       [-1.75572989,  0.14389536],
       [-1.75572989,  0.14389536],
       [-1.75572989,  0.14389536],
       [-1.75572989,  0.14389536],
       [-1.75572989,  0.14389536],
       [-1.75572989,  0.14389536]], dtype=float64), 'z_uncertain16': Array([[0.41781638, 0.60157776],
       [0.41781638, 0.60157776],
       [0.41781638, 0.60157776],
       [0.41781638, 0.60157776],
       [0.41781638, 0.60157776],
       [0.41781638, 0.60157776],
       [0.41781638, 0.60157776],
       [0.41781638, 0.60157776],
       [0.41781638, 0.60157776],
       [0.41781638, 0.60157776]], dtype=float64), 'z_uncertain17': Array([[0.24903825, 0.91434318],
       [0.24903825, 0.91434318],
       [0.24903825, 0.91434318],
       [0.24903825, 0.91434318],
       [0.24903825, 0.91434318],
       [0.24903825, 0.91434318],
       [0.24903825, 0.91434318],
       [0.24903825, 0.91434318],
       [0.24903825, 0.91434318],
       [0.24903825, 0.91434318]], dtype=float64), 'z_uncertain18': Array([[0.30258395, 0.76816725],
       [0.30258395, 0.76816725],
       [0.30258395, 0.76816725],
       [0.30258395, 0.76816725],
       [0.30258395, 0.76816725],
       [0.30258395, 0.76816725],
       [0.30258395, 0.76816725],
       [0.30258395, 0.76816725],
       [0.30258395, 0.76816725],
       [0.30258395, 0.76816725]], dtype=float64), 'z_uncertain19': Array([[ 1.78558958, -0.15606933],
       [ 1.78558958, -0.15606933],
       [ 1.78558958, -0.15606933],
       [ 1.78558958, -0.15606933],
       [ 1.78558958, -0.15606933],
       [ 1.78558958, -0.15606933],
       [ 1.78558958, -0.15606933],
       [ 1.78558958, -0.15606933],
       [ 1.78558958, -0.15606933],
       [ 1.78558958, -0.15606933]], dtype=float64), 'z_uncertain2': Array([[ 0.54035375, -1.77795214],
       [ 0.54035375, -1.77795214],
       [ 0.54035375, -1.77795214],
       [ 0.54035375, -1.77795214],
       [ 0.54035375, -1.77795214],
       [ 0.54035375, -1.77795214],
       [ 0.54035375, -1.77795214],
       [ 0.54035375, -1.77795214],
       [ 0.54035375, -1.77795214],
       [ 0.54035375, -1.77795214]], dtype=float64), 'z_uncertain3': Array([[ 0.48127452, -1.70405503],
       [ 0.48127452, -1.70405503],
       [ 0.48127452, -1.70405503],
       [ 0.48127452, -1.70405503],
       [ 0.48127452, -1.70405503],
       [ 0.48127452, -1.70405503],
       [ 0.48127452, -1.70405503],
       [ 0.48127452, -1.70405503],
       [ 0.48127452, -1.70405503],
       [ 0.48127452, -1.70405503]], dtype=float64), 'z_uncertain4': Array([[-1.20509219,  0.56781512],
       [-1.20509219,  0.56781512],
       [-1.20509219,  0.56781512],
       [-1.20509219,  0.56781512],
       [-1.20509219,  0.56781512],
       [-1.20509219,  0.56781512],
       [-1.20509219,  0.56781512],
       [-1.20509219,  0.56781512],
       [-1.20509219,  0.56781512],
       [-1.20509219,  0.56781512]], dtype=float64), 'z_uncertain5': Array([[-1.02384279, -0.59829145],
       [-1.02384279, -0.59829145],
       [-1.02384279, -0.59829145],
       [-1.02384279, -0.59829145],
       [-1.02384279, -0.59829145],
       [-1.02384279, -0.59829145],
       [-1.02384279, -0.59829145],
       [-1.02384279, -0.59829145],
       [-1.02384279, -0.59829145],
       [-1.02384279, -0.59829145]], dtype=float64), 'z_uncertain6': Array([[-1.80043897,  0.18695519],
       [-1.80043897,  0.18695519],
       [-1.80043897,  0.18695519],
       [-1.80043897,  0.18695519],
       [-1.80043897,  0.18695519],
       [-1.80043897,  0.18695519],
       [-1.80043897,  0.18695519],
       [-1.80043897,  0.18695519],
       [-1.80043897,  0.18695519],
       [-1.80043897,  0.18695519]], dtype=float64), 'z_uncertain7': Array([[-0.97960179,  0.09164245],
       [-0.97960179,  0.09164245],
       [-0.97960179,  0.09164245],
       [-0.97960179,  0.09164245],
       [-0.97960179,  0.09164245],
       [-0.97960179,  0.09164245],
       [-0.97960179,  0.09164245],
       [-0.97960179,  0.09164245],
       [-0.97960179,  0.09164245],
       [-0.97960179,  0.09164245]], dtype=float64), 'z_uncertain8': Array([[-0.01188011, -1.22559036],
       [-0.01188011, -1.22559036],
       [-0.01188011, -1.22559036],
       [-0.01188011, -1.22559036],
       [-0.01188011, -1.22559036],
       [-0.01188011, -1.22559036],
       [-0.01188011, -1.22559036],
       [-0.01188011, -1.22559036],
       [-0.01188011, -1.22559036],
       [-0.01188011, -1.22559036]], dtype=float64), 'z_uncertain9': Array([[0.33524031, 1.08318478],
       [0.33524031, 1.08318478],
       [0.33524031, 1.08318478],
       [0.33524031, 1.08318478],
       [0.33524031, 1.08318478],
       [0.33524031, 1.08318478],
       [0.33524031, 1.08318478],
       [0.33524031, 1.08318478],
       [0.33524031, 1.08318478],
       [0.33524031, 1.08318478]], dtype=float64)}
Script finished in 4 minutes and 6 seconds.
