	Adding nVidia Cuda Toolkit 11.8
	Adding nVidia cuDNN 8.6 (.0.163)

CondaHTTPError: HTTP 000 CONNECTION FAILED for url <https://conda.anaconda.org/conda-forge/linux-64/current_repodata.json>
Elapsed: -

An HTTP error occurred when trying to retrieve this URL.
HTTP errors are often intermittent, and a simple retry will get you on your way.
'https://conda.anaconda.org/conda-forge/linux-64'


Traceback (most recent call last):
  File "/local/239236/main.py", line 4, in <module>
    import pynvml
ModuleNotFoundError: No module named 'pynvml'
--------------------------------------------------------------------------
Primary job  terminated normally, but 1 process returned
a non-zero exit code. Per user-direction, the job has been aborted.
--------------------------------------------------------------------------
--------------------------------------------------------------------------
mpirun detected that one or more processes exited with non-zero status, thus causing
the job to be terminated. The first process to do so was:

  Process name: [[25375,1],0]
  Exit code:    1
--------------------------------------------------------------------------
/tmp/slurmd/job239236/slurm_script: line 56: /home/yanw/uncertain/results/log/1007/239236_version.log: No such file or directory
/tmp/slurmd/job239236/slurm_script: line 57: /home/yanw/uncertain/results/log/1007/239236_version.log: No such file or directory
ERROR: Pipe to stdout was broken
Exception ignored in: <_io.TextIOWrapper name='<stdout>' mode='w' encoding='utf-8'>
BrokenPipeError: [Errno 32] Broken pipe
/tmp/slurmd/job239236/slurm_script: line 56: /home/yanw/uncertain/results/log/1007/239236_version.log: No such file or directory
/tmp/slurmd/job239236/slurm_script: line 57: /home/yanw/uncertain/results/log/1007/239236_version.log: No such file or directory
ERROR: Pipe to stdout was broken
Exception ignored in: <_io.TextIOWrapper name='<stdout>' mode='w' encoding='utf-8'>
BrokenPipeError: [Errno 32] Broken pipe
/tmp/slurmd/job239236/slurm_script: line 56: /home/yanw/uncertain/results/log/1007/239236_version.log: No such file or directory
/tmp/slurmd/job239236/slurm_script: line 57: /home/yanw/uncertain/results/log/1007/239236_version.log: No such file or directory
ERROR: Pipe to stdout was broken
Exception ignored in: <_io.TextIOWrapper name='<stdout>' mode='w' encoding='utf-8'>
BrokenPipeError: [Errno 32] Broken pipe
/tmp/slurmd/job239236/slurm_script: line 56: /home/yanw/uncertain/results/log/1007/239236_version.log: No such file or directory
/tmp/slurmd/job239236/slurm_script: line 57: /home/yanw/uncertain/results/log/1007/239236_version.log: No such file or directory
ERROR: Pipe to stdout was broken
Exception ignored in: <_io.TextIOWrapper name='<stdout>' mode='w' encoding='utf-8'>
BrokenPipeError: [Errno 32] Broken pipe
/tmp/slurmd/job239236/slurm_script: line 56: /home/yanw/uncertain/results/log/1007/239236_version.log: No such file or directory
/tmp/slurmd/job239236/slurm_script: line 57: /home/yanw/uncertain/results/log/1007/239236_version.log: No such file or directory
ERROR: Pipe to stdout was broken
Exception ignored in: <_io.TextIOWrapper name='<stdout>' mode='w' encoding='utf-8'>
BrokenPipeError: [Errno 32] Broken pipe
/tmp/slurmd/job239236/slurm_script: line 56: /home/yanw/uncertain/results/log/1007/239236_version.log: No such file or directory
/tmp/slurmd/job239236/slurm_script: line 57: /home/yanw/uncertain/results/log/1007/239236_version.log: No such file or directory
ERROR: Pipe to stdout was broken
Exception ignored in: <_io.TextIOWrapper name='<stdout>' mode='w' encoding='utf-8'>
BrokenPipeError: [Errno 32] Broken pipe
/tmp/slurmd/job239236/slurm_script: line 66: /home/yanw/uncertain/results/log/1007/239236_version.log: No such file or directory
cp: missing destination file operand after '*.png/home/yanw/uncertain/results/figures/1007'
Try 'cp --help' for more information.
cp: missing destination file operand after '/home/yanw/uncertain'
Try 'cp --help' for more information.
