	Adding nVidia Cuda Toolkit 11.8
	Adding nVidia cuDNN 8.6 (.0.163)

CondaHTTPError: HTTP 000 CONNECTION FAILED for url <https://conda.anaconda.org/conda-forge/linux-64/current_repodata.json>
Elapsed: -

An HTTP error occurred when trying to retrieve this URL.
HTTP errors are often intermittent, and a simple retry will get you on your way.
'https://conda.anaconda.org/conda-forge/linux-64'


Traceback (most recent call last):
  File "/local/239246/main.py", line 84, in <module>
    posterior_samples_list = Metropolis_Hasting(max_samples, assumption_variance, Xu_noise, jnp.eye(2)*prior_std**2, param_iter, Xu_fixed, Xf ,Y)
  File "/local/239246/include/mcmc_posterior.py", line 52, in Metropolis_Hasting
    prior_function_upper = prior_function(x_new, Xvague_prior_mean, Xvague_prior_var)
  File "/local/239246/include/mcmc_posterior.py", line 28, in prior_function
    return (x - prior_mean).T @ np.linalg.inv(covariance_matrix) @ (x - prior_mean)
ValueError: matmul: Input operand 1 has a mismatch in its core dimension 0, with gufunc signature (n?,k),(k,m?)->(n?,m?) (size 2 is different from 40)
--------------------------------------------------------------------------
Primary job  terminated normally, but 1 process returned
a non-zero exit code. Per user-direction, the job has been aborted.
--------------------------------------------------------------------------
--------------------------------------------------------------------------
mpirun detected that one or more processes exited with non-zero status, thus causing
the job to be terminated. The first process to do so was:

  Process name: [[57048,1],0]
  Exit code:    1
--------------------------------------------------------------------------
cp: missing destination file operand after '*.png/home/yanw/uncertain/results/figures/1007'
Try 'cp --help' for more information.
cp: missing destination file operand after '/home/yanw/uncertain'
Try 'cp --help' for more information.
