hpc-node05
Collecting package metadata (current_repodata.json): ...working... failed
Sat Oct  7 18:46:48 2023       
+---------------------------------------------------------------------------------------+
| NVIDIA-SMI 535.104.05             Driver Version: 535.104.05   CUDA Version: 12.2     |
|-----------------------------------------+----------------------+----------------------+
| GPU  Name                 Persistence-M | Bus-Id        Disp.A | Volatile Uncorr. ECC |
| Fan  Temp   Perf          Pwr:Usage/Cap |         Memory-Usage | GPU-Util  Compute M. |
|                                         |                      |               MIG M. |
|=========================================+======================+======================|
|   0  NVIDIA L40                     On  | 00000000:17:00.0 Off |                    0 |
| N/A   30C    P8              33W / 300W |      4MiB / 46068MiB |      0%      Default |
|                                         |                      |                  N/A |
+-----------------------------------------+----------------------+----------------------+
|   1  NVIDIA L40                     On  | 00000000:65:00.0 Off |                    0 |
| N/A   31C    P8              34W / 300W |      4MiB / 46068MiB |      0%      Default |
|                                         |                      |                  N/A |
+-----------------------------------------+----------------------+----------------------+
|   2  NVIDIA L40                     On  | 00000000:CA:00.0 Off |                    0 |
| N/A   31C    P8              35W / 300W |      4MiB / 46068MiB |      0%      Default |
|                                         |                      |                  N/A |
+-----------------------------------------+----------------------+----------------------+
|   3  NVIDIA L40                     On  | 00000000:E3:00.0 Off |                    0 |
| N/A   27C    P8              24W / 300W |      4MiB / 46068MiB |      0%      Default |
|                                         |                      |                  N/A |
+-----------------------------------------+----------------------+----------------------+
                                                                                         
+---------------------------------------------------------------------------------------+
| Processes:                                                                            |
|  GPU   GI   CI        PID   Type   Process name                            GPU Memory |
|        ID   ID                                                             Usage      |
|=======================================================================================|
|  No running processes found                                                           |
+---------------------------------------------------------------------------------------+
Date              = Sat Oct  7 18:46:49 CEST 2023
Hostname          = hpc-node05
Working Directory = /local/239244
Number of nodes used        : 1
Number of MPI tasks         : 1
Number of threads           : 16
Number of MPI tasks per node: 1
Number of threads per core  : 
Name of nodes used          : hpc-node05
Gpu devices                 : 0
Starting worker: 
GPU memory used: 35175.0625 MB
GPU memory used: 34.35064697265625 GB
sigma_init_yu: 0.4124124058070794	sigma_init_yf: 16.88708019124114	sigma_init: 8.26348917090675
new_sigma_init_yu: 0.4124124058070794	new_sigma_init_yf: 0.8717052165589062	new_sigma_init: 0.6445101765174205
Xu_noise: [[0.86041803 0.407946  ]
 [0.47981698 0.37768862]
 [0.31407172 0.29118561]
 [0.89966496 0.84905457]
 [0.27952723 0.09003273]
 [0.83715097 0.70901247]
 [0.61831648 0.46794143]
 [0.2443358  0.75718614]
 [0.91768526 0.77823912]
 [0.73000551 0.18512075]
 [0.93061297 0.40110551]
 [0.1385972  0.43996769]
 [0.44841027 0.20167252]
 [0.45244136 0.81725298]
 [0.31548548 0.66127418]
 [0.49726064 0.45523565]
 [0.14274667 0.24981709]
 [0.97079493 0.26795404]
 [0.12630104 0.84255312]
 [0.02519675 0.86264226]]
Xu_noise shape: (20, 2)
adamw
0.001000
1000
Initial loss: 2853.3947343709087
Final loss: 69.43686995481623
Script finished in 3 minutes and 30 seconds.
