  0%|          | 0/110 [00:00<?, ?it/s]warmup:   1%|          | 1/110 [00:02<04:59,  2.75s/it, 1 steps of size 2.34e+00. acc. prob=0.00]warmup:   5%|▌         | 6/110 [00:02<00:36,  2.81it/s, 31 steps of size 2.92e-04. acc. prob=0.23]warmup:   8%|▊         | 9/110 [00:03<00:23,  4.38it/s, 58 steps of size 1.79e-04. acc. prob=0.42]sample:  17%|█▋        | 19/110 [00:03<00:07, 12.21it/s, 7 steps of size 5.72e-04. acc. prob=0.24]sample:  23%|██▎       | 25/110 [00:03<00:05, 16.26it/s, 3 steps of size 5.72e-04. acc. prob=0.15]sample:  28%|██▊       | 31/110 [00:03<00:03, 21.37it/s, 19 steps of size 5.72e-04. acc. prob=0.11]sample:  33%|███▎      | 36/110 [00:03<00:02, 25.02it/s, 31 steps of size 5.72e-04. acc. prob=0.09]sample:  37%|███▋      | 41/110 [00:03<00:03, 22.88it/s, 9 steps of size 5.72e-04. acc. prob=0.07] sample:  42%|████▏     | 46/110 [00:04<00:03, 21.16it/s, 263 steps of size 5.72e-04. acc. prob=0.06]sample:  51%|█████     | 56/110 [00:04<00:01, 33.07it/s, 11 steps of size 5.72e-04. acc. prob=0.05] sample:  56%|█████▋    | 62/110 [00:04<00:01, 30.98it/s, 3 steps of size 5.72e-04. acc. prob=0.04] sample:  62%|██████▏   | 68/110 [00:04<00:01, 32.72it/s, 135 steps of size 5.72e-04. acc. prob=0.04]sample:  73%|███████▎  | 80/110 [00:04<00:00, 48.46it/s, 7 steps of size 5.72e-04. acc. prob=0.03]  sample:  81%|████████  | 89/110 [00:04<00:00, 56.83it/s, 3 steps of size 5.72e-04. acc. prob=0.03]sample:  88%|████████▊ | 97/110 [00:04<00:00, 53.39it/s, 15 steps of size 5.72e-04. acc. prob=0.03]sample: 100%|██████████| 110/110 [00:05<00:00, 69.78it/s, 6 steps of size 5.72e-04. acc. prob=0.02]sample: 100%|██████████| 110/110 [00:05<00:00, 21.92it/s, 6 steps of size 5.72e-04. acc. prob=0.02]
/tmp/slurmd/job293490/slurm_script: line 57: /home/yanw/uncertain/results/log/0615/293490_version.log: No such file or directory
/tmp/slurmd/job293490/slurm_script: line 58: /home/yanw/uncertain/results/log/0615/293490_version.log: No such file or directory
ERROR: Pipe to stdout was broken
Exception ignored in: <_io.TextIOWrapper name='<stdout>' mode='w' encoding='utf-8'>
BrokenPipeError: [Errno 32] Broken pipe
/tmp/slurmd/job293490/slurm_script: line 57: /home/yanw/uncertain/results/log/0615/293490_version.log: No such file or directory
/tmp/slurmd/job293490/slurm_script: line 58: /home/yanw/uncertain/results/log/0615/293490_version.log: No such file or directory
ERROR: Pipe to stdout was broken
Exception ignored in: <_io.TextIOWrapper name='<stdout>' mode='w' encoding='utf-8'>
BrokenPipeError: [Errno 32] Broken pipe
/tmp/slurmd/job293490/slurm_script: line 57: /home/yanw/uncertain/results/log/0615/293490_version.log: No such file or directory
/tmp/slurmd/job293490/slurm_script: line 58: /home/yanw/uncertain/results/log/0615/293490_version.log: No such file or directory
ERROR: Pipe to stdout was broken
Exception ignored in: <_io.TextIOWrapper name='<stdout>' mode='w' encoding='utf-8'>
BrokenPipeError: [Errno 32] Broken pipe
/tmp/slurmd/job293490/slurm_script: line 57: /home/yanw/uncertain/results/log/0615/293490_version.log: No such file or directory
/tmp/slurmd/job293490/slurm_script: line 58: /home/yanw/uncertain/results/log/0615/293490_version.log: No such file or directory
ERROR: Pipe to stdout was broken
Exception ignored in: <_io.TextIOWrapper name='<stdout>' mode='w' encoding='utf-8'>
BrokenPipeError: [Errno 32] Broken pipe
/tmp/slurmd/job293490/slurm_script: line 57: /home/yanw/uncertain/results/log/0615/293490_version.log: No such file or directory
/tmp/slurmd/job293490/slurm_script: line 58: /home/yanw/uncertain/results/log/0615/293490_version.log: No such file or directory
ERROR: Pipe to stdout was broken
Exception ignored in: <_io.TextIOWrapper name='<stdout>' mode='w' encoding='utf-8'>
BrokenPipeError: [Errno 32] Broken pipe
/tmp/slurmd/job293490/slurm_script: line 57: /home/yanw/uncertain/results/log/0615/293490_version.log: No such file or directory
/tmp/slurmd/job293490/slurm_script: line 58: /home/yanw/uncertain/results/log/0615/293490_version.log: No such file or directory
ERROR: Pipe to stdout was broken
Exception ignored in: <_io.TextIOWrapper name='<stdout>' mode='w' encoding='utf-8'>
BrokenPipeError: [Errno 32] Broken pipe
/tmp/slurmd/job293490/slurm_script: line 67: /home/yanw/uncertain/results/log/0615/293490_version.log: No such file or directory
cp: missing destination file operand after '*.png/home/yanw/uncertain/results/figures/0615'
Try 'cp --help' for more information.
cp: missing destination file operand after '/home/yanw/uncertain'
Try 'cp --help' for more information.
