hpc-node02
	Adding nVidia Cuda Toolkit 11.8
	Adding nVidia cuDNN 8.6 (.0.163)
	Adding nvtop
Sat Jun 15 13:40:03 2024       
+-----------------------------------------------------------------------------------------+
| NVIDIA-SMI 550.54.15              Driver Version: 550.54.15      CUDA Version: 12.4     |
|-----------------------------------------+------------------------+----------------------+
| GPU  Name                 Persistence-M | Bus-Id          Disp.A | Volatile Uncorr. ECC |
| Fan  Temp   Perf          Pwr:Usage/Cap |           Memory-Usage | GPU-Util  Compute M. |
|                                         |                        |               MIG M. |
|=========================================+========================+======================|
|   0  NVIDIA L40                     On  |   00000000:17:00.0 Off |                    0 |
| N/A   31C    P8             35W /  300W |       0MiB /  46068MiB |      0%      Default |
|                                         |                        |                  N/A |
+-----------------------------------------+------------------------+----------------------+
|   1  NVIDIA L40                     On  |   00000000:65:00.0 Off |                    0 |
| N/A   28C    P8             24W /  300W |       0MiB /  46068MiB |      0%      Default |
|                                         |                        |                  N/A |
+-----------------------------------------+------------------------+----------------------+
|   2  NVIDIA L40                     On  |   00000000:CA:00.0 Off |                    0 |
| N/A   29C    P8             24W /  300W |       0MiB /  46068MiB |      0%      Default |
|                                         |                        |                  N/A |
+-----------------------------------------+------------------------+----------------------+
|   3  NVIDIA L40                     On  |   00000000:E3:00.0 Off |                    0 |
| N/A   29C    P8             24W /  300W |       0MiB /  46068MiB |      0%      Default |
|                                         |                        |                  N/A |
+-----------------------------------------+------------------------+----------------------+
                                                                                         
+-----------------------------------------------------------------------------------------+
| Processes:                                                                              |
|  GPU   GI   CI        PID   Type   Process name                              GPU Memory |
|        ID   ID                                                               Usage      |
|=========================================================================================|
|  No running processes found                                                             |
+-----------------------------------------------------------------------------------------+
Date              = Sat Jun 15 13:40:04 CEST 2024
Hostname          = hpc-node02
Working Directory = /local/293524
Number of nodes used        : 1
Number of MPI tasks         : 1
Number of threads           : 16
Number of MPI tasks per node: 1
Number of threads per core  : 
Name of nodes used          : hpc-node02
Gpu devices                 : 2
Starting worker: 
Xu_fixed:  [[0.         0.95006237]
 [0.         0.94521492]
 [0.         0.39422269]
 [0.         0.34238744]
 [0.         0.53206767]
 [0.42300447 0.        ]
 [0.37513696 0.        ]
 [0.51259359 0.        ]
 [0.54022212 0.        ]
 [0.25327558 0.        ]
 [1.         0.39326737]
 [1.         0.69942523]
 [1.         0.78878791]
 [1.         0.39758325]
 [1.         0.41364807]]
sigma_init_yu: 0.28124312110875016	sigma_init_yf: 0.31253721284756075	sigma_init: 0.3083846486175195
new_sigma_init_yu: 0.28124312110875016	new_sigma_init_yf: 0.03838353852204681	new_sigma_init: 0.13415647746666645
Xu_noise: [[ 0.53441744 -0.01512023]
 [ 0.37383673  0.84915495]
 [ 0.61160043  0.25683977]
 [ 0.21138835  0.81214232]
 [ 0.47124844  0.27870854]]
Xu_noise shape: (5, 2)
adam
0.001000
1000
Initial loss: 55374.46780648926
Final loss: 14.437563501310855
init params: ((Array([0.28124312], dtype=float64), Array([0.35205239, 0.35127714], dtype=float64)),)
param_iter: ((Array([0.46993882], dtype=float64), Array([0.56732479, 0.12190218], dtype=float64)),)
start inference

                      mean       std    median      5.0%     95.0%     n_eff     r_hat
z_uncertain_0[0]     -0.70      0.00     -0.70     -0.70     -0.70    895.62      1.00
z_uncertain_0[1]     -0.66      0.00     -0.66     -0.66     -0.66    502.48      1.00
z_uncertain_0[2]      0.73      0.00      0.73      0.73      0.73     46.54      1.02
z_uncertain_0[3]      1.00      0.00      1.00      1.00      1.00    100.20      1.01
z_uncertain_0[4]      1.58      0.00      1.58      1.58      1.58     66.51      1.02
z_uncertain_1[0]     -0.77      0.00     -0.77     -0.77     -0.77   1046.26      1.00
z_uncertain_1[1]      1.73      0.00      1.73      1.73      1.73     80.05      1.01
z_uncertain_1[2]      0.93      0.00      0.93      0.93      0.93    186.68      1.00
z_uncertain_1[3]      0.41      0.00      0.41      0.41      0.41     88.19      1.01
z_uncertain_1[4]      0.64      0.00      0.64      0.64      0.64    119.84      1.01

Number of divergences: 1143
Script finished in 4 minutes and 12 seconds.
