hpc-node01
	Adding nVidia Cuda Toolkit 11.8
	Adding nVidia cuDNN 8.6 (.0.163)
	Adding nvtop
Sat Jun 15 13:25:32 2024       
+-----------------------------------------------------------------------------------------+
| NVIDIA-SMI 550.54.15              Driver Version: 550.54.15      CUDA Version: 12.4     |
|-----------------------------------------+------------------------+----------------------+
| GPU  Name                 Persistence-M | Bus-Id          Disp.A | Volatile Uncorr. ECC |
| Fan  Temp   Perf          Pwr:Usage/Cap |           Memory-Usage | GPU-Util  Compute M. |
|                                         |                        |               MIG M. |
|=========================================+========================+======================|
|   0  NVIDIA L40                     On  |   00000000:17:00.0 Off |                    0 |
| N/A   31C    P8             35W /  300W |       0MiB /  46068MiB |      0%      Default |
|                                         |                        |                  N/A |
+-----------------------------------------+------------------------+----------------------+
|   1  NVIDIA L40                     On  |   00000000:65:00.0 Off |                    0 |
| N/A   31C    P8             34W /  300W |       0MiB /  46068MiB |      0%      Default |
|                                         |                        |                  N/A |
+-----------------------------------------+------------------------+----------------------+
|   2  NVIDIA L40                     On  |   00000000:CA:00.0 Off |                    0 |
| N/A   32C    P8             35W /  300W |       0MiB /  46068MiB |      0%      Default |
|                                         |                        |                  N/A |
+-----------------------------------------+------------------------+----------------------+
|   3  NVIDIA L40                     On  |   00000000:E3:00.0 Off |                    0 |
| N/A   33C    P8             35W /  300W |       0MiB /  46068MiB |      0%      Default |
|                                         |                        |                  N/A |
+-----------------------------------------+------------------------+----------------------+
                                                                                         
+-----------------------------------------------------------------------------------------+
| Processes:                                                                              |
|  GPU   GI   CI        PID   Type   Process name                              GPU Memory |
|        ID   ID                                                               Usage      |
|=========================================================================================|
|  No running processes found                                                             |
+-----------------------------------------------------------------------------------------+
Date              = Sat Jun 15 13:25:33 CEST 2024
Hostname          = hpc-node01
Working Directory = /local/293516
Number of nodes used        : 1
Number of MPI tasks         : 1
Number of threads           : 16
Number of MPI tasks per node: 1
Number of threads per core  : 
Name of nodes used          : hpc-node01
Gpu devices                 : 0
Starting worker: 
Xu_fixed:  [[0.         0.95006237]
 [0.         0.94521492]
 [0.         0.39422269]
 [0.         0.34238744]
 [0.         0.53206767]
 [0.42300447 0.        ]
 [0.37513696 0.        ]
 [0.51259359 0.        ]
 [0.54022212 0.        ]
 [0.25327558 0.        ]
 [1.         0.39326737]
 [1.         0.69942523]
 [1.         0.78878791]
 [1.         0.39758325]
 [1.         0.41364807]]
sigma_init_yu: 0.28124312110875016	sigma_init_yf: 0.31253721284756075	sigma_init: 0.3083846486175195
new_sigma_init_yu: 0.28124312110875016	new_sigma_init_yf: 0.03838353852204681	new_sigma_init: 0.13415647746666645
Xu_noise: [[ 0.53441744 -0.01512023]
 [ 0.37383673  0.84915495]
 [ 0.61160043  0.25683977]
 [ 0.21138835  0.81214232]
 [ 0.47124844  0.27870854]]
Xu_noise shape: (5, 2)
adam
0.001000
1000
Initial loss: 55374.46780648926
Final loss: 14.437563501310855
init params: ((Array([0.28124312], dtype=float64), Array([0.35205239, 0.35127714], dtype=float64)),)
param_iter: ((Array([0.46993882], dtype=float64), Array([0.56732479, 0.12190218], dtype=float64)),)
start inference

                      mean       std    median      5.0%     95.0%     n_eff     r_hat
z_uncertain[0,0]     -0.78      0.00     -0.78     -0.78     -0.78      2.97      1.90
z_uncertain[0,1]      0.02      0.00      0.02      0.02      0.02      9.95      1.05
z_uncertain[1,0]      0.53      0.00      0.53      0.53      0.53      4.15      1.86
z_uncertain[1,1]     -0.00      0.00     -0.00     -0.00      0.00    147.99      1.00
z_uncertain[2,0]     -0.72      0.00     -0.72     -0.72     -0.72      6.03      1.10
z_uncertain[2,1]     -0.62      0.00     -0.62     -0.62     -0.62      4.65      1.82
z_uncertain[3,0]     -1.24      0.00     -1.24     -1.24     -1.24      4.66      1.34
z_uncertain[3,1]     -1.40      0.00     -1.40     -1.40     -1.40      4.30      1.07
z_uncertain[4,0]      1.32      0.00      1.32      1.32      1.32      7.52      1.08
z_uncertain[4,1]      1.31      0.00      1.31      1.31      1.31      7.05      1.05

Number of divergences: 0
Script finished in 2 minutes and 8 seconds.
