hpc-node02
	Adding nVidia Cuda Toolkit 11.8
	Adding nVidia cuDNN 8.6 (.0.163)
	Adding nvtop
Sat Jun 15 13:51:10 2024       
+-----------------------------------------------------------------------------------------+
| NVIDIA-SMI 550.54.15              Driver Version: 550.54.15      CUDA Version: 12.4     |
|-----------------------------------------+------------------------+----------------------+
| GPU  Name                 Persistence-M | Bus-Id          Disp.A | Volatile Uncorr. ECC |
| Fan  Temp   Perf          Pwr:Usage/Cap |           Memory-Usage | GPU-Util  Compute M. |
|                                         |                        |               MIG M. |
|=========================================+========================+======================|
|   0  NVIDIA L40                     On  |   00000000:17:00.0 Off |                    0 |
| N/A   44C    P0             86W /  300W |     694MiB /  46068MiB |     68%      Default |
|                                         |                        |                  N/A |
+-----------------------------------------+------------------------+----------------------+
|   1  NVIDIA L40                     On  |   00000000:65:00.0 Off |                    0 |
| N/A   43C    P0             87W /  300W |     694MiB /  46068MiB |     60%      Default |
|                                         |                        |                  N/A |
+-----------------------------------------+------------------------+----------------------+
|   2  NVIDIA L40                     On  |   00000000:CA:00.0 Off |                    0 |
| N/A   44C    P0             88W /  300W |     694MiB /  46068MiB |     39%      Default |
|                                         |                        |                  N/A |
+-----------------------------------------+------------------------+----------------------+
|   3  NVIDIA L40                     On  |   00000000:E3:00.0 Off |                    0 |
| N/A   44C    P8             38W /  300W |       0MiB /  46068MiB |      0%      Default |
|                                         |                        |                  N/A |
+-----------------------------------------+------------------------+----------------------+
                                                                                         
+-----------------------------------------------------------------------------------------+
| Processes:                                                                              |
|  GPU   GI   CI        PID   Type   Process name                              GPU Memory |
|        ID   ID                                                               Usage      |
|=========================================================================================|
|    0   N/A  N/A      5688      C   python                                        686MiB |
|    1   N/A  N/A      5908      C   python                                        686MiB |
|    2   N/A  N/A      7917      C   python                                        686MiB |
+-----------------------------------------------------------------------------------------+
Date              = Sat Jun 15 13:51:10 CEST 2024
Hostname          = hpc-node02
Working Directory = /local/293528
Number of nodes used        : 1
Number of MPI tasks         : 1
Number of threads           : 16
Number of MPI tasks per node: 1
Number of threads per core  : 
Name of nodes used          : hpc-node02
Gpu devices                 : 3
Starting worker: 
Xu_fixed:  [[0.         0.95006237]
 [0.         0.94521492]
 [0.         0.39422269]
 [0.         0.34238744]
 [0.         0.53206767]
 [0.42300447 0.        ]
 [0.37513696 0.        ]
 [0.51259359 0.        ]
 [0.54022212 0.        ]
 [0.25327558 0.        ]
 [1.         0.39326737]
 [1.         0.69942523]
 [1.         0.78878791]
 [1.         0.39758325]
 [1.         0.41364807]]
sigma_init_yu: 0.38241191379969613	sigma_init_yf: 18.110598031070833	sigma_init: 15.277121536300566
new_sigma_init_yu: 0.38241191379969613	new_sigma_init_yf: 0.5572528169817925	new_sigma_init: 0.5579119724591024
Xu_noise: [[ 0.53441744 -0.01512023]
 [ 0.37383673  0.84915495]
 [ 0.61160043  0.25683977]
 [ 0.21138835  0.81214232]
 [ 0.47124844  0.27870854]]
Xu_noise shape: (5, 2)
adam
0.001000
1000
init params: ((Array([0.38241191], dtype=float64), Array([0.35205239, 0.35127714], dtype=float64)),)
param_iter: ((Array([1.35996375], dtype=float64), Array([0.36163   , 0.10176202], dtype=float64)),)
start inference

                      mean       std    median      5.0%     95.0%     n_eff     r_hat
z_uncertain_0[0]     -0.69      0.00     -0.69     -0.69     -0.69     10.14      1.07
z_uncertain_0[1]     -0.66      0.00     -0.66     -0.66     -0.66     10.85      1.10
z_uncertain_0[2]      0.72      0.00      0.72      0.72      0.72     15.52      1.02
z_uncertain_0[3]      1.00      0.00      1.00      1.00      1.00      5.20      1.45
z_uncertain_0[4]      1.57      0.00      1.57      1.57      1.57     13.26      1.00
z_uncertain_1[0]     -0.78      0.00     -0.78     -0.78     -0.78      7.77      1.03
z_uncertain_1[1]      1.72      0.00      1.72      1.72      1.72     10.71      1.14
z_uncertain_1[2]      0.84      0.00      0.84      0.84      0.84     17.85      1.20
z_uncertain_1[3]      0.41      0.00      0.41      0.41      0.41      3.58      1.66
z_uncertain_1[4]      0.60      0.00      0.60      0.60      0.60     11.00      1.00

Number of divergences: 1520
Script finished in 3 minutes and 17 seconds.
