ctit093
Fri Feb 16 12:46:41 2024       
+---------------------------------------------------------------------------------------+
| NVIDIA-SMI 535.104.05             Driver Version: 535.104.05   CUDA Version: 12.2     |
|-----------------------------------------+----------------------+----------------------+
| GPU  Name                 Persistence-M | Bus-Id        Disp.A | Volatile Uncorr. ECC |
| Fan  Temp   Perf          Pwr:Usage/Cap |         Memory-Usage | GPU-Util  Compute M. |
|                                         |                      |               MIG M. |
|=========================================+======================+======================|
|   0  NVIDIA A40                     On  | 00000000:3B:00.0 Off |                    0 |
|  0%   65C    P0             136W / 300W |  10813MiB / 46068MiB |     48%      Default |
|                                         |                      |                  N/A |
+-----------------------------------------+----------------------+----------------------+
|   1  NVIDIA A40                     On  | 00000000:5E:00.0 Off |                    0 |
|  0%   61C    P0              90W / 300W |  30751MiB / 46068MiB |      0%      Default |
|                                         |                      |                  N/A |
+-----------------------------------------+----------------------+----------------------+
|   2  NVIDIA A40                     On  | 00000000:B1:00.0 Off |                    0 |
|  0%   30C    P8              14W / 300W |      4MiB / 46068MiB |      0%      Default |
|                                         |                      |                  N/A |
+-----------------------------------------+----------------------+----------------------+
|   3  NVIDIA A40                     On  | 00000000:D9:00.0 Off |                    0 |
|  0%   32C    P8              24W / 300W |      4MiB / 46068MiB |      0%      Default |
|                                         |                      |                  N/A |
+-----------------------------------------+----------------------+----------------------+
                                                                                         
+---------------------------------------------------------------------------------------+
| Processes:                                                                            |
|  GPU   GI   CI        PID   Type   Process name                            GPU Memory |
|        ID   ID                                                             Usage      |
|=======================================================================================|
|    0   N/A  N/A    163826      C   ...ygielpt/.conda/envs/sire/bin/python    10800MiB |
|    1   N/A  N/A    168119      C   python                                    30738MiB |
+---------------------------------------------------------------------------------------+
Date              = Fri 16 Feb 2024 12:46:42 PM CET
Hostname          = ctit093
Working Directory = /local/268643
Number of nodes used        : 1
Number of MPI tasks         : 1
Number of threads           : 16
Number of MPI tasks per node: 1
Number of threads per core  : 
Name of nodes used          : ctit093
Gpu devices                 : 2
Starting worker: 
Script finished in 12 minutes and 19 seconds.
