
CondaHTTPError: HTTP 000 CONNECTION FAILED for url <https://conda.anaconda.org/conda-forge/linux-64/current_repodata.json>
Elapsed: -

An HTTP error occurred when trying to retrieve this URL.
HTTP errors are often intermittent, and a simple retry will get you on your way.
'https://conda.anaconda.org/conda-forge/linux-64'


Traceback (most recent call last):
  File "/local/291069/main.py", line 5, in <module>
    from include.mcmc_posterior import *
  File "/local/291069/include/mcmc_posterior.py", line 4, in <module>
    import pymc as pm
  File "/home/yanw/.local/lib/python3.9/site-packages/pymc/__init__.py", line 49, in <module>
    from pymc import _version, gp, ode, sampling
  File "/home/yanw/.local/lib/python3.9/site-packages/pymc/gp/__init__.py", line 15, in <module>
    from pymc.gp import cov, mean, util
  File "/home/yanw/.local/lib/python3.9/site-packages/pymc/gp/cov.py", line 51, in <module>
    from pymc.pytensorf import constant_fold
  File "/home/yanw/.local/lib/python3.9/site-packages/pymc/pytensorf.py", line 65, in <module>
    from pymc.util import makeiter
  File "/home/yanw/.local/lib/python3.9/site-packages/pymc/util.py", line 20, in <module>
    import arviz
ModuleNotFoundError: No module named 'arviz'
--------------------------------------------------------------------------
Primary job  terminated normally, but 1 process returned
a non-zero exit code. Per user-direction, the job has been aborted.
--------------------------------------------------------------------------
--------------------------------------------------------------------------
mpirun detected that one or more processes exited with non-zero status, thus causing
the job to be terminated. The first process to do so was:

  Process name: [[15222,1],0]
  Exit code:    1
--------------------------------------------------------------------------
cp: missing destination file operand after '*.png/home/yanw/uncertain/results/figures/0605'
Try 'cp --help' for more information.
cp: missing destination file operand after '/home/yanw/uncertain'
Try 'cp --help' for more information.
