	Adding nVidia Cuda Toolkit 11.8
	Adding nVidia cuDNN 8.6 (.0.163)
WARNING (pytensor.tensor.blas): Using NumPy C-API based implementation for BLAS functions.
  0%|          | 0/15 [00:00<?, ?it/s]warmup:   7%|6         | 1/15 [00:10<02:28, 10.58s/it, 1 steps of size 2.34e+00. acc. prob=0.00]sample:  80%|########  | 12/15 [00:10<00:01,  1.56it/s, 1 steps of size 9.76e-03. acc. prob=0.00]sample: 100%|##########| 15/15 [00:10<00:00,  1.40it/s, 1 steps of size 9.76e-03. acc. prob=0.00]
Traceback (most recent call last):
  File "main.py", line 120, in <module>
    posterior_samples_list = posterior_samples['z_uncertain']
KeyError: 'z_uncertain'
--------------------------------------------------------------------------
Primary job  terminated normally, but 1 process returned
a non-zero exit code. Per user-direction, the job has been aborted.
--------------------------------------------------------------------------
--------------------------------------------------------------------------
mpirun detected that one or more processes exited with non-zero status, thus causing
the job to be terminated. The first process to do so was:

  Process name: [[47283,1],0]
  Exit code:    1
--------------------------------------------------------------------------
/tmp/slurmd/job269335/slurm_script: line 65: /home/yanw/uncertain/results/log/0219/269335_version.log: No such file or directory
/tmp/slurmd/job269335/slurm_script: line 66: /home/yanw/uncertain/results/log/0219/269335_version.log: No such file or directory
ERROR: Pipe to stdout was broken
Exception ignored in: <_io.TextIOWrapper name='<stdout>' mode='w' encoding='iso8859-1'>
BrokenPipeError: [Errno 32] Broken pipe
/tmp/slurmd/job269335/slurm_script: line 65: /home/yanw/uncertain/results/log/0219/269335_version.log: No such file or directory
/tmp/slurmd/job269335/slurm_script: line 66: /home/yanw/uncertain/results/log/0219/269335_version.log: No such file or directory
ERROR: Pipe to stdout was broken
Exception ignored in: <_io.TextIOWrapper name='<stdout>' mode='w' encoding='iso8859-1'>
BrokenPipeError: [Errno 32] Broken pipe
/tmp/slurmd/job269335/slurm_script: line 65: /home/yanw/uncertain/results/log/0219/269335_version.log: No such file or directory
/tmp/slurmd/job269335/slurm_script: line 66: /home/yanw/uncertain/results/log/0219/269335_version.log: No such file or directory
ERROR: Pipe to stdout was broken
Exception ignored in: <_io.TextIOWrapper name='<stdout>' mode='w' encoding='iso8859-1'>
BrokenPipeError: [Errno 32] Broken pipe
/tmp/slurmd/job269335/slurm_script: line 65: /home/yanw/uncertain/results/log/0219/269335_version.log: No such file or directory
/tmp/slurmd/job269335/slurm_script: line 66: /home/yanw/uncertain/results/log/0219/269335_version.log: No such file or directory
ERROR: Pipe to stdout was broken
Exception ignored in: <_io.TextIOWrapper name='<stdout>' mode='w' encoding='iso8859-1'>
BrokenPipeError: [Errno 32] Broken pipe
/tmp/slurmd/job269335/slurm_script: line 65: /home/yanw/uncertain/results/log/0219/269335_version.log: No such file or directory
/tmp/slurmd/job269335/slurm_script: line 66: /home/yanw/uncertain/results/log/0219/269335_version.log: No such file or directory
ERROR: Pipe to stdout was broken
Exception ignored in: <_io.TextIOWrapper name='<stdout>' mode='w' encoding='iso8859-1'>
BrokenPipeError: [Errno 32] Broken pipe
/tmp/slurmd/job269335/slurm_script: line 65: /home/yanw/uncertain/results/log/0219/269335_version.log: No such file or directory
/tmp/slurmd/job269335/slurm_script: line 66: /home/yanw/uncertain/results/log/0219/269335_version.log: No such file or directory
ERROR: Pipe to stdout was broken
Exception ignored in: <_io.TextIOWrapper name='<stdout>' mode='w' encoding='iso8859-1'>
BrokenPipeError: [Errno 32] Broken pipe
/tmp/slurmd/job269335/slurm_script: line 75: /home/yanw/uncertain/results/log/0219/269335_version.log: No such file or directory
cp: missing destination file operand after '*.png/home/yanw/uncertain/results/figures/0219'
Try 'cp --help' for more information.
cp: missing destination file operand after '/home/yanw/uncertain'
Try 'cp --help' for more information.
