	Adding nVidia Cuda Toolkit 11.8
	Adding nVidia cuDNN 8.6 (.0.163)
WARNING (pytensor.tensor.blas): Using NumPy C-API based implementation for BLAS functions.
  0%|          | 0/15 [00:00<?, ?it/s]warmup:   7%|6         | 1/15 [00:10<02:27, 10.51s/it, 1 steps of size 2.34e+00. acc. prob=0.00]sample:  87%|########6 | 13/15 [00:10<00:01,  1.70it/s, 1 steps of size 9.76e-03. acc. prob=0.00]sample: 100%|##########| 15/15 [00:10<00:00,  1.41it/s, 1 steps of size 9.76e-03. acc. prob=0.00]
Traceback (most recent call last):
  File "main.py", line 125, in <module>
    sns.kdeplot(posterior_samples_list[vague_points, :], color='tab:blue')
TypeError: list indices must be integers or slices, not tuple
--------------------------------------------------------------------------
Primary job  terminated normally, but 1 process returned
a non-zero exit code. Per user-direction, the job has been aborted.
--------------------------------------------------------------------------
--------------------------------------------------------------------------
mpirun detected that one or more processes exited with non-zero status, thus causing
the job to be terminated. The first process to do so was:

  Process name: [[19637,1],0]
  Exit code:    1
--------------------------------------------------------------------------
cp: missing destination file operand after '*.png/home/yanw/uncertain/results/figures/0219'
Try 'cp --help' for more information.
cp: missing destination file operand after '/home/yanw/uncertain'
Try 'cp --help' for more information.
mv: cannot stat '*.log': No such file or directory
