hpc-node03
Collecting package metadata (current_repodata.json): ...working... failed
Mon Feb 19 21:04:11 2024       
+---------------------------------------------------------------------------------------+
| NVIDIA-SMI 535.104.05             Driver Version: 535.104.05   CUDA Version: 12.2     |
|-----------------------------------------+----------------------+----------------------+
| GPU  Name                 Persistence-M | Bus-Id        Disp.A | Volatile Uncorr. ECC |
| Fan  Temp   Perf          Pwr:Usage/Cap |         Memory-Usage | GPU-Util  Compute M. |
|                                         |                      |               MIG M. |
|=========================================+======================+======================|
|   0  NVIDIA L40                     On  | 00000000:17:00.0 Off |                    0 |
| N/A   31C    P8              34W / 300W |      4MiB / 46068MiB |      0%      Default |
|                                         |                      |                  N/A |
+-----------------------------------------+----------------------+----------------------+
|   1  NVIDIA L40                     On  | 00000000:65:00.0 Off |                    0 |
| N/A   29C    P8              36W / 300W |      4MiB / 46068MiB |      0%      Default |
|                                         |                      |                  N/A |
+-----------------------------------------+----------------------+----------------------+
|   2  NVIDIA L40                     On  | 00000000:CA:00.0 Off |                    0 |
| N/A   28C    P8              24W / 300W |      4MiB / 46068MiB |      0%      Default |
|                                         |                      |                  N/A |
+-----------------------------------------+----------------------+----------------------+
|   3  NVIDIA L40                     On  | 00000000:E3:00.0 Off |                    0 |
| N/A   28C    P8              24W / 300W |      4MiB / 46068MiB |      0%      Default |
|                                         |                      |                  N/A |
+-----------------------------------------+----------------------+----------------------+
                                                                                         
+---------------------------------------------------------------------------------------+
| Processes:                                                                            |
|  GPU   GI   CI        PID   Type   Process name                            GPU Memory |
|        ID   ID                                                             Usage      |
|=======================================================================================|
|  No running processes found                                                           |
+---------------------------------------------------------------------------------------+
Date              = Mon Feb 19 21:04:13 CET 2024
Hostname          = hpc-node03
Working Directory = /local/269360
Number of nodes used        : 1
Number of MPI tasks         : 1
Number of threads           : 16
Number of MPI tasks per node: 1
Number of threads per core  : 
Name of nodes used          : hpc-node03
Gpu devices                 : 1
Starting worker: 
sigma_init_yu: 0.4124124058070794	sigma_init_yf: 16.88708019124114	sigma_init: 8.26348917090675
new_sigma_init_yu: 0.4124124058070794	new_sigma_init_yf: 0.8717052165589062	new_sigma_init: 0.6445101765174205
Xu_noise: [[0.86041803 0.407946  ]
 [0.47981698 0.37768862]
 [0.31407172 0.29118561]
 [0.89966496 0.84905457]
 [0.27952723 0.09003273]
 [0.83715097 0.70901247]
 [0.61831648 0.46794143]
 [0.2443358  0.75718614]
 [0.91768526 0.77823912]
 [0.73000551 0.18512075]
 [0.93061297 0.40110551]
 [0.1385972  0.43996769]
 [0.44841027 0.20167252]
 [0.45244136 0.81725298]
 [0.31548548 0.66127418]
 [0.49726064 0.45523565]
 [0.14274667 0.24981709]
 [0.97079493 0.26795404]
 [0.12630104 0.84255312]
 [0.02519675 0.86264226]]
Xu_noise shape: (20, 2)
Initial loss: 2853.3947343709087
Final loss: 69.43686995481623
start inference

                      mean       std    median      5.0%     95.0%     n_eff     r_hat
 z_uncertain0[0]      0.52      0.00      0.52      0.52      0.52      0.53       nan
 z_uncertain0[1]      1.24      0.00      1.24      1.24      1.24       nan       nan
 z_uncertain1[0]      1.84      0.00      1.84      1.84      1.84       nan       nan
 z_uncertain1[1]     -0.34      0.00     -0.34     -0.34     -0.34      0.53       nan
z_uncertain10[0]      1.87      0.00      1.87      1.87      1.87       nan       nan
z_uncertain10[1]     -0.47      0.00     -0.47     -0.47     -0.47       nan       nan
z_uncertain11[0]      0.43      0.00      0.43      0.43      0.43      0.53       nan
z_uncertain11[1]      1.18      0.00      1.18      1.18      1.18       nan       nan
z_uncertain12[0]      1.76      0.00      1.76      1.76      1.76       nan       nan
z_uncertain12[1]     -1.49      0.00     -1.49     -1.49     -1.49      0.53       nan
z_uncertain13[0]      1.67      0.00      1.67      1.67      1.67      0.53       nan
z_uncertain13[1]      0.03      0.00      0.03      0.03      0.03       nan       nan
z_uncertain14[0]     -0.84      0.00     -0.84     -0.84     -0.84      0.53      0.89
z_uncertain14[1]      1.21      0.00      1.21      1.21      1.21       nan       nan
z_uncertain15[0]     -1.76      0.00     -1.76     -1.76     -1.76      0.53       nan
z_uncertain15[1]      0.14      0.00      0.14      0.14      0.14      0.53       nan
z_uncertain16[0]      0.42      0.00      0.42      0.42      0.42       nan       nan
z_uncertain16[1]      0.60      0.00      0.60      0.60      0.60       nan       nan
z_uncertain17[0]      0.25      0.00      0.25      0.25      0.25       nan       nan
z_uncertain17[1]      0.91      0.00      0.91      0.91      0.91       nan       nan
z_uncertain18[0]      0.30      0.00      0.30      0.30      0.30      0.53       nan
z_uncertain18[1]      0.77      0.00      0.77      0.77      0.77      0.53       nan
z_uncertain19[0]      1.78      0.00      1.78      1.78      1.78       nan       nan
z_uncertain19[1]     -0.16      0.00     -0.16     -0.16     -0.16      0.53       nan
 z_uncertain2[0]      0.54      0.00      0.54      0.54      0.54      0.53       nan
 z_uncertain2[1]     -1.78      0.00     -1.78     -1.78     -1.78      0.53       nan
 z_uncertain3[0]      0.48      0.00      0.48      0.48      0.48      0.53       nan
 z_uncertain3[1]     -1.70      0.00     -1.70     -1.70     -1.70      0.53      0.89
 z_uncertain4[0]     -1.21      0.00     -1.21     -1.21     -1.21      0.53       nan
 z_uncertain4[1]      0.57      0.00      0.57      0.57      0.57      0.53       nan
 z_uncertain5[0]     -1.02      0.00     -1.02     -1.02     -1.02       nan       nan
 z_uncertain5[1]     -0.60      0.00     -0.60     -0.60     -0.60      0.53       nan
 z_uncertain6[0]     -1.80      0.00     -1.80     -1.80     -1.80       nan       nan
 z_uncertain6[1]      0.19      0.00      0.19      0.19      0.19      0.53       nan
 z_uncertain7[0]     -0.98      0.00     -0.98     -0.98     -0.98       nan       nan
 z_uncertain7[1]      0.09      0.00      0.09      0.09      0.09       nan       nan
 z_uncertain8[0]     -0.01      0.00     -0.01     -0.01     -0.01       nan       nan
 z_uncertain8[1]     -1.23      0.00     -1.23     -1.23     -1.23      0.53       nan
 z_uncertain9[0]      0.33      0.00      0.33      0.33      0.33       nan       nan
 z_uncertain9[1]      1.08      0.00      1.08      1.08      1.08      0.53       nan

Number of divergences: 10
{'z_uncertain0': Array([[0.5230876, 1.242138 ],
       [0.5230876, 1.242138 ],
       [0.5230876, 1.242138 ],
       [0.5230876, 1.242138 ],
       [0.5230876, 1.242138 ],
       [0.5230876, 1.242138 ],
       [0.5230876, 1.242138 ],
       [0.5230876, 1.242138 ],
       [0.5230876, 1.242138 ],
       [0.5230876, 1.242138 ]], dtype=float64), 'z_uncertain1': Array([[ 1.84309849, -0.33561021],
       [ 1.84309849, -0.33561021],
       [ 1.84309849, -0.33561021],
       [ 1.84309849, -0.33561021],
       [ 1.84309849, -0.33561021],
       [ 1.84309849, -0.33561021],
       [ 1.84309849, -0.33561021],
       [ 1.84309849, -0.33561021],
       [ 1.84309849, -0.33561021],
       [ 1.84309849, -0.33561021]], dtype=float64), 'z_uncertain10': Array([[ 1.8707887 , -0.47370585],
       [ 1.8707887 , -0.47370585],
       [ 1.8707887 , -0.47370585],
       [ 1.8707887 , -0.47370585],
       [ 1.8707887 , -0.47370585],
       [ 1.8707887 , -0.47370585],
       [ 1.8707887 , -0.47370585],
       [ 1.8707887 , -0.47370585],
       [ 1.8707887 , -0.47370585],
       [ 1.8707887 , -0.47370585]], dtype=float64), 'z_uncertain11': Array([[0.42946369, 1.18133637],
       [0.42946369, 1.18133637],
       [0.42946369, 1.18133637],
       [0.42946369, 1.18133637],
       [0.42946369, 1.18133637],
       [0.42946369, 1.18133637],
       [0.42946369, 1.18133637],
       [0.42946369, 1.18133637],
       [0.42946369, 1.18133637],
       [0.42946369, 1.18133637]], dtype=float64), 'z_uncertain12': Array([[ 1.76034887, -1.48837604],
       [ 1.76034887, -1.48837604],
       [ 1.76034887, -1.48837604],
       [ 1.76034887, -1.48837604],
       [ 1.76034887, -1.48837604],
       [ 1.76034887, -1.48837604],
       [ 1.76034887, -1.48837604],
       [ 1.76034887, -1.48837604],
       [ 1.76034887, -1.48837604],
       [ 1.76034887, -1.48837604]], dtype=float64), 'z_uncertain13': Array([[1.66974414, 0.03476573],
       [1.66974414, 0.03476573],
       [1.66974414, 0.03476573],
       [1.66974414, 0.03476573],
       [1.66974414, 0.03476573],
       [1.66974414, 0.03476573],
       [1.66974414, 0.03476573],
       [1.66974414, 0.03476573],
       [1.66974414, 0.03476573],
       [1.66974414, 0.03476573]], dtype=float64), 'z_uncertain14': Array([[-0.83829766,  1.21189548],
       [-0.83829766,  1.21189548],
       [-0.83829766,  1.21189548],
       [-0.83829766,  1.21189548],
       [-0.83829766,  1.21189548],
       [-0.83829766,  1.21189548],
       [-0.83829766,  1.21189548],
       [-0.83829766,  1.21189548],
       [-0.83829766,  1.21189548],
       [-0.83829766,  1.21189548]], dtype=float64), 'z_uncertain15': Array([[-1.75589242,  0.14381718],
       [-1.75589242,  0.14381718],
       [-1.75589242,  0.14381718],
       [-1.75589242,  0.14381718],
       [-1.75589242,  0.14381718],
       [-1.75589242,  0.14381718],
       [-1.75589242,  0.14381718],
       [-1.75589242,  0.14381718],
       [-1.75589242,  0.14381718],
       [-1.75589242,  0.14381718]], dtype=float64), 'z_uncertain16': Array([[0.41588027, 0.60199493],
       [0.41588027, 0.60199493],
       [0.41588027, 0.60199493],
       [0.41588027, 0.60199493],
       [0.41588027, 0.60199493],
       [0.41588027, 0.60199493],
       [0.41588027, 0.60199493],
       [0.41588027, 0.60199493],
       [0.41588027, 0.60199493],
       [0.41588027, 0.60199493]], dtype=float64), 'z_uncertain17': Array([[0.24819345, 0.91441951],
       [0.24819345, 0.91441951],
       [0.24819345, 0.91441951],
       [0.24819345, 0.91441951],
       [0.24819345, 0.91441951],
       [0.24819345, 0.91441951],
       [0.24819345, 0.91441951],
       [0.24819345, 0.91441951],
       [0.24819345, 0.91441951],
       [0.24819345, 0.91441951]], dtype=float64), 'z_uncertain18': Array([[0.3018736 , 0.76835567],
       [0.3018736 , 0.76835567],
       [0.3018736 , 0.76835567],
       [0.3018736 , 0.76835567],
       [0.3018736 , 0.76835567],
       [0.3018736 , 0.76835567],
       [0.3018736 , 0.76835567],
       [0.3018736 , 0.76835567],
       [0.3018736 , 0.76835567],
       [0.3018736 , 0.76835567]], dtype=float64), 'z_uncertain19': Array([[ 1.78482318, -0.15593094],
       [ 1.78482318, -0.15593094],
       [ 1.78482318, -0.15593094],
       [ 1.78482318, -0.15593094],
       [ 1.78482318, -0.15593094],
       [ 1.78482318, -0.15593094],
       [ 1.78482318, -0.15593094],
       [ 1.78482318, -0.15593094],
       [ 1.78482318, -0.15593094],
       [ 1.78482318, -0.15593094]], dtype=float64), 'z_uncertain2': Array([[ 0.54030124, -1.77821423],
       [ 0.54030124, -1.77821423],
       [ 0.54030124, -1.77821423],
       [ 0.54030124, -1.77821423],
       [ 0.54030124, -1.77821423],
       [ 0.54030124, -1.77821423],
       [ 0.54030124, -1.77821423],
       [ 0.54030124, -1.77821423],
       [ 0.54030124, -1.77821423],
       [ 0.54030124, -1.77821423]], dtype=float64), 'z_uncertain3': Array([[ 0.48129692, -1.70435337],
       [ 0.48129692, -1.70435337],
       [ 0.48129692, -1.70435337],
       [ 0.48129692, -1.70435337],
       [ 0.48129692, -1.70435337],
       [ 0.48129692, -1.70435337],
       [ 0.48129692, -1.70435337],
       [ 0.48129692, -1.70435337],
       [ 0.48129692, -1.70435337],
       [ 0.48129692, -1.70435337]], dtype=float64), 'z_uncertain4': Array([[-1.2050133 ,  0.56786881],
       [-1.2050133 ,  0.56786881],
       [-1.2050133 ,  0.56786881],
       [-1.2050133 ,  0.56786881],
       [-1.2050133 ,  0.56786881],
       [-1.2050133 ,  0.56786881],
       [-1.2050133 ,  0.56786881],
       [-1.2050133 ,  0.56786881],
       [-1.2050133 ,  0.56786881],
       [-1.2050133 ,  0.56786881]], dtype=float64), 'z_uncertain5': Array([[-1.02382242, -0.59856786],
       [-1.02382242, -0.59856786],
       [-1.02382242, -0.59856786],
       [-1.02382242, -0.59856786],
       [-1.02382242, -0.59856786],
       [-1.02382242, -0.59856786],
       [-1.02382242, -0.59856786],
       [-1.02382242, -0.59856786],
       [-1.02382242, -0.59856786],
       [-1.02382242, -0.59856786]], dtype=float64), 'z_uncertain6': Array([[-1.80041204,  0.18703206],
       [-1.80041204,  0.18703206],
       [-1.80041204,  0.18703206],
       [-1.80041204,  0.18703206],
       [-1.80041204,  0.18703206],
       [-1.80041204,  0.18703206],
       [-1.80041204,  0.18703206],
       [-1.80041204,  0.18703206],
       [-1.80041204,  0.18703206],
       [-1.80041204,  0.18703206]], dtype=float64), 'z_uncertain7': Array([[-0.97971535,  0.09148155],
       [-0.97971535,  0.09148155],
       [-0.97971535,  0.09148155],
       [-0.97971535,  0.09148155],
       [-0.97971535,  0.09148155],
       [-0.97971535,  0.09148155],
       [-0.97971535,  0.09148155],
       [-0.97971535,  0.09148155],
       [-0.97971535,  0.09148155],
       [-0.97971535,  0.09148155]], dtype=float64), 'z_uncertain8': Array([[-0.01367934, -1.22530181],
       [-0.01367934, -1.22530181],
       [-0.01367934, -1.22530181],
       [-0.01367934, -1.22530181],
       [-0.01367934, -1.22530181],
       [-0.01367934, -1.22530181],
       [-0.01367934, -1.22530181],
       [-0.01367934, -1.22530181],
       [-0.01367934, -1.22530181],
       [-0.01367934, -1.22530181]], dtype=float64), 'z_uncertain9': Array([[0.33443169, 1.08342341],
       [0.33443169, 1.08342341],
       [0.33443169, 1.08342341],
       [0.33443169, 1.08342341],
       [0.33443169, 1.08342341],
       [0.33443169, 1.08342341],
       [0.33443169, 1.08342341],
       [0.33443169, 1.08342341],
       [0.33443169, 1.08342341],
       [0.33443169, 1.08342341]], dtype=float64)}
Script finished in 13 minutes and 54 seconds.
