Traceback (most recent call last):
  File "/local/293677/main.py", line 169, in <module>
    gp.fit(Xu_fixed, Xf)
  File "/local/293677/main.py", line 65, in fit
    zz_ff = heat_equation_kuu(Xfz, Xfz, self.params)
  File "/home/yanw/.conda/envs/uncertain/lib/python3.9/site-packages/jax/_src/traceback_util.py", line 179, in reraise_with_filtered_traceback
    return fun(*args, **kwargs)
  File "/home/yanw/.conda/envs/uncertain/lib/python3.9/site-packages/jax/_src/pjit.py", line 248, in cache_miss
    outs, out_flat, out_tree, args_flat, jaxpr, attrs_tracked = _python_pjit_helper(
  File "/home/yanw/.conda/envs/uncertain/lib/python3.9/site-packages/jax/_src/pjit.py", line 136, in _python_pjit_helper
    infer_params_fn(*args, **kwargs)
  File "/home/yanw/.conda/envs/uncertain/lib/python3.9/site-packages/jax/_src/api.py", line 325, in infer_params
    return pjit.common_infer_params(pjit_info_args, *args, **kwargs)
  File "/home/yanw/.conda/envs/uncertain/lib/python3.9/site-packages/jax/_src/pjit.py", line 495, in common_infer_params
    jaxpr, consts, out_shardings, out_layouts_flat, attrs_tracked = _pjit_jaxpr(
  File "/home/yanw/.conda/envs/uncertain/lib/python3.9/site-packages/jax/_src/pjit.py", line 1150, in _pjit_jaxpr
    jaxpr, final_consts, out_type, attrs_tracked = _create_pjit_jaxpr(
  File "/home/yanw/.conda/envs/uncertain/lib/python3.9/site-packages/jax/_src/linear_util.py", line 350, in memoized_fun
    ans = call(fun, *args)
  File "/home/yanw/.conda/envs/uncertain/lib/python3.9/site-packages/jax/_src/pjit.py", line 1089, in _create_pjit_jaxpr
    jaxpr, global_out_avals, consts, attrs_tracked = pe.trace_to_jaxpr_dynamic(
  File "/home/yanw/.conda/envs/uncertain/lib/python3.9/site-packages/jax/_src/profiler.py", line 336, in wrapper
    return func(*args, **kwargs)
  File "/home/yanw/.conda/envs/uncertain/lib/python3.9/site-packages/jax/_src/interpreters/partial_eval.py", line 2314, in trace_to_jaxpr_dynamic
    jaxpr, out_avals, consts, attrs_tracked = trace_to_subjaxpr_dynamic(
  File "/home/yanw/.conda/envs/uncertain/lib/python3.9/site-packages/jax/_src/interpreters/partial_eval.py", line 2336, in trace_to_subjaxpr_dynamic
    ans = fun.call_wrapped(*in_tracers_)
  File "/home/yanw/.conda/envs/uncertain/lib/python3.9/site-packages/jax/_src/linear_util.py", line 192, in call_wrapped
    ans = self.f(*args, **dict(self.params, **kwargs))
  File "/local/293677/include/heat2d.py", line 78, in heat_equation_kuu
    return rbf_kernel(x1, x2, params)
  File "/home/yanw/.conda/envs/uncertain/lib/python3.9/site-packages/jax/_src/traceback_util.py", line 179, in reraise_with_filtered_traceback
    return fun(*args, **kwargs)
  File "/home/yanw/.conda/envs/uncertain/lib/python3.9/site-packages/jax/_src/pjit.py", line 248, in cache_miss
    outs, out_flat, out_tree, args_flat, jaxpr, attrs_tracked = _python_pjit_helper(
  File "/home/yanw/.conda/envs/uncertain/lib/python3.9/site-packages/jax/_src/pjit.py", line 136, in _python_pjit_helper
    infer_params_fn(*args, **kwargs)
  File "/home/yanw/.conda/envs/uncertain/lib/python3.9/site-packages/jax/_src/api.py", line 325, in infer_params
    return pjit.common_infer_params(pjit_info_args, *args, **kwargs)
  File "/home/yanw/.conda/envs/uncertain/lib/python3.9/site-packages/jax/_src/pjit.py", line 495, in common_infer_params
    jaxpr, consts, out_shardings, out_layouts_flat, attrs_tracked = _pjit_jaxpr(
  File "/home/yanw/.conda/envs/uncertain/lib/python3.9/site-packages/jax/_src/pjit.py", line 1150, in _pjit_jaxpr
    jaxpr, final_consts, out_type, attrs_tracked = _create_pjit_jaxpr(
  File "/home/yanw/.conda/envs/uncertain/lib/python3.9/site-packages/jax/_src/linear_util.py", line 350, in memoized_fun
    ans = call(fun, *args)
  File "/home/yanw/.conda/envs/uncertain/lib/python3.9/site-packages/jax/_src/pjit.py", line 1089, in _create_pjit_jaxpr
    jaxpr, global_out_avals, consts, attrs_tracked = pe.trace_to_jaxpr_dynamic(
  File "/home/yanw/.conda/envs/uncertain/lib/python3.9/site-packages/jax/_src/profiler.py", line 336, in wrapper
    return func(*args, **kwargs)
  File "/home/yanw/.conda/envs/uncertain/lib/python3.9/site-packages/jax/_src/interpreters/partial_eval.py", line 2314, in trace_to_jaxpr_dynamic
    jaxpr, out_avals, consts, attrs_tracked = trace_to_subjaxpr_dynamic(
  File "/home/yanw/.conda/envs/uncertain/lib/python3.9/site-packages/jax/_src/interpreters/partial_eval.py", line 2336, in trace_to_subjaxpr_dynamic
    ans = fun.call_wrapped(*in_tracers_)
  File "/home/yanw/.conda/envs/uncertain/lib/python3.9/site-packages/jax/_src/linear_util.py", line 192, in call_wrapped
    ans = self.f(*args, **dict(self.params, **kwargs))
  File "/local/293677/include/kernels.py", line 22, in rbf_kernel
    square_distances = jnp.sum((x1[:, jnp.newaxis, :] - x2[jnp.newaxis, :, :]) ** 2 / initial_theta['lengthscale'] ** 2,
TypeError: tuple indices must be integers or slices, not str
--------------------------------------------------------------------------
Primary job  terminated normally, but 1 process returned
a non-zero exit code. Per user-direction, the job has been aborted.
--------------------------------------------------------------------------
--------------------------------------------------------------------------
mpirun detected that one or more processes exited with non-zero status, thus causing
the job to be terminated. The first process to do so was:

  Process name: [[20164,1],0]
  Exit code:    1
--------------------------------------------------------------------------
cp: missing destination file operand after '*.png/home/yanw/uncertain/results/figures/0617'
Try 'cp --help' for more information.
cp: missing destination file operand after '/home/yanw/uncertain'
Try 'cp --help' for more information.
