hpc-node01
	Adding nVidia Cuda Toolkit 11.8
	Adding nVidia cuDNN 8.6 (.0.163)
	Adding nvtop
Mon Jun 17 14:07:04 2024       
+-----------------------------------------------------------------------------------------+
| NVIDIA-SMI 550.54.15              Driver Version: 550.54.15      CUDA Version: 12.4     |
|-----------------------------------------+------------------------+----------------------+
| GPU  Name                 Persistence-M | Bus-Id          Disp.A | Volatile Uncorr. ECC |
| Fan  Temp   Perf          Pwr:Usage/Cap |           Memory-Usage | GPU-Util  Compute M. |
|                                         |                        |               MIG M. |
|=========================================+========================+======================|
|   0  NVIDIA L40                     On  |   00000000:17:00.0 Off |                    0 |
| N/A   30C    P8             35W /  300W |       0MiB /  46068MiB |      0%      Default |
|                                         |                        |                  N/A |
+-----------------------------------------+------------------------+----------------------+
|   1  NVIDIA L40                     On  |   00000000:65:00.0 Off |                    0 |
| N/A   32C    P0             76W /  300W |     524MiB /  46068MiB |      0%      Default |
|                                         |                        |                  N/A |
+-----------------------------------------+------------------------+----------------------+
|   2  NVIDIA L40                     On  |   00000000:CA:00.0 Off |                    0 |
| N/A   34C    P0             79W /  300W |     526MiB /  46068MiB |      2%      Default |
|                                         |                        |                  N/A |
+-----------------------------------------+------------------------+----------------------+
|   3  NVIDIA L40                     On  |   00000000:E3:00.0 Off |                    0 |
| N/A   32C    P8             35W /  300W |       0MiB /  46068MiB |      0%      Default |
|                                         |                        |                  N/A |
+-----------------------------------------+------------------------+----------------------+
                                                                                         
+-----------------------------------------------------------------------------------------+
| Processes:                                                                              |
|  GPU   GI   CI        PID   Type   Process name                              GPU Memory |
|        ID   ID                                                               Usage      |
|=========================================================================================|
|    1   N/A  N/A     34607      C   python                                        516MiB |
|    2   N/A  N/A     34488      C   python                                        518MiB |
+-----------------------------------------------------------------------------------------+
Date              = Mon Jun 17 14:07:05 CEST 2024
Hostname          = hpc-node01
Working Directory = /local/293724
Number of nodes used        : 1
Number of MPI tasks         : 1
Number of threads           : 16
Number of MPI tasks per node: 1
Number of threads per core  : 
Name of nodes used          : hpc-node01
Gpu devices                 : 3
Starting worker: 
Xu_fixed:  [[0.         0.95006237]
 [0.         0.94521492]
 [0.         0.39422269]
 [0.         0.34238744]
 [0.         0.53206767]
 [0.42300447 0.        ]
 [0.37513696 0.        ]
 [0.51259359 0.        ]
 [0.54022212 0.        ]
 [0.25327558 0.        ]
 [1.         0.39326737]
 [1.         0.69942523]
 [1.         0.78878791]
 [1.         0.39758325]
 [1.         0.41364807]]
sigma_init_yu: 0.38241191379969613	sigma_init_yf: 16.88708019124114	sigma_init: 9.871917256801295
new_sigma_init_yu: 0.38241191379969613	new_sigma_init_yf: 0.8797080892447446	new_sigma_init: 0.7973426254682987
Xu_noise: [[ 0.53441744 -0.01512023]
 [ 0.37383673  0.84915495]
 [ 0.61160043  0.25683977]
 [ 0.21138835  0.81214232]
 [ 0.47124844  0.27870854]]
Xu_noise shape: (5, 2)
adam
0.001000
1000
init params: ((Array([0.38241191], dtype=float64), Array([0.39259103, 0.37916051], dtype=float64)),)
param_iter: ((Array([0.53077808], dtype=float64), Array([0.25342364, 0.03399763], dtype=float64)),)
Xu_fixed: [[0.4263992  0.87216137]
 [0.68763889 0.03503846]
 [0.46868968 0.68208077]
 [0.05747292 0.70098922]
 [0.08488115 0.81417706]
 [0.81618778 0.98422633]
 [0.63407022 0.17160423]
 [0.88157644 0.39934329]
 [0.21284215 0.69237298]
 [0.08062684 0.36443248]]
y_pred: [[  7.17651071]
 [-34.33778886]
 [  3.80238208]
 [  6.74441649]
 [  8.66620337]
 [-13.15475475]
 [-24.18610911]
 [-17.48080002]
 [ 18.73173639]
 [ 12.9678553 ]]
Xu_fixed - y_pred: [[ -6.75011151  -6.30434934]
 [ 35.02542775  34.37282732]
 [ -3.3336924   -3.1203013 ]
 [ -6.68694357  -6.04342727]
 [ -8.58132222  -7.8520263 ]
 [ 13.97094253  14.13898109]
 [ 24.82017933  24.35771334]
 [ 18.36237646  17.8801433 ]
 [-18.51889425 -18.03936341]
 [-12.88722846 -12.60342283]]
y_cov: [[-1.05166613e-08  1.20307558e-08 -1.39920004e-08 -8.13866663e-09
  -7.04219971e-09  1.82636750e-09  6.48049681e-09  3.52575249e-08
  -1.32632536e-08 -1.08671503e-08]
 [-1.13971045e-08  1.72464176e-08 -1.52405637e-08 -9.32534716e-09
  -7.83351162e-09  1.63920799e-09  1.02831308e-08  3.84611862e-08
  -1.47344430e-08 -1.32755691e-08]
 [ 4.05824778e-08 -5.50023287e-08  5.38905347e-08  3.26752980e-08
   2.78387562e-08 -6.42529896e-09 -3.21671783e-08 -1.35943924e-07
   5.19670893e-08  4.48576714e-08]
 [ 3.66432218e-10 -2.18532747e-09  2.15000462e-10  5.01795938e-10
   3.60000030e-10 -1.05426778e-11 -2.07169926e-09 -4.20534718e-10
   4.63803218e-10  6.89336588e-10]
 [-1.01532729e-08  1.38533236e-08 -1.35483367e-08 -8.23272117e-09
  -7.00855907e-09  1.60215130e-09  8.02209676e-09  3.41174600e-08
  -1.30564999e-08 -1.13110517e-08]
 [ 1.05210614e-08 -1.50644276e-08  1.39393106e-08  8.57644489e-09
   7.26800398e-09 -1.62596692e-09 -9.03065145e-09 -3.51516825e-08
   1.35243488e-08  1.18747072e-08]
 [-2.37513780e-08  2.94065998e-08 -3.24502212e-08 -1.84856335e-08
  -1.57877165e-08  3.56158736e-09  1.51653481e-08  8.23600681e-08
  -3.04784642e-08 -2.61946589e-08]
 [ 2.05990792e-07 -2.81602496e-07  2.73011286e-07  1.65676246e-07
   1.41073582e-07 -3.30067467e-08 -1.65410005e-07 -6.89320071e-07
   2.63541667e-07  2.28338695e-07]
 [ 6.11266948e-09 -7.28048866e-09  7.81867104e-09  4.84997642e-09
   4.20111057e-09 -1.02241149e-09 -4.62282790e-09 -1.95473735e-08
   7.62308261e-09  6.05063377e-09]
 [-5.97224004e-09  8.24000868e-09 -8.14358359e-09 -4.84196860e-09
  -4.09637835e-09  9.04891495e-10  4.49267823e-09  2.06494359e-08
  -7.77492204e-09 -6.93330193e-09]]
Mean Squared Error: 1.0537363458247141e-18
Script finished in 2 minutes and 0 seconds.
