hpc-node01
	Adding nVidia Cuda Toolkit 11.8
	Adding nVidia cuDNN 8.6 (.0.163)
	Adding nvtop
Mon Jun 17 14:06:40 2024       
+-----------------------------------------------------------------------------------------+
| NVIDIA-SMI 550.54.15              Driver Version: 550.54.15      CUDA Version: 12.4     |
|-----------------------------------------+------------------------+----------------------+
| GPU  Name                 Persistence-M | Bus-Id          Disp.A | Volatile Uncorr. ECC |
| Fan  Temp   Perf          Pwr:Usage/Cap |           Memory-Usage | GPU-Util  Compute M. |
|                                         |                        |               MIG M. |
|=========================================+========================+======================|
|   0  NVIDIA L40                     On  |   00000000:17:00.0 Off |                    0 |
| N/A   30C    P8             35W /  300W |       0MiB /  46068MiB |      0%      Default |
|                                         |                        |                  N/A |
+-----------------------------------------+------------------------+----------------------+
|   1  NVIDIA L40                     On  |   00000000:65:00.0 Off |                    0 |
| N/A   30C    P8             34W /  300W |       0MiB /  46068MiB |      0%      Default |
|                                         |                        |                  N/A |
+-----------------------------------------+------------------------+----------------------+
|   2  NVIDIA L40                     On  |   00000000:CA:00.0 Off |                    0 |
| N/A   32C    P0             77W /  300W |     450MiB /  46068MiB |      0%      Default |
|                                         |                        |                  N/A |
+-----------------------------------------+------------------------+----------------------+
|   3  NVIDIA L40                     On  |   00000000:E3:00.0 Off |                    0 |
| N/A   32C    P8             35W /  300W |       0MiB /  46068MiB |      0%      Default |
|                                         |                        |                  N/A |
+-----------------------------------------+------------------------+----------------------+
                                                                                         
+-----------------------------------------------------------------------------------------+
| Processes:                                                                              |
|  GPU   GI   CI        PID   Type   Process name                              GPU Memory |
|        ID   ID                                                               Usage      |
|=========================================================================================|
|    2   N/A  N/A     34488      C   python                                        442MiB |
+-----------------------------------------------------------------------------------------+
Date              = Mon Jun 17 14:06:41 CEST 2024
Hostname          = hpc-node01
Working Directory = /local/293723
Number of nodes used        : 1
Number of MPI tasks         : 1
Number of threads           : 16
Number of MPI tasks per node: 1
Number of threads per core  : 
Name of nodes used          : hpc-node01
Gpu devices                 : 1
Starting worker: 
Xu_fixed:  [[0.         0.95006237]
 [0.         0.94521492]
 [0.         0.39422269]
 [0.         0.34238744]
 [0.         0.53206767]
 [0.42300447 0.        ]
 [0.37513696 0.        ]
 [0.51259359 0.        ]
 [0.54022212 0.        ]
 [0.25327558 0.        ]
 [1.         0.39326737]
 [1.         0.69942523]
 [1.         0.78878791]
 [1.         0.39758325]
 [1.         0.41364807]]
sigma_init_yu: 0.38241191379969613	sigma_init_yf: 16.88708019124114	sigma_init: 9.871917256801295
new_sigma_init_yu: 0.38241191379969613	new_sigma_init_yf: 0.8797080892447446	new_sigma_init: 0.7973426254682987
Xu_noise: [[ 0.53441744 -0.01512023]
 [ 0.37383673  0.84915495]
 [ 0.61160043  0.25683977]
 [ 0.21138835  0.81214232]
 [ 0.47124844  0.27870854]]
Xu_noise shape: (5, 2)
adam
0.001000
1000
init params: ((Array([0.38241191], dtype=float64), Array([0.39259103, 0.37916051], dtype=float64)),)
param_iter: ((Array([0.53077808], dtype=float64), Array([0.25342364, 0.03399763], dtype=float64)),)
k_s shape: (15, 25)
k_inv shape: (25, 25)
y_train shape: (25, 1)
Xu_fixed: [[0.         0.95006237]
 [0.         0.94521492]
 [0.         0.39422269]
 [0.         0.34238744]
 [0.         0.53206767]
 [0.42300447 0.        ]
 [0.37513696 0.        ]
 [0.51259359 0.        ]
 [0.54022212 0.        ]
 [0.25327558 0.        ]
 [1.         0.39326737]
 [1.         0.69942523]
 [1.         0.78878791]
 [1.         0.39758325]
 [1.         0.41364807]]
y_pred: [[-1.77649991e-10]
 [-1.51110620e-10]
 [-2.85379979e-10]
 [-5.21150850e-10]
 [-3.04882599e-10]
 [ 4.65126233e-01]
 [ 7.06498015e-01]
 [-7.90453202e-02]
 [-2.50041415e-01]
 [ 9.99788215e-01]
 [-4.34480183e-10]
 [-9.66284847e-11]
 [ 1.62049423e-10]
 [ 1.06502010e-10]
 [-6.53770735e-11]]
Xu_fixed - y_pred: [[ 1.77649991e-10  9.50062368e-01]
 [ 1.51110620e-10  9.45214924e-01]
 [ 2.85379979e-10  3.94222688e-01]
 [ 5.21150850e-10  3.42387442e-01]
 [ 3.04882599e-10  5.32067675e-01]
 [-4.21217659e-02 -4.65126233e-01]
 [-3.31361053e-01 -7.06498015e-01]
 [ 5.91638911e-01  7.90453202e-02]
 [ 7.90263534e-01  2.50041415e-01]
 [-7.46512633e-01 -9.99788215e-01]
 [ 1.00000000e+00  3.93267369e-01]
 [ 1.00000000e+00  6.99425233e-01]
 [ 1.00000000e+00  7.88787908e-01]
 [ 1.00000000e+00  3.97583246e-01]
 [ 1.00000000e+00  4.13648075e-01]]
y_cov: [[ 3.73794051e-11  3.81471243e-11  1.36823886e-10  1.40053240e-10
   1.19125751e-10  6.40269202e-10  5.45781699e-10  8.37598279e-10
   9.02417944e-10  3.46955950e-10  2.79857817e-09  2.01959066e-09
   1.62408286e-09  2.79833421e-09  2.79426307e-09]
 [ 3.47539220e-11  3.54757057e-11  1.29608699e-10  1.32918877e-10
   1.12326842e-10  6.03667414e-10  5.15550468e-10  7.87292810e-10
   8.47512414e-10  3.29556729e-10  2.60248646e-09  1.87690902e-09
   1.50915104e-09  2.60222807e-09  2.59832792e-09]
 [ 2.64050143e-10  2.69178409e-10  8.97257213e-10  9.13791681e-10
   7.92041516e-10  4.23552451e-09  3.60366188e-09  5.55319605e-09
   5.98542230e-09  2.27281505e-09  1.86785598e-08  1.35805239e-08
   1.09490390e-08  1.86786609e-08  1.86579744e-08]
 [ 3.17812568e-10  3.23998640e-10  1.08023979e-09  1.09984361e-09
   9.54083756e-10  5.09078054e-09  4.33001816e-09  6.67839009e-09
   7.19946416e-09  2.72908536e-09  2.25418718e-08  1.63981758e-08
   1.32225656e-08  2.25421903e-08  2.25179459e-08]
 [ 1.44585954e-10  1.47436327e-10  5.07998338e-10  5.19457977e-10
   4.44129178e-10  2.37567604e-09  2.02767961e-09  3.09970001e-09
   3.33681365e-09  1.29196174e-09  1.02723061e-08  7.45132363e-09
   6.00330847e-09  1.02720172e-08  1.02593651e-08]
 [ 5.36694374e-10  5.47127238e-10  1.81589042e-09  1.84749423e-09
   1.60643770e-09  8.60750105e-09  7.31737890e-09  1.12988769e-08
   1.21819113e-08  4.60197191e-09  3.81158727e-08  2.77184091e-08
   2.23485951e-08  3.81162167e-08  3.80745051e-08]
 [ 6.05380387e-10  6.17126451e-10  2.08083033e-09  2.12427292e-09
   1.82715335e-09  9.75281828e-09  8.31707303e-09  1.27406422e-08
   1.37192448e-08  5.28337951e-09  4.24151973e-08  3.08312128e-08
   2.48568013e-08  4.24151676e-08  4.23672648e-08]
 [ 4.57585506e-10  4.66501053e-10  1.58707599e-09  1.62208131e-09
   1.38986746e-09  7.43894904e-09  6.35099262e-09  9.69936495e-09
   1.04388005e-08  4.04709183e-09  3.20765756e-08  2.33194908e-08
   1.88021454e-08  3.20765410e-08  3.20402960e-08]
 [ 4.57916465e-10  4.66727119e-10  1.54310045e-09  1.57125453e-09
   1.36315272e-09  7.28973412e-09  6.20309379e-09  9.55452273e-09
   1.02970878e-08  3.91283937e-09  3.20875171e-08  2.33347015e-08
   1.88147346e-08  3.20877627e-08  3.20525001e-08]
 [ 6.19103807e-10  6.31204445e-10  2.14411620e-09  2.18968613e-09
   1.88074584e-09  9.98086516e-09  8.51266452e-09  1.30396150e-08
   1.40424157e-08  5.41390308e-09  4.36101881e-08  3.17248362e-08
   2.55812074e-08  4.36107866e-08  4.35638296e-08]
 [ 4.49995128e-11  4.58877923e-11  1.58728747e-10  1.62564673e-10
   1.38395280e-10  6.92776510e-10  5.93390954e-10  9.00318986e-10
   9.68528521e-10  3.83830676e-10  3.06351164e-09  2.26019628e-09
   1.83039875e-09  3.06415676e-09  3.06309866e-09]
 [ 7.90133280e-11  8.05739000e-11  2.86224671e-10  2.94220614e-10
   2.47227246e-10  1.33870541e-09  1.14807702e-09  1.73273656e-09
   1.86114107e-09  7.41373433e-10  5.55157087e-09  4.00949979e-09
   3.22739596e-09  5.55099230e-09  5.54260830e-09]
 [-1.50682973e-11 -1.53181946e-11 -2.72022522e-11 -2.38936080e-11
  -3.14015350e-11 -1.56204469e-10 -1.18359629e-10 -2.41125580e-10
  -2.70455743e-10 -4.73514071e-11 -1.17798468e-09 -8.42719616e-10
  -6.74590522e-10 -1.17787423e-09 -1.17608701e-09]
 [ 6.70737892e-11  6.83694507e-11  2.08412902e-10  2.08332975e-10
   1.91364568e-10  1.04004079e-09  8.69655761e-10  1.40036817e-09
   1.51974704e-09  5.18532415e-10  5.02932718e-09  3.64097572e-09
   2.93086418e-09  5.02915304e-09  5.02279968e-09]
 [-3.33030478e-13 -2.18944220e-13  6.33319612e-11  7.39756902e-11
   3.70353886e-11  2.18777624e-10  2.18834322e-10  2.06934941e-10
   2.00224878e-10  2.01370171e-10 -1.96511390e-10 -2.04127978e-10
  -1.77179646e-10 -1.97913796e-10 -2.02830641e-10]]
Mean Squared Error: 3.660357926165779e-19
Script finished in 2 minutes and 9 seconds.
