hpc-node01
	Adding nVidia Cuda Toolkit 11.8
	Adding nVidia cuDNN 8.6 (.0.163)
	Adding nvtop
Mon Jun 17 14:09:31 2024       
+-----------------------------------------------------------------------------------------+
| NVIDIA-SMI 550.54.15              Driver Version: 550.54.15      CUDA Version: 12.4     |
|-----------------------------------------+------------------------+----------------------+
| GPU  Name                 Persistence-M | Bus-Id          Disp.A | Volatile Uncorr. ECC |
| Fan  Temp   Perf          Pwr:Usage/Cap |           Memory-Usage | GPU-Util  Compute M. |
|                                         |                        |               MIG M. |
|=========================================+========================+======================|
|   0  NVIDIA L40                     On  |   00000000:17:00.0 Off |                    0 |
| N/A   30C    P8             35W /  300W |       0MiB /  46068MiB |      0%      Default |
|                                         |                        |                  N/A |
+-----------------------------------------+------------------------+----------------------+
|   1  NVIDIA L40                     On  |   00000000:65:00.0 Off |                    0 |
| N/A   33C    P8             35W /  300W |       0MiB /  46068MiB |      0%      Default |
|                                         |                        |                  N/A |
+-----------------------------------------+------------------------+----------------------+
|   2  NVIDIA L40                     On  |   00000000:CA:00.0 Off |                    0 |
| N/A   34C    P8             36W /  300W |       0MiB /  46068MiB |      0%      Default |
|                                         |                        |                  N/A |
+-----------------------------------------+------------------------+----------------------+
|   3  NVIDIA L40                     On  |   00000000:E3:00.0 Off |                    0 |
| N/A   36C    P8             36W /  300W |       0MiB /  46068MiB |      0%      Default |
|                                         |                        |                  N/A |
+-----------------------------------------+------------------------+----------------------+
                                                                                         
+-----------------------------------------------------------------------------------------+
| Processes:                                                                              |
|  GPU   GI   CI        PID   Type   Process name                              GPU Memory |
|        ID   ID                                                               Usage      |
|=========================================================================================|
|  No running processes found                                                             |
+-----------------------------------------------------------------------------------------+
Date              = Mon Jun 17 14:09:32 CEST 2024
Hostname          = hpc-node01
Working Directory = /local/293730
Number of nodes used        : 1
Number of MPI tasks         : 1
Number of threads           : 16
Number of MPI tasks per node: 1
Number of threads per core  : 
Name of nodes used          : hpc-node01
Gpu devices                 : 2
Starting worker: 
Xu_fixed:  [[0.         0.95006237]
 [0.         0.94521492]
 [0.         0.39422269]
 [0.         0.34238744]
 [0.         0.53206767]
 [0.42300447 0.        ]
 [0.37513696 0.        ]
 [0.51259359 0.        ]
 [0.54022212 0.        ]
 [0.25327558 0.        ]
 [1.         0.39326737]
 [1.         0.69942523]
 [1.         0.78878791]
 [1.         0.39758325]
 [1.         0.41364807]]
sigma_init_yu: 0.38241191379969613	sigma_init_yf: 16.88708019124114	sigma_init: 9.871917256801295
new_sigma_init_yu: 0.38241191379969613	new_sigma_init_yf: 0.8797080892447446	new_sigma_init: 0.7973426254682987
Xu_noise: [[ 0.53441744 -0.01512023]
 [ 0.37383673  0.84915495]
 [ 0.61160043  0.25683977]
 [ 0.21138835  0.81214232]
 [ 0.47124844  0.27870854]]
Xu_noise shape: (5, 2)
adam
0.001000
1000
init params: ((Array([0.38241191], dtype=float64), Array([0.39259103, 0.37916051], dtype=float64)),)
param_iter: ((Array([0.53077808], dtype=float64), Array([0.25342364, 0.03399763], dtype=float64)),)
Xu_fixed: [[0.4263992  0.87216137]
 [0.68763889 0.03503846]
 [0.46868968 0.68208077]
 [0.05747292 0.70098922]
 [0.08488115 0.81417706]
 [0.81618778 0.98422633]
 [0.63407022 0.17160423]
 [0.88157644 0.39934329]
 [0.21284215 0.69237298]
 [0.08062684 0.36443248]]
y_pred: [[  7.17651071]
 [-34.33778886]
 [  3.80238207]
 [  6.74441649]
 [  8.66620337]
 [-13.15475475]
 [-24.18610911]
 [-17.48080002]
 [ 18.73173639]
 [ 12.9678553 ]]
Xu_fixed - y_pred: [[ -6.75011151  -6.30434935]
 [ 35.02542775  34.37282732]
 [ -3.3336924   -3.1203013 ]
 [ -6.68694357  -6.04342727]
 [ -8.58132222  -7.8520263 ]
 [ 13.97094253  14.13898109]
 [ 24.82017933  24.35771334]
 [ 18.36237646  17.88014331]
 [-18.51889424 -18.03936341]
 [-12.88722846 -12.60342283]]
y_cov: [[ 0.00000000e+00 -1.36116645e-33  7.26415456e-17  1.87350135e-16
   0.00000000e+00  1.77635684e-15 -7.99344857e-32  3.55228385e-26
   9.62771529e-17 -3.11146704e-25]
 [ 6.12540654e-34 -1.99236183e-10  7.92075058e-31 -2.31136281e-31
  -2.10281314e-34  3.30201499e-36 -6.43929354e-15  5.57796927e-23
   3.02200488e-32 -9.18796542e-23]
 [ 2.58040117e-17  6.28571924e-31  5.68434189e-14 -2.84217094e-14
  -3.33066907e-16  3.85736205e-20 -2.28992702e-28  8.07260423e-23
   1.42108547e-14  2.70454487e-21]
 [-1.84748050e-16  1.74100818e-30  7.10542736e-15  5.68434189e-14
  -1.77635684e-15  6.91327870e-18  3.26835064e-29  3.03664276e-23
   5.68434189e-14 -4.78144065e-22]
 [-1.42108547e-14 -1.91102667e-32 -1.11022302e-16 -3.55271368e-15
   0.00000000e+00  9.00162106e-14  3.03487069e-30 -3.17232816e-25
  -1.77635684e-15 -7.48839365e-24]
 [-3.28626015e-14  2.68781832e-32 -1.14539337e-16  2.13732188e-17
   3.31212922e-15  0.00000000e+00  4.46317199e-31  1.12648265e-25
   2.15512132e-17 -1.82226607e-24]
 [ 3.37444805e-32 -1.44328993e-14  1.89431713e-28  6.08070788e-29
   1.57328145e-30  7.71453445e-34  1.13686838e-13 -4.23516474e-22
   1.26051645e-28 -2.71050543e-20]
 [ 5.41532218e-26 -1.71362793e-23  2.96403694e-23  3.66686966e-23
  -6.53734078e-25 -8.96534910e-28  3.59989003e-21  1.02318154e-12
   7.17778290e-23 -1.06581410e-14]
 [-8.32667268e-17  6.28306276e-30  3.55271368e-14  0.00000000e+00
  -8.88178420e-16 -7.22826670e-17 -3.71409967e-29  1.04883292e-22
  -5.68434189e-14  7.81429929e-22]
 [ 4.27733281e-25 -9.01262829e-24 -3.10711422e-22 -3.68103110e-22
   8.88645060e-24  1.14828970e-26 -2.71050543e-20  8.88178420e-15
  -6.56974774e-22  1.70530257e-13]]
Mean Squared Error: 4.1808451982319166e-24
Script finished in 1 minutes and 30 seconds.
