hpc-node01
	Adding nVidia Cuda Toolkit 11.8
	Adding nVidia cuDNN 8.6 (.0.163)
	Adding nvtop
Mon Jun 17 13:45:34 2024       
+-----------------------------------------------------------------------------------------+
| NVIDIA-SMI 550.54.15              Driver Version: 550.54.15      CUDA Version: 12.4     |
|-----------------------------------------+------------------------+----------------------+
| GPU  Name                 Persistence-M | Bus-Id          Disp.A | Volatile Uncorr. ECC |
| Fan  Temp   Perf          Pwr:Usage/Cap |           Memory-Usage | GPU-Util  Compute M. |
|                                         |                        |               MIG M. |
|=========================================+========================+======================|
|   0  NVIDIA L40                     On  |   00000000:17:00.0 Off |                    0 |
| N/A   30C    P8             35W /  300W |       0MiB /  46068MiB |      0%      Default |
|                                         |                        |                  N/A |
+-----------------------------------------+------------------------+----------------------+
|   1  NVIDIA L40                     On  |   00000000:65:00.0 Off |                    0 |
| N/A   33C    P0             76W /  300W |     524MiB /  46068MiB |      0%      Default |
|                                         |                        |                  N/A |
+-----------------------------------------+------------------------+----------------------+
|   2  NVIDIA L40                     On  |   00000000:CA:00.0 Off |                    0 |
| N/A   35C    P8             36W /  300W |       0MiB /  46068MiB |      0%      Default |
|                                         |                        |                  N/A |
+-----------------------------------------+------------------------+----------------------+
|   3  NVIDIA L40                     On  |   00000000:E3:00.0 Off |                    0 |
| N/A   28C    P8             24W /  300W |       0MiB /  46068MiB |      0%      Default |
|                                         |                        |                  N/A |
+-----------------------------------------+------------------------+----------------------+
                                                                                         
+-----------------------------------------------------------------------------------------+
| Processes:                                                                              |
|  GPU   GI   CI        PID   Type   Process name                              GPU Memory |
|        ID   ID                                                               Usage      |
|=========================================================================================|
|    1   N/A  N/A     29455      C   python                                        516MiB |
+-----------------------------------------------------------------------------------------+
Date              = Mon Jun 17 13:45:34 CEST 2024
Hostname          = hpc-node01
Working Directory = /local/293707
Number of nodes used        : 1
Number of MPI tasks         : 1
Number of threads           : 16
Number of MPI tasks per node: 1
Number of threads per core  : 
Name of nodes used          : hpc-node01
Gpu devices                 : 2
Starting worker: 
Xu_fixed:  [[0.         0.95006237]
 [0.         0.94521492]
 [0.         0.39422269]
 [0.         0.34238744]
 [0.         0.53206767]
 [0.42300447 0.        ]
 [0.37513696 0.        ]
 [0.51259359 0.        ]
 [0.54022212 0.        ]
 [0.25327558 0.        ]
 [1.         0.39326737]
 [1.         0.69942523]
 [1.         0.78878791]
 [1.         0.39758325]
 [1.         0.41364807]]
sigma_init_yu: 0.38241191379969613	sigma_init_yf: 16.88708019124114	sigma_init: 9.871917256801295
new_sigma_init_yu: 0.38241191379969613	new_sigma_init_yf: 0.8797080892447446	new_sigma_init: 0.7973426254682987
Xu_noise: [[ 0.53441744 -0.01512023]
 [ 0.37383673  0.84915495]
 [ 0.61160043  0.25683977]
 [ 0.21138835  0.81214232]
 [ 0.47124844  0.27870854]]
Xu_noise shape: (5, 2)
adam
0.001000
1000
init params: ((Array([0.38241191], dtype=float64), Array([0.39259103, 0.37916051], dtype=float64)),)
param_iter: ((Array([0.53077808], dtype=float64), Array([0.25342364, 0.03399763], dtype=float64)),)
k_s shape: (15, 25)
k_inv shape: (25, 25)
y_train shape: (25, 1)
Xu_fixed: [[0.         0.95006237]
 [0.         0.94521492]
 [0.         0.39422269]
 [0.         0.34238744]
 [0.         0.53206767]
 [0.42300447 0.        ]
 [0.37513696 0.        ]
 [0.51259359 0.        ]
 [0.54022212 0.        ]
 [0.25327558 0.        ]
 [1.         0.39326737]
 [1.         0.69942523]
 [1.         0.78878791]
 [1.         0.39758325]
 [1.         0.41364807]]
y_pred: [[ 1.26813633e-18]
 [ 3.22700185e-16]
 [-9.25377097e-17]
 [-5.24629704e-17]
 [ 4.68491330e-21]
 [ 4.65126233e-01]
 [ 7.06498016e-01]
 [-7.90453197e-02]
 [-2.50041414e-01]
 [ 9.99788217e-01]
 [-7.56750628e-16]
 [-3.20918607e-16]
 [-1.17129417e-16]
 [-7.52050380e-16]
 [-1.08816028e-15]]
Xu_fixed - y_pred: [[-1.26813633e-18  9.50062368e-01]
 [-3.22700185e-16  9.45214923e-01]
 [ 9.25377097e-17  3.94222687e-01]
 [ 5.24629704e-17  3.42387442e-01]
 [-4.68491330e-21  5.32067675e-01]
 [-4.21217663e-02 -4.65126233e-01]
 [-3.31361054e-01 -7.06498016e-01]
 [ 5.91638911e-01  7.90453197e-02]
 [ 7.90263534e-01  2.50041414e-01]
 [-7.46512635e-01 -9.99788217e-01]
 [ 1.00000000e+00  3.93267369e-01]
 [ 1.00000000e+00  6.99425232e-01]
 [ 1.00000000e+00  7.88787908e-01]
 [ 1.00000000e+00  3.97583246e-01]
 [ 1.00000000e+00  4.13648075e-01]]
y_cov: [[-6.10622664e-16 -6.10622664e-16 -1.88282445e-29  6.46215812e-29
   1.12227272e-25 -1.52002703e-37 -1.74592525e-37 -9.41341520e-38
  -7.47567896e-38 -1.89821475e-37  5.97044661e-30 -1.13259234e-21
   6.18813816e-21  6.50184373e-30  7.93591854e-30]
 [-4.44089210e-16 -4.44089210e-16  1.90054665e-26  1.38018897e-26
   7.87172531e-24 -7.52918635e-34 -7.16090299e-34 -7.55891971e-34
  -7.39091133e-34 -5.42104556e-34  9.69461883e-27 -9.51651764e-20
  -4.48262864e-18  9.63776537e-27  7.98793597e-27]
 [ 2.85972546e-27  2.85931265e-27  1.11022302e-16 -6.93889390e-17
  -1.35525272e-20  3.69073075e-25  2.12496801e-25  6.46976435e-25
   7.16248505e-25 -9.99414659e-26  8.98532550e-18  9.17908839e-26
  -6.43399300e-27  9.44611143e-18  1.00559751e-17]
 [ 4.33132463e-29  5.32067405e-29  1.38777878e-17  0.00000000e+00
   8.79458427e-21  1.34235692e-24  1.21889100e-24  1.47099536e-24
   1.47757561e-24  8.24351115e-25  7.30481214e-18  1.69155109e-26
  -1.09921991e-28  7.20994445e-18  5.80386975e-18]
 [ 4.02568434e-24  4.05147621e-24  2.71050543e-20  2.74623963e-21
  -5.55111512e-17  4.38514104e-28  3.91394368e-28  4.89556602e-28
   4.93138931e-28  2.45408841e-28 -1.22422731e-22 -5.33014507e-22
   5.03264759e-24 -4.10281584e-22 -1.32348898e-21]
 [-1.56726836e-36 -1.55056075e-36  6.84186990e-25  3.66721176e-25
  -6.93768590e-30 -1.64868119e-12 -1.50551793e-12 -1.75631731e-12
  -1.74205095e-12 -9.94176963e-13 -1.54585337e-24 -3.89936932e-35
  -5.09543637e-36 -1.54006380e-24 -1.32395133e-24]
 [-6.21458395e-37 -6.11934178e-37 -1.05550585e-25 -3.29248552e-25
  -2.12060793e-29 -2.62656563e-12 -2.45392595e-12 -2.71627165e-12
  -2.67755262e-12 -1.76486603e-12 -1.68204284e-24 -1.12555113e-34
  -1.37653640e-35 -1.67153970e-24 -1.42064313e-24]
 [-8.83548090e-35 -8.61908214e-35  6.14934769e-24  1.25468803e-22
   5.29184694e-27 -2.05829798e-12 -1.95199412e-12 -2.06495931e-12
  -2.01527683e-12 -1.45297663e-12  5.28646232e-23 -8.67916000e-33
  -2.59193009e-35  5.28729695e-23  4.64785130e-23]
 [-4.74468085e-38 -5.45546078e-38  2.91524744e-25  1.00752450e-24
   5.18097661e-29 -1.84002813e-12 -1.69214642e-12 -1.94744221e-12
  -1.93056682e-12 -1.15371601e-12 -5.86282263e-25  2.18291019e-34
  -8.07179337e-37 -5.84647214e-25 -5.00122559e-25]
 [-8.16058692e-37 -8.12871321e-37  2.70571397e-25 -4.69240867e-25
  -4.98328253e-29 -2.61071720e-12 -2.52370347e-12 -2.53055910e-12
  -2.44476661e-12 -1.97436512e-12 -6.94043263e-25  1.17704353e-34
  -2.66229194e-36 -6.88625968e-25 -5.84393882e-25]
 [ 3.28885022e-28  3.26583155e-28  4.32325616e-18  1.55176436e-18
   3.68591681e-21 -2.60632459e-25 -2.58945232e-25 -2.36815895e-25
  -2.23398653e-25 -2.12766825e-25  1.66533454e-15 -3.62979385e-26
  -7.37926407e-28  1.55431223e-15  1.11022302e-15]
 [ 9.86287729e-21  9.95636614e-21 -1.81121999e-23  2.41410154e-25
  -5.36241546e-20 -8.90462318e-32 -9.54099323e-32 -6.78858196e-32
  -5.98648936e-32 -9.20396297e-32 -6.27351889e-24 -5.55111512e-17
  -3.46944695e-18 -6.20898800e-24 -5.21706999e-24]
 [-1.75451212e-20 -1.64290477e-20  4.85649712e-25  1.54209070e-25
   2.35763473e-22 -9.79063428e-33 -9.27962126e-33 -9.89677329e-33
  -9.69835567e-33 -6.96736726e-33 -2.53553906e-26 -3.46944695e-18
  -5.55111512e-17 -2.41424901e-26 -1.69111459e-26]
 [ 1.94877867e-28  1.94543942e-28  1.52601456e-17  6.97955149e-18
   6.27995521e-21 -1.44317402e-25 -1.75203656e-25 -6.82378865e-26
  -4.32859677e-26 -2.02737362e-25 -3.94129174e-15 -3.37277684e-26
  -3.02702859e-28 -4.05231404e-15 -3.60822483e-15]
 [ 2.37868461e-28  2.36577449e-28  7.31836466e-18  2.49535906e-18
   9.31736242e-21 -3.19374863e-25 -3.47404352e-25 -2.33940546e-25
  -2.02657153e-25 -3.45003624e-25 -1.69309011e-15 -3.23966192e-26
  -1.66560995e-28 -1.55431223e-15 -6.10622664e-16]]
Script finished in 1 minutes and 35 seconds.
