hpc-node02
	Adding nVidia Cuda Toolkit 11.8
	Adding nVidia cuDNN 8.6 (.0.163)
	Adding nvtop
Fri Jun 21 08:58:45 2024       
+-----------------------------------------------------------------------------------------+
| NVIDIA-SMI 550.54.15              Driver Version: 550.54.15      CUDA Version: 12.4     |
|-----------------------------------------+------------------------+----------------------+
| GPU  Name                 Persistence-M | Bus-Id          Disp.A | Volatile Uncorr. ECC |
| Fan  Temp   Perf          Pwr:Usage/Cap |           Memory-Usage | GPU-Util  Compute M. |
|                                         |                        |               MIG M. |
|=========================================+========================+======================|
|   0  NVIDIA L40                     On  |   00000000:17:00.0 Off |                    0 |
| N/A   31C    P8             35W /  300W |       0MiB /  46068MiB |      0%      Default |
|                                         |                        |                  N/A |
+-----------------------------------------+------------------------+----------------------+
|   1  NVIDIA L40                     On  |   00000000:65:00.0 Off |                    0 |
| N/A   28C    P8             25W /  300W |       0MiB /  46068MiB |      0%      Default |
|                                         |                        |                  N/A |
+-----------------------------------------+------------------------+----------------------+
|   2  NVIDIA L40                     On  |   00000000:CA:00.0 Off |                    0 |
| N/A   32C    P8             35W /  300W |       0MiB /  46068MiB |      0%      Default |
|                                         |                        |                  N/A |
+-----------------------------------------+------------------------+----------------------+
|   3  NVIDIA L40                     On  |   00000000:E3:00.0 Off |                    0 |
| N/A   33C    P8             36W /  300W |       0MiB /  46068MiB |      0%      Default |
|                                         |                        |                  N/A |
+-----------------------------------------+------------------------+----------------------+
                                                                                         
+-----------------------------------------------------------------------------------------+
| Processes:                                                                              |
|  GPU   GI   CI        PID   Type   Process name                              GPU Memory |
|        ID   ID                                                               Usage      |
|=========================================================================================|
|  No running processes found                                                             |
+-----------------------------------------------------------------------------------------+
Date              = Fri Jun 21 08:58:46 CEST 2024
Hostname          = hpc-node02
Working Directory = /local/294782
Number of nodes used        : 1
Number of MPI tasks         : 1
Number of threads           : 16
Number of MPI tasks per node: 1
Number of threads per core  : 
Name of nodes used          : hpc-node02
Gpu devices                 : 0
Starting worker: 
Xu_fixed:  [[0.         0.18370448]
 [0.         0.35350201]
 [0.         0.59804408]
 [0.         0.59988955]
 [0.         0.15923625]
 [0.         0.00628557]
 [0.         0.68970547]
 [0.         0.88314329]
 [0.         0.32744701]
 [0.         0.06530783]
 [0.         0.43758137]
 [0.         0.41816273]
 [0.         0.84531952]
 [0.         0.37618536]
 [0.         0.00228463]
 [0.42300447 0.        ]
 [0.37513696 0.        ]
 [0.51259359 0.        ]
 [0.54022212 0.        ]
 [0.25327558 0.        ]
 [1.         0.57254519]
 [1.         0.36391689]
 [1.         0.54563921]
 [1.         0.70313472]
 [1.         0.83202349]
 [1.         0.61864101]
 [1.         0.48009388]
 [1.         0.89047637]
 [1.         0.73822542]
 [1.         0.42158473]
 [1.         0.71855937]
 [1.         0.93154112]
 [1.         0.17918464]
 [1.         0.45016916]
 [1.         0.17978627]]
sigma_init_yu: 0.30821690729703105	sigma_init_yf: 0.31253721284756075	sigma_init: 0.32602414665259916
new_sigma_init_yu: 0.30821690729703105	new_sigma_init_yf: 0.04671510686324747	new_sigma_init: 0.10468854936423024
Xu_certain: [[0.12391166 0.78969496]
 [0.59892084 0.07747027]]
Xu_noise: [[0.13973494 0.87051473]
 [0.67564161 0.        ]]
Xu_noise shape: (2, 2)
adam
0.001000
1000
init params: ((Array([0.30821691], dtype=float64), Array([0.42515248, 0.3449471 ], dtype=float64)),)
param_iter: ((Array([0.4267172], dtype=float64), Array([0.16881539, 0.23297832], dtype=float64)),)
start inference

                         mean       std    median      5.0%     95.0%     n_eff     r_hat
z_uncertain_flat[0]     -0.45      0.00     -0.45     -0.45     -0.45      4.38      2.22
z_uncertain_flat[1]     -1.06      0.00     -1.06     -1.06     -1.06      3.72      1.75
z_uncertain_flat[2]      0.66      0.00      0.66      0.66      0.66      8.35      1.08
z_uncertain_flat[3]     -1.30      0.00     -1.30     -1.30     -1.30      5.06      1.46

Number of divergences: 0
z_uncertain_samples[:, 1, 0] [0.65641037 0.65640984 0.65641002 0.65641013 0.6564098  0.65641037
 0.65640943 0.65640976 0.65641002 0.65640977 0.65640999 0.65640977
 0.6564104  0.6564106  0.65641061 0.6564102  0.65641026 0.65641034
 0.65640953 0.65641039 0.65641038 0.65641017 0.65641022 0.6564103
 0.65641036 0.65641034 0.65641028 0.65641017 0.65640992 0.65641004
 0.65641004 0.65641018 0.65640991 0.65640999 0.65641026 0.65641038
 0.65641106 0.65641116 0.65641115 0.65641102 0.65641146 0.65641144
 0.65641125 0.65641139 0.65641147 0.65641129 0.65641159 0.6564115
 0.65641076 0.656411   0.65641099 0.65641068 0.65641054 0.65641015
 0.65640985 0.65640965 0.65640995 0.65640993 0.65640927 0.65640916
 0.65640918 0.65640905 0.65640916 0.65640912 0.65640897 0.65640896
 0.6564086  0.65640831 0.65640826 0.65640864 0.65640848 0.65640844
 0.65640886 0.65640895 0.65640858 0.65640892 0.65640913 0.65640892
 0.656409   0.65640909 0.65640948 0.65640924 0.65640932 0.65640929
 0.6564099  0.65640947 0.65640947 0.65640953 0.65640921 0.65640898
 0.65640892 0.65640918 0.65640913 0.6564093  0.6564096  0.65640981
 0.65640961 0.65640919 0.65640926 0.65640972 0.65640918 0.65640916
 0.6564096  0.65640933 0.65640936 0.6564094  0.65640922 0.65640921
 0.65640928 0.6564099  0.65641002 0.65641008 0.65641017 0.65641007
 0.65641015 0.65641008 0.65641029 0.65641023 0.65640984 0.65640951
 0.65640945 0.65640924 0.65640904 0.65640898 0.65640927 0.6564095
 0.65640927 0.65640924 0.65640995 0.65641004 0.65641012 0.65641
 0.65640999 0.65640975 0.65640957 0.65641012 0.65641068 0.65641109
 0.65641079 0.65641096 0.656411   0.65641116 0.65641035 0.65641017
 0.65641021 0.65641019 0.65641004 0.65641007 0.65640998 0.65641033
 0.65641024 0.65640966 0.6564094  0.65640941 0.65640945 0.65640969
 0.6564097  0.65640938 0.65640896 0.6564092  0.65640981 0.65640956
 0.65640977 0.65640949 0.65640973 0.65641007 0.65640977 0.6564096
 0.65640952 0.65640892 0.65640926 0.65640933 0.65640915 0.65640901
 0.65640948 0.65641008 0.65641044 0.65641069 0.65641155 0.65641158
 0.65641164 0.65641158 0.6564116  0.65641158 0.65641167 0.65641161
 0.65641157 0.65641129 0.65641169 0.65641186 0.65641137 0.6564122
 0.65641212 0.65641253 0.65641228 0.65641248 0.65641288 0.65641269
 0.65641254 0.6564122  0.65641255 0.65641267 0.65641265 0.65641225
 0.6564118  0.65641181 0.65641142 0.65641135 0.6564115  0.65641085
 0.65641088 0.65641096 0.65641074 0.65641102 0.65641134 0.65641125
 0.65641079 0.6564115  0.6564115  0.65641208 0.65641252 0.6564121
 0.65641222 0.65641205 0.65641193 0.65641198 0.65641272 0.65641251
 0.65641308 0.6564131  0.65641336 0.65641292 0.65641274 0.65641315
 0.65641325 0.65641272 0.65641259 0.65641255 0.65641243 0.65641273
 0.65641259 0.65641204 0.65641199 0.65641208 0.65641152 0.65641172
 0.65641169 0.65641177 0.65641225 0.65641174 0.65641111 0.65641138
 0.65641161 0.65641141 0.65641179 0.65641073 0.65641022 0.65641044
 0.65641058 0.65641049 0.65641072 0.6564107  0.65641012 0.6564108
 0.65641059 0.65641052 0.65641027 0.65641017 0.65640987 0.65640979
 0.65640944 0.65640918 0.65640888 0.65640871 0.65640871 0.65640864
 0.65640858 0.65640853 0.65640851 0.656408   0.65640803 0.65640778
 0.65640743 0.65640797 0.65640789 0.65640792 0.65640777 0.65640763
 0.65640777 0.65640776 0.65640786 0.65640753 0.65640756 0.65640771
 0.6564078  0.65640821 0.65640833 0.6564081  0.6564079  0.65640742]
posterior_samples['z_uncertain_flat'] shape: (300, 4)
z_uncertain_samples shape: (300, 2, 2)
Script finished in 9 minutes and 50 seconds.
