hpc-node02
	Adding nVidia Cuda Toolkit 11.8
	Adding nVidia cuDNN 8.6 (.0.163)
	Adding nvtop
Fri Jun 21 04:50:17 2024       
+-----------------------------------------------------------------------------------------+
| NVIDIA-SMI 550.54.15              Driver Version: 550.54.15      CUDA Version: 12.4     |
|-----------------------------------------+------------------------+----------------------+
| GPU  Name                 Persistence-M | Bus-Id          Disp.A | Volatile Uncorr. ECC |
| Fan  Temp   Perf          Pwr:Usage/Cap |           Memory-Usage | GPU-Util  Compute M. |
|                                         |                        |               MIG M. |
|=========================================+========================+======================|
|   0  NVIDIA L40                     On  |   00000000:17:00.0 Off |                    0 |
| N/A   34C    P0             77W /  300W |     450MiB /  46068MiB |      0%      Default |
|                                         |                        |                  N/A |
+-----------------------------------------+------------------------+----------------------+
|   1  NVIDIA L40                     On  |   00000000:65:00.0 Off |                    0 |
| N/A   31C    P8             36W /  300W |       0MiB /  46068MiB |      0%      Default |
|                                         |                        |                  N/A |
+-----------------------------------------+------------------------+----------------------+
|   2  NVIDIA L40                     On  |   00000000:CA:00.0 Off |                    0 |
| N/A   34C    P0             70W /  300W |     450MiB /  46068MiB |      0%      Default |
|                                         |                        |                  N/A |
+-----------------------------------------+------------------------+----------------------+
|   3  NVIDIA L40                     On  |   00000000:E3:00.0 Off |                    0 |
| N/A   33C    P8             36W /  300W |       0MiB /  46068MiB |      0%      Default |
|                                         |                        |                  N/A |
+-----------------------------------------+------------------------+----------------------+
                                                                                         
+-----------------------------------------------------------------------------------------+
| Processes:                                                                              |
|  GPU   GI   CI        PID   Type   Process name                              GPU Memory |
|        ID   ID                                                               Usage      |
|=========================================================================================|
|    0   N/A  N/A     10668      C   python                                        442MiB |
|    2   N/A  N/A     10718      C   python                                        442MiB |
+-----------------------------------------------------------------------------------------+
Date              = Fri Jun 21 04:50:18 CEST 2024
Hostname          = hpc-node02
Working Directory = /local/294723
Number of nodes used        : 1
Number of MPI tasks         : 1
Number of threads           : 16
Number of MPI tasks per node: 1
Number of threads per core  : 
Name of nodes used          : hpc-node02
Gpu devices                 : 3
Starting worker: 
Xu_fixed:  [[0.         0.95006237]
 [0.         0.94521492]
 [0.         0.39422269]
 [0.         0.34238744]
 [0.         0.53206767]
 [0.42300447 0.        ]
 [0.37513696 0.        ]
 [0.51259359 0.        ]
 [0.54022212 0.        ]
 [0.25327558 0.        ]
 [1.         0.39326737]
 [1.         0.69942523]
 [1.         0.78878791]
 [1.         0.39758325]
 [1.         0.41364807]]
sigma_init_yu: 0.30152117107217413	sigma_init_yf: 0.4056464344871324	sigma_init: 0.3483601465670663
new_sigma_init_yu: 0.30152117107217413	new_sigma_init_yf: 0.02392480999624433	new_sigma_init: 0.19088368268070094
Xu_certain: [[0.12391166 0.78969496]
 [0.59892084 0.07747027]]
Xu_noise: [[0.13973494 0.87051473]
 [0.67564161 0.        ]]
Xu_noise shape: (2, 2)
adam
0.001000
1000
init params: ((Array([0.30152117], dtype=float64), Array([0.41648387, 0.38612027], dtype=float64)),)
param_iter: ((Array([0.44720687], dtype=float64), Array([0.1668357 , 0.72424806], dtype=float64)),)
start inference

                         mean       std    median      5.0%     95.0%     n_eff     r_hat
z_uncertain_flat[0]     -0.89      0.00     -0.89     -0.89     -0.89      2.73      2.11
z_uncertain_flat[1]     -1.38      0.00     -1.38     -1.38     -1.38     15.58      1.02
z_uncertain_flat[2]      1.00      0.00      1.00      1.00      1.00     41.24      1.03
z_uncertain_flat[3]      0.36      0.00      0.36      0.36      0.37     10.34      1.20

Number of divergences: 0
z_uncertain_samples[:, 1, 0] [0.99999844 0.99999958 0.99999929 0.99999964 1.00000032 0.99999981
 0.99999985 1.0000001  1.00000025 0.99999991 0.99999976 1.00000025
 1.00000001 1.00000001 0.9999999  1.00000001 0.99999997 0.99999963
 1.00000039 1.00000039 0.99999979 1.00000038 1.00000028 1.
 0.99999973 0.99999985 1.00000028 0.99999943 0.99999943 1.00000002
 0.99999995 1.00000008 0.99999963 0.99999994 1.00000013 1.00000029
 1.00000015 1.00000023 1.00000023 0.99999999 0.99999991 0.99999977
 1.00000052 0.99999975 0.99999991 1.00000049 1.00000003 1.00000003
 1.00000014 1.00000014 1.00000033 1.00000011 1.00000022 1.00000022
 1.00000022 1.00000039 1.00000027 1.00000027 1.00000018 0.99999967
 1.00000017 0.99999987 1.00000003 1.0000003  1.0000003  1.00000048
 0.99999989 1.00000014 1.00000034 0.99999977 1.00000038 0.9999998
 1.00000002 1.00000021 0.99999978 0.99999978 0.99999957 0.99999988
 0.99999988 0.99999977 0.99999977 0.99999995 0.99999995 1.00000064
 1.00000064 1.0000002  1.00000036 1.00000036 1.00000036 1.00000005
 1.00000008 0.99999974 0.99999974 0.99999974 1.00000027 1.00000027
 0.99999976 1.00000031 0.99999982 0.99999982]
posterior_samples['z_uncertain_flat'] shape: (100, 4)
z_uncertain_samples shape: (100, 2, 2)
Script finished in 6 minutes and 1 seconds.
