hpc-node02
	Adding nVidia Cuda Toolkit 11.8
	Adding nVidia cuDNN 8.6 (.0.163)
	Adding nvtop
Fri Jun 21 05:29:28 2024       
+-----------------------------------------------------------------------------------------+
| NVIDIA-SMI 550.54.15              Driver Version: 550.54.15      CUDA Version: 12.4     |
|-----------------------------------------+------------------------+----------------------+
| GPU  Name                 Persistence-M | Bus-Id          Disp.A | Volatile Uncorr. ECC |
| Fan  Temp   Perf          Pwr:Usage/Cap |           Memory-Usage | GPU-Util  Compute M. |
|                                         |                        |               MIG M. |
|=========================================+========================+======================|
|   0  NVIDIA L40                     On  |   00000000:17:00.0 Off |                    0 |
| N/A   32C    P8             35W /  300W |       0MiB /  46068MiB |      0%      Default |
|                                         |                        |                  N/A |
+-----------------------------------------+------------------------+----------------------+
|   1  NVIDIA L40                     On  |   00000000:65:00.0 Off |                    0 |
| N/A   31C    P8             36W /  300W |       0MiB /  46068MiB |      0%      Default |
|                                         |                        |                  N/A |
+-----------------------------------------+------------------------+----------------------+
|   2  NVIDIA L40                     On  |   00000000:CA:00.0 Off |                    0 |
| N/A   32C    P8             35W /  300W |       0MiB /  46068MiB |      0%      Default |
|                                         |                        |                  N/A |
+-----------------------------------------+------------------------+----------------------+
|   3  NVIDIA L40                     On  |   00000000:E3:00.0 Off |                    0 |
| N/A   33C    P8             35W /  300W |       0MiB /  46068MiB |      0%      Default |
|                                         |                        |                  N/A |
+-----------------------------------------+------------------------+----------------------+
                                                                                         
+-----------------------------------------------------------------------------------------+
| Processes:                                                                              |
|  GPU   GI   CI        PID   Type   Process name                              GPU Memory |
|        ID   ID                                                               Usage      |
|=========================================================================================|
|  No running processes found                                                             |
+-----------------------------------------------------------------------------------------+
Date              = Fri Jun 21 05:29:29 CEST 2024
Hostname          = hpc-node02
Working Directory = /local/294742
Number of nodes used        : 1
Number of MPI tasks         : 1
Number of threads           : 16
Number of MPI tasks per node: 1
Number of threads per core  : 
Name of nodes used          : hpc-node02
Gpu devices                 : 0
Starting worker: 
Xu_fixed:  [[0.         0.95006237]
 [0.         0.94521492]
 [0.         0.39422269]
 [0.         0.34238744]
 [0.         0.53206767]
 [0.42300447 0.        ]
 [0.37513696 0.        ]
 [0.51259359 0.        ]
 [0.54022212 0.        ]
 [0.25327558 0.        ]
 [1.         0.39326737]
 [1.         0.69942523]
 [1.         0.78878791]
 [1.         0.39758325]
 [1.         0.41364807]]
sigma_init_yu: 0.3447976501256937	sigma_init_yf: 16.88708019124114	sigma_init: 10.396454416227668
new_sigma_init_yu: 0.3447976501256937	new_sigma_init_yf: 0.922669455233789	new_sigma_init: 0.8674089833820364
Xu_certain: [[0.12391166 0.78969496]
 [0.59892084 0.07747027]]
Xu_noise: [[0.13973494 0.87051473]
 [0.67564161 0.        ]]
Xu_noise shape: (2, 2)
adam
0.001000
1000
init params: ((Array([0.34479765], dtype=float64), Array([0.41648387, 0.38612027], dtype=float64)),)
param_iter: ((Array([0.27505656], dtype=float64), Array([0.10421895, 0.89804465], dtype=float64)),)
start inference

                         mean       std    median      5.0%     95.0%     n_eff     r_hat
z_uncertain_flat[0]     -1.23      0.00     -1.23     -1.24     -1.23     16.56      1.00
z_uncertain_flat[1]     -2.01      0.00     -2.01     -2.01     -2.01     12.39      1.07
z_uncertain_flat[2]      1.00      0.00      1.00      1.00      1.00     18.03      1.11
z_uncertain_flat[3]      0.06      0.02      0.06      0.05      0.07      7.53      1.28

Number of divergences: 65
z_uncertain_samples[:, 1, 0] [0.9988782  0.998652   0.99874435 0.9988519  0.99871869 0.99883162
 0.99897513 0.99930186 0.99950734 0.99952116 0.99960956 0.99960711
 0.99960278 0.99965126 0.99965358 0.99961013 0.99971582 0.99971582
 0.99969469 0.99969469 0.99973266 0.999716   0.999716   0.99970917
 0.9997364  0.9997364  0.9997364  0.9997319  0.9997319  0.99975425
 0.99969992 0.99972844 0.99972844 0.99972844 0.99972844 0.99972844
 0.99972844 0.99972524 0.99972524 0.99973278 0.99973278 0.99973778
 0.99972349 0.99969046 0.99968142 0.99968562 0.99967062 0.99967062
 0.99969557 0.99969557 0.99969557 0.99970163 0.99970797 0.99969844
 0.99969844 0.99970302 0.99969959 0.99969959 0.99969959 0.99971865
 0.99971865 0.99971865 0.99971582 0.99972539 0.99972539 0.99972539
 0.99969702 0.99973838 0.99973523 0.99972716 0.99972685 0.99969244
 0.9997534  0.9997534  0.99975966 0.9997431  0.99974664 0.99974664
 0.9997402  0.9997402  0.9997402  0.99973318 0.99973318 0.99973318
 0.99974951 0.9997105  0.99970781 0.99974751 0.99974979 0.99973659
 0.99972477 0.99973001 0.99973121 0.99972892 0.99972566 0.99972566
 0.99972816 0.99971941 0.99971941 0.99971941 0.99971486 0.99971486
 0.99971486 0.99971022 0.99969995 0.99973566 0.99973566 0.99971499
 0.99971499 0.99972526 0.99974248 0.99974248 0.9997307  0.99972685
 0.99972685 0.99972685 0.99972685 0.99972685 0.99972685 0.99970515
 0.99970515 0.9997477  0.9997477  0.9997477  0.9997477  0.99973116
 0.99973116 0.99974219 0.99973205 0.99973205 0.99970376 0.99971082
 0.99974088 0.99974088 0.99974401 0.99975332 0.9997257  0.9997257
 0.9997283  0.99972041 0.99973055 0.99973511 0.99973606 0.99973675
 0.99973503 0.9997205  0.9997205  0.9997205  0.99971273 0.99971273
 0.9997319  0.9997319  0.9997319  0.99972771 0.99972771 0.99972771
 0.99972771 0.99972771 0.99972771 0.99972771 0.99974308 0.9997489
 0.99973686 0.99975148 0.99975148 0.99975148 0.99974159 0.99973187
 0.99973187 0.99974771 0.99974771 0.99974771 0.99974771 0.99974771
 0.99972241 0.99972241 0.99973642 0.99973642 0.99972611 0.99972993
 0.99972993 0.99974885 0.99970805 0.99973085 0.99973085 0.99971361
 0.99972771 0.99972404 0.99973491 0.99973491 0.99975985 0.99974237
 0.99974237 0.99974237 0.99974237 0.99975796 0.99975796 0.99975796
 0.99975469 0.99975469 0.99975469 0.99975469 0.99975469 0.99975469
 0.99974375 0.99976089 0.99976089 0.99976089 0.99976089 0.99976089
 0.99974785 0.99974785 0.99974229 0.99974229 0.99975915 0.99975915
 0.99976743 0.99976743 0.99976743 0.9997605  0.99975948 0.99975948
 0.99976841 0.99976719 0.99976719 0.99976719 0.99975918 0.99974775
 0.99975703 0.99975369 0.99975369 0.99975369 0.99976902 0.99976902
 0.99977071 0.99977071 0.99977071 0.99977071 0.9997485  0.99974666
 0.99974666 0.99977021 0.99977224 0.99977339 0.99975074 0.99975685
 0.99973236 0.99973236 0.99973236 0.99978483 0.99973214 0.99977673
 0.9997448  0.9997448  0.9997448  0.9997448  0.9997448  0.9997448
 0.9997448  0.99975854 0.99975738 0.99974604 0.99976111 0.99976111
 0.9997695  0.99974727 0.99977251 0.9997533  0.9997533  0.99976667
 0.99976667 0.99975447 0.9997762  0.99976593 0.99976593 0.99976593
 0.99976593 0.99976593 0.99978159 0.99978159 0.99978159 0.99978159
 0.99976548 0.99976655 0.99976318 0.99976318 0.99978093 0.99978093
 0.99978093 0.99978093 0.99978093 0.99976527 0.99978625 0.9997579
 0.99978512 0.99978512 0.99977767 0.99977767 0.99977767 0.99977767
 0.99977767 0.99977767 0.99977767 0.99977767 0.99977767 0.99978284
 0.99978284 0.99978284 0.99978284 0.99978284 0.99978284 0.99978284
 0.99976718 0.99976718 0.99976718 0.99977317 0.99977317 0.99977317
 0.99977317 0.99977582 0.99978068 0.99978068 0.9997898  0.9997898
 0.99975898 0.99975898 0.99975898 0.99975898 0.99975898 0.99975898
 0.99975898 0.99975898 0.99978666 0.99977218 0.99977218 0.99976388
 0.99977805 0.99975588 0.99978762 0.99977524 0.99977524 0.99977524
 0.99977524 0.99978557 0.99978557 0.99978557 0.99977073 0.99977073
 0.99977916 0.99977907 0.99978052 0.99978052 0.99976979 0.99976979
 0.99976979 0.99976979 0.99976979 0.99976979 0.99976979 0.99976698
 0.99976698 0.99977582 0.99978219 0.99978219 0.99978219 0.99978656
 0.99978656 0.99978566 0.999795   0.999795   0.999795   0.999795
 0.99978444 0.99978444 0.99978444 0.99978444 0.99978122 0.99979542
 0.99979542 0.99979542 0.99978063 0.99978063 0.99980412 0.99980412
 0.99980412 0.99980412 0.99980412 0.99980412 0.99980412 0.99980412
 0.99980412 0.99980412 0.99980412 0.99976258 0.99976258 0.99976258
 0.99976258 0.99976258 0.99976258 0.99976258 0.99976258 0.99976258
 0.99976258 0.99976258 0.99976258 0.99976258 0.99976258 0.99976258
 0.99976258 0.99976258 0.99976258 0.99976258 0.99976258 0.99976258
 0.99976258 0.99976258 0.99976258 0.99976258 0.99976258 0.99981393
 0.99981393 0.99981393 0.99981393 0.99981393 0.99981393 0.99981393
 0.99981393 0.99981393 0.99981393 0.99975397 0.99975397 0.99975397
 0.99979938 0.99979938 0.99979938 0.99979938 0.99979938 0.99979938
 0.99979938 0.99979938 0.99977574 0.99977574 0.99976641 0.99976641
 0.99979007 0.99977727 0.99977727 0.99977727 0.99978716 0.99978716
 0.99978716 0.99978716 0.99978716 0.99978716 0.99978716 0.99978716
 0.99978716 0.99978716 0.99978716 0.99978293 0.99978293 0.99978293
 0.99978293 0.9998021  0.9998021  0.9998021  0.9998021  0.9998021
 0.9998021  0.9997763  0.99978326 0.99978326 0.99978326 0.99978326
 0.99978326 0.99978326 0.99978326 0.99978326 0.99977714 0.99977714
 0.99977714 0.99977714 0.99977714 0.99977714 0.99979263 0.99979263
 0.99979069 0.99979333 0.99979772 0.99979772 0.99979772 0.99979772
 0.99979772 0.99979772 0.99979772 0.99979632 0.9997797  0.9997797
 0.99980009 0.99980009]
posterior_samples['z_uncertain_flat'] shape: (500, 4)
z_uncertain_samples shape: (500, 2, 2)
Script finished in 5 minutes and 41 seconds.
