hpc-node01
	Adding nVidia Cuda Toolkit 11.8
	Adding nVidia cuDNN 8.6 (.0.163)
	Adding nvtop
Fri Jun 21 09:20:01 2024       
+-----------------------------------------------------------------------------------------+
| NVIDIA-SMI 550.54.15              Driver Version: 550.54.15      CUDA Version: 12.4     |
|-----------------------------------------+------------------------+----------------------+
| GPU  Name                 Persistence-M | Bus-Id          Disp.A | Volatile Uncorr. ECC |
| Fan  Temp   Perf          Pwr:Usage/Cap |           Memory-Usage | GPU-Util  Compute M. |
|                                         |                        |               MIG M. |
|=========================================+========================+======================|
|   0  NVIDIA L40                     On  |   00000000:17:00.0 Off |                    0 |
| N/A   32C    P8             35W /  300W |       0MiB /  46068MiB |      0%      Default |
|                                         |                        |                  N/A |
+-----------------------------------------+------------------------+----------------------+
|   1  NVIDIA L40                     On  |   00000000:65:00.0 Off |                    0 |
| N/A   37C    P0             80W /  300W |     526MiB /  46068MiB |      4%      Default |
|                                         |                        |                  N/A |
+-----------------------------------------+------------------------+----------------------+
|   2  NVIDIA L40                     On  |   00000000:CA:00.0 Off |                    0 |
| N/A   40C    P0             88W /  300W |     690MiB /  46068MiB |     72%      Default |
|                                         |                        |                  N/A |
+-----------------------------------------+------------------------+----------------------+
|   3  NVIDIA L40                     On  |   00000000:E3:00.0 Off |                    0 |
| N/A   33C    P8             35W /  300W |       0MiB /  46068MiB |      0%      Default |
|                                         |                        |                  N/A |
+-----------------------------------------+------------------------+----------------------+
                                                                                         
+-----------------------------------------------------------------------------------------+
| Processes:                                                                              |
|  GPU   GI   CI        PID   Type   Process name                              GPU Memory |
|        ID   ID                                                               Usage      |
|=========================================================================================|
|    1   N/A  N/A     58899      C   python                                        518MiB |
|    2   N/A  N/A     58600      C   python                                        682MiB |
+-----------------------------------------------------------------------------------------+
Date              = Fri Jun 21 09:20:02 CEST 2024
Hostname          = hpc-node01
Working Directory = /local/294797
Number of nodes used        : 1
Number of MPI tasks         : 1
Number of threads           : 16
Number of MPI tasks per node: 1
Number of threads per core  : 
Name of nodes used          : hpc-node01
Gpu devices                 : 0
Starting worker: 
Xu_fixed:  [[0.         0.18370448]
 [0.         0.35350201]
 [0.         0.59804408]
 [0.         0.59988955]
 [0.         0.15923625]
 [0.         0.00628557]
 [0.         0.68970547]
 [0.         0.88314329]
 [0.         0.32744701]
 [0.         0.06530783]
 [0.         0.43758137]
 [0.         0.41816273]
 [0.         0.84531952]
 [0.         0.37618536]
 [0.         0.00228463]
 [0.42300447 0.        ]
 [0.37513696 0.        ]
 [0.51259359 0.        ]
 [0.54022212 0.        ]
 [0.25327558 0.        ]
 [1.         0.57254519]
 [1.         0.36391689]
 [1.         0.54563921]
 [1.         0.70313472]
 [1.         0.83202349]
 [1.         0.61864101]
 [1.         0.48009388]
 [1.         0.89047637]
 [1.         0.73822542]
 [1.         0.42158473]
 [1.         0.71855937]
 [1.         0.93154112]
 [1.         0.17918464]
 [1.         0.45016916]
 [1.         0.17978627]]
sigma_init_yu: 0.30821690729703105	sigma_init_yf: 0.3888457112697405	sigma_init: 0.36028375186039774
new_sigma_init_yu: 0.30821690729703105	new_sigma_init_yf: 0.041705468135263615	new_sigma_init: 0.1366626125257795
Xu_certain: [[0.12391166 0.78969496]
 [0.59892084 0.07747027]]
Xu_noise: [[0.13973494 0.87051473]
 [0.67564161 0.        ]]
Xu_noise shape: (2, 2)
adam
0.001000
1000
init params: ((Array([0.30821691], dtype=float64), Array([0.46188341, 0.34516369], dtype=float64)),)
param_iter: ((Array([0.44709868], dtype=float64), Array([0.13204616, 0.24606263], dtype=float64)),)
start inference

                         mean       std    median      5.0%     95.0%     n_eff     r_hat
z_uncertain_flat[0]     -0.68      0.00     -0.68     -0.68     -0.68      3.60      1.61
z_uncertain_flat[1]     -0.91      0.00     -0.91     -0.91     -0.91      3.40      1.72
z_uncertain_flat[2]      0.97      0.00      0.97      0.97      0.97      7.80      1.01
z_uncertain_flat[3]     -0.96      0.00     -0.96     -0.96     -0.96     13.49      1.03

Number of divergences: 142
z_uncertain_samples[:, 1, 0] [0.96760582 0.96760579 0.9676062  0.96760551 0.96760169 0.96760518
 0.96760388 0.96760568 0.96760462 0.96760479 0.96760545 0.96760295
 0.96760278 0.96760258 0.96759735 0.96759294 0.96759294 0.96759354
 0.96759161 0.96759018 0.96759045 0.96759164 0.96759119 0.96759292
 0.96759338 0.96759553 0.96759356 0.96758921 0.96758989 0.9675944
 0.96758884 0.96758866 0.96758897 0.9675861  0.967587   0.9675874
 0.96758736 0.96758734 0.96758755 0.96759386 0.96759342 0.96759408
 0.96759499 0.96759396 0.96759302 0.96759237 0.96759421 0.96759396
 0.96759464 0.96759126 0.9675918  0.9675925  0.96759045 0.96758975
 0.96759281 0.96759271 0.96759033 0.96759015 0.96759524 0.96759598
 0.96759676 0.96759551 0.96759548 0.96759704 0.96759521 0.96759692
 0.9675984  0.96759864 0.96759906 0.96760075 0.96760121 0.96760011
 0.96759397 0.96759095 0.96759107 0.96759114 0.96759148 0.96759175
 0.96759122 0.96759479 0.96759392 0.96758796 0.96758527 0.96758545
 0.96758579 0.96758831 0.96758829 0.96758714 0.9675844  0.96758687
 0.96759309 0.96759053 0.96759274 0.96758979 0.96759051 0.96759319
 0.96759007 0.96758837 0.96758749 0.96758559 0.96758907 0.96758976
 0.96758788 0.96758738 0.96759226 0.96759839 0.967604   0.96760089
 0.96760518 0.96760537 0.96760555 0.96760492 0.96760514 0.96760493
 0.96760583 0.96760564 0.96760523 0.96760237 0.9676039  0.96760572
 0.96760063 0.96760521 0.96760443 0.96760864 0.96760606 0.96760807
 0.96760713 0.96760381 0.9676029  0.96760036 0.96760367 0.96760481
 0.96760494 0.96760078 0.96759711 0.96759726 0.9675932  0.96759249
 0.9675927  0.96759382 0.96759389 0.96759382 0.96759154 0.96759439
 0.96759773 0.96759714 0.96759672 0.96759718 0.96759718 0.96759881
 0.96759828 0.9675992  0.96759635 0.96759614 0.96759592 0.96759618
 0.96759879 0.96759831 0.96759782 0.96759792 0.96759967 0.96759736
 0.96759552 0.96759978 0.96760084 0.96759846 0.96759718 0.96759676
 0.96759551 0.96759661 0.96759741 0.96759175 0.96759268 0.96759356
 0.9675879  0.9675885  0.96758819 0.96758904 0.96759286 0.96758769
 0.96758117 0.96758403 0.96758328 0.9675813  0.96758516 0.96757431
 0.9675691  0.9675713  0.96757345 0.9675744  0.96757672 0.96757658
 0.96756932 0.96757624 0.96757406 0.96757452 0.96757368 0.96757257
 0.96756955 0.96756872 0.96756654 0.96756387 0.96756075 0.96755906
 0.96755906 0.96755833 0.96755775 0.96755717 0.96755701 0.96755178
 0.96755205 0.96754952 0.96754588 0.96754877 0.96754865 0.96754833
 0.96754681 0.96754673 0.96754762 0.96754765 0.96754874 0.96754812
 0.96754824 0.9675479  0.96754887 0.96754825 0.96754724 0.96754235
 0.96754037 0.9675412  0.96754264 0.96754441 0.96754364 0.96754236
 0.96754212 0.96754833 0.96754925 0.96754939 0.96754254 0.96753874
 0.967536   0.96753673 0.96753679 0.9675362  0.96753598 0.96754104
 0.96754068 0.96753681 0.96753679 0.9675368  0.96753737 0.96753887
 0.96753902 0.96753971 0.96754415 0.96754426 0.96754712 0.9675457
 0.96754536 0.96754301 0.96754134 0.96754153 0.96754194 0.96754253
 0.96754632 0.96754668 0.96755071 0.96754877 0.96754964 0.96754989
 0.96754867 0.9675466  0.96754282 0.96754265 0.96754079 0.96753892
 0.96753956 0.96754251 0.96754388 0.96754394 0.96754382 0.96755276
 0.96755696 0.96755247 0.9675549  0.96755599 0.96755695 0.96755673
 0.96755684 0.96755484 0.96755779 0.96756018 0.96755919 0.96755976
 0.96755995 0.96755684 0.96755746 0.96755752 0.96755919 0.96755946
 0.96755876 0.96755971 0.96755971 0.96756134 0.96756142 0.96756323
 0.96755807 0.967561   0.96755453 0.96755339 0.96755259 0.96755123
 0.96755274 0.96754837 0.96754927 0.96754904 0.96755636 0.96755771
 0.96755835 0.96756916 0.96756962 0.96756852 0.9675681  0.9675682
 0.96757028 0.96757013 0.96756906 0.96756949 0.96757076 0.96756139
 0.96755804 0.96755632 0.96755637 0.96755866 0.96755897 0.96756106
 0.96756149 0.96755971 0.96756164 0.9675619  0.96756064 0.96756139
 0.96755969 0.96755597 0.96755664 0.96755484 0.96755334 0.96755548
 0.96755659 0.96755378 0.96755192 0.96755346 0.96755187 0.96755233
 0.96755239 0.96755182 0.96755285 0.96755405 0.96755755 0.96755683
 0.96755696 0.96755881 0.96755719 0.96755842 0.96755564 0.96755717
 0.96755708 0.96755932 0.96755653 0.96755394 0.96755513 0.96755542
 0.96755529 0.96755559 0.96755628 0.96755456 0.96755371 0.96755345
 0.96755307 0.96755402 0.96755773 0.96755843 0.96756077 0.96756102
 0.96756005 0.96755941 0.96755973 0.96755975 0.96755905 0.96755504
 0.96755762 0.96757215 0.96757231 0.96757573 0.96757564 0.96757529
 0.9675753  0.96757732 0.9675774  0.9675786  0.96757818 0.967572
 0.96756628 0.96756591 0.96756532 0.9675662  0.96756798 0.96756834
 0.96756659 0.96756738 0.9675644  0.96756204 0.9675654  0.96756593
 0.96756848 0.96756865 0.96756823 0.96756787 0.96756839 0.9675709
 0.96756997 0.96757622 0.96757897 0.96758021 0.96757844 0.9675773
 0.96757518 0.96757481 0.96757519 0.9675755  0.96757555 0.96757495
 0.96757446 0.9675745  0.96757466 0.9675758  0.9675745  0.9675772
 0.96757822 0.96757795 0.96757793 0.96757798 0.9675779  0.96758023
 0.9675793  0.96757533 0.96757701 0.96757878 0.96757894 0.96757911
 0.96757678 0.96757356 0.96757273 0.96757019 0.96756871 0.96757142
 0.96757407 0.96757203 0.96757092 0.96757183 0.96757082 0.96756772
 0.96757135 0.9675692  0.96757084 0.9675718  0.9675741  0.96757232
 0.96758072 0.96757733 0.96757818 0.96757461 0.96757497 0.96757658
 0.96758492 0.9675844  0.96759322 0.96759491 0.96759467 0.96759412
 0.96759487 0.96759485 0.96759536 0.96759311 0.96759438 0.96759314
 0.96759352 0.9675925  0.96759246 0.96758961 0.9675913  0.96759189
 0.96759348 0.96759449 0.96759118 0.96759652 0.9675966  0.96758831
 0.96758859 0.96758866 0.96759069 0.96759064 0.96759047 0.9675904
 0.9675904  0.96759039 0.96759222 0.96759226 0.96758601 0.967592
 0.96758923 0.96758952 0.96758787 0.96758773 0.96758579 0.96758802
 0.96758895 0.96758929 0.96759082 0.96759183 0.96758979 0.96758495
 0.96758851 0.96759075 0.9675893  0.96758859 0.96758367 0.96758426
 0.96759261 0.96759222 0.96759038 0.967594   0.96759775 0.96759693
 0.96759564 0.96759479 0.96759643 0.96759727 0.96759675 0.96759661
 0.96759478 0.96759394 0.96758928 0.96759057 0.96759027 0.96758972
 0.96759066 0.96758896 0.96758938 0.96758967 0.96758978 0.96758971
 0.96758773 0.96758676 0.96759054 0.96759147 0.96760079 0.96759849
 0.96759469 0.96759459 0.96759287 0.96759369 0.96759421 0.96759578
 0.96759473 0.9675961  0.96759442 0.96759424 0.96759242 0.96759235
 0.96759182 0.96759366 0.96759318 0.96759246 0.9675913  0.96759116
 0.96759484 0.96759556 0.96759519 0.96759475 0.9675926  0.96759366
 0.96759237 0.96759268 0.96759501 0.96759419 0.96759326 0.96759611
 0.96759617 0.96759775 0.96759755 0.96759511 0.96759939 0.96760247
 0.96760237 0.96760219 0.96760234 0.96760201 0.96760476 0.96760675
 0.96760696 0.96760666 0.96760734 0.96760693 0.9676082  0.96760593
 0.96760552 0.9676066  0.96760625 0.96760688 0.96760565 0.96760414
 0.96760447 0.96760574 0.96760279 0.9676051  0.96760352 0.9676042
 0.96760501 0.96760279 0.96760437 0.96760454 0.96760428 0.96760535
 0.96760632 0.96760888 0.96760663 0.96760558 0.96760465 0.96760393
 0.96760241 0.96759946 0.9675996  0.96759962 0.96759923 0.967598
 0.9675981  0.96759679 0.96759519 0.96759723 0.96759601 0.96759642
 0.96759564 0.96759394 0.96759487 0.96759548 0.96759704 0.96759358
 0.96759414 0.96758998 0.96759152 0.96758987 0.9675875  0.96758618
 0.96758747 0.96759002 0.96759002 0.96759239 0.96759849 0.96759671
 0.96759343 0.96759763 0.967602   0.96760195 0.96760527 0.96760482
 0.96760429 0.9676053  0.96760179 0.96760358 0.96760274 0.96760191
 0.96760111 0.96759909 0.96759656 0.96759458 0.96758959 0.96758807
 0.96758771 0.9675866  0.96758663 0.96758711 0.9675872  0.96758773
 0.96758734 0.967588   0.96758809 0.96758863 0.9675879  0.96759181
 0.967592   0.96759252 0.9675908  0.96758989 0.96759067 0.96758779
 0.96758776 0.96758574 0.96758696 0.96758632 0.96758468 0.96758459
 0.96758513 0.96758483 0.9675849  0.96758439 0.9675835  0.96758348
 0.96758515 0.96758232 0.9675789  0.96757927 0.96758006 0.96757955
 0.96758006 0.96758266 0.96757881 0.96757961 0.96758237 0.96758231
 0.96758634 0.96758421 0.9675782  0.96757623 0.96757611 0.96757662
 0.96757484 0.96757504 0.9675752  0.96757059 0.96756567 0.96756611
 0.96756283 0.96755976 0.96755982 0.96756309 0.96756204 0.9675624
 0.96756278 0.96756193 0.96755857 0.96755903 0.96756044 0.96756103
 0.96756144 0.96756102 0.96756196 0.96756046 0.96756278 0.96756286
 0.96756256 0.96756248 0.96756375 0.9675641  0.96756194 0.96756913
 0.96757225 0.96757055 0.96757059 0.96756794 0.96756841 0.96756441
 0.96756454 0.96756448 0.96757029 0.96757078 0.96756956 0.96757022
 0.96756973 0.96757175 0.96757161 0.9675708  0.96757087 0.96756645
 0.96756629 0.96756565 0.96756584 0.96756552 0.9675658  0.9675648
 0.96756713 0.96756819 0.96756813 0.96756826 0.96756904 0.96757403
 0.96757497 0.9675806  0.96758128 0.96758042 0.96758471 0.9675789
 0.96757893 0.96757825 0.96757857 0.9675783  0.96758063 0.96758137
 0.96758123 0.96758066 0.96758083 0.96758084 0.96757446 0.96757446
 0.96757433 0.96757494 0.96757465 0.96757481 0.96757598 0.96757377
 0.96757331 0.96757373 0.9675755  0.9675746  0.96757418 0.96757662
 0.96757573 0.96757426 0.96757449 0.96757388 0.96757477 0.96758014
 0.96758047 0.96758575 0.96758644 0.96758413 0.96758363 0.96758369
 0.96758387 0.9675862  0.96758124 0.96758285 0.96757803 0.96757655
 0.96757675 0.96757768 0.96757768 0.96758164 0.96758138 0.96758077
 0.96758002 0.96757904 0.96757701 0.9675761  0.96757568 0.96757547
 0.96757859 0.96758015 0.96757925 0.96758226 0.96758208 0.96757739
 0.96757679 0.96757776 0.9675774  0.96757762 0.96757703 0.96757706
 0.96757787 0.9675773  0.96757688 0.96757095 0.96757257 0.96757426
 0.9675747  0.96757281 0.96757262 0.96757155 0.96757262 0.96757336
 0.96757282 0.96757441 0.96757442 0.96757502 0.96757398 0.96757326
 0.96757308 0.96756787 0.96756584 0.96756547 0.96756383 0.96756449
 0.96756538 0.96755761 0.96754929 0.96755423 0.96755367 0.96755763
 0.96755546 0.96755096 0.96755199 0.96755434 0.96755267 0.96755299
 0.96755373 0.96755326 0.96755539 0.96755094 0.96755182 0.9675525
 0.9675525  0.96755333 0.96755305 0.96755031 0.96755054 0.96755062
 0.96755333 0.96755347 0.96755645 0.96755122 0.96755089 0.96754754
 0.96754707 0.96754472 0.9675446  0.96754379 0.96754309 0.96754204
 0.96754332 0.96754491 0.96754462 0.96754425 0.96754594 0.96755507
 0.96755463 0.96756077 0.96755877 0.9675623  0.9675661  0.96756436
 0.96756413 0.96756399 0.96756405 0.96756251 0.96756303 0.96756337
 0.96756414 0.96756355 0.9675631  0.96756326 0.96756312 0.9675609
 0.96756144 0.96756119 0.96756171 0.96756045 0.96756312 0.96756134
 0.96755965 0.9675638  0.96755963 0.96755678 0.96755804 0.96756006
 0.96756016 0.96756507 0.96756062 0.96755871 0.9675581  0.96755553
 0.96755354 0.96755515 0.96755482 0.96755583 0.96755097 0.96755591
 0.96755775 0.96755691 0.96755658 0.9675567  0.96755789 0.96756224
 0.96756134 0.96756122 0.96756029 0.96755968 0.96756224 0.967562
 0.96756234 0.96756064 0.96755881 0.9675552  0.96755437 0.96755545
 0.96755552 0.96755431 0.96755624 0.96755589 0.96755419 0.96755415
 0.96755446 0.96755261 0.96755582 0.96755816 0.9675558  0.96755578
 0.96755149 0.96755259 0.96755373 0.9675539 ]
posterior_samples['z_uncertain_flat'] shape: (1000, 4)
z_uncertain_samples shape: (1000, 2, 2)
Script finished in 24 minutes and 4 seconds.
