hpc-node01
	Adding nVidia Cuda Toolkit 11.8
	Adding nVidia cuDNN 8.6 (.0.163)
	Adding nvtop
Fri Jun 21 04:25:58 2024       
+-----------------------------------------------------------------------------------------+
| NVIDIA-SMI 550.54.15              Driver Version: 550.54.15      CUDA Version: 12.4     |
|-----------------------------------------+------------------------+----------------------+
| GPU  Name                 Persistence-M | Bus-Id          Disp.A | Volatile Uncorr. ECC |
| Fan  Temp   Perf          Pwr:Usage/Cap |           Memory-Usage | GPU-Util  Compute M. |
|                                         |                        |               MIG M. |
|=========================================+========================+======================|
|   0  NVIDIA L40                     On  |   00000000:17:00.0 Off |                    0 |
| N/A   29C    P8             24W /  300W |       0MiB /  46068MiB |      0%      Default |
|                                         |                        |                  N/A |
+-----------------------------------------+------------------------+----------------------+
|   1  NVIDIA L40                     On  |   00000000:65:00.0 Off |                    0 |
| N/A   28C    P8             23W /  300W |       0MiB /  46068MiB |      0%      Default |
|                                         |                        |                  N/A |
+-----------------------------------------+------------------------+----------------------+
|   2  NVIDIA L40                     On  |   00000000:CA:00.0 Off |                    0 |
| N/A   29C    P8             24W /  300W |       0MiB /  46068MiB |      0%      Default |
|                                         |                        |                  N/A |
+-----------------------------------------+------------------------+----------------------+
|   3  NVIDIA L40                     On  |   00000000:E3:00.0 Off |                    0 |
| N/A   33C    P8             35W /  300W |       0MiB /  46068MiB |      0%      Default |
|                                         |                        |                  N/A |
+-----------------------------------------+------------------------+----------------------+
                                                                                         
+-----------------------------------------------------------------------------------------+
| Processes:                                                                              |
|  GPU   GI   CI        PID   Type   Process name                              GPU Memory |
|        ID   ID                                                               Usage      |
|=========================================================================================|
|  No running processes found                                                             |
+-----------------------------------------------------------------------------------------+
Date              = Fri Jun 21 04:25:58 CEST 2024
Hostname          = hpc-node01
Working Directory = /local/294698
Number of nodes used        : 1
Number of MPI tasks         : 1
Number of threads           : 16
Number of MPI tasks per node: 1
Number of threads per core  : 
Name of nodes used          : hpc-node01
Gpu devices                 : 2
Starting worker: 
Xu_fixed:  [[0.         0.95006237]
 [0.         0.94521492]
 [0.         0.39422269]
 [0.         0.34238744]
 [0.         0.53206767]
 [0.42300447 0.        ]
 [0.37513696 0.        ]
 [0.51259359 0.        ]
 [0.54022212 0.        ]
 [0.25327558 0.        ]
 [1.         0.39326737]
 [1.         0.69942523]
 [1.         0.78878791]
 [1.         0.39758325]
 [1.         0.41364807]]
sigma_init_yu: 0.3447976501256937	sigma_init_yf: 16.379164911764676	sigma_init: 12.195689019371615
new_sigma_init_yu: 0.3447976501256937	new_sigma_init_yf: 0.5401175357031807	new_sigma_init: 0.5318679414008
Xu_certain: [[0.12391166 0.78969496]
 [0.59892084 0.07747027]]
Xu_noise: [[0.13973494 0.87051473]
 [0.67564161 0.        ]]
Xu_noise shape: (2, 2)
adam
0.001000
1000
init params: ((Array([0.34479765], dtype=float64), Array([0.40953922, 0.3606602 ], dtype=float64)),)
param_iter: ((Array([0.56430075], dtype=float64), Array([0.1754311 , 0.23770111], dtype=float64)),)
start inference

                         mean       std    median      5.0%     95.0%     n_eff     r_hat
z_uncertain_flat[0]     -0.97      0.00     -0.97     -0.97     -0.97      6.05      1.22
z_uncertain_flat[1]      0.12      0.00      0.12      0.12      0.12      3.32      1.72
z_uncertain_flat[2]      0.25      0.00      0.25      0.25      0.25     59.22      1.06
z_uncertain_flat[3]     -0.00      0.00     -0.00     -0.00     -0.00    172.67      1.02

Number of divergences: 51
z_uncertain_samples[:, 1, 0] [0.25421713 0.25421693 0.25418077 0.25411828 0.25394293 0.25389429
 0.25389184 0.25392886 0.25383205 0.2538135  0.25378995 0.25379197
 0.25379017 0.25376905 0.25376905 0.25377005 0.2537733  0.25377351
 0.25377403 0.25378165 0.25378193 0.25377297 0.25377327 0.2537754
 0.25376734 0.25377041 0.25377347 0.25376863 0.2537706  0.25375754
 0.25375614 0.25375577 0.2537549  0.2537549  0.2537542  0.2537542
 0.25375306 0.25375297 0.25375297 0.25375046 0.25375111 0.2537508
 0.2537508  0.25375051 0.25374956 0.25374956 0.25374892 0.25374881
 0.25374881 0.25374548 0.25374548 0.25374548 0.25374702 0.25374749
 0.25374844 0.25374844 0.25374844 0.25374846 0.25374846 0.25374791
 0.25374791 0.25374865 0.25374863 0.25374863 0.25374823 0.25374903
 0.25375014 0.25375117 0.25375117 0.25375117 0.25375092 0.25374835
 0.25374958 0.25374958 0.25374966 0.25374993 0.25375035 0.25375043
 0.25375043 0.25375043 0.25375002 0.25374918 0.25374985 0.25374976
 0.25374939 0.25374897 0.25374897 0.25374979 0.25374817 0.25374721
 0.25374721 0.25374644 0.2537471  0.25374794 0.25374794 0.25374733
 0.25374733 0.25374858 0.25374858 0.25375064 0.25375154 0.25375185
 0.25375224 0.25375293 0.25375293 0.25375293 0.2537518  0.2537553
 0.25375658 0.25375658 0.25375658 0.25375636 0.25375636 0.25375644
 0.25375475 0.25375475 0.25375406 0.25375344 0.25375456 0.2537535
 0.2537543  0.25375254 0.25375254 0.25375377 0.25375326 0.25375854
 0.25375854 0.25375775 0.25375931 0.25375931 0.25375931 0.25375958
 0.25375966 0.25376048 0.25376048 0.25377889 0.25378375 0.25377991
 0.25377518 0.25377518 0.25377518 0.25376782 0.25376696 0.25376843
 0.25376962 0.25376997 0.25376866 0.25376758 0.25376757 0.25375579
 0.25375579 0.25375579 0.25375806 0.25375749 0.25375749 0.25375749
 0.25376542 0.25376542 0.25375104 0.25375103 0.25375144 0.25375235
 0.25375278 0.25375831 0.2537585  0.25375932 0.2537607  0.2537609
 0.25376013 0.25376928 0.25376878 0.25377061 0.25377061 0.25377029
 0.25377138 0.25377138 0.25377081 0.25378153 0.25376312 0.25376312
 0.25376312 0.25376312 0.25376312 0.25376312 0.2537614  0.2537614
 0.25376327 0.25376273 0.25376235 0.2537779  0.2537779  0.25377742
 0.25377742 0.25377856 0.25377779 0.25378145 0.25378757 0.2537836
 0.25377746 0.25377011 0.25378345 0.25378389 0.25378428 0.25378807
 0.25378829 0.25377996 0.25377646 0.25377521 0.25376985 0.25376903
 0.25376923 0.25376964 0.25376964 0.25376964 0.25376964 0.25376964
 0.25377001 0.25376901 0.2537867  0.25378387 0.25377525 0.25377525
 0.25377525 0.25378155 0.25379734 0.25380424 0.25379209 0.25378265
 0.25378606 0.25377337 0.25377401 0.25376698 0.25376602 0.25376635
 0.25376635 0.25376876 0.2537672  0.2537672  0.25376577 0.25376577
 0.25376577 0.25376322 0.25376322 0.25376361 0.25376361 0.25376478
 0.25376423 0.25376355 0.25378937 0.25379201 0.25384496 0.25382179
 0.25382179 0.25381927 0.25384472 0.25383633 0.2538412  0.25379755
 0.25379818 0.25377711 0.25377711 0.25377123 0.25377164 0.25377145
 0.25377145 0.25377145 0.25377248 0.25377881 0.25378256 0.25378258
 0.25378569 0.25378596 0.25378941 0.25378368 0.25378708 0.25377304
 0.25377675 0.25378436 0.25377286 0.2537718  0.25377219 0.25377692
 0.25376753 0.25376034 0.25376034 0.25375991 0.2537602  0.25376034
 0.25376034 0.25375959 0.25375787 0.25375787 0.25375764 0.2537573
 0.25375724 0.25375724 0.25375724 0.25375734 0.25375661 0.25375702
 0.2537561  0.25375577 0.25375575 0.25375326 0.25375397 0.25376301
 0.25376374 0.25376374 0.25376477 0.25376586 0.25376561 0.25376561
 0.25376561 0.25376636 0.25376763 0.25376754 0.25376754 0.25376778
 0.25376778 0.25376614 0.253774   0.25377058 0.25377058 0.25377058
 0.2537717  0.2537717  0.2537717  0.25377019 0.25376553 0.25376745
 0.25376745 0.25376579 0.25376579 0.25376496 0.25376501 0.2537727
 0.25377192 0.25376786 0.2537693  0.2537693  0.2537693  0.25377335
 0.25377815 0.25377107 0.25377107 0.25377107 0.25377593 0.25377718
 0.25377718 0.25378108 0.25378947 0.25378166 0.25378903 0.25381543
 0.25378864 0.25379389 0.25379616 0.25380396 0.25379269 0.25378189
 0.25377757 0.25378807 0.25379193 0.25377909 0.25377909 0.25377844
 0.25377703 0.25378296 0.25378296 0.25377609 0.2537731  0.25377002
 0.25379541 0.25378722 0.25378005 0.25378114 0.25378088 0.25378088
 0.25380681 0.25379121 0.25379498 0.25380113 0.25381869 0.25380922
 0.25382807 0.25381561 0.25381236 0.25379899 0.25378974 0.25379069
 0.25380333 0.25386651 0.25384925 0.25384826 0.25381569 0.25379423
 0.25379055 0.25375714 0.25375693 0.25375693 0.25375621 0.25375621
 0.2537588  0.25376155 0.25376155 0.25376155 0.25376047 0.25376059
 0.25376134 0.25376161 0.25376227 0.25377131 0.25376387 0.25376415
 0.25376362 0.2537637  0.2537637  0.2537637  0.25376278 0.25376458
 0.25376458 0.2537635  0.25376245 0.25376298 0.25376298 0.25376298
 0.25376255 0.25376255 0.25376255 0.25376239 0.25376235 0.25377789
 0.25377774 0.25376611 0.25376611 0.25376611 0.25376649 0.25376601
 0.25376601 0.2537665  0.25376645 0.25376649 0.25376649 0.25376649
 0.25376678 0.25376462 0.25376592 0.25376464 0.25376436 0.25376428
 0.25376598 0.25376598 0.25376646 0.25376862 0.25376862 0.25377444
 0.2537765  0.25378603 0.25378626 0.25378894 0.25377954 0.2537889
 0.25379282 0.25378505 0.25378874 0.25379097 0.25378406 0.25377764
 0.25377923 0.25379133 0.2537807  0.2538066  0.2538     0.25380353
 0.2538278  0.2538278  0.25382061 0.25378171 0.25377726 0.25377921
 0.25377809 0.25377814 0.25377439 0.25376524 0.25376576 0.25376503
 0.25376521 0.25376543 0.25376703 0.25376514 0.25377347 0.25377071
 0.25378186 0.25379578 0.2537793  0.25377795 0.25377787 0.2537761
 0.25378433 0.25377688 0.25377866 0.25376397 0.25376199 0.25376092
 0.25376094 0.25376104 0.25376104 0.25376081 0.25376245 0.25376245
 0.25376343 0.25376343 0.25376282 0.25376282 0.25376282 0.25376282
 0.25376312 0.25376283 0.25376209 0.25376209 0.25376209 0.25376117
 0.25376191 0.25376191 0.25376191 0.25376191 0.25376024 0.25376024
 0.25376024 0.25376015 0.25376066 0.25375956 0.25376081 0.25376081
 0.25375926 0.25375926 0.25375969 0.25375969 0.25375969 0.25375984
 0.25375917 0.25375917 0.25375757 0.25375757 0.25375757 0.25375757
 0.25375785 0.25375654 0.25375654 0.25375654 0.25375664 0.25375664
 0.25375718 0.25375824 0.25375824 0.25375789 0.25375789 0.25375832
 0.25376033 0.25376297 0.25376297 0.25376272 0.25376145 0.25376289
 0.25376254 0.25376324 0.25376415 0.25376402 0.25377449 0.25377755
 0.25377725 0.2537847  0.2537847  0.25378294 0.2537717  0.25377154
 0.25382746 0.2538245  0.25383653 0.25383721 0.25383832 0.25382089
 0.25380599 0.25379481 0.25377452 0.25377452 0.25378248 0.25379648
 0.2537844  0.25380925 0.25381053 0.25381392 0.25378416 0.25380094
 0.25379935 0.25379328 0.25378773 0.25378336 0.25378521 0.25379054
 0.25377118 0.25376878 0.25377018 0.25377103 0.25377524 0.25377419
 0.2537715  0.25376455 0.25376455 0.25376409 0.25376495 0.25376568
 0.25376408 0.25376316 0.25376431 0.25376716 0.2537676  0.2537676
 0.2537676  0.25376472 0.25376472 0.25376337 0.25376974 0.25376666
 0.25377043 0.25376981 0.25377105 0.25376991 0.25377907 0.25377802
 0.25376511 0.25376406 0.25376406 0.25376406 0.25376406 0.25376406
 0.25376406 0.25376494 0.25376468 0.25376738 0.25377465 0.25377322
 0.2537502  0.2537502  0.25375054 0.25375068 0.2537499  0.2537499
 0.25374998 0.25374998 0.25374965 0.25375054 0.25374965 0.25374926
 0.25374822 0.25374822 0.25374818 0.25374818 0.25374818 0.25374792
 0.25375388 0.25375388 0.25375695 0.25375695 0.25376123 0.25376163
 0.25376163 0.25376217 0.25378569 0.25379093 0.25377852 0.25377564
 0.25377605 0.25377689 0.25377689 0.25378147 0.25378063 0.25377791
 0.25377625 0.2537637  0.2537637  0.25376496 0.25376354 0.25376271
 0.25376271 0.25376294 0.25376196 0.25376091 0.25376245 0.2537602
 0.2537602  0.25375718 0.25375654 0.25375611 0.2537566  0.25375703
 0.2537569  0.25375727 0.25375828 0.25375828 0.25375923 0.25375935
 0.25375935 0.2537594  0.25375941 0.25375997 0.25376029 0.2537795
 0.25378323 0.25378141 0.25379844 0.25378836 0.253788   0.25378623
 0.25379096 0.2537874  0.25377793 0.25377688 0.25377609 0.25377247
 0.25377414 0.25376897 0.25377089 0.25376985 0.25376985 0.25377014
 0.25377091 0.25376918 0.25376918 0.25376829 0.25375811 0.2537589
 0.2537589  0.25375973 0.25375973 0.25375539 0.25375539 0.25375747
 0.25375747 0.25375607 0.25375731 0.25375633 0.25375669 0.25375696
 0.25375658 0.25375658 0.25375658 0.25375509 0.2537543  0.25375428
 0.25375294 0.25375294 0.25375294 0.25375294 0.25375222 0.25375066
 0.25375242 0.25375242 0.25375242 0.25375288 0.25375288 0.25375207
 0.25375164 0.25375164 0.25375371 0.25375386 0.25375403 0.25375329
 0.25375282 0.25375324 0.25375338 0.25375409 0.25375341 0.25375514
 0.25375514 0.25375514 0.25375507 0.25375507 0.25375507 0.25375417
 0.2537537  0.25375515 0.25375515 0.25375686 0.25375723 0.25375649
 0.25375649 0.25375508 0.25375521 0.25375521 0.25375521 0.25375521
 0.25375521 0.25375484 0.25375484 0.25375484 0.25375484 0.25375484
 0.25375484 0.25375537 0.25375546 0.25375546 0.25375422 0.25375421
 0.25375417 0.25375417 0.25375417 0.25375417 0.25375365 0.2537543
 0.2537543  0.25375445 0.25375281 0.25375185 0.25375248 0.253752
 0.253752   0.25375266 0.25375223 0.25375243 0.25375243 0.25375642
 0.25375642 0.25375742 0.25375758 0.25375807 0.25375807 0.25375799
 0.25375785 0.2537583  0.25375987 0.25375987 0.25375891 0.25375891
 0.25375891 0.25375891 0.25375891 0.25375891 0.25376219 0.25376267
 0.25376308 0.25376284 0.25376416 0.25376416 0.25376367 0.25376342
 0.25375976 0.25375976 0.25375976 0.25375976 0.25375981 0.2537584
 0.2537584  0.25375774 0.25375734 0.25375734 0.25375734 0.2537574
 0.2537574  0.25375788 0.25375713 0.25374676 0.25374975 0.25375092
 0.25375092 0.25375057 0.25375042 0.25375077 0.25375077 0.25375036
 0.25375025 0.25375025 0.25375025 0.25375042 0.25374938 0.25374778
 0.25374778 0.25374607 0.25374351 0.25374315 0.25374343 0.25374272
 0.25374272 0.25374272 0.25374451 0.25374568 0.25374524 0.25374599
 0.25374599 0.25374514 0.25374514 0.25374438 0.253744   0.25374377
 0.25374377 0.25374455 0.25374455 0.25374344 0.25374362 0.25374331
 0.25374331 0.25374288 0.25374288 0.25374218 0.25374138 0.25374126
 0.25374002 0.25373989 0.25374131 0.25373916 0.25373941 0.25373941
 0.25373929 0.25373929 0.25373929 0.25373929 0.25373929 0.25373929
 0.25373929 0.25373958 0.25373958 0.25373958 0.25373958 0.25373958
 0.25373971 0.25374125 0.25374125 0.25374125 0.25374125 0.25374232
 0.25374205 0.253742   0.253742   0.25374256 0.25374299 0.25374299
 0.25374232 0.25374232 0.25374321 0.25374321 0.25374341 0.25374492
 0.25374492 0.25374492 0.25374492 0.25374492 0.25374492 0.25374603
 0.25374603 0.25374506 0.25374506 0.25374506 0.25374506 0.25374552
 0.25374552 0.25374552 0.25374552 0.25374552 0.25374552 0.25374465
 0.253746   0.25374518 0.25374518 0.25374435 0.25374079 0.25374217
 0.25374217 0.25374217 0.25374225 0.25374228 0.25374228 0.25374228
 0.25374175 0.25374153 0.25374197 0.25374149 0.25374149 0.25374156
 0.25374281 0.25374281 0.25374338 0.25374172 0.25374146 0.25374175
 0.25374175 0.25374356 0.2537441  0.25374531 0.25374531 0.25374537
 0.25374537 0.25374537 0.25374607 0.25374701 0.25374701 0.25374701
 0.25374826 0.25374846 0.25374732 0.25374732]
posterior_samples['z_uncertain_flat'] shape: (1000, 4)
z_uncertain_samples shape: (1000, 2, 2)
Script finished in 6 minutes and 39 seconds.
