hpc-node02
	Adding nVidia Cuda Toolkit 11.8
	Adding nVidia cuDNN 8.6 (.0.163)
	Adding nvtop
Fri Jun 21 05:29:42 2024       
+-----------------------------------------------------------------------------------------+
| NVIDIA-SMI 550.54.15              Driver Version: 550.54.15      CUDA Version: 12.4     |
|-----------------------------------------+------------------------+----------------------+
| GPU  Name                 Persistence-M | Bus-Id          Disp.A | Volatile Uncorr. ECC |
| Fan  Temp   Perf          Pwr:Usage/Cap |           Memory-Usage | GPU-Util  Compute M. |
|                                         |                        |               MIG M. |
|=========================================+========================+======================|
|   0  NVIDIA L40                     On  |   00000000:17:00.0 Off |                    0 |
| N/A   34C    P0             77W /  300W |     450MiB /  46068MiB |      0%      Default |
|                                         |                        |                  N/A |
+-----------------------------------------+------------------------+----------------------+
|   1  NVIDIA L40                     On  |   00000000:65:00.0 Off |                    0 |
| N/A   31C    P8             36W /  300W |       0MiB /  46068MiB |      0%      Default |
|                                         |                        |                  N/A |
+-----------------------------------------+------------------------+----------------------+
|   2  NVIDIA L40                     On  |   00000000:CA:00.0 Off |                    0 |
| N/A   32C    P8             35W /  300W |       0MiB /  46068MiB |      0%      Default |
|                                         |                        |                  N/A |
+-----------------------------------------+------------------------+----------------------+
|   3  NVIDIA L40                     On  |   00000000:E3:00.0 Off |                    0 |
| N/A   33C    P8             36W /  300W |       0MiB /  46068MiB |      0%      Default |
|                                         |                        |                  N/A |
+-----------------------------------------+------------------------+----------------------+
                                                                                         
+-----------------------------------------------------------------------------------------+
| Processes:                                                                              |
|  GPU   GI   CI        PID   Type   Process name                              GPU Memory |
|        ID   ID                                                               Usage      |
|=========================================================================================|
|    0   N/A  N/A     19140      C   python                                        442MiB |
+-----------------------------------------------------------------------------------------+
Date              = Fri Jun 21 05:29:43 CEST 2024
Hostname          = hpc-node02
Working Directory = /local/294744
Number of nodes used        : 1
Number of MPI tasks         : 1
Number of threads           : 16
Number of MPI tasks per node: 1
Number of threads per core  : 
Name of nodes used          : hpc-node02
Gpu devices                 : 1
Starting worker: 
Xu_fixed:  [[0.         0.95006237]
 [0.         0.94521492]
 [0.         0.39422269]
 [0.         0.34238744]
 [0.         0.53206767]
 [0.42300447 0.        ]
 [0.37513696 0.        ]
 [0.51259359 0.        ]
 [0.54022212 0.        ]
 [0.25327558 0.        ]
 [1.         0.39326737]
 [1.         0.69942523]
 [1.         0.78878791]
 [1.         0.39758325]
 [1.         0.41364807]]
sigma_init_yu: 0.3447976501256937	sigma_init_yf: 16.88708019124114	sigma_init: 10.396454416227668
new_sigma_init_yu: 0.3447976501256937	new_sigma_init_yf: 0.922669455233789	new_sigma_init: 0.8674089833820364
Xu_certain: [[0.12391166 0.78969496]
 [0.59892084 0.07747027]]
Xu_noise: [[0.13973494 0.87051473]
 [0.67564161 0.        ]]
Xu_noise shape: (2, 2)
adam
0.001000
1000
init params: ((Array([0.34479765], dtype=float64), Array([0.41648387, 0.38612027], dtype=float64)),)
param_iter: ((Array([0.27505656], dtype=float64), Array([0.10421895, 0.89804465], dtype=float64)),)
start inference

                         mean       std    median      5.0%     95.0%     n_eff     r_hat
z_uncertain_flat[0]     -1.20      0.00     -1.20     -1.20     -1.20     13.46      1.00
z_uncertain_flat[1]     -1.88      0.00     -1.88     -1.89     -1.88     35.67      1.00
z_uncertain_flat[2]      1.00      0.00      1.00      1.00      1.00      5.06      1.46
z_uncertain_flat[3]      0.19      0.01      0.19      0.18      0.20      3.72      1.73

Number of divergences: 16
z_uncertain_samples[:, 1, 0] [0.99995149 0.9999447  0.99995133 0.99995495 0.99995003 0.99995027
 0.99995982 0.99995373 0.99995425 0.99995779 0.99995614 0.99995728
 0.999954   0.99996518 0.999964   0.99996239 0.9999629  0.9999643
 0.9999643  0.9999617  0.99996396 0.99995889 0.99996454 0.99996195
 0.99996446 0.99996518 0.99996223 0.9999615  0.99996945 0.99996753
 0.99996753 0.99996659 0.99997011 0.99996385 0.99996385 0.99996289
 0.99996476 0.9999638  0.99996987 0.99996962 0.99997057 0.99997334
 0.99996853 0.99996742 0.99996742 0.99996568 0.99997059 0.99996753
 0.99996558 0.99996645 0.999966   0.99996823 0.99996743 0.99997072
 0.99996898 0.99997077 0.99997179 0.99997179 0.99996828 0.99996839
 0.99996839 0.99996708 0.99997074 0.99997294 0.99996933 0.99996873
 0.9999679  0.99996896 0.99996795 0.99997042 0.99997052 0.99996594
 0.99997055 0.99996737 0.99997187 0.99996701 0.99996964 0.99996814
 0.99996814 0.99996814 0.99996858 0.99996858 0.99996858 0.99997208
 0.99997156 0.99997057 0.99997057 0.9999688  0.9999688  0.99997073
 0.99997201 0.99996966 0.99996813 0.99996842 0.9999677  0.99996973
 0.99996696 0.99996792 0.99996179 0.99996411 0.99996793 0.99996811
 0.99996811 0.99996756 0.99997091 0.99997128 0.99996927 0.99997178
 0.99997018 0.99997018 0.99996793 0.99997409 0.9999692  0.99996746
 0.99997208 0.99997084 0.99997156 0.99997156 0.99997156 0.99997156
 0.99997156 0.99997156 0.99997266 0.99996904 0.99996995 0.99996799
 0.99996957 0.99996957 0.99996957 0.99996949 0.99996949 0.99997081
 0.99996959 0.9999685  0.99997058 0.99996827 0.99996827 0.99996827
 0.99996827 0.99996914 0.99996993 0.99996747 0.99996834 0.9999695
 0.99996824 0.99997019 0.99996847 0.99996815 0.99996815 0.99996922
 0.99996725 0.99996725 0.99996976 0.99996976 0.99996944 0.99996995
 0.99996995 0.9999711  0.99997125 0.99997229 0.99997128 0.99997092
 0.99996665 0.99997004 0.99997004 0.99996885 0.99996882 0.99997118
 0.99997146 0.99997146 0.99996946 0.99997059 0.99997059 0.99997059
 0.99997059 0.99996953 0.99996953 0.99997018 0.99997302 0.99997302
 0.99997302 0.99997302 0.99997302 0.99997179 0.99996918 0.99997413
 0.99997373 0.99997161 0.99997161 0.99997144 0.99997343 0.99997344
 0.99997106 0.99997106 0.99997305 0.99997305 0.99997312 0.99997043
 0.99997098 0.99997098 0.99997098 0.99997098 0.99997098 0.99997051
 0.99997051 0.99997029 0.99997256 0.99997256 0.99997256 0.9999745
 0.9999745  0.99996941 0.99996951 0.99996951 0.99996939 0.99996939
 0.99996939 0.99997105 0.99997368 0.9999691  0.9999691  0.99997462
 0.99997399 0.99997414 0.99997172 0.99996894 0.99997125 0.99997037
 0.99996956 0.99997303 0.99997478 0.99997478 0.99997262 0.9999729
 0.99997027 0.99997294 0.99997072 0.99997072 0.99997352 0.99997352
 0.99997069 0.99997493 0.9999733  0.9999733  0.99997083 0.99997217
 0.99997217 0.99997277 0.99997288 0.99997011 0.99997187 0.99996802
 0.99997515 0.99996845 0.99997139 0.99997139 0.99997396 0.99997297
 0.99996958 0.99996958 0.99997047 0.99997047 0.99997047 0.99997177
 0.99997257 0.99997257 0.99997257 0.99997257 0.99997257 0.99997257
 0.99997257 0.99997215 0.99997233 0.9999723  0.9999723  0.9999723
 0.99997386 0.99997216 0.99997216 0.99997216 0.99997216 0.99997286
 0.99997093 0.99996936 0.99996936 0.99997483 0.99997191 0.99997191
 0.9999723  0.9999723  0.9999723  0.9999723  0.9999705  0.99997466
 0.99997273 0.99997457 0.99997394 0.99997394 0.99997134 0.99997339
 0.99997214 0.99997214 0.99996856 0.9999747  0.99997058 0.99997058
 0.99997058 0.99997151 0.99997151 0.99997272 0.99997132 0.99997132
 0.99997132 0.99997132 0.99997132 0.99997253 0.99997281 0.99997179
 0.99997179 0.99997179 0.99997179 0.99997179 0.99997179 0.99996932
 0.99996932 0.9999701  0.9999701  0.99997553 0.99997553 0.99997553
 0.99997553 0.99997553 0.99997553 0.99997197 0.99997197 0.99997197
 0.99997197 0.99997197 0.99997197 0.99997197 0.99996841 0.99997481
 0.99997481 0.99997305 0.99997305 0.99997083 0.99997083 0.9999737
 0.99997307 0.99997307 0.99997291 0.99997291 0.99997291 0.99997257
 0.99997257 0.99997233 0.99997233 0.99997221 0.99997221 0.99997221
 0.99997221 0.99996959 0.99997649 0.9999743  0.99997044 0.99997044
 0.9999752  0.9999752  0.99997273 0.99997139 0.99997139 0.99997139
 0.99997139 0.99997139 0.99997139 0.99997144 0.99997206 0.99997206
 0.99997206 0.99997159 0.99997159 0.99997269 0.99997269 0.99997269
 0.99997257 0.99997257 0.99997257 0.99997257 0.99997257 0.99997201
 0.99997475 0.99997337 0.99997337 0.99997337 0.99997337 0.99997337
 0.9999728  0.9999728  0.99997691 0.99997691 0.99997109 0.99997534
 0.99997264 0.99997278 0.99997278 0.99997278 0.99997284 0.99997426
 0.99997426 0.99997426 0.99997597 0.99997408 0.99997408 0.99997262
 0.99997262 0.99997445 0.99997406 0.99997695 0.9999706  0.99997445
 0.99997445 0.99997445 0.99997445 0.99997445 0.99997445 0.99997445
 0.99997386 0.99997386 0.99997359 0.99997359 0.99997149 0.99997149
 0.99997361 0.99997361 0.99997361 0.99997308 0.99997308 0.99997308
 0.99997308 0.99997534 0.99997587 0.99997552 0.99997507 0.99997433
 0.99997433 0.99997478 0.99997478 0.99997478 0.99997472 0.99997472
 0.99997472 0.99997472 0.99997472 0.99997472 0.99997472 0.99997472
 0.99997472 0.99997395 0.99997257 0.99997257 0.99997257 0.99997257
 0.99997257 0.99997726 0.99997726 0.99997726 0.99997089 0.99997722
 0.99997116 0.99997116 0.99997116 0.99997116 0.99997116 0.999976
 0.999976   0.99997661 0.9999721  0.99997136 0.99997777 0.99997777
 0.99997238 0.99997429 0.99997377 0.99997377 0.99997377 0.99997245
 0.99997581 0.99997512 0.99997505 0.99997505 0.99997474 0.99997474
 0.99997474 0.99997661 0.99997272 0.99997272 0.99997494 0.99997494
 0.99997494 0.99997494 0.99997317 0.99997317 0.99997317 0.99997415
 0.99997415 0.99997503 0.99997503 0.99997503 0.99997663 0.99997663
 0.99997663 0.99997663 0.99997663 0.99997663 0.99997663 0.99997663
 0.99997663 0.99997216 0.99997907 0.99997907 0.99997907 0.99997907
 0.99997907 0.99997109 0.9999776  0.99997596 0.99997596 0.99997596
 0.9999781  0.9999781  0.99997689 0.9999747  0.9999747  0.9999747
 0.9999737  0.99997661 0.9999743  0.99997418 0.99997418 0.99997418
 0.99997418 0.99997468 0.99997468 0.99997582 0.99997582 0.99997499
 0.99997617 0.99997617 0.99997617 0.99997617 0.99997473 0.99997068
 0.99997796 0.99997639 0.99997749 0.99997749 0.99997749 0.99997749
 0.99997756 0.99997756 0.99997287 0.99997287 0.99997258 0.99997258
 0.99997258 0.99997258 0.99997739 0.99997739 0.99997739 0.99997739
 0.99997739 0.99997739 0.99997444 0.99997444 0.99997444 0.99997421
 0.9999758  0.99997564 0.99997564 0.99997503 0.99997572 0.99997572
 0.99997572 0.99997567 0.99997567 0.99997564 0.99997564 0.99997634
 0.99997634 0.99997748 0.99997256 0.99997256 0.99997256 0.99997537
 0.99997326 0.99997326 0.99997406 0.99997406 0.99997406 0.99997605
 0.99997429 0.99997429 0.9999734  0.9999734  0.9999734  0.99997846
 0.99997507 0.99997639 0.99997639 0.99997405 0.99997405 0.99997571
 0.99997571 0.99997419 0.99997487 0.99997742 0.99997433 0.99997433
 0.99997433 0.99997433 0.99997616 0.99997616 0.99997616 0.99997616
 0.99997519 0.99997676 0.99997676 0.99997676 0.99997573 0.99997573
 0.99997234 0.99997234 0.99997449 0.99997621 0.99997603 0.99997603
 0.99997603 0.99997603 0.99997614 0.99997614 0.99997614 0.99997614
 0.99997614 0.99997614 0.99997614 0.99997614 0.99997721 0.99997721
 0.99997721 0.99997578 0.99997578 0.99997585 0.99997585 0.99997625
 0.99997691 0.99997605 0.99997605 0.99997652 0.99997578 0.99997578
 0.99997578 0.99997578 0.99997578 0.99997528 0.99997554 0.9999773
 0.99997528 0.99997528 0.99997528 0.99997528 0.99997532 0.99997628
 0.99997628 0.99997628 0.99997628 0.99997621 0.99997621 0.99997621
 0.99997621 0.99997621 0.99997598 0.99997733 0.99997733 0.99997382
 0.99997382 0.99997382 0.99997885 0.99997885 0.99997348 0.99997802
 0.99997802 0.99997389 0.99997389 0.99997389 0.99997389 0.99997645
 0.99997645 0.99997598 0.99997598 0.99997598]
posterior_samples['z_uncertain_flat'] shape: (700, 4)
z_uncertain_samples shape: (700, 2, 2)
Script finished in 5 minutes and 51 seconds.
