hpc-node02
	Adding nVidia Cuda Toolkit 11.8
	Adding nVidia cuDNN 8.6 (.0.163)
	Adding nvtop
Fri Jun 21 08:47:20 2024       
+-----------------------------------------------------------------------------------------+
| NVIDIA-SMI 550.54.15              Driver Version: 550.54.15      CUDA Version: 12.4     |
|-----------------------------------------+------------------------+----------------------+
| GPU  Name                 Persistence-M | Bus-Id          Disp.A | Volatile Uncorr. ECC |
| Fan  Temp   Perf          Pwr:Usage/Cap |           Memory-Usage | GPU-Util  Compute M. |
|                                         |                        |               MIG M. |
|=========================================+========================+======================|
|   0  NVIDIA L40                     On  |   00000000:17:00.0 Off |                    0 |
| N/A   31C    P8             36W /  300W |       0MiB /  46068MiB |      0%      Default |
|                                         |                        |                  N/A |
+-----------------------------------------+------------------------+----------------------+
|   1  NVIDIA L40                     On  |   00000000:65:00.0 Off |                    0 |
| N/A   29C    P0             53W /  300W |       0MiB /  46068MiB |      0%      Default |
|                                         |                        |                  N/A |
+-----------------------------------------+------------------------+----------------------+
|   2  NVIDIA L40                     On  |   00000000:CA:00.0 Off |                    0 |
| N/A   33C    P0             53W /  300W |       0MiB /  46068MiB |      0%      Default |
|                                         |                        |                  N/A |
+-----------------------------------------+------------------------+----------------------+
|   3  NVIDIA L40                     On  |   00000000:E3:00.0 Off |                    0 |
| N/A   30C    P8             24W /  300W |       0MiB /  46068MiB |      0%      Default |
|                                         |                        |                  N/A |
+-----------------------------------------+------------------------+----------------------+
                                                                                         
+-----------------------------------------------------------------------------------------+
| Processes:                                                                              |
|  GPU   GI   CI        PID   Type   Process name                              GPU Memory |
|        ID   ID                                                               Usage      |
|=========================================================================================|
|  No running processes found                                                             |
+-----------------------------------------------------------------------------------------+
Date              = Fri Jun 21 08:47:21 CEST 2024
Hostname          = hpc-node02
Working Directory = /local/294768
Number of nodes used        : 1
Number of MPI tasks         : 1
Number of threads           : 16
Number of MPI tasks per node: 1
Number of threads per core  : 
Name of nodes used          : hpc-node02
Gpu devices                 : 2
Starting worker: 
Xu_fixed:  [[0.         0.95006237]
 [0.         0.94521492]
 [0.         0.39422269]
 [0.         0.34238744]
 [0.         0.53206767]
 [0.42300447 0.        ]
 [0.37513696 0.        ]
 [0.51259359 0.        ]
 [0.54022212 0.        ]
 [0.25327558 0.        ]
 [1.         0.39326737]
 [1.         0.69942523]
 [1.         0.78878791]
 [1.         0.39758325]
 [1.         0.41364807]]
sigma_init_yu: 0.30152117107217413	sigma_init_yf: 0.3888457112697405	sigma_init: 0.36454024095115195
new_sigma_init_yu: 0.30152117107217413	new_sigma_init_yf: 0.036446686662268586	new_sigma_init: 0.1385871577806877
Xu_certain: [[0.12391166 0.78969496]
 [0.59892084 0.07747027]]
Xu_noise: [[0.13973494 0.87051473]
 [0.67564161 0.        ]]
Xu_noise shape: (2, 2)
adam
0.001000
800
init params: ((Array([0.30152117], dtype=float64), Array([0.40953922, 0.3606602 ], dtype=float64)),)
param_iter: ((Array([0.30193029], dtype=float64), Array([0.19628276, 0.28445567], dtype=float64)),)
start inference

                         mean       std    median      5.0%     95.0%     n_eff     r_hat
z_uncertain_flat[0]      0.25      0.00      0.25      0.25      0.25    101.78      1.00
z_uncertain_flat[1]      0.00      0.00      0.00      0.00      0.00    357.62      1.04
z_uncertain_flat[2]      1.24      0.00      1.24      1.24      1.24    111.81      1.01
z_uncertain_flat[3]     -0.92      0.00     -0.92     -0.92     -0.92     17.22      1.12

Number of divergences: 7
z_uncertain_samples[:, 1, 0] [1.23627619 1.23619385 1.23621484 1.2363377  1.2363377  1.2363377
 1.2363377  1.2363377  1.2363377  1.2363377  1.2363377  1.2363377
 1.2363377  1.2363377  1.2363377  1.2363377  1.2363377  1.2363377
 1.2363377  1.2363377  1.2363377  1.2363377  1.2363377  1.2363377
 1.2363377  1.2363377  1.2363377  1.2363377  1.2363377  1.2363377
 1.2363377  1.2363377  1.2363377  1.2363377  1.2363377  1.2363377
 1.2363377  1.2363377  1.2363377  1.2363377  1.2363377  1.2363377
 1.2363377  1.2363377  1.23633252 1.23633252 1.23633252 1.23633252
 1.23633252 1.23633252 1.23633252 1.23633252 1.23633252 1.23633252
 1.23633252 1.23633252 1.23633252 1.23633252 1.23633252 1.23633252
 1.23633252 1.23633252 1.23633252 1.23633252 1.23633252 1.23633252
 1.23633252 1.23633252 1.23633252 1.23633252 1.23633252 1.23633252
 1.23633252 1.23633252 1.23633252 1.23633252 1.23633252 1.23633252
 1.23633252 1.23633252 1.23633252 1.23633252 1.23633252 1.23633252
 1.23633252 1.23633252 1.23633252 1.23633252 1.23633252 1.23633252
 1.23633252 1.23633252 1.23633252 1.23633252 1.23633252 1.23633252
 1.23633252 1.23633252 1.23633252 1.23633252 1.23633252 1.23633252
 1.23633252 1.23633252 1.23633252 1.23633252 1.23633252 1.23633252
 1.23633252 1.23633252 1.23633252 1.23633252 1.23633252 1.23633252
 1.23633252 1.23633252 1.23633252 1.23633252 1.23633252 1.23633252
 1.23633252 1.23633252 1.23633252 1.23633252 1.23633252 1.23633252
 1.23633252 1.23633252 1.23633252 1.23633252 1.23633252 1.23633252
 1.23633252 1.23633252 1.23633252 1.23633252 1.23633252 1.23633252
 1.23633252 1.23633252 1.23633252 1.23633252 1.23633252 1.23633252
 1.23633252 1.23633252 1.23633252 1.23633252 1.23633521 1.23633521
 1.23633521 1.23633521 1.23633521 1.23633521 1.23633521 1.23633521
 1.23633521 1.23633521 1.23633521 1.23633521 1.23633521 1.23633521
 1.23633521 1.23633521 1.23633521 1.23633521 1.23633521 1.23633521
 1.23633521 1.23633521 1.23633521 1.23633521 1.23633521 1.23633521
 1.23633521 1.23633521 1.23633521 1.23633521 1.23633521 1.23633521
 1.23633521 1.23633521 1.23633521 1.23633521 1.23633521 1.23633521
 1.23633521 1.23633521 1.23633521 1.23633521 1.23633521 1.23633521
 1.23633521 1.23633521 1.23633521 1.23633521 1.23633521 1.23633521
 1.23633521 1.23633521 1.23633521 1.23633521 1.23633521 1.23633521
 1.23633521 1.23633521 1.23633521 1.23633521 1.23633521 1.23633521
 1.23633521 1.23633521 1.23633521 1.23633521 1.23633521 1.23633521
 1.23633521 1.23633521 1.23633521 1.23633521 1.23633521 1.23633521
 1.23633521 1.23633521 1.23633521 1.23633521 1.23633521 1.23633521
 1.23633521 1.23633521 1.23633521 1.23633521 1.23633521 1.23633521
 1.23633521 1.23633521 1.23633521 1.23633521 1.23633521 1.23633521
 1.23633521 1.23633521 1.23633521 1.23633521 1.23633521 1.23633521
 1.23633521 1.23633521 1.23633521 1.23633521 1.23633521 1.23633521
 1.23633521 1.23633521 1.23633521 1.23633521 1.23633521 1.23633521
 1.23633521 1.23633521 1.23633521 1.23633521 1.23633521 1.23633521
 1.23633521 1.23633521 1.23633521 1.23633521 1.23633521 1.23633363
 1.23633363 1.23633363 1.23633363 1.23633363 1.23633363 1.23633363
 1.23633363 1.23633363 1.23633363 1.23633363 1.23633363 1.23633363
 1.23633363 1.23633363 1.23633363 1.23633363 1.23633363 1.23633363
 1.23633363 1.23633363 1.23633363 1.23633363 1.23633363 1.23633363
 1.23633363 1.23633363 1.23633363 1.23633363 1.23633363 1.23633363]
posterior_samples['z_uncertain_flat'] shape: (300, 4)
z_uncertain_samples shape: (300, 2, 2)
Script finished in 5 minutes and 44 seconds.
