hpc-node02
	Adding nVidia Cuda Toolkit 11.8
	Adding nVidia cuDNN 8.6 (.0.163)
	Adding nvtop
Fri Jun 21 08:47:31 2024       
+-----------------------------------------------------------------------------------------+
| NVIDIA-SMI 550.54.15              Driver Version: 550.54.15      CUDA Version: 12.4     |
|-----------------------------------------+------------------------+----------------------+
| GPU  Name                 Persistence-M | Bus-Id          Disp.A | Volatile Uncorr. ECC |
| Fan  Temp   Perf          Pwr:Usage/Cap |           Memory-Usage | GPU-Util  Compute M. |
|                                         |                        |               MIG M. |
|=========================================+========================+======================|
|   0  NVIDIA L40                     On  |   00000000:17:00.0 Off |                    0 |
| N/A   31C    P8             35W /  300W |       0MiB /  46068MiB |      0%      Default |
|                                         |                        |                  N/A |
+-----------------------------------------+------------------------+----------------------+
|   1  NVIDIA L40                     On  |   00000000:65:00.0 Off |                    0 |
| N/A   28C    P8             26W /  300W |       0MiB /  46068MiB |      0%      Default |
|                                         |                        |                  N/A |
+-----------------------------------------+------------------------+----------------------+
|   2  NVIDIA L40                     On  |   00000000:CA:00.0 Off |                    0 |
| N/A   32C    P8             36W /  300W |       0MiB /  46068MiB |      0%      Default |
|                                         |                        |                  N/A |
+-----------------------------------------+------------------------+----------------------+
|   3  NVIDIA L40                     On  |   00000000:E3:00.0 Off |                    0 |
| N/A   30C    P8             23W /  300W |       0MiB /  46068MiB |      0%      Default |
|                                         |                        |                  N/A |
+-----------------------------------------+------------------------+----------------------+
                                                                                         
+-----------------------------------------------------------------------------------------+
| Processes:                                                                              |
|  GPU   GI   CI        PID   Type   Process name                              GPU Memory |
|        ID   ID                                                               Usage      |
|=========================================================================================|
|  No running processes found                                                             |
+-----------------------------------------------------------------------------------------+
Date              = Fri Jun 21 08:47:32 CEST 2024
Hostname          = hpc-node02
Working Directory = /local/294769
Number of nodes used        : 1
Number of MPI tasks         : 1
Number of threads           : 16
Number of MPI tasks per node: 1
Number of threads per core  : 
Name of nodes used          : hpc-node02
Gpu devices                 : 1
Starting worker: 
Xu_fixed:  [[0.         0.95006237]
 [0.         0.94521492]
 [0.         0.39422269]
 [0.         0.34238744]
 [0.         0.53206767]
 [0.42300447 0.        ]
 [0.37513696 0.        ]
 [0.51259359 0.        ]
 [0.54022212 0.        ]
 [0.25327558 0.        ]
 [1.         0.39326737]
 [1.         0.69942523]
 [1.         0.78878791]
 [1.         0.39758325]
 [1.         0.41364807]]
sigma_init_yu: 0.30152117107217413	sigma_init_yf: 0.3836248414458462	sigma_init: 0.3685524699477171
new_sigma_init_yu: 0.30152117107217413	new_sigma_init_yf: 0.04661947164053347	new_sigma_init: 0.11931032952066185
Xu_certain: [[0.12391166 0.78969496]
 [0.59892084 0.07747027]]
Xu_noise: [[0.13973494 0.87051473]
 [0.67564161 0.        ]]
Xu_noise shape: (2, 2)
adam
0.001000
1000
init params: ((Array([0.30152117], dtype=float64), Array([0.37587805, 0.37381028], dtype=float64)),)
param_iter: ((Array([0.29049013], dtype=float64), Array([0.20553132, 0.07797677], dtype=float64)),)
start inference

                         mean       std    median      5.0%     95.0%     n_eff     r_hat
z_uncertain_flat[0]      0.25      0.00      0.25      0.25      0.25      2.84      2.18
z_uncertain_flat[1]     -0.00      0.00     -0.00     -0.00     -0.00     12.01      1.22
z_uncertain_flat[2]      1.01      0.00      1.01      1.01      1.01      7.60      1.23
z_uncertain_flat[3]     -0.33      0.00     -0.33     -0.33     -0.33      6.11      1.28

Number of divergences: 0
z_uncertain_samples[:, 1, 0] [1.0049805  1.0049805  1.0049805  1.00500766 1.00500766 1.00500766
 1.00505247 1.00505247 1.00505247 1.00505247 1.0050699  1.0050699
 1.0050699  1.0050699  1.0050699  1.00510346 1.00509961 1.00510701
 1.00519529 1.00524998 1.00524998 1.00531656 1.00531656 1.00530457
 1.00530457 1.00530457 1.00530457 1.00532105 1.00530053 1.00530053
 1.00530053 1.00526767 1.00526767 1.00529445 1.00526288 1.00526288
 1.00531134 1.00531134 1.00530858 1.00530858 1.00530858 1.00531406
 1.00531406 1.00531406 1.00531406 1.00531406 1.00531406 1.00531406
 1.00525276 1.00525276 1.00525276 1.00525276 1.00525276 1.00525276
 1.00525276 1.00525276 1.00525276 1.00525276 1.00525276 1.00525276
 1.00525276 1.00525276 1.00525276 1.00525276 1.00526324 1.00526324
 1.00526324 1.00526324 1.00527003 1.0052299  1.00528245 1.00528488
 1.00528488 1.00528488 1.00528488 1.00531924 1.00531924 1.00531924
 1.00533291 1.00533291 1.00533291 1.00533291 1.00532635 1.00532635
 1.00532635 1.00532635 1.00532635 1.00532635 1.00532635 1.00532635
 1.00532635 1.0053077  1.0053077  1.00529891 1.00529891 1.00529891
 1.00529891 1.00529891 1.00529891 1.00529891 1.00525241 1.00525241
 1.00525241 1.00523513 1.00523513 1.00523513 1.00523513 1.00523513
 1.00523513 1.00527625 1.00527625 1.00528011 1.00528011 1.00528011
 1.00528011 1.00528011 1.00528011 1.00527666 1.00527666 1.00516656
 1.00516656 1.00516656 1.00516656 1.00516656 1.00516656 1.00516656
 1.00516656 1.00516488 1.00516488 1.00516488 1.00516488 1.00516488
 1.00516488 1.00514308 1.00514308 1.00514308 1.00514308 1.00514308
 1.00517528 1.00517528 1.00517528 1.00517528 1.00521729 1.00521729
 1.00521729 1.00521729 1.00521729 1.00521981 1.00521981 1.00521981
 1.00521981 1.00521981 1.00521981 1.00521981 1.00520779 1.00520779
 1.00520779 1.00523607 1.00523607 1.00523607 1.00523607 1.00523607
 1.00523607 1.00522032 1.00523521 1.00521528 1.00523735 1.00523735
 1.0051886  1.0051886  1.0051886  1.0051886  1.0051886  1.0051886
 1.0051886  1.0051886  1.0051886  1.00514712 1.00514712 1.00514712
 1.00514712 1.00514712 1.00514712 1.00514976 1.00514976 1.00514534
 1.00514534 1.00514534 1.00514534 1.00514534 1.00514534 1.00514534
 1.00514534 1.00514534 1.00512898 1.00512898 1.00512898 1.00515486
 1.00515486 1.00515486 1.00515486 1.00515486 1.00515486 1.00515486
 1.00515486 1.00515486 1.00515486 1.00515486 1.00515486 1.00515486
 1.00515486 1.00514762 1.00514762 1.00514762 1.00510641 1.00509439
 1.00505074 1.00505074 1.00505068 1.00505068 1.00501456 1.00501456
 1.00509231 1.00509231 1.00509231 1.00509231 1.00509231 1.00509231
 1.00509231 1.00509231 1.00509231 1.00509231 1.00509231 1.00514178
 1.00513486 1.00513486 1.00513486 1.00513486 1.00513486 1.00513486
 1.00513486 1.00519768 1.00521469 1.00520461 1.00520461 1.00520461
 1.00520461 1.00520461 1.00520461 1.00520461 1.00520461 1.00520461
 1.00520461 1.00520461 1.00520461 1.00520461 1.00520461 1.00520461
 1.00520461 1.00520461 1.00520461 1.00520461 1.00520461 1.00520461
 1.00520461 1.00520461 1.00520461 1.00520461 1.00520461 1.00520461
 1.00520461 1.00518391 1.00518391 1.00518391 1.00518391 1.00518391
 1.00518391 1.00518391 1.00518391 1.00518391 1.00518391 1.00516901
 1.00516901 1.00512579 1.00513331 1.00512642 1.00512642 1.00512642
 1.00512642 1.00512743 1.00512743 1.00512743 1.00512743 1.00512743
 1.00512743 1.00515387 1.00515387 1.00515387 1.00515387 1.00515387]
posterior_samples['z_uncertain_flat'] shape: (300, 4)
z_uncertain_samples shape: (300, 2, 2)
Script finished in 5 minutes and 32 seconds.
