hpc-node01
	Adding nVidia Cuda Toolkit 11.8
	Adding nVidia cuDNN 8.6 (.0.163)
	Adding nvtop
Fri Jun 21 04:26:11 2024       
+-----------------------------------------------------------------------------------------+
| NVIDIA-SMI 550.54.15              Driver Version: 550.54.15      CUDA Version: 12.4     |
|-----------------------------------------+------------------------+----------------------+
| GPU  Name                 Persistence-M | Bus-Id          Disp.A | Volatile Uncorr. ECC |
| Fan  Temp   Perf          Pwr:Usage/Cap |           Memory-Usage | GPU-Util  Compute M. |
|                                         |                        |               MIG M. |
|=========================================+========================+======================|
|   0  NVIDIA L40                     On  |   00000000:17:00.0 Off |                    0 |
| N/A   32C    P0             77W /  300W |     524MiB /  46068MiB |      0%      Default |
|                                         |                        |                  N/A |
+-----------------------------------------+------------------------+----------------------+
|   1  NVIDIA L40                     On  |   00000000:65:00.0 Off |                    0 |
| N/A   28C    P8             23W /  300W |       0MiB /  46068MiB |      0%      Default |
|                                         |                        |                  N/A |
+-----------------------------------------+------------------------+----------------------+
|   2  NVIDIA L40                     On  |   00000000:CA:00.0 Off |                    0 |
| N/A   31C    P0             77W /  300W |     450MiB /  46068MiB |      0%      Default |
|                                         |                        |                  N/A |
+-----------------------------------------+------------------------+----------------------+
|   3  NVIDIA L40                     On  |   00000000:E3:00.0 Off |                    0 |
| N/A   33C    P8             35W /  300W |       0MiB /  46068MiB |      0%      Default |
|                                         |                        |                  N/A |
+-----------------------------------------+------------------------+----------------------+
                                                                                         
+-----------------------------------------------------------------------------------------+
| Processes:                                                                              |
|  GPU   GI   CI        PID   Type   Process name                              GPU Memory |
|        ID   ID                                                               Usage      |
|=========================================================================================|
|    0   N/A  N/A      4478      C   python                                        516MiB |
|    2   N/A  N/A      4531      C   python                                        442MiB |
+-----------------------------------------------------------------------------------------+
Date              = Fri Jun 21 04:26:12 CEST 2024
Hostname          = hpc-node01
Working Directory = /local/294700
Number of nodes used        : 1
Number of MPI tasks         : 1
Number of threads           : 16
Number of MPI tasks per node: 1
Number of threads per core  : 
Name of nodes used          : hpc-node01
Gpu devices                 : 3
Starting worker: 
Xu_fixed:  [[0.         0.95006237]
 [0.         0.94521492]
 [0.         0.39422269]
 [0.         0.34238744]
 [0.         0.53206767]
 [0.42300447 0.        ]
 [0.37513696 0.        ]
 [0.51259359 0.        ]
 [0.54022212 0.        ]
 [0.25327558 0.        ]
 [1.         0.39326737]
 [1.         0.69942523]
 [1.         0.78878791]
 [1.         0.39758325]
 [1.         0.41364807]]
sigma_init_yu: 0.3447976501256937	sigma_init_yf: 16.379164911764676	sigma_init: 12.195689019371615
new_sigma_init_yu: 0.3447976501256937	new_sigma_init_yf: 0.5401175357031807	new_sigma_init: 0.5318679414008
Xu_certain: [[0.12391166 0.78969496]
 [0.59892084 0.07747027]]
Xu_noise: [[0.13973494 0.87051473]
 [0.67564161 0.        ]]
Xu_noise shape: (2, 2)
adam
0.001000
1000
init params: ((Array([0.34479765], dtype=float64), Array([0.40953922, 0.3606602 ], dtype=float64)),)
param_iter: ((Array([0.56430075], dtype=float64), Array([0.1754311 , 0.23770111], dtype=float64)),)
start inference

                         mean       std    median      5.0%     95.0%     n_eff     r_hat
z_uncertain_flat[0]     -0.72      0.00     -0.72     -0.72     -0.72      3.15      2.14
z_uncertain_flat[1]     -0.60      0.00     -0.60     -0.60     -0.60     10.30      1.15
z_uncertain_flat[2]      0.54      0.00      0.54      0.54      0.54     39.04      1.02
z_uncertain_flat[3]      0.00      0.00      0.00      0.00      0.00     46.05      1.02

Number of divergences: 171
z_uncertain_samples[:, 1, 0] [0.54404268 0.54404244 0.54395457 0.54374634 0.54377795 0.54352186
 0.54271645 0.54286536 0.54287496 0.54273433 0.5427394  0.54262143
 0.54253097 0.54250785 0.54254778 0.54257868 0.54245037 0.54244217
 0.54238873 0.54233738 0.54233779 0.54233891 0.54213712 0.54211528
 0.54204084 0.54203904 0.54203556 0.54203438 0.54203438 0.54202303
 0.54203558 0.54203412 0.5420269  0.54202098 0.54202062 0.54202062
 0.54202027 0.54202027 0.54202149 0.54206162 0.54206412 0.54205635
 0.5420555  0.54205634 0.54205334 0.54204498 0.54203524 0.5420336
 0.5420336  0.54203863 0.54203863 0.5420203  0.54202192 0.54202087
 0.54205179 0.54205563 0.54208718 0.5420835  0.54206846 0.54206118
 0.54203504 0.54203496 0.54202547 0.54202547 0.54202585 0.54203549
 0.54204676 0.54206308 0.5420485  0.542097   0.54209253 0.54211702
 0.54207756 0.54209708 0.54209077 0.54209503 0.54208753 0.54207843
 0.54207843 0.54210567 0.54210344 0.54212942 0.54211949 0.5420904
 0.5420278  0.54201034 0.54201034 0.54200857 0.54200777 0.5420058
 0.54199777 0.54199853 0.54198998 0.54198542 0.54198542 0.5419848
 0.5419848  0.54198875 0.54198875 0.54199093 0.54199189 0.54199222
 0.54199621 0.541997   0.54199394 0.54199517 0.54199284 0.54199659
 0.54199923 0.54199965 0.54199965 0.54200017 0.54200046 0.54200017
 0.54199965 0.54199965 0.54199983 0.54200045 0.54198236 0.54198286
 0.54198371 0.54198189 0.54198142 0.5419827  0.5419832  0.54198439
 0.54198439 0.54198439 0.54198349 0.54198349 0.54198349 0.54198287
 0.54198296 0.54198384 0.54198384 0.54198201 0.54197627 0.54197627
 0.54197656 0.54197828 0.54197828 0.54197805 0.5419822  0.54198299
 0.5419817  0.54198134 0.54198134 0.54198134 0.54198133 0.5419826
 0.5419826  0.5419826  0.54198499 0.54198474 0.54198474 0.54198494
 0.54198226 0.54198272 0.54198094 0.54198094 0.54198138 0.54198825
 0.54198873 0.5419947  0.54199021 0.54199021 0.54199171 0.54199095
 0.54199131 0.54199038 0.54199088 0.54199281 0.54199281 0.54199216
 0.54199102 0.54199102 0.54199114 0.54199053 0.54199053 0.54198971
 0.54198799 0.54198799 0.54198799 0.54198799 0.54198626 0.54198626
 0.54198828 0.54198771 0.54198735 0.541988   0.54198917 0.54198923
 0.54198781 0.54198781 0.54198781 0.54198734 0.54198668 0.54198668
 0.54198668 0.54198647 0.54198748 0.54198748 0.54198748 0.541987
 0.541987   0.54198714 0.54198722 0.54198722 0.54198722 0.54197366
 0.54197342 0.54197198 0.5419725  0.5419725  0.5419725  0.5419725
 0.5419725  0.5419725  0.5419714  0.54197142 0.54197166 0.54197166
 0.54197166 0.54197166 0.54197166 0.54197166 0.54197166 0.54197064
 0.54197105 0.54197207 0.54197207 0.54197025 0.54197025 0.54197066
 0.54197066 0.54196884 0.54196884 0.54196884 0.54196884 0.54196161
 0.54196161 0.54196195 0.54196195 0.54196259 0.54196775 0.54196524
 0.54196468 0.54196729 0.54196646 0.54196594 0.54196594 0.54196594
 0.54196594 0.54196594 0.54196594 0.54196511 0.54196511 0.54196511
 0.54196511 0.54196511 0.54196511 0.54196843 0.54196879 0.54196996
 0.54197092 0.54197092 0.54197309 0.54197164 0.54197199 0.54197204
 0.54197242 0.54197297 0.54197152 0.54197114 0.54196775 0.54196775
 0.54196816 0.54196816 0.54196816 0.54196803 0.54196797 0.54196626
 0.54196626 0.54196724 0.54196724 0.54196743 0.54196775 0.54196793
 0.54196793 0.54196717 0.54196717 0.5419777  0.54197745 0.54197778
 0.54197784 0.5419789  0.54197934 0.54197968 0.54197897 0.54197952
 0.54197952 0.54197982 0.54197983 0.5419916  0.54198929 0.54200063
 0.54200063 0.54200213 0.54200322 0.54200135 0.54199521 0.54199521
 0.54199521 0.54199521 0.54199674 0.54199667 0.54199795 0.5419982
 0.54199862 0.5420003  0.54200013 0.54199681 0.54199681 0.54199681
 0.54199681 0.54199681 0.541987   0.541987   0.54197891 0.54198094
 0.54198035 0.54198276 0.54198276 0.54198193 0.54198193 0.54198278
 0.54198251 0.54198251 0.54198331 0.54198355 0.54198382 0.54198527
 0.54198423 0.54198499 0.541984   0.541984   0.541984   0.54198267
 0.54198267 0.54198174 0.54198174 0.54198139 0.54198433 0.54198433
 0.54198433 0.54198355 0.54198308 0.54198308 0.54198394 0.54198394
 0.541984   0.54198193 0.54198011 0.54198011 0.54198011 0.54197877
 0.54197877 0.5419797  0.5419797  0.54197754 0.54197852 0.5419787
 0.5419787  0.5419787  0.5419787  0.54197748 0.54197748 0.54197748
 0.54197641 0.54197641 0.54197705 0.54198177 0.54198036 0.54198036
 0.54197925 0.54197925 0.54197925 0.54197925 0.54197887 0.54197887
 0.54197887 0.54197887 0.54198149 0.54198046 0.54197913 0.5419785
 0.54197857 0.54197796 0.54197775 0.54197775 0.54197704 0.54197704
 0.54197982 0.54198062 0.54198062 0.54198062 0.54198062 0.54198087
 0.54198167 0.54198202 0.54198272 0.54198354 0.54197881 0.54197941
 0.54197941 0.54197962 0.54197885 0.54197947 0.54197999 0.54198096
 0.54198096 0.54197986 0.54198195 0.54198017 0.54197889 0.54197836
 0.54197836 0.54197828 0.54197818 0.54197917 0.54197913 0.54197892
 0.54197857 0.54197856 0.54197856 0.54197856 0.54198179 0.54198179
 0.54197877 0.54197877 0.54197873 0.54197866 0.54197866 0.54197866
 0.54197898 0.54198217 0.54198175 0.54198305 0.54198278 0.54198273
 0.54198179 0.54198179 0.54198157 0.54198039 0.54198039 0.54197973
 0.5419802  0.5419802  0.54198046 0.54198234 0.54198252 0.54198057
 0.54198188 0.54198229 0.54198033 0.54198137 0.5419793  0.5419773
 0.54197563 0.54197481 0.54197505 0.54197741 0.54197735 0.54197796
 0.54199847 0.54199836 0.54200253 0.54200169 0.54199093 0.54198971
 0.54198996 0.54198989 0.5419898  0.54199083 0.54199197 0.54199197
 0.54199185 0.54199158 0.54199149 0.5419909  0.54198953 0.54198903
 0.54198903 0.54198799 0.54198799 0.54198938 0.54198938 0.54198938
 0.54198938 0.54198938 0.5420023  0.5420023  0.54200029 0.54200127
 0.54200097 0.54200191 0.54200191 0.54200168 0.54200168 0.54200168
 0.54200168 0.54200168 0.54200227 0.54200227 0.54200227 0.54200305
 0.54200271 0.54200271 0.54200194 0.54200042 0.54200042 0.54200225
 0.54199354 0.54199506 0.54199609 0.54199624 0.54199867 0.54199867
 0.54199867 0.54199859 0.54199913 0.54199686 0.5420113  0.54207275
 0.5421777  0.54210978 0.5421163  0.54211173 0.54212348 0.54210891
 0.54208425 0.54203023 0.54202864 0.54202864 0.54202794 0.54202838
 0.54203023 0.54203875 0.54203875 0.54202676 0.54202755 0.5420267
 0.54203439 0.54204158 0.5421519  0.54215548 0.54217874 0.54217944
 0.54222068 0.54223099 0.54209884 0.54209815 0.54211178 0.54213721
 0.54214153 0.54209197 0.54209893 0.5420952  0.54203731 0.5420353
 0.54202655 0.54202278 0.54202278 0.54202271 0.54203019 0.54203019
 0.54209513 0.5420446  0.5420446  0.54204495 0.54205156 0.5420566
 0.54205932 0.54204503 0.54201443 0.54201443 0.54201391 0.54201486
 0.54201471 0.5419908  0.5419908  0.54198803 0.5419892  0.54199059
 0.54199091 0.54199065 0.54199086 0.54199079 0.54199159 0.54198842
 0.54198778 0.54198778 0.54198926 0.54199291 0.54199319 0.54199217
 0.54199217 0.54199138 0.5419916  0.54199112 0.54199203 0.54199285
 0.54198116 0.54198116 0.54198239 0.54198448 0.54198494 0.54198494
 0.54198494 0.54198426 0.54198426 0.54198413 0.54198468 0.54198509
 0.54198509 0.54198572 0.54198707 0.5419874  0.54198704 0.54198375
 0.54198375 0.54198269 0.54198217 0.54198223 0.54198223 0.54198223
 0.54198286 0.54198357 0.54198382 0.54198238 0.54198523 0.54198515
 0.54198994 0.54198914 0.5419899  0.54199004 0.54198923 0.54198923
 0.54198957 0.54198957 0.54198925 0.54199457 0.54199548 0.54200042
 0.54199719 0.54199719 0.54199717 0.54199717 0.54199822 0.54199873
 0.54200086 0.54200162 0.54200162 0.54200162 0.54200162 0.54200162
 0.54200162 0.54200194 0.54200194 0.54200315 0.54200107 0.54200076
 0.54200033 0.54200212 0.54200212 0.5420017  0.54200083 0.54199938
 0.54199912 0.54199912 0.54199923 0.54200188 0.54200255 0.54200168
 0.54200084 0.54200115 0.54200115 0.54199266 0.5419918  0.54198949
 0.54198475 0.54198486 0.54198548 0.54198589 0.54198611 0.5419866
 0.54198654 0.54198692 0.5419875  0.5419875  0.5419871  0.5419871
 0.54198686 0.54198623 0.54198625 0.54198685 0.54198648 0.5419861
 0.54198679 0.54198792 0.54198792 0.54197828 0.54197857 0.54197876
 0.54198564 0.54198737 0.54198737 0.54198845 0.54198926 0.54198939
 0.5419912  0.5419912  0.54199723 0.54199614 0.54199614 0.54199645
 0.54199675 0.54199587 0.54199587 0.54199405 0.54199504 0.54199394
 0.54199394 0.54199125 0.54199125 0.54199228 0.54199228 0.54199449
 0.54199449 0.54199381 0.54199251 0.54199156 0.54199156 0.54199156
 0.54199198 0.54199241 0.54199159 0.54199007 0.54198929 0.54198931
 0.54198931 0.54198903 0.54198903 0.54198936 0.54198559 0.54198874
 0.54198779 0.54198818 0.54198818 0.54198818 0.54198577 0.5419841
 0.54198452 0.54198452 0.54198226 0.54198243 0.54198264 0.54198111
 0.54198063 0.54198063 0.54198063 0.54198104 0.54197962 0.54197867
 0.54197867 0.54197867 0.54197876 0.54197876 0.54197911 0.54197911
 0.54197955 0.54197955 0.54197976 0.54196888 0.54196757 0.5419668
 0.54196653 0.54196362 0.54196409 0.54196409 0.54196409 0.54194371
 0.54194371 0.54194371 0.54194371 0.54194371 0.54194371 0.54194371
 0.54194385 0.54194354 0.54194354 0.54194354 0.54194725 0.54194725
 0.54194731 0.54194731 0.54194724 0.54194717 0.54194588 0.54194657
 0.54194666 0.54194666 0.54194827 0.54194729 0.54194797 0.54194797
 0.54194657 0.54194727 0.54194745 0.54194731 0.54194673 0.54194818
 0.54194768 0.54194768 0.54194845 0.54194793 0.54194793 0.54194778
 0.54194778 0.54194827 0.54194996 0.54194996 0.54194898 0.54194927
 0.54194919 0.54194919 0.54194919 0.54194919 0.54194919 0.54194866
 0.54194818 0.54194794 0.54194657 0.54194511 0.54194511 0.54194529
 0.54194701 0.54194736 0.54194676 0.54194676 0.54194669 0.54194527
 0.54194527 0.54194461 0.54194422 0.54194422 0.54194422 0.54194422
 0.54194422 0.54194474 0.54194484 0.54194573 0.54194462 0.54194507
 0.54194474 0.54194402 0.54194406 0.54194443 0.54194417 0.54194417
 0.54194417 0.54194417 0.54194414 0.54194393 0.54194393 0.54194393
 0.54194393 0.54194393 0.54194128 0.54194128 0.54194066 0.54193995
 0.54193995 0.54194108 0.54194296 0.54194168 0.54194168 0.54194168
 0.54194168 0.54194341 0.54194341 0.54194262 0.54194223 0.54194223
 0.54194223 0.54194306 0.54194306 0.5419419  0.5419419  0.54194218
 0.54194218 0.54194081 0.54194111 0.54193395 0.5419337  0.54193367
 0.54193111 0.54193098 0.54193151 0.54193374 0.54193399 0.5419347
 0.54193458 0.54193458 0.54193458 0.54193458 0.54193365 0.5419334
 0.54193383 0.54193383 0.54193383 0.54193383 0.54193459 0.54193459
 0.54193474 0.54193474 0.54193553 0.54193739 0.54193739 0.54193971
 0.54193947 0.54193933 0.54193933 0.54193933 0.54193978 0.54193978
 0.54193911 0.54193911 0.54193959 0.54193959 0.54193942 0.54194098
 0.54194098 0.54194098 0.54194036 0.54194111 0.54194111 0.54194345
 0.54194345 0.54194245 0.54195129 0.54195129 0.54195002 0.54195002
 0.54195005 0.54195005 0.54195005 0.54195005 0.54194993 0.54194814
 0.54194955 0.54194832 0.54194832 0.54194573 0.54194207 0.54194207
 0.54193781 0.54193871 0.54193881 0.54193886 0.54193886 0.54193886
 0.54193886 0.54193886 0.54193947 0.54193947 0.54193947 0.54193957
 0.54194087 0.54194087 0.54194087 0.54193917 0.54193943 0.54194004
 0.54194004 0.54193813 0.54193813 0.5419388  0.54193973 0.54193963
 0.54194018 0.54194147 0.54194147 0.54194343 0.54194443 0.54194443
 0.54194572 0.54194597 0.54194239 0.54194239]
posterior_samples['z_uncertain_flat'] shape: (1000, 4)
z_uncertain_samples shape: (1000, 2, 2)
Script finished in 6 minutes and 34 seconds.
