hpc-node01
	Adding nVidia Cuda Toolkit 11.8
	Adding nVidia cuDNN 8.6 (.0.163)
	Adding nvtop
Fri Jun 21 09:18:37 2024       
+-----------------------------------------------------------------------------------------+
| NVIDIA-SMI 550.54.15              Driver Version: 550.54.15      CUDA Version: 12.4     |
|-----------------------------------------+------------------------+----------------------+
| GPU  Name                 Persistence-M | Bus-Id          Disp.A | Volatile Uncorr. ECC |
| Fan  Temp   Perf          Pwr:Usage/Cap |           Memory-Usage | GPU-Util  Compute M. |
|                                         |                        |               MIG M. |
|=========================================+========================+======================|
|   0  NVIDIA L40                     On  |   00000000:17:00.0 Off |                    0 |
| N/A   33C    P8             35W /  300W |       0MiB /  46068MiB |      0%      Default |
|                                         |                        |                  N/A |
+-----------------------------------------+------------------------+----------------------+
|   1  NVIDIA L40                     On  |   00000000:65:00.0 Off |                    0 |
| N/A   31C    P8             34W /  300W |       0MiB /  46068MiB |      0%      Default |
|                                         |                        |                  N/A |
+-----------------------------------------+------------------------+----------------------+
|   2  NVIDIA L40                     On  |   00000000:CA:00.0 Off |                    0 |
| N/A   36C    P0             81W /  300W |     526MiB /  46068MiB |      8%      Default |
|                                         |                        |                  N/A |
+-----------------------------------------+------------------------+----------------------+
|   3  NVIDIA L40                     On  |   00000000:E3:00.0 Off |                    0 |
| N/A   34C    P8             35W /  300W |       0MiB /  46068MiB |      0%      Default |
|                                         |                        |                  N/A |
+-----------------------------------------+------------------------+----------------------+
                                                                                         
+-----------------------------------------------------------------------------------------+
| Processes:                                                                              |
|  GPU   GI   CI        PID   Type   Process name                              GPU Memory |
|        ID   ID                                                               Usage      |
|=========================================================================================|
|    2   N/A  N/A     58600      C   python                                        518MiB |
+-----------------------------------------------------------------------------------------+
Date              = Fri Jun 21 09:18:38 CEST 2024
Hostname          = hpc-node01
Working Directory = /local/294795
Number of nodes used        : 1
Number of MPI tasks         : 1
Number of threads           : 16
Number of MPI tasks per node: 1
Number of threads per core  : 
Name of nodes used          : hpc-node01
Gpu devices                 : 1
Starting worker: 
Xu_fixed:  [[0.         0.18370448]
 [0.         0.35350201]
 [0.         0.59804408]
 [0.         0.59988955]
 [0.         0.15923625]
 [0.         0.00628557]
 [0.         0.68970547]
 [0.         0.88314329]
 [0.         0.32744701]
 [0.         0.06530783]
 [0.         0.43758137]
 [0.         0.41816273]
 [0.         0.84531952]
 [0.         0.37618536]
 [0.         0.00228463]
 [0.42300447 0.        ]
 [0.37513696 0.        ]
 [0.51259359 0.        ]
 [0.54022212 0.        ]
 [0.25327558 0.        ]
 [1.         0.57254519]
 [1.         0.36391689]
 [1.         0.54563921]
 [1.         0.70313472]
 [1.         0.83202349]
 [1.         0.61864101]
 [1.         0.48009388]
 [1.         0.89047637]
 [1.         0.73822542]
 [1.         0.42158473]
 [1.         0.71855937]
 [1.         0.93154112]
 [1.         0.17918464]
 [1.         0.45016916]
 [1.         0.17978627]]
sigma_init_yu: 0.30821690729703105	sigma_init_yf: 0.3888457112697405	sigma_init: 0.36028375186039774
new_sigma_init_yu: 0.30821690729703105	new_sigma_init_yf: 0.041705468135263615	new_sigma_init: 0.1366626125257795
Xu_certain: [[0.12391166 0.78969496]
 [0.59892084 0.07747027]]
Xu_noise: [[0.13973494 0.87051473]
 [0.67564161 0.        ]]
Xu_noise shape: (2, 2)
adam
0.001000
1000
init params: ((Array([0.30821691], dtype=float64), Array([0.46188341, 0.34516369], dtype=float64)),)
param_iter: ((Array([0.44709868], dtype=float64), Array([0.13204616, 0.24606263], dtype=float64)),)
start inference

                         mean       std    median      5.0%     95.0%     n_eff     r_hat
z_uncertain_flat[0]     -0.53      0.00     -0.53     -0.53     -0.53      2.90      2.76
z_uncertain_flat[1]     -0.73      0.00     -0.73     -0.73     -0.73      7.32      1.31
z_uncertain_flat[2]      1.20      0.00      1.20      1.20      1.20      9.86      1.04
z_uncertain_flat[3]     -0.92      0.00     -0.92     -0.92     -0.92      7.38      1.42

Number of divergences: 0
z_uncertain_samples[:, 1, 0] [1.20434191 1.20434049 1.20434098 1.20434128 1.20434037 1.20434122
 1.20433869 1.20433838 1.2043376  1.20433691 1.20433714 1.20433656
 1.20433826 1.20433878 1.20433881 1.20433771 1.20433786 1.20433782
 1.20433561 1.20433794 1.20433806 1.20433749 1.20433805 1.20433828
 1.20433961 1.20433901 1.20433885 1.20433925 1.20433858 1.20433889
 1.2043389  1.20433927 1.20433855 1.20433876 1.20433949 1.20433981
 1.20434166 1.20434191 1.20434189 1.20434154 1.20434272 1.20434267
 1.20434215 1.20434254 1.20434333 1.20434284 1.20434366 1.20434342
 1.20434142 1.20434206 1.20434204 1.2043412  1.20434082 1.20433978
 1.20433897 1.20433842 1.20433924 1.20433917 1.20433739 1.2043371
 1.20433706 1.2043367  1.204337   1.20433691 1.20433649 1.20433647
 1.2043355  1.2043347  1.20433458 1.20433562 1.20433516 1.20433506
 1.20433619 1.20433643 1.20433543 1.20433635 1.20433694 1.20433636
 1.20433659 1.20433683 1.20433787 1.20433721 1.20433745 1.20433736
 1.20433901 1.20433785 1.20433785 1.20433801 1.20433715 1.20433653
 1.20433635 1.20433705 1.20433693 1.20433739 1.20433819 1.20433875
 1.20433823 1.20433709 1.20433727 1.20433851 1.20433705 1.204337
 1.20433821 1.20433745 1.20433769 1.20433765 1.20433716 1.20433713
 1.20433733 1.20433899 1.20433931 1.20433948 1.20433972 1.20433945
 1.20433921 1.20433904 1.2043396  1.20433944 1.20433838 1.20433749
 1.20433733 1.20433677 1.20433624 1.20433605 1.20433685 1.20433747
 1.20433684 1.20433675 1.20433868 1.20433893 1.20433914 1.20433881
 1.2043388  1.20433921 1.20433873 1.20434021 1.20434172 1.2043414
 1.20434174 1.20434104 1.20434116 1.20434158 1.20433939 1.2043386
 1.2043387  1.20433836 1.20433795 1.20433802 1.20433779 1.20433873
 1.2043385  1.20433693 1.20433622 1.20433627 1.20433636 1.20433702
 1.20433703 1.20433618 1.20433505 1.2043357  1.20433733 1.20433666
 1.20433724 1.20433646 1.20433711 1.20433805 1.20433723 1.20433678
 1.20433655 1.20433494 1.20433585 1.20433604 1.20433554 1.20433517
 1.20433645 1.20433807 1.20433905 1.20433823 1.20434054 1.20433999
 1.20434016 1.20433999 1.20434005 1.20434001 1.20434024 1.20434008
 1.20433998 1.20433922 1.20434029 1.20434077 1.20433943 1.20434168
 1.20434147 1.20434258 1.2043419  1.20434243 1.20434351 1.20434299
 1.20434259 1.20434168 1.20434264 1.20434293 1.2043429  1.20434181
 1.2043406  1.20434064 1.20433957 1.20433938 1.2043398  1.20433804
 1.20433809 1.20433813 1.20433853 1.20433928 1.20434016 1.2043399
 1.20433866 1.20433978 1.20433978 1.20434135 1.20434159 1.20434046
 1.20434078 1.20434032 1.20434    1.20434014 1.20434213 1.20434156
 1.2043431  1.20434315 1.20434388 1.20434267 1.20434219 1.20434331
 1.20434358 1.20434214 1.2043418  1.20434169 1.20434136 1.20434218
 1.20434179 1.2043403  1.20434017 1.2043404  1.20433891 1.20433944
 1.20433936 1.20433958 1.20433971 1.20433835 1.20433663 1.20433738
 1.20433798 1.20433746 1.20433848 1.20433562 1.20433425 1.20433483
 1.20433522 1.20433497 1.20433558 1.20433555 1.2043346  1.20433642
 1.20433585 1.20433568 1.204335   1.20433471 1.20433392 1.2043337
 1.20433276 1.20433206 1.20433123 1.20433079 1.20433079 1.2043306
 1.20433044 1.20433029 1.20433025 1.20432887 1.20432894 1.20432828
 1.20432732 1.20432877 1.20432857 1.20432865 1.20432825 1.20432822
 1.20432872 1.2043287  1.20432899 1.2043281  1.20432816 1.20432857
 1.20432883 1.20432992 1.20432966 1.20432837 1.20432785 1.20432654]
posterior_samples['z_uncertain_flat'] shape: (300, 4)
z_uncertain_samples shape: (300, 2, 2)
Script finished in 13 minutes and 44 seconds.
