hpc-node01
	Adding nVidia Cuda Toolkit 11.8
	Adding nVidia cuDNN 8.6 (.0.163)
	Adding nvtop
Fri Jun 21 08:51:28 2024       
+-----------------------------------------------------------------------------------------+
| NVIDIA-SMI 550.54.15              Driver Version: 550.54.15      CUDA Version: 12.4     |
|-----------------------------------------+------------------------+----------------------+
| GPU  Name                 Persistence-M | Bus-Id          Disp.A | Volatile Uncorr. ECC |
| Fan  Temp   Perf          Pwr:Usage/Cap |           Memory-Usage | GPU-Util  Compute M. |
|                                         |                        |               MIG M. |
|=========================================+========================+======================|
|   0  NVIDIA L40                     On  |   00000000:17:00.0 Off |                    0 |
| N/A   34C    P8             35W /  300W |       0MiB /  46068MiB |      0%      Default |
|                                         |                        |                  N/A |
+-----------------------------------------+------------------------+----------------------+
|   1  NVIDIA L40                     On  |   00000000:65:00.0 Off |                    0 |
| N/A   32C    P8             34W /  300W |       0MiB /  46068MiB |      0%      Default |
|                                         |                        |                  N/A |
+-----------------------------------------+------------------------+----------------------+
|   2  NVIDIA L40                     On  |   00000000:CA:00.0 Off |                    0 |
| N/A   33C    P8             35W /  300W |       0MiB /  46068MiB |      0%      Default |
|                                         |                        |                  N/A |
+-----------------------------------------+------------------------+----------------------+
|   3  NVIDIA L40                     On  |   00000000:E3:00.0 Off |                    0 |
| N/A   35C    P8             36W /  300W |       0MiB /  46068MiB |      0%      Default |
|                                         |                        |                  N/A |
+-----------------------------------------+------------------------+----------------------+
                                                                                         
+-----------------------------------------------------------------------------------------+
| Processes:                                                                              |
|  GPU   GI   CI        PID   Type   Process name                              GPU Memory |
|        ID   ID                                                               Usage      |
|=========================================================================================|
|  No running processes found                                                             |
+-----------------------------------------------------------------------------------------+
Date              = Fri Jun 21 08:51:29 CEST 2024
Hostname          = hpc-node01
Working Directory = /local/294771
Number of nodes used        : 1
Number of MPI tasks         : 1
Number of threads           : 16
Number of MPI tasks per node: 1
Number of threads per core  : 
Name of nodes used          : hpc-node01
Gpu devices                 : 2
Starting worker: 
Xu_fixed:  [[0.         0.95006237]
 [0.         0.94521492]
 [0.         0.39422269]
 [0.         0.34238744]
 [0.         0.53206767]
 [0.42300447 0.        ]
 [0.37513696 0.        ]
 [0.51259359 0.        ]
 [0.54022212 0.        ]
 [0.25327558 0.        ]
 [1.         0.39326737]
 [1.         0.69942523]
 [1.         0.78878791]
 [1.         0.39758325]
 [1.         0.41364807]]
sigma_init_yu: 0.30152117107217413	sigma_init_yf: 0.4056464344871324	sigma_init: 0.3483601465670663
new_sigma_init_yu: 0.30152117107217413	new_sigma_init_yf: 0.02392480999624433	new_sigma_init: 0.19088368268070094
Xu_certain: [[0.12391166 0.78969496]
 [0.59892084 0.07747027]]
Xu_noise: [[0.13973494 0.87051473]
 [0.67564161 0.        ]]
Xu_noise shape: (2, 2)
adam
0.001000
1000
init params: ((Array([0.30152117], dtype=float64), Array([0.41648387, 0.38612027], dtype=float64)),)
param_iter: ((Array([0.44720687], dtype=float64), Array([0.1668357 , 0.72424806], dtype=float64)),)
start inference

                         mean       std    median      5.0%     95.0%     n_eff     r_hat
z_uncertain_flat[0]     -0.90      0.00     -0.90     -0.90     -0.90     25.07      1.07
z_uncertain_flat[1]     -1.39      0.00     -1.39     -1.39     -1.39    100.00      1.00
z_uncertain_flat[2]      1.00      0.00      1.00      1.00      1.00     35.81      1.05
z_uncertain_flat[3]      0.35      0.00      0.35      0.35      0.36     43.18      1.03

Number of divergences: 0
z_uncertain_samples[:, 1, 0] [0.99999927 0.99999927 0.99999998 0.99999972 0.99999972 0.99999972
 0.99999972 0.99999972 0.99999972 0.99999972 0.99999993 0.99999993
 0.99999993 0.99999993 1.00000003 1.00000003 1.00000003 1.00000006
 1.00000006 1.00000006 1.00000006 1.00000006 1.00000006 1.00000006
 1.00000006 1.00000038 1.00000038 1.00000038 1.00000038 1.00000038
 1.00000038 1.00000038 1.00000024 1.0000003  1.00000032 1.00000032
 1.00000032 1.00000032 1.00000032 1.00000032 0.99999986 0.99999986
 0.99999986 0.99999986 0.99999986 0.99999986 0.99999986 0.99999993
 0.99999993 0.99999993 1.00000006 1.00000006 1.00000006 1.00000006
 1.00000006 1.00000006 1.00000006 0.99999917 0.99999917 0.99999917
 0.99999917 0.99999917 0.99999917 0.99999917 0.99999917 0.99999917
 0.99999917 1.0000007  1.0000007  1.0000007  0.99999996 1.00000009
 1.00000009 1.00000012 1.00000012 1.00000012 1.00000012 1.00000012
 1.00000001 1.00000001 1.00000001 1.00000001 1.00000001 0.99999982
 0.99999982 0.99999982 0.99999982 0.99999982 0.99999934 0.99999934
 0.99999934 0.99999934 0.99999934 0.99999934 0.99999934 0.99999934
 0.99999934 1.00000041 1.00000041 1.00000041 0.99999967 0.99999967
 0.99999967 1.0000003  1.0000003  1.0000003  1.0000003  1.0000003
 1.0000003  1.0000003  1.0000003  1.0000003  1.0000003  1.0000003
 1.0000003  1.0000003  0.99999954 0.99999954 0.9999998  0.9999998
 1.         1.00000027 1.00000027 1.00000027 1.00000027 1.00000027
 1.00000026 1.00000026 1.00000026 1.00000026 1.00000026 1.00000026
 1.00000026 1.00000026 1.00000026 1.0000002  1.0000002  1.0000002
 1.0000002  1.0000002  1.0000002  1.0000002  1.0000002  1.0000002
 1.0000002  1.0000002  0.99999958 0.99999958 0.99999958 0.99999963
 0.99999963 0.9999998  0.9999998  0.9999998  0.99999998 0.99999998
 0.99999982 0.99999982 0.99999982 0.99999982 0.99999982 0.99999982
 0.99999982 0.99999958 0.99999958 0.99999958 0.99999958 0.99999958
 0.99999958 0.99999958 0.99999978 0.99999978 0.99999993 0.99999993
 0.99999993 0.99999993 0.99999993 0.99999993 0.99999993 0.99999993
 0.99999971 0.99999971 0.99999971 0.99999971 1.00000014 1.00000014
 0.9999992  0.9999992  0.9999992  0.9999992  0.9999992  0.99999976
 0.99999976 0.99999976 0.9999999  0.9999999  0.9999999  0.9999999
 0.9999999  0.9999999  0.9999999  1.00000026 1.00000026 1.00000023
 1.00000023 1.00000023 0.99999998 0.99999998 1.00000053 1.00000053
 1.00000053 1.00000053 1.00000053 1.00000053 0.99999962 0.99999962
 0.99999962 0.99999962 0.99999962 0.99999962 0.99999962 0.99999962
 0.99999962 0.99999962 0.99999962 0.99999962 0.99999962 0.99999962
 0.99999962 0.99999962 0.99999962 0.99999957 0.99999957 0.99999905
 0.99999905 0.99999905 0.99999905 0.99999905 0.99999905 0.99999905
 0.99999905 1.00000012 1.0000002  1.0000002  1.0000002  1.0000002
 1.0000002  1.0000002  1.0000002  1.00000045 1.00000045 1.00000045
 1.00000045 0.9999997  0.9999997  0.99999966 0.99999966 1.00000034
 1.00000034 0.99999925 0.99999925 0.99999925 0.99999925 0.99999925
 0.99999925 0.99999925 0.99999925 0.99999925 0.99999925 0.99999925
 0.99999925 0.99999925 0.99999925 0.99999925 0.99999925 0.99999925
 0.99999925 0.99999925 0.99999925 0.99999914 0.99999914 0.99999914
 0.99999914 0.99999914 0.99999914 0.99999914 0.99999914 0.99999914
 0.99999914 0.99999914 1.00000103 1.00000103 1.00000102 1.00000102
 1.00000102 1.00000102 1.00000102 1.00000102 1.00000102 1.        ]
posterior_samples['z_uncertain_flat'] shape: (300, 4)
z_uncertain_samples shape: (300, 2, 2)
Script finished in 3 minutes and 37 seconds.
