hpc-node02
	Adding nVidia Cuda Toolkit 11.8
	Adding nVidia cuDNN 8.6 (.0.163)
	Adding nvtop
Fri Jun 21 05:29:48 2024       
+-----------------------------------------------------------------------------------------+
| NVIDIA-SMI 550.54.15              Driver Version: 550.54.15      CUDA Version: 12.4     |
|-----------------------------------------+------------------------+----------------------+
| GPU  Name                 Persistence-M | Bus-Id          Disp.A | Volatile Uncorr. ECC |
| Fan  Temp   Perf          Pwr:Usage/Cap |           Memory-Usage | GPU-Util  Compute M. |
|                                         |                        |               MIG M. |
|=========================================+========================+======================|
|   0  NVIDIA L40                     On  |   00000000:17:00.0 Off |                    0 |
| N/A   34C    P0             77W /  300W |     524MiB /  46068MiB |      0%      Default |
|                                         |                        |                  N/A |
+-----------------------------------------+------------------------+----------------------+
|   1  NVIDIA L40                     On  |   00000000:65:00.0 Off |                    0 |
| N/A   32C    P8             36W /  300W |       0MiB /  46068MiB |      0%      Default |
|                                         |                        |                  N/A |
+-----------------------------------------+------------------------+----------------------+
|   2  NVIDIA L40                     On  |   00000000:CA:00.0 Off |                    0 |
| N/A   34C    P0             78W /  300W |     450MiB /  46068MiB |      0%      Default |
|                                         |                        |                  N/A |
+-----------------------------------------+------------------------+----------------------+
|   3  NVIDIA L40                     On  |   00000000:E3:00.0 Off |                    0 |
| N/A   33C    P8             36W /  300W |       0MiB /  46068MiB |      0%      Default |
|                                         |                        |                  N/A |
+-----------------------------------------+------------------------+----------------------+
                                                                                         
+-----------------------------------------------------------------------------------------+
| Processes:                                                                              |
|  GPU   GI   CI        PID   Type   Process name                              GPU Memory |
|        ID   ID                                                               Usage      |
|=========================================================================================|
|    0   N/A  N/A     19140      C   python                                        516MiB |
|    2   N/A  N/A     19219      C   python                                        442MiB |
+-----------------------------------------------------------------------------------------+
Date              = Fri Jun 21 05:29:49 CEST 2024
Hostname          = hpc-node02
Working Directory = /local/294745
Number of nodes used        : 1
Number of MPI tasks         : 1
Number of threads           : 16
Number of MPI tasks per node: 1
Number of threads per core  : 
Name of nodes used          : hpc-node02
Gpu devices                 : 3
Starting worker: 
Xu_fixed:  [[0.         0.95006237]
 [0.         0.94521492]
 [0.         0.39422269]
 [0.         0.34238744]
 [0.         0.53206767]
 [0.42300447 0.        ]
 [0.37513696 0.        ]
 [0.51259359 0.        ]
 [0.54022212 0.        ]
 [0.25327558 0.        ]
 [1.         0.39326737]
 [1.         0.69942523]
 [1.         0.78878791]
 [1.         0.39758325]
 [1.         0.41364807]]
sigma_init_yu: 0.3447976501256937	sigma_init_yf: 16.88708019124114	sigma_init: 10.396454416227668
new_sigma_init_yu: 0.3447976501256937	new_sigma_init_yf: 0.922669455233789	new_sigma_init: 0.8674089833820364
Xu_certain: [[0.12391166 0.78969496]
 [0.59892084 0.07747027]]
Xu_noise: [[0.13973494 0.87051473]
 [0.67564161 0.        ]]
Xu_noise shape: (2, 2)
adam
0.001000
1000
init params: ((Array([0.34479765], dtype=float64), Array([0.41648387, 0.38612027], dtype=float64)),)
param_iter: ((Array([0.27505656], dtype=float64), Array([0.10421895, 0.89804465], dtype=float64)),)
start inference

                         mean       std    median      5.0%     95.0%     n_eff     r_hat
z_uncertain_flat[0]     -1.21      0.00     -1.21     -1.21     -1.21     28.41      1.05
z_uncertain_flat[1]     -1.88      0.00     -1.88     -1.88     -1.88     14.61      1.11
z_uncertain_flat[2]      1.00      0.00      1.00      1.00      1.00     36.39      1.05
z_uncertain_flat[3]      0.18      0.01      0.19      0.18      0.19     17.61      1.08

Number of divergences: 9
z_uncertain_samples[:, 1, 0] [0.9998948  0.99991784 0.9999208  0.99991797 0.99992314 0.99993543
 0.99994671 0.99994141 0.99994639 0.99993267 0.99993343 0.99995416
 0.99996124 0.99996902 0.99996133 0.9999668  0.99996626 0.99996626
 0.99996768 0.99996768 0.99996768 0.99996704 0.99996919 0.99996948
 0.99996205 0.99996437 0.99997066 0.99996566 0.99996937 0.99996294
 0.99996698 0.99996072 0.99996866 0.99996817 0.99996817 0.99997073
 0.9999678  0.99996663 0.9999645  0.99996298 0.99996348 0.99996138
 0.99996525 0.99996658 0.99996138 0.99996138 0.99996691 0.99996691
 0.99996542 0.99996783 0.99996783 0.99996761 0.99996711 0.99996215
 0.99997086 0.99996501 0.9999706  0.99996847 0.99996645 0.99996645
 0.99996535 0.99996944 0.99997188 0.99996824 0.99997251 0.99997267
 0.99996874 0.99996789 0.99996789 0.99996789 0.9999708  0.9999708
 0.99997445 0.99996503 0.99996873 0.99996873 0.99996873 0.99997059
 0.99997059 0.99996932 0.99996759 0.99996759 0.99997317 0.99997317
 0.99996779 0.99996838 0.99996838 0.99996838 0.99996838 0.99996644
 0.99997312 0.99997312 0.99997259 0.99997112 0.99997163 0.99996975
 0.99997316 0.99997316 0.99996752 0.99996747 0.99997233 0.99997052
 0.99997052 0.99997072 0.99996715 0.99996893 0.99996848 0.99996848
 0.99996769 0.99996773 0.99996753 0.99996912 0.99996772 0.99997146
 0.99997057 0.99997057 0.99997057 0.99997057 0.99997057 0.99997057
 0.99997057 0.99997055 0.99997056 0.99996652 0.9999678  0.9999678
 0.9999678  0.9999678  0.9999678  0.9999678  0.99997093 0.99996994
 0.99996829 0.99997108 0.99996814 0.99997158 0.99996906 0.99996825
 0.99996825 0.99996976 0.99996976 0.99996976 0.99996976 0.99996976
 0.99996792 0.99996792 0.99996834 0.99996798 0.99997123 0.99997198
 0.9999712  0.99997063 0.99997136 0.99997136 0.99997136 0.99996663
 0.9999712  0.99996869 0.99997388 0.99997397 0.9999675  0.99996855
 0.99996855 0.99997179 0.9999734  0.999973   0.999973   0.99997053
 0.99996831 0.99996831 0.99996831 0.99996716 0.99996716 0.99997242
 0.99997201 0.99996902 0.99996902 0.99997323 0.99997323 0.99997323
 0.99996826 0.99996768 0.99997081 0.99997081 0.99997045 0.99997045
 0.99997045 0.99997107 0.99997089 0.99997089 0.99997201 0.99997201
 0.99997054 0.99996856 0.99996856 0.99997024 0.9999716  0.9999716
 0.9999716  0.99997323 0.99997323 0.99996844 0.99996808 0.99996808
 0.9999685  0.9999685  0.99997635 0.99997635 0.9999627  0.99996496
 0.99996496 0.99997624 0.99996991 0.99996991 0.99996991 0.99996843
 0.99996924 0.99997171 0.99997197 0.99996679 0.99996921 0.99996842
 0.99996842 0.99997034 0.99997166 0.99997161 0.99996917 0.99996917
 0.99997229 0.99997222 0.99996909 0.99997335 0.99997116 0.99997116
 0.99997044 0.99996933 0.99996957 0.99996957 0.99996957 0.99997162
 0.99996998 0.99996682 0.99997328 0.99996761 0.99996897 0.99996897
 0.99996937 0.99996937 0.99997366 0.99997058 0.99997058 0.99997058
 0.99997058 0.99997113 0.9999692  0.99996748 0.99997255 0.99997255
 0.99997255 0.99997255 0.99997255 0.99997239 0.99996778 0.99996778
 0.99997383 0.99997209 0.9999713  0.9999713  0.9999713  0.9999713
 0.9999713  0.9999712  0.99997034 0.99997034 0.99997034 0.99996903
 0.99996903 0.99996903 0.99996903 0.99996903 0.99996903 0.99996903
 0.99996903 0.99997305 0.99997158 0.99997265 0.99997334 0.99997334
 0.99996846 0.99997354 0.99996809 0.99997212 0.99997215 0.99997026
 0.99997026 0.99997026 0.99997244 0.99997244 0.9999719  0.99996876
 0.99997278 0.99997278 0.99997155 0.99997155 0.99997155 0.99997055
 0.99996938 0.9999716  0.9999716  0.9999716  0.9999716  0.99997309
 0.99996839 0.99997453 0.99997453 0.99997046 0.99997046 0.99997161
 0.99997161 0.9999717  0.99997009 0.99996986 0.9999717  0.9999717
 0.9999731  0.99997295 0.99997106 0.99997106 0.99997106 0.99997106
 0.99996892 0.9999699  0.99997035 0.99997035 0.99997035 0.99996895
 0.99996895 0.99997263 0.99997022 0.99997022 0.99997201 0.99997201
 0.99997201 0.99996981 0.99996981 0.9999722  0.9999722  0.99996922
 0.9999679  0.9999679  0.99997238 0.99997352 0.99996671 0.99997266
 0.99996941 0.99996941 0.9999733  0.9999733  0.99997231 0.99997043
 0.99997043 0.99997043 0.99997043 0.99997043 0.99997043 0.99997043
 0.99996932 0.99996932 0.99996945 0.9999727  0.9999727  0.9999705
 0.9999705  0.9999705  0.99997188 0.99997188 0.99997188 0.99997188
 0.99997188 0.9999713  0.99997186 0.99997186 0.99997261 0.99997099
 0.99997099 0.99997099 0.99997012 0.99997012 0.99997012 0.99997012
 0.99997012 0.99997161 0.99997301 0.99996932 0.99996979 0.99996946
 0.99997027 0.99997181 0.99997181 0.99997181 0.9999737  0.99997045
 0.99997045 0.99997205 0.99997205 0.99996913 0.99996913 0.99996913
 0.9999732  0.9999732  0.9999732  0.9999732  0.99997264 0.99997264
 0.99997264 0.99997264 0.99997036 0.99997028 0.99997263 0.99997263
 0.999974   0.999974   0.99997282 0.99997282 0.99997282 0.99997199
 0.99997199 0.99997219 0.99997219 0.99997172 0.99997172 0.99997172
 0.99997172 0.99997312 0.99997312 0.99996993 0.99997008 0.99997008
 0.99997011 0.99997011 0.9999693  0.9999693  0.99996911 0.99997202
 0.99997202 0.99997361 0.99997361 0.99997361 0.99997361 0.99996885
 0.99996885 0.99996885 0.99996885 0.99997525 0.99997525 0.99997525
 0.99996753 0.99997422 0.99996961 0.99996961 0.99997375 0.99997375
 0.99996842 0.99997176 0.9999699  0.9999699  0.9999699  0.9999699
 0.99997289 0.99997289 0.99997289 0.99997348 0.99997348 0.99997348
 0.99997208 0.99997208 0.99996867 0.99996867 0.99997461 0.99997548
 0.99997548 0.99997034 0.99997035 0.99997035 0.99997047 0.99997047
 0.99997047 0.99997047 0.99997047 0.99997047 0.99997421 0.99997421
 0.99997421 0.99997059 0.99997059 0.99997256 0.99997256 0.99997256
 0.99997286 0.99997205 0.99997239 0.99997535 0.99997535 0.99997535
 0.99997535 0.99997535 0.99997535 0.99997535 0.99997535 0.99996864
 0.99997243 0.99997191 0.99997191 0.99997191 0.99997191 0.99997191
 0.9999728  0.9999728  0.99997285 0.99997285 0.99997285 0.99997409
 0.99997261 0.99997264 0.99997453 0.99996681 0.99996681 0.99997595
 0.99997245 0.99997245 0.99997245 0.99997022 0.99996936 0.99996936
 0.99997257 0.99997241 0.99997222 0.99997097 0.99996857 0.99996857
 0.99996886 0.99996985 0.99996934 0.99996934 0.99996934 0.9999734
 0.9999734  0.9999734  0.9999734  0.9999734  0.9999708  0.9999708
 0.9999708  0.9999708  0.9999708  0.9999708  0.99996949 0.99996828
 0.99997176 0.99996929 0.9999701  0.99997029 0.99996809 0.99997167
 0.99997204 0.99997175 0.99997058 0.99997372 0.99997372 0.99996784
 0.99997441 0.99997441 0.99997441 0.99996726 0.99996726 0.99997369
 0.99997344 0.99996939 0.99996715 0.9999704  0.99996902 0.99997186
 0.99997186 0.99997186 0.99997085 0.99997085 0.99997085 0.99996995
 0.99996995 0.9999701  0.99997072 0.99997072 0.99997176 0.9999698
 0.9999698  0.99997093 0.99997093 0.99997301 0.99997144 0.99997049
 0.99997049 0.99996879 0.99996879 0.99997271 0.99997022 0.99997228
 0.99997053 0.99997053 0.99996898 0.99996898 0.99997237 0.99997111
 0.99997111 0.99997111 0.9999721  0.99996887 0.99996855 0.99997302
 0.99997205 0.99997256 0.99997122 0.99997122 0.99997122 0.99997162
 0.99997075 0.99997075 0.99997075 0.99997075 0.99996945 0.99996984
 0.99996984 0.99996984 0.99996984 0.99996984 0.99996984 0.99996984
 0.99996984 0.99996984 0.99997066 0.99996732 0.99996732 0.99996732
 0.99997196 0.99997206 0.99997124 0.9999731  0.99997065 0.99997247
 0.99997333 0.99997288 0.99997118 0.99997118 0.99997118 0.99997008
 0.99997023 0.99997248 0.99997105 0.99997105 0.99997146 0.99997146
 0.99997114 0.9999705  0.9999705  0.99996906 0.99997183 0.99997145
 0.99997145 0.99997145 0.99996982 0.99996982 0.99996987 0.9999689
 0.99996791 0.99997204 0.99997204 0.99997106 0.99997153 0.99997329
 0.99997281 0.99996938 0.99996938 0.99996938 0.99996938 0.99996938
 0.99996938 0.99997283 0.99997347 0.99996873 0.99996873 0.99997061
 0.99997061 0.99997318 0.99996845 0.99996845 0.99996845 0.99997179
 0.99997179 0.99997179 0.99997068 0.99997068 0.99997146 0.99997146
 0.99997352 0.99997109 0.99997109 0.9999692  0.9999692  0.99996752
 0.99997079 0.99997079 0.99997079 0.99997049 0.99996808 0.99996808
 0.99997339 0.99997223 0.99997522 0.9999663  0.99997387 0.99997024
 0.99997013 0.99997166 0.99997091 0.9999715  0.99997174 0.99997174
 0.99997221 0.99996903 0.99997062 0.99997062 0.99996794 0.99996794
 0.99997353 0.9999682  0.99997073 0.99997073 0.99997073 0.99997073
 0.99997073 0.99997176 0.99997176 0.99997316 0.99997316 0.99997316
 0.99996886 0.99996886 0.99997319 0.99997319 0.99997295 0.99997386
 0.99997271 0.99997295 0.99997295 0.99997372 0.99996956 0.99996956
 0.99996956 0.99996956 0.99997345 0.99997213 0.99997213 0.99997213
 0.99997276 0.99997236 0.99996846 0.99996812 0.99996812 0.99996724
 0.99997231 0.99997418 0.99997418 0.99996804 0.99997056 0.99997008
 0.99996838 0.99996838 0.99996838 0.99996838 0.99997494 0.99996689
 0.99997357 0.99997114 0.99997114 0.99997146 0.99997146 0.99997029
 0.99997297 0.99997187 0.99997216 0.99997165 0.99997185 0.9999714
 0.9999714  0.9999714  0.9999714  0.9999714  0.99997203 0.99996965
 0.99996351 0.99997061]
posterior_samples['z_uncertain_flat'] shape: (800, 4)
z_uncertain_samples shape: (800, 2, 2)
Script finished in 5 minutes and 53 seconds.
