hpc-node02
	Adding nVidia Cuda Toolkit 11.8
	Adding nVidia cuDNN 8.6 (.0.163)
	Adding nvtop
Fri Jun 21 04:26:57 2024       
+-----------------------------------------------------------------------------------------+
| NVIDIA-SMI 550.54.15              Driver Version: 550.54.15      CUDA Version: 12.4     |
|-----------------------------------------+------------------------+----------------------+
| GPU  Name                 Persistence-M | Bus-Id          Disp.A | Volatile Uncorr. ECC |
| Fan  Temp   Perf          Pwr:Usage/Cap |           Memory-Usage | GPU-Util  Compute M. |
|                                         |                        |               MIG M. |
|=========================================+========================+======================|
|   0  NVIDIA L40                     On  |   00000000:17:00.0 Off |                    0 |
| N/A   31C    P8             35W /  300W |       0MiB /  46068MiB |      0%      Default |
|                                         |                        |                  N/A |
+-----------------------------------------+------------------------+----------------------+
|   1  NVIDIA L40                     On  |   00000000:65:00.0 Off |                    0 |
| N/A   28C    P8             25W /  300W |       0MiB /  46068MiB |      0%      Default |
|                                         |                        |                  N/A |
+-----------------------------------------+------------------------+----------------------+
|   2  NVIDIA L40                     On  |   00000000:CA:00.0 Off |                    0 |
| N/A   29C    P8             23W /  300W |       0MiB /  46068MiB |      0%      Default |
|                                         |                        |                  N/A |
+-----------------------------------------+------------------------+----------------------+
|   3  NVIDIA L40                     On  |   00000000:E3:00.0 Off |                    0 |
| N/A   30C    P8             24W /  300W |       0MiB /  46068MiB |      0%      Default |
|                                         |                        |                  N/A |
+-----------------------------------------+------------------------+----------------------+
                                                                                         
+-----------------------------------------------------------------------------------------+
| Processes:                                                                              |
|  GPU   GI   CI        PID   Type   Process name                              GPU Memory |
|        ID   ID                                                               Usage      |
|=========================================================================================|
|  No running processes found                                                             |
+-----------------------------------------------------------------------------------------+
Date              = Fri Jun 21 04:26:58 CEST 2024
Hostname          = hpc-node02
Working Directory = /local/294701
Number of nodes used        : 1
Number of MPI tasks         : 1
Number of threads           : 16
Number of MPI tasks per node: 1
Number of threads per core  : 
Name of nodes used          : hpc-node02
Gpu devices                 : 0
Starting worker: 
Xu_fixed:  [[0.         0.95006237]
 [0.         0.94521492]
 [0.         0.39422269]
 [0.         0.34238744]
 [0.         0.53206767]
 [0.42300447 0.        ]
 [0.37513696 0.        ]
 [0.51259359 0.        ]
 [0.54022212 0.        ]
 [0.25327558 0.        ]
 [1.         0.39326737]
 [1.         0.69942523]
 [1.         0.78878791]
 [1.         0.39758325]
 [1.         0.41364807]]
sigma_init_yu: 0.3447976501256937	sigma_init_yf: 16.379164911764676	sigma_init: 12.195689019371615
new_sigma_init_yu: 0.3447976501256937	new_sigma_init_yf: 0.5401175357031807	new_sigma_init: 0.5318679414008
Xu_certain: [[0.12391166 0.78969496]
 [0.59892084 0.07747027]]
Xu_noise: [[0.13973494 0.87051473]
 [0.67564161 0.        ]]
Xu_noise shape: (2, 2)
adam
0.001000
1000
init params: ((Array([0.34479765], dtype=float64), Array([0.40953922, 0.3606602 ], dtype=float64)),)
param_iter: ((Array([0.56430075], dtype=float64), Array([0.1754311 , 0.23770111], dtype=float64)),)
start inference

                         mean       std    median      5.0%     95.0%     n_eff     r_hat
z_uncertain_flat[0]      1.00      0.00      1.00      1.00      1.00      2.78      2.22
z_uncertain_flat[1]      0.79      0.00      0.79      0.79      0.79      3.24      1.78
z_uncertain_flat[2]      0.63      0.00      0.63      0.63      0.63      6.33      1.02
z_uncertain_flat[3]      0.02      0.00      0.02      0.02      0.02      3.27      1.75

Number of divergences: 708
z_uncertain_samples[:, 1, 0] [0.63131516 0.63131516 0.63131516 0.63131516 0.63131516 0.63131516
 0.63131516 0.63131516 0.63131516 0.63131516 0.63131516 0.63131516
 0.63131516 0.63131516 0.63131516 0.63131516 0.63131516 0.63131516
 0.63131516 0.63131516 0.63131516 0.63131516 0.63131516 0.63131516
 0.63131516 0.63131516 0.63131516 0.63131516 0.63131516 0.63131516
 0.63131516 0.63131516 0.63131516 0.63131516 0.63131516 0.63131516
 0.63131516 0.63131516 0.63131516 0.63131516 0.63131516 0.63131516
 0.63131516 0.63131516 0.63131516 0.63131516 0.63131516 0.63131516
 0.63131516 0.63131516 0.63131516 0.63131516 0.63131516 0.63131516
 0.63131516 0.63131516 0.63131516 0.63131516 0.63131516 0.63131516
 0.63131516 0.63131516 0.63131516 0.63131516 0.63131516 0.63131516
 0.63131516 0.63131516 0.63131516 0.63131516 0.63131516 0.63131516
 0.63131516 0.63131516 0.63131516 0.63131516 0.63131516 0.63131516
 0.63131516 0.63131516 0.63131516 0.63131516 0.63131516 0.63131516
 0.63131516 0.63131516 0.63131516 0.63131516 0.63131516 0.63131516
 0.63131516 0.63131516 0.63131516 0.63131516 0.63131516 0.63131516
 0.63131516 0.63131516 0.63131516 0.63131516 0.63131516 0.63131516
 0.63131516 0.63131516 0.63131516 0.63131516 0.63131516 0.63131516
 0.63131516 0.63131516 0.63131516 0.63131516 0.63131516 0.63131516
 0.63131516 0.63131516 0.63131516 0.63131516 0.63131516 0.63131516
 0.63131516 0.63131516 0.63131516 0.63131516 0.63131516 0.63131516
 0.63131516 0.63131516 0.63131516 0.63131516 0.63131516 0.63131516
 0.63131516 0.63131516 0.63131516 0.63131516 0.63131516 0.63131516
 0.63131516 0.63131516 0.63131516 0.63131516 0.63131516 0.63131516
 0.63131516 0.63131516 0.63131516 0.63131516 0.63131516 0.63131516
 0.63131516 0.63131516 0.63131516 0.63131516 0.63131516 0.63131516
 0.63131516 0.63131516 0.63131516 0.63131516 0.63131696 0.63131499
 0.63131499 0.63131499 0.63131499 0.63131499 0.63131499 0.63131499
 0.63131499 0.63131499 0.63131499 0.63131499 0.63131604 0.63131666
 0.63131666 0.63131666 0.63131666 0.63131666 0.63131666 0.63131666
 0.63131666 0.63131666 0.63131666 0.63131666 0.63131666 0.63131666
 0.63131666 0.63131666 0.63131666 0.63131666 0.63131666 0.63131666
 0.63131666 0.63131666 0.63131666 0.63131666 0.63131666 0.63131718
 0.63131718 0.63131677 0.63131677 0.63131677 0.63131677 0.63131677
 0.63131677 0.63131677 0.63131677 0.63131677 0.63131668 0.63131668
 0.63131668 0.63131668 0.63131668 0.63131668 0.63131668 0.63131625
 0.63131625 0.63131625 0.63131625 0.63131625 0.63131625 0.63131625
 0.63131625 0.63131705 0.63131705 0.63131705 0.63131705 0.63131705
 0.63131705 0.63131705 0.63131705 0.63131791 0.63131791 0.63131791
 0.63131791 0.63131791 0.63131791 0.63131791 0.63131791 0.63131791
 0.63131791 0.63131862 0.63131862 0.63131862 0.63131862 0.63131862
 0.63131972 0.63131972 0.63131972 0.63131972 0.63131972 0.63131972
 0.63131972 0.63131972 0.63131972 0.63131972 0.63131972 0.63131972
 0.63131972 0.63131972 0.63131972 0.63131972 0.63131972 0.63131972
 0.63131972 0.63131972 0.63131972 0.63131972 0.63131972 0.63131972
 0.63131972 0.63131972 0.63131972 0.63131972 0.63131972 0.63131972
 0.63131972 0.63131972 0.63131972 0.63131972 0.63131972 0.63131972
 0.63131813 0.63131813 0.63131813 0.63131813 0.63131813 0.63131813
 0.63131813 0.63131813 0.63131813 0.63131813 0.63131813 0.63131813
 0.63131813 0.63131813 0.63131813 0.63131813 0.63131813 0.63131813
 0.63131813 0.63131751 0.63131751 0.63131751 0.63131751 0.63131751
 0.63131751 0.63131751 0.63131751 0.63131751 0.63131751 0.63131751
 0.63131751 0.63131751 0.63131751 0.63131751 0.63131751 0.63131751
 0.63131751 0.63131751 0.63131751 0.63131751 0.63131751 0.63131751
 0.63131751 0.63131751 0.63131751 0.63131751 0.63131751 0.63131751
 0.63131751 0.63131751 0.63131751 0.63131751 0.63131751 0.63131751
 0.63131751 0.63131751 0.63131751 0.63131751 0.63131751 0.63131751
 0.63131751 0.63131751 0.63131751 0.63131751 0.63131751 0.63131751
 0.63131751 0.63131751 0.63131751 0.63131751 0.63131751 0.63131751
 0.63131751 0.63131751 0.63131751 0.63131751 0.63131751 0.63131751
 0.63131751 0.63131751 0.63131751 0.63131751 0.63131751 0.63131751
 0.63131751 0.63131751 0.63131751 0.63131751 0.63131751 0.63131751
 0.63131751 0.63131751 0.63131751 0.63131751 0.63131751 0.63131751
 0.63131751 0.63131751 0.63131751 0.63131751 0.63131751 0.63131751
 0.63131751 0.63131751 0.63131751 0.63131751 0.63131751 0.63131751
 0.63131751 0.63131751 0.63131751 0.63131751 0.63131751 0.63131751
 0.63131751 0.63131751 0.63131751 0.63131751 0.63131751 0.63131751
 0.63131751 0.63131751 0.63131751 0.63131751 0.63131751 0.63131751
 0.63131751 0.63131751 0.63131751 0.63131751 0.63131751 0.63131751
 0.63131751 0.63131751 0.63131751 0.63131751 0.63131751 0.63131751
 0.63131751 0.63131751 0.63131751 0.63131751 0.63131751 0.63131751
 0.63131751 0.63131751 0.63131751 0.63131751 0.63131751 0.63131751
 0.63131732 0.63131732 0.63131732 0.63131732 0.63131732 0.63131732
 0.63131732 0.63131732 0.63131732 0.63131732 0.63131732 0.63131732
 0.63131732 0.63131732 0.63131732 0.63131732 0.63131732 0.63131732
 0.63131732 0.63131732 0.63131732 0.63131732 0.63131732 0.63131732
 0.63131732 0.63131732 0.63131678 0.63131678 0.63131678 0.63131678
 0.63131678 0.63131763 0.63131763 0.63131763 0.63131763 0.63131763
 0.63131763 0.63131763 0.63131763 0.63131763 0.63131763 0.63131763
 0.63131763 0.63131763 0.63131763 0.63131763 0.63131763 0.63131763
 0.63131763 0.63131763 0.63131763 0.63131763 0.63131763 0.63131763
 0.63131763 0.63131763 0.63131763 0.63131763 0.63131763 0.63131763
 0.63131763 0.63131763 0.63131763 0.63131763 0.63131763 0.63131763
 0.63131763 0.63131763 0.63131763 0.63131763 0.63131763 0.63131763
 0.63131763 0.63131763 0.63131763 0.63131763 0.63131763 0.63131763
 0.63131763 0.63131763 0.63131763 0.63131763 0.63131763 0.63131763
 0.63131763 0.63131763 0.63131763 0.63131763 0.63131763 0.63131763
 0.63131763 0.63131763 0.63131763 0.63131763 0.63131763 0.63131763
 0.63131763 0.63131763 0.63131763 0.63131763 0.63131763 0.63131763
 0.63131763 0.63131763 0.63131763 0.63131763 0.63131763 0.63131763
 0.63131763 0.63131763 0.63131763 0.63131763 0.63131763 0.63131763
 0.63131763 0.63131763 0.63131763 0.63131763 0.63131763 0.63131763
 0.63131763 0.63131763 0.63131763 0.63131763 0.63131763 0.63131763
 0.63131763 0.63131763 0.63131763 0.63131763 0.63131763 0.63131763
 0.63131763 0.63131763 0.63131763 0.63131763 0.63131763 0.63131763
 0.63131763 0.63131763 0.63131763 0.63131763 0.63131763 0.63131763
 0.63131763 0.63131763 0.63131763 0.63131763 0.63131763 0.63131763
 0.63131763 0.63131763 0.63131763 0.63131763 0.63131763 0.63131763
 0.63131763 0.63131763 0.63131763 0.63131763 0.63131763 0.63131763
 0.63131763 0.63131763 0.63131763 0.63131763 0.63131763 0.63131763
 0.63131763 0.63131763 0.63131763 0.63131763 0.63131763 0.63131763
 0.63131763 0.63131763 0.63131763 0.63131763 0.63131763 0.63131763
 0.63131763 0.63131763 0.63131763 0.63131763 0.63131763 0.63131763
 0.63131763 0.63131763 0.63131763 0.63131763 0.63131763 0.63131763
 0.63131763 0.63131763 0.63131763 0.63131763 0.63131763 0.63131763
 0.63131763 0.63131763 0.63131763 0.63131763 0.63131763 0.63131763
 0.63131763 0.63131763 0.63131763 0.63131763 0.63131763 0.63131763
 0.63131763 0.63131763 0.63131763 0.63131763 0.63131763 0.63131763
 0.63131763 0.63131763 0.63131763 0.63131763 0.63131763 0.63131763
 0.63131763 0.63131763 0.63131763 0.63131763 0.63131763 0.63131763
 0.63131763 0.63131763 0.63131763 0.63131763 0.63131763 0.63131763
 0.63131763 0.63131763 0.63131763 0.63131763 0.63131763 0.63131763
 0.63131763 0.63131763 0.63131763 0.63131763 0.6313159  0.6313159
 0.6313159  0.6313159  0.6313159  0.6313159  0.6313159  0.6313159
 0.6313159  0.6313159  0.6313159  0.6313159  0.6313159  0.6313159
 0.6313159  0.6313159  0.6313159  0.6313159  0.6313159  0.6313159
 0.6313159  0.6313159  0.6313159  0.6313159  0.6313159  0.6313159
 0.6313159  0.6313159  0.6313159  0.6313159  0.6313159  0.6313159
 0.6313159  0.6313159  0.6313159  0.6313159  0.6313159  0.6313159
 0.6313159  0.6313159  0.6313159  0.6313159  0.6313159  0.6313159
 0.6313159  0.6313159  0.6313159  0.6313159  0.6313159  0.6313159
 0.6313159  0.6313159  0.6313159  0.6313159  0.6313159  0.6313159
 0.6313159  0.6313159  0.6313159  0.6313159  0.6313159  0.6313159
 0.6313159  0.6313159  0.6313159  0.6313159  0.6313159  0.6313159
 0.6313159  0.6313159  0.6313159  0.6313159  0.6313159  0.6313159
 0.6313159  0.6313159  0.6313159  0.6313159  0.6313159  0.6313159
 0.6313159  0.6313159  0.6313159  0.6313159  0.6313159  0.6313159
 0.6313159  0.6313159  0.6313159  0.6313159  0.6313159  0.6313159
 0.6313159  0.6313159  0.6313159  0.6313159  0.6313159  0.6313159
 0.6313159  0.6313159  0.6313159  0.6313159  0.6313159  0.6313159
 0.6313159  0.6313159  0.6313159  0.6313159  0.6313159  0.6313159
 0.6313159  0.6313159  0.6313159  0.6313159  0.6313159  0.6313159
 0.6313159  0.6313159  0.6313159  0.6313159  0.6313159  0.6313159
 0.6313159  0.6313159  0.6313159  0.6313159  0.6313159  0.6313159
 0.6313159  0.6313159  0.6313159  0.6313159  0.6313159  0.6313159
 0.6313159  0.6313159  0.6313159  0.6313159  0.6313159  0.6313159
 0.6313159  0.6313159  0.6313159  0.6313159  0.6313159  0.6313159
 0.6313159  0.6313159  0.6313159  0.6313159  0.6313159  0.6313159
 0.6313159  0.6313159  0.6313159  0.6313159  0.6313159  0.6313159
 0.6313159  0.6313159  0.6313159  0.6313159  0.6313159  0.6313159
 0.6313159  0.6313159  0.6313159  0.6313159  0.6313159  0.6313159
 0.6313159  0.6313159  0.6313159  0.6313159  0.6313159  0.6313159
 0.6313159  0.6313159  0.6313159  0.6313159  0.6313159  0.6313159
 0.6313159  0.6313159  0.6313159  0.6313159  0.6313159  0.6313159
 0.6313159  0.6313159  0.6313159  0.6313159  0.6313159  0.6313159
 0.6313159  0.6313159  0.6313159  0.6313159  0.6313159  0.6313159
 0.6313159  0.6313159  0.6313159  0.6313159  0.6313159  0.6313159
 0.6313159  0.6313159  0.6313159  0.6313159  0.6313159  0.6313159
 0.6313159  0.6313159  0.6313159  0.6313159  0.6313159  0.6313159
 0.6313159  0.6313159  0.6313159  0.6313159  0.6313159  0.6313159
 0.6313159  0.6313159  0.6313159  0.6313159  0.6313159  0.6313159
 0.6313159  0.6313159  0.6313159  0.6313159  0.6313159  0.6313159
 0.6313159  0.6313159  0.6313159  0.6313159  0.6313159  0.6313159
 0.6313159  0.6313159  0.6313159  0.6313159  0.6313159  0.6313159
 0.6313159  0.6313159  0.6313159  0.6313159  0.6313159  0.6313159
 0.6313159  0.6313159  0.6313159  0.6313159  0.6313159  0.6313159
 0.6313159  0.6313159  0.6313159  0.6313159  0.6313159  0.6313159
 0.6313159  0.6313159  0.6313159  0.6313159  0.6313159  0.6313159
 0.6313159  0.6313159  0.6313159  0.6313159  0.6313159  0.6313159
 0.6313159  0.6313159  0.6313159  0.6313159  0.6313159  0.6313159
 0.6313159  0.6313159  0.6313159  0.6313159  0.6313159  0.6313159
 0.6313159  0.6313159  0.6313159  0.6313159  0.6313159  0.6313159
 0.6313159  0.6313159  0.6313159  0.6313159  0.6313159  0.6313159
 0.6313159  0.6313159  0.6313159  0.6313159  0.6313159  0.6313159
 0.6313159  0.6313159  0.6313159  0.6313159  0.6313159  0.6313159
 0.6313159  0.6313159  0.6313159  0.6313159  0.6313159  0.6313159
 0.6313159  0.6313159  0.6313159  0.6313159 ]
posterior_samples['z_uncertain_flat'] shape: (1000, 4)
z_uncertain_samples shape: (1000, 2, 2)
Script finished in 4 minutes and 59 seconds.
