hpc-node01
	Adding nVidia Cuda Toolkit 11.8
	Adding nVidia cuDNN 8.6 (.0.163)
	Adding nvtop
Fri Jun 21 09:20:05 2024       
+-----------------------------------------------------------------------------------------+
| NVIDIA-SMI 550.54.15              Driver Version: 550.54.15      CUDA Version: 12.4     |
|-----------------------------------------+------------------------+----------------------+
| GPU  Name                 Persistence-M | Bus-Id          Disp.A | Volatile Uncorr. ECC |
| Fan  Temp   Perf          Pwr:Usage/Cap |           Memory-Usage | GPU-Util  Compute M. |
|                                         |                        |               MIG M. |
|=========================================+========================+======================|
|   0  NVIDIA L40                     On  |   00000000:17:00.0 Off |                    0 |
| N/A   33C    P8             35W /  300W |       0MiB /  46068MiB |      0%      Default |
|                                         |                        |                  N/A |
+-----------------------------------------+------------------------+----------------------+
|   1  NVIDIA L40                     On  |   00000000:65:00.0 Off |                    0 |
| N/A   37C    P0             78W /  300W |     562MiB /  46068MiB |      0%      Default |
|                                         |                        |                  N/A |
+-----------------------------------------+------------------------+----------------------+
|   2  NVIDIA L40                     On  |   00000000:CA:00.0 Off |                    0 |
| N/A   40C    P0             87W /  300W |     690MiB /  46068MiB |     62%      Default |
|                                         |                        |                  N/A |
+-----------------------------------------+------------------------+----------------------+
|   3  NVIDIA L40                     On  |   00000000:E3:00.0 Off |                    0 |
| N/A   33C    P8             35W /  300W |       0MiB /  46068MiB |      0%      Default |
|                                         |                        |                  N/A |
+-----------------------------------------+------------------------+----------------------+
                                                                                         
+-----------------------------------------------------------------------------------------+
| Processes:                                                                              |
|  GPU   GI   CI        PID   Type   Process name                              GPU Memory |
|        ID   ID                                                               Usage      |
|=========================================================================================|
|    1   N/A  N/A     58899      C   python                                        554MiB |
|    2   N/A  N/A     58600      C   python                                        682MiB |
+-----------------------------------------------------------------------------------------+
Date              = Fri Jun 21 09:20:06 CEST 2024
Hostname          = hpc-node01
Working Directory = /local/294798
Number of nodes used        : 1
Number of MPI tasks         : 1
Number of threads           : 16
Number of MPI tasks per node: 1
Number of threads per core  : 
Name of nodes used          : hpc-node01
Gpu devices                 : 3
Starting worker: 
Xu_fixed:  [[0.         0.18370448]
 [0.         0.35350201]
 [0.         0.59804408]
 [0.         0.59988955]
 [0.         0.15923625]
 [0.         0.00628557]
 [0.         0.68970547]
 [0.         0.88314329]
 [0.         0.32744701]
 [0.         0.06530783]
 [0.         0.43758137]
 [0.         0.41816273]
 [0.         0.84531952]
 [0.         0.37618536]
 [0.         0.00228463]
 [0.42300447 0.        ]
 [0.37513696 0.        ]
 [0.51259359 0.        ]
 [0.54022212 0.        ]
 [0.25327558 0.        ]
 [1.         0.57254519]
 [1.         0.36391689]
 [1.         0.54563921]
 [1.         0.70313472]
 [1.         0.83202349]
 [1.         0.61864101]
 [1.         0.48009388]
 [1.         0.89047637]
 [1.         0.73822542]
 [1.         0.42158473]
 [1.         0.71855937]
 [1.         0.93154112]
 [1.         0.17918464]
 [1.         0.45016916]
 [1.         0.17978627]]
sigma_init_yu: 0.30821690729703105	sigma_init_yf: 0.3888457112697405	sigma_init: 0.36028375186039774
new_sigma_init_yu: 0.30821690729703105	new_sigma_init_yf: 0.041705468135263615	new_sigma_init: 0.1366626125257795
Xu_certain: [[0.12391166 0.78969496]
 [0.59892084 0.07747027]]
Xu_noise: [[0.13973494 0.87051473]
 [0.67564161 0.        ]]
Xu_noise shape: (2, 2)
adam
0.001000
1000
init params: ((Array([0.30821691], dtype=float64), Array([0.46188341, 0.34516369], dtype=float64)),)
param_iter: ((Array([0.44709868], dtype=float64), Array([0.13204616, 0.24606263], dtype=float64)),)
start inference

                         mean       std    median      5.0%     95.0%     n_eff     r_hat
z_uncertain_flat[0]     -1.12      0.00     -1.12     -1.12     -1.12      7.74      1.20
z_uncertain_flat[1]     -1.55      0.00     -1.55     -1.55     -1.55      2.77      2.18
z_uncertain_flat[2]      0.70      0.00      0.70      0.70      0.70      5.06      1.81
z_uncertain_flat[3]     -1.17      0.00     -1.17     -1.17     -1.17      5.45      1.75

Number of divergences: 0
z_uncertain_samples[:, 1, 0] [0.70063227 0.70063227 0.70063228 0.70063228 0.70063228 0.70063228
 0.70063228 0.70063229 0.70063229 0.70063229 0.7006323  0.70063229
 0.70063229 0.70063229 0.70063228 0.70063228 0.70063228 0.70063228
 0.70063228 0.70063228 0.70063228 0.70063228 0.70063228 0.70063228
 0.70063229 0.7006323  0.70063229 0.70063228 0.70063228 0.70063229
 0.70063228 0.70063227 0.70063228 0.70063228 0.70063228 0.70063228
 0.70063228 0.70063228 0.70063228 0.70063229 0.70063229 0.70063229
 0.70063229 0.70063229 0.70063229 0.70063228 0.70063229 0.70063229
 0.70063228 0.70063228 0.70063228 0.70063228 0.70063228 0.70063228
 0.70063228 0.70063228 0.70063228 0.70063228 0.70063229 0.7006323
 0.7006323  0.70063229 0.70063229 0.7006323  0.70063229 0.70063231
 0.7006323  0.70063231 0.70063231 0.70063231 0.70063231 0.70063231
 0.7006323  0.7006323  0.7006323  0.7006323  0.7006323  0.7006323
 0.7006323  0.70063231 0.70063231 0.70063229 0.70063229 0.70063229
 0.70063229 0.70063229 0.70063229 0.70063229 0.70063229 0.70063229
 0.70063229 0.70063229 0.70063229 0.70063229 0.70063229 0.7006323
 0.70063229 0.70063229 0.70063229 0.70063229 0.7006323  0.7006323
 0.7006323  0.7006323  0.70063231 0.7006323  0.70063231 0.70063231
 0.70063232 0.70063231 0.70063231 0.70063231 0.70063231 0.70063231
 0.70063231 0.70063231 0.70063231 0.70063231 0.70063231 0.70063232
 0.70063231 0.70063233 0.70063232 0.70063233 0.70063233 0.70063233
 0.70063234 0.70063234 0.70063233 0.70063233 0.70063233 0.70063234
 0.70063234 0.70063233 0.70063233 0.70063233 0.70063232 0.70063232
 0.70063232 0.70063232 0.70063232 0.70063232 0.70063231 0.70063232
 0.70063231 0.70063231 0.7006323  0.70063232 0.70063232 0.70063233
 0.70063233 0.70063232 0.70063233 0.70063232 0.70063232 0.70063232
 0.70063234 0.70063234 0.70063234 0.70063234 0.70063234 0.70063235
 0.70063234 0.70063234 0.70063234 0.70063233 0.70063233 0.70063233
 0.70063233 0.70063233 0.70063233 0.70063232 0.70063232 0.70063232
 0.70063231 0.70063231 0.70063231 0.70063231 0.70063231 0.7006323
 0.7006323  0.70063231 0.70063232 0.70063231 0.70063232 0.70063232
 0.70063231 0.70063231 0.70063231 0.70063232 0.70063232 0.70063232
 0.70063231 0.70063231 0.70063231 0.70063231 0.70063231 0.70063231
 0.7006323  0.70063231 0.70063231 0.70063231 0.7006323  0.7006323
 0.7006323  0.7006323  0.7006323  0.70063229 0.70063229 0.70063229
 0.70063229 0.70063229 0.70063228 0.70063228 0.70063228 0.70063228
 0.70063228 0.70063228 0.70063228 0.70063228 0.70063228 0.70063228
 0.70063228 0.70063228 0.70063228 0.70063228 0.70063228 0.70063228
 0.70063228 0.70063227 0.70063227 0.70063227 0.70063227 0.70063227
 0.70063227 0.70063227 0.70063228 0.70063228 0.70063227 0.70063226
 0.70063226 0.70063226 0.70063226 0.70063226 0.70063226 0.70063227
 0.70063226 0.70063226 0.70063226 0.70063226 0.70063227 0.70063227
 0.70063227 0.70063227 0.70063228 0.70063228 0.70063229 0.70063228
 0.70063228 0.70063228 0.70063227 0.70063226 0.70063226 0.70063226
 0.70063227 0.70063227 0.70063228 0.70063227 0.70063227 0.70063227
 0.70063227 0.70063227 0.70063226 0.70063226 0.70063226 0.70063225
 0.70063225 0.70063226 0.70063226 0.70063226 0.70063226 0.70063227
 0.70063227 0.70063226 0.70063226 0.70063226 0.70063226 0.70063226
 0.70063226 0.70063226 0.70063226 0.70063227 0.70063226 0.70063226
 0.70063226 0.70063226 0.70063226 0.70063226 0.70063227 0.70063227
 0.70063227 0.70063227 0.70063227 0.70063228 0.70063227 0.70063228
 0.70063227 0.70063227 0.70063227 0.70063228 0.70063227 0.70063227
 0.70063227 0.70063227 0.70063227 0.70063227 0.70063228 0.70063228
 0.70063228 0.70063229 0.70063229 0.70063229 0.70063229 0.70063229
 0.70063229 0.70063229 0.7006323  0.7006323  0.7006323  0.7006323
 0.70063229 0.70063229 0.70063229 0.70063229 0.70063229 0.7006323
 0.7006323  0.7006323  0.7006323  0.70063231 0.7006323  0.7006323
 0.7006323  0.70063229 0.7006323  0.7006323  0.70063229 0.7006323
 0.7006323  0.70063229 0.70063229 0.7006323  0.70063229 0.70063229
 0.70063229 0.70063229 0.70063229 0.7006323  0.7006323  0.7006323
 0.7006323  0.70063231 0.7006323  0.70063231 0.7006323  0.7006323
 0.7006323  0.7006323  0.7006323  0.70063229 0.7006323  0.7006323
 0.70063229 0.7006323  0.70063229 0.70063229 0.70063229 0.70063229
 0.70063228 0.70063228 0.70063229 0.70063229 0.7006323  0.7006323
 0.70063231 0.70063231 0.70063231 0.70063231 0.70063231 0.7006323
 0.7006323  0.7006323  0.7006323  0.70063231 0.70063232 0.70063232
 0.70063232 0.70063233 0.70063233 0.70063233 0.70063233 0.70063235
 0.70063234 0.70063235 0.70063235 0.70063235 0.70063235 0.70063235
 0.70063235 0.70063235 0.70063234 0.70063234 0.70063234 0.70063234
 0.70063234 0.70063234 0.70063235 0.70063235 0.70063235 0.70063235
 0.70063235 0.70063236 0.70063237 0.70063237 0.70063236 0.70063236
 0.70063236 0.70063236 0.70063236 0.70063236 0.70063236 0.70063236
 0.70063236 0.70063236 0.70063236 0.70063236 0.70063236 0.70063236
 0.70063236 0.70063236 0.70063236 0.70063236 0.70063236 0.70063236
 0.70063236 0.70063235 0.70063236 0.70063235 0.70063235 0.70063235
 0.70063235 0.70063235 0.70063234 0.70063234 0.70063234 0.70063234
 0.70063235 0.70063234 0.70063234 0.70063234 0.70063234 0.70063233
 0.70063234 0.70063234 0.70063235 0.70063235 0.70063235 0.70063235
 0.70063237 0.70063236 0.70063236 0.70063233 0.70063233 0.70063233
 0.70063235 0.70063235 0.70063237 0.70063237 0.70063237 0.70063237
 0.70063237 0.70063237 0.70063237 0.70063236 0.70063237 0.70063236
 0.70063236 0.70063236 0.70063236 0.70063236 0.70063237 0.70063237
 0.70063237 0.70063237 0.70063237 0.70063238 0.70063238 0.70063236
 0.70063236 0.70063236 0.70063236 0.70063235 0.70063235 0.70063235
 0.70063235 0.70063235 0.70063236 0.70063235 0.70063234 0.70063235
 0.70063234 0.70063234 0.70063234 0.70063234 0.70063234 0.70063234
 0.70063235 0.70063235 0.70063235 0.70063237 0.70063237 0.70063236
 0.70063236 0.70063237 0.70063238 0.70063238 0.70063237 0.70063237
 0.70063239 0.70063238 0.70063238 0.70063239 0.70063239 0.70063238
 0.70063238 0.70063238 0.70063238 0.70063238 0.70063239 0.70063239
 0.70063239 0.70063239 0.70063238 0.70063239 0.70063239 0.70063238
 0.70063239 0.70063238 0.70063238 0.70063238 0.70063238 0.70063238
 0.70063238 0.70063238 0.7006324  0.7006324  0.7006324  0.7006324
 0.70063239 0.7006324  0.7006324  0.7006324  0.7006324  0.70063241
 0.7006324  0.70063241 0.7006324  0.7006324  0.70063241 0.70063241
 0.70063241 0.70063241 0.7006324  0.7006324  0.7006324  0.7006324
 0.70063241 0.70063241 0.70063242 0.70063241 0.70063241 0.70063241
 0.70063241 0.70063241 0.70063241 0.70063241 0.70063241 0.70063242
 0.70063242 0.70063242 0.70063242 0.70063241 0.70063242 0.70063243
 0.70063243 0.70063242 0.70063243 0.70063243 0.70063243 0.70063244
 0.70063244 0.70063243 0.70063242 0.70063242 0.70063242 0.70063241
 0.70063241 0.7006324  0.7006324  0.7006324  0.7006324  0.7006324
 0.70063241 0.70063241 0.70063241 0.70063241 0.70063241 0.70063241
 0.70063241 0.70063241 0.70063241 0.70063241 0.70063242 0.70063242
 0.70063242 0.70063242 0.70063243 0.70063242 0.70063242 0.70063242
 0.70063242 0.70063242 0.70063242 0.70063242 0.70063242 0.70063242
 0.70063242 0.70063241 0.70063241 0.70063242 0.70063241 0.70063241
 0.70063241 0.70063241 0.70063241 0.70063241 0.70063241 0.7006324
 0.7006324  0.70063239 0.7006324  0.70063239 0.70063239 0.70063239
 0.70063239 0.70063239 0.70063239 0.7006324  0.7006324  0.7006324
 0.7006324  0.7006324  0.7006324  0.7006324  0.7006324  0.70063241
 0.7006324  0.70063241 0.70063241 0.70063241 0.70063241 0.70063241
 0.7006324  0.7006324  0.70063239 0.70063239 0.70063239 0.70063238
 0.70063238 0.70063237 0.70063237 0.70063239 0.70063239 0.7006324
 0.70063239 0.70063239 0.70063239 0.70063239 0.70063238 0.70063238
 0.70063239 0.70063239 0.70063238 0.70063238 0.70063238 0.70063238
 0.70063238 0.70063237 0.70063237 0.70063237 0.70063237 0.70063237
 0.70063237 0.70063237 0.70063237 0.70063237 0.70063237 0.70063237
 0.70063237 0.70063237 0.70063236 0.70063236 0.70063235 0.70063235
 0.70063235 0.70063234 0.70063234 0.70063234 0.70063234 0.70063234
 0.70063235 0.70063235 0.70063233 0.70063233 0.70063233 0.70063232
 0.70063232 0.70063233 0.70063233 0.70063233 0.70063232 0.70063232
 0.70063231 0.7006323  0.7006323  0.70063231 0.7006323  0.7006323
 0.7006323  0.70063231 0.7006323  0.7006323  0.70063231 0.70063231
 0.70063231 0.70063231 0.70063231 0.7006323  0.70063231 0.70063231
 0.70063232 0.70063232 0.70063232 0.70063232 0.70063232 0.70063233
 0.70063233 0.70063233 0.70063233 0.70063233 0.70063233 0.70063232
 0.70063232 0.70063232 0.70063234 0.70063234 0.70063233 0.70063233
 0.70063232 0.70063233 0.70063232 0.70063232 0.70063232 0.70063232
 0.70063232 0.70063232 0.70063232 0.70063231 0.70063231 0.7006323
 0.70063231 0.7006323  0.7006323  0.70063232 0.70063232 0.70063233
 0.70063233 0.70063234 0.70063234 0.70063234 0.70063234 0.70063233
 0.70063233 0.70063233 0.70063234 0.70063233 0.70063234 0.70063233
 0.70063233 0.70063234 0.70063234 0.70063234 0.70063233 0.70063233
 0.70063233 0.70063234 0.70063234 0.70063234 0.70063234 0.70063233
 0.70063233 0.70063233 0.70063234 0.70063234 0.70063234 0.70063234
 0.70063234 0.70063234 0.70063234 0.70063234 0.70063234 0.70063235
 0.70063235 0.70063236 0.70063236 0.70063236 0.70063236 0.70063236
 0.70063236 0.70063236 0.70063235 0.70063236 0.70063235 0.70063235
 0.70063235 0.70063235 0.70063235 0.70063235 0.70063235 0.70063235
 0.70063235 0.70063235 0.70063234 0.70063236 0.70063236 0.70063235
 0.70063236 0.70063236 0.70063237 0.70063237 0.70063237 0.70063237
 0.70063237 0.70063237 0.70063237 0.70063237 0.70063237 0.70063237
 0.70063237 0.70063238 0.70063238 0.70063237 0.70063238 0.70063239
 0.70063239 0.70063238 0.70063238 0.70063238 0.70063238 0.70063238
 0.70063238 0.70063238 0.70063238 0.70063238 0.70063238 0.70063238
 0.70063237 0.70063237 0.70063237 0.70063237 0.70063237 0.70063237
 0.70063237 0.70063237 0.70063236 0.70063237 0.70063237 0.70063238
 0.70063238 0.70063237 0.70063237 0.70063237 0.70063237 0.70063237
 0.70063238 0.70063238 0.70063238 0.70063238 0.70063238 0.70063238
 0.70063238 0.70063238 0.70063238 0.70063238 0.70063238 0.70063238
 0.70063237 0.70063237 0.70063238 0.70063237 0.70063236 0.70063236
 0.70063236 0.70063235 0.70063235 0.70063235 0.70063234 0.70063234
 0.70063234 0.70063235 0.70063235 0.70063235 0.70063235 0.70063237
 0.70063237 0.70063238 0.70063239 0.7006324  0.70063241 0.70063241
 0.70063241 0.70063241 0.70063241 0.70063241 0.70063241 0.70063241
 0.70063241 0.70063241 0.7006324  0.70063241 0.7006324  0.7006324
 0.7006324  0.7006324  0.7006324  0.7006324  0.7006324  0.7006324
 0.7006324  0.70063241 0.7006324  0.7006324  0.7006324  0.7006324
 0.70063241 0.70063242 0.70063241 0.70063241 0.7006324  0.7006324
 0.70063241 0.70063241 0.70063241 0.70063241 0.7006324  0.70063241
 0.70063242 0.70063242 0.70063242 0.70063242 0.70063242 0.70063243
 0.70063243 0.70063243 0.70063243 0.70063243 0.70063244 0.70063244
 0.70063244 0.70063243 0.70063243 0.70063242 0.70063242 0.70063242
 0.70063242 0.70063245 0.70063245 0.70063245 0.70063243 0.70063243
 0.70063243 0.70063245 0.70063245 0.70063244 0.70063244 0.70063244
 0.70063243 0.70063243 0.70063243 0.70063243]
posterior_samples['z_uncertain_flat'] shape: (1000, 4)
z_uncertain_samples shape: (1000, 2, 2)
Script finished in 25 minutes and 39 seconds.
