hpc-node01
	Adding nVidia Cuda Toolkit 11.8
	Adding nVidia cuDNN 8.6 (.0.163)
	Adding nvtop
Fri Jun 21 04:37:10 2024       
+-----------------------------------------------------------------------------------------+
| NVIDIA-SMI 550.54.15              Driver Version: 550.54.15      CUDA Version: 12.4     |
|-----------------------------------------+------------------------+----------------------+
| GPU  Name                 Persistence-M | Bus-Id          Disp.A | Volatile Uncorr. ECC |
| Fan  Temp   Perf          Pwr:Usage/Cap |           Memory-Usage | GPU-Util  Compute M. |
|                                         |                        |               MIG M. |
|=========================================+========================+======================|
|   0  NVIDIA L40                     On  |   00000000:17:00.0 Off |                    0 |
| N/A   35C    P0             78W /  300W |     524MiB /  46068MiB |      0%      Default |
|                                         |                        |                  N/A |
+-----------------------------------------+------------------------+----------------------+
|   1  NVIDIA L40                     On  |   00000000:65:00.0 Off |                    0 |
| N/A   32C    P0             36W /  300W |       3MiB /  46068MiB |      0%      Default |
|                                         |                        |                  N/A |
+-----------------------------------------+------------------------+----------------------+
|   2  NVIDIA L40                     On  |   00000000:CA:00.0 Off |                    0 |
| N/A   34C    P0             78W /  300W |     450MiB /  46068MiB |      0%      Default |
|                                         |                        |                  N/A |
+-----------------------------------------+------------------------+----------------------+
|   3  NVIDIA L40                     On  |   00000000:E3:00.0 Off |                    0 |
| N/A   34C    P8             36W /  300W |       0MiB /  46068MiB |      0%      Default |
|                                         |                        |                  N/A |
+-----------------------------------------+------------------------+----------------------+
                                                                                         
+-----------------------------------------------------------------------------------------+
| Processes:                                                                              |
|  GPU   GI   CI        PID   Type   Process name                              GPU Memory |
|        ID   ID                                                               Usage      |
|=========================================================================================|
|    0   N/A  N/A      7358      C   python                                        516MiB |
|    2   N/A  N/A      7470      C   python                                        442MiB |
+-----------------------------------------------------------------------------------------+
Date              = Fri Jun 21 04:37:11 CEST 2024
Hostname          = hpc-node01
Working Directory = /local/294709
Number of nodes used        : 1
Number of MPI tasks         : 1
Number of threads           : 16
Number of MPI tasks per node: 1
Number of threads per core  : 
Name of nodes used          : hpc-node01
Gpu devices                 : 3
Starting worker: 
Xu_fixed:  [[0.         0.95006237]
 [0.         0.94521492]
 [0.         0.39422269]
 [0.         0.34238744]
 [0.         0.53206767]
 [0.42300447 0.        ]
 [0.37513696 0.        ]
 [0.51259359 0.        ]
 [0.54022212 0.        ]
 [0.25327558 0.        ]
 [1.         0.39326737]
 [1.         0.69942523]
 [1.         0.78878791]
 [1.         0.39758325]
 [1.         0.41364807]]
sigma_init_yu: 0.3447976501256937	sigma_init_yf: 16.379164911764676	sigma_init: 12.195689019371615
new_sigma_init_yu: 0.3447976501256937	new_sigma_init_yf: 0.5401175357031807	new_sigma_init: 0.5318679414008
Xu_certain: [[0.12391166 0.78969496]
 [0.59892084 0.07747027]]
Xu_noise: [[0.13973494 0.87051473]
 [0.67564161 0.        ]]
Xu_noise shape: (2, 2)
adam
0.001000
1000
init params: ((Array([0.34479765], dtype=float64), Array([0.40953922, 0.3606602 ], dtype=float64)),)
param_iter: ((Array([0.56430075], dtype=float64), Array([0.1754311 , 0.23770111], dtype=float64)),)
start inference

                         mean       std    median      5.0%     95.0%     n_eff     r_hat
z_uncertain_flat[0]     -0.50      0.00     -0.50     -0.50     -0.50      2.73      2.33
z_uncertain_flat[1]     -0.60      0.00     -0.60     -0.60     -0.60      3.59      2.17
z_uncertain_flat[2]      0.56      0.00      0.56      0.56      0.56      7.92      1.11
z_uncertain_flat[3]      0.00      0.00      0.00      0.00      0.00    133.71      1.01

Number of divergences: 138
z_uncertain_samples[:, 1, 0] [0.55952835 0.55803912 0.55804979 0.5580548  0.5580548  0.558042
 0.55805896 0.55803573 0.55803573 0.55802756 0.55802756 0.55802756
 0.55799541 0.55800731 0.55800731 0.55800731 0.5580278  0.55804638
 0.55804521 0.55804521 0.55800817 0.55800832 0.5580159  0.55802094
 0.55806407 0.55805978 0.55805182 0.55805182 0.55802504 0.55803172
 0.55803112 0.55800255 0.55801216 0.55799823 0.55800576 0.55800576
 0.5579945  0.55799378 0.55800987 0.55801323 0.55801323 0.55802282
 0.55802282 0.55802282 0.55802282 0.55802275 0.55801316 0.55803197
 0.55803498 0.55803498 0.55796452 0.55796452 0.55796452 0.55795845
 0.55793759 0.55799404 0.55800172 0.55800172 0.55800172 0.55800172
 0.55800172 0.55800172 0.5580043  0.5580043  0.55797791 0.55796302
 0.55796249 0.55796249 0.55796249 0.55796249 0.55796249 0.55795416
 0.557952   0.557952   0.557952   0.557952   0.55794652 0.55792974
 0.55792974 0.55794006 0.55791973 0.55792027 0.55793244 0.55793244
 0.55793453 0.55793453 0.55793942 0.55793942 0.55793942 0.55788386
 0.55788918 0.55788518 0.55788144 0.55788859 0.55788229 0.5578852
 0.5578852  0.55788659 0.55788659 0.55786258 0.55785688 0.55791273
 0.55793574 0.55794288 0.55792834 0.55792237 0.55790915 0.55790821
 0.55790821 0.55791122 0.5579087  0.5579087  0.55790881 0.55790881
 0.55791402 0.55790159 0.55788491 0.55788491 0.55788491 0.5578693
 0.5578785  0.5578785  0.5578785  0.5578785  0.55787449 0.55787449
 0.55787449 0.55787449 0.55787449 0.55785973 0.55785973 0.55789487
 0.55789487 0.55789487 0.55789487 0.55790058 0.55790058 0.55791288
 0.5579446  0.55793076 0.55793076 0.55794136 0.55793099 0.5579237
 0.5579237  0.55791503 0.55791503 0.55797004 0.55797004 0.55798543
 0.55795722 0.55796548 0.55796548 0.55797133 0.55795667 0.55793935
 0.5579058  0.5579058  0.55788685 0.55788685 0.55788685 0.55788057
 0.55788057 0.55788141 0.55787402 0.55787402 0.55787648 0.55788513
 0.55786845 0.55786845 0.55788015 0.55788015 0.55788652 0.55786812
 0.55786084 0.55784371 0.55784371 0.55784371 0.55784966 0.55784966
 0.55784966 0.55785383 0.55786407 0.55787661 0.55787661 0.55787032
 0.55787032 0.55787032 0.55787438 0.55792207 0.5579234  0.55792689
 0.55792689 0.5579484  0.55793001 0.55800786 0.55800786 0.5580238
 0.5580238  0.5580238  0.5580238  0.5580238  0.55805742 0.55804996
 0.55804507 0.5580417  0.55809627 0.55809627 0.55812124 0.55812121
 0.55812742 0.55812742 0.55813404 0.55811235 0.55811525 0.55811525
 0.55800171 0.55800171 0.55799614 0.55798299 0.55797544 0.55800249
 0.55801003 0.55800591 0.55813401 0.55813401 0.55813556 0.55808802
 0.55819005 0.55819005 0.55819005 0.55819005 0.55819005 0.55819005
 0.55816525 0.55816525 0.55815049 0.55814253 0.55814732 0.55813762
 0.55813762 0.5581382  0.5581382  0.55815499 0.55814348 0.55813665
 0.55812708 0.55812708 0.55812708 0.55812397 0.55813835 0.55807591
 0.55807591 0.55806921 0.55806871 0.55806665 0.5580632  0.5580632
 0.55806074 0.55804887 0.55805205 0.55806445 0.55806445 0.55806445
 0.55806445 0.55806445 0.55805858 0.55805858 0.55803408 0.55803408
 0.55803408 0.55803408 0.55803408 0.55803408 0.55803408 0.55803408
 0.55803408 0.55803408 0.55804522 0.55804522 0.55804522 0.55801778
 0.55801778 0.55801068 0.55801068 0.55799762 0.55799762 0.55799811
 0.55797719 0.55797719 0.55797719 0.55797719 0.55797719 0.55798033
 0.55798917 0.55800651 0.55799861 0.55798887 0.55797692 0.55796975
 0.55793818 0.55792848 0.55792848 0.55792848 0.55800908 0.55800101
 0.5580278  0.5580278  0.5580278  0.55805985 0.55805985 0.5580271
 0.55803186 0.55803186 0.55801786 0.55801786 0.55800203 0.55798091
 0.55797027 0.55797056 0.55797574 0.55797574 0.5579658  0.5579658
 0.5579658  0.55798736 0.55798736 0.55798736 0.55798736 0.55798736
 0.55798508 0.55798508 0.55798508 0.55799896 0.55799896 0.55800176
 0.55800176 0.55800176 0.55800176 0.55799099 0.55799099 0.55799099
 0.55799099 0.55799461 0.55799076 0.55799076 0.55799076 0.55799219
 0.55799219 0.55799219 0.55799607 0.55799607 0.55799529 0.5579599
 0.5579599  0.5579599  0.5579599  0.55797053 0.55795491 0.55794611
 0.55794611 0.55794611 0.55794611 0.55794611 0.55793376 0.55793245
 0.55793245 0.55793596 0.5579418  0.55796565 0.55796565 0.55795408
 0.55795408 0.55795408 0.55793719 0.55793719 0.55793719 0.55793601
 0.55786832 0.55780989 0.55780989 0.55779807 0.55779595 0.55779595
 0.55779595 0.55779595 0.55779399 0.55779399 0.55780514 0.55780841
 0.55781804 0.55787839 0.5578713  0.5578713  0.5578983  0.55788879
 0.55788879 0.55790747 0.55790747 0.55791361 0.55791361 0.55790868
 0.55792259 0.55792259 0.55792259 0.55784972 0.55781684 0.55781684
 0.557829   0.55783262 0.55783349 0.55780281 0.557811   0.557811
 0.557811   0.55780156 0.55780156 0.5577874  0.5577874  0.5577874
 0.55774355 0.55774246 0.55774246 0.55774596 0.55774596 0.5577542
 0.5577542  0.5577542  0.5577542  0.5577542  0.55776308 0.55776308
 0.5578023  0.55780448 0.55778872 0.55778872 0.55778872 0.55778872
 0.55778314 0.55776858 0.55776858 0.55776858 0.55778708 0.55778708
 0.5577677  0.55777641 0.55777742 0.55776865 0.55777111 0.5577548
 0.55776467 0.5577956  0.55776818 0.55776818 0.55773705 0.55774249
 0.55775751 0.55777701 0.55776529 0.55776234 0.5577722  0.5577722
 0.5577722  0.55777646 0.55777646 0.5577722  0.5577722  0.5577722
 0.5577722  0.55778595 0.55778595 0.55777022 0.55778488 0.55778488
 0.55776671 0.55775919 0.55775919 0.55775812 0.55775667 0.55775667
 0.55775667 0.55775355 0.55775181 0.55775168 0.55775168 0.55775168
 0.55775737 0.55774997 0.55775681 0.55775762 0.55775762 0.55775827
 0.55775827 0.55775827 0.55775827 0.55777364 0.55777922 0.55772218
 0.55771828 0.55771828]
posterior_samples['z_uncertain_flat'] shape: (500, 4)
z_uncertain_samples shape: (500, 2, 2)
Script finished in 5 minutes and 30 seconds.
