hpc-node01
	Adding nVidia Cuda Toolkit 11.8
	Adding nVidia cuDNN 8.6 (.0.163)
	Adding nvtop
Fri Jun 21 05:34:46 2024       
+-----------------------------------------------------------------------------------------+
| NVIDIA-SMI 550.54.15              Driver Version: 550.54.15      CUDA Version: 12.4     |
|-----------------------------------------+------------------------+----------------------+
| GPU  Name                 Persistence-M | Bus-Id          Disp.A | Volatile Uncorr. ECC |
| Fan  Temp   Perf          Pwr:Usage/Cap |           Memory-Usage | GPU-Util  Compute M. |
|                                         |                        |               MIG M. |
|=========================================+========================+======================|
|   0  NVIDIA L40                     On  |   00000000:17:00.0 Off |                    0 |
| N/A   44C    P0             90W /  300W |     690MiB /  46068MiB |     84%      Default |
|                                         |                        |                  N/A |
+-----------------------------------------+------------------------+----------------------+
|   1  NVIDIA L40                     On  |   00000000:65:00.0 Off |                    0 |
| N/A   33C    P8             35W /  300W |       0MiB /  46068MiB |      0%      Default |
|                                         |                        |                  N/A |
+-----------------------------------------+------------------------+----------------------+
|   2  NVIDIA L40                     On  |   00000000:CA:00.0 Off |                    0 |
| N/A   34C    P8             36W /  300W |       0MiB /  46068MiB |      0%      Default |
|                                         |                        |                  N/A |
+-----------------------------------------+------------------------+----------------------+
|   3  NVIDIA L40                     On  |   00000000:E3:00.0 Off |                    0 |
| N/A   36C    P8             36W /  300W |       0MiB /  46068MiB |      0%      Default |
|                                         |                        |                  N/A |
+-----------------------------------------+------------------------+----------------------+
                                                                                         
+-----------------------------------------------------------------------------------------+
| Processes:                                                                              |
|  GPU   GI   CI        PID   Type   Process name                              GPU Memory |
|        ID   ID                                                               Usage      |
|=========================================================================================|
|    0   N/A  N/A     20857      C   python                                        682MiB |
+-----------------------------------------------------------------------------------------+
Date              = Fri Jun 21 05:34:47 CEST 2024
Hostname          = hpc-node01
Working Directory = /local/294746
Number of nodes used        : 1
Number of MPI tasks         : 1
Number of threads           : 16
Number of MPI tasks per node: 1
Number of threads per core  : 
Name of nodes used          : hpc-node01
Gpu devices                 : 2
Starting worker: 
Xu_fixed:  [[0.         0.95006237]
 [0.         0.94521492]
 [0.         0.39422269]
 [0.         0.34238744]
 [0.         0.53206767]
 [0.42300447 0.        ]
 [0.37513696 0.        ]
 [0.51259359 0.        ]
 [0.54022212 0.        ]
 [0.25327558 0.        ]
 [1.         0.39326737]
 [1.         0.69942523]
 [1.         0.78878791]
 [1.         0.39758325]
 [1.         0.41364807]]
sigma_init_yu: 0.3447976501256937	sigma_init_yf: 16.379164911764676	sigma_init: 12.195689019371615
new_sigma_init_yu: 0.3447976501256937	new_sigma_init_yf: 0.5401175357031807	new_sigma_init: 0.5318679414008
Xu_certain: [[0.12391166 0.78969496]
 [0.59892084 0.07747027]]
Xu_noise: [[0.13973494 0.87051473]
 [0.67564161 0.        ]]
Xu_noise shape: (2, 2)
adam
0.001000
1000
init params: ((Array([0.34479765], dtype=float64), Array([0.40953922, 0.3606602 ], dtype=float64)),)
param_iter: ((Array([0.56430075], dtype=float64), Array([0.1754311 , 0.23770111], dtype=float64)),)
start inference

                         mean       std    median      5.0%     95.0%     n_eff     r_hat
z_uncertain_flat[0]     -0.58      0.00     -0.57     -0.58     -0.57     13.20      1.29
z_uncertain_flat[1]     -1.50      0.00     -1.50     -1.50     -1.50      3.07      2.53
z_uncertain_flat[2]      0.54      0.00      0.54      0.54      0.54      8.03      1.33
z_uncertain_flat[3]      0.00      0.00      0.00      0.00      0.00     10.43      1.23

Number of divergences: 121
z_uncertain_samples[:, 1, 0] [0.54218255 0.54200109 0.54199415 0.541972   0.54198277 0.54200138
 0.54196992 0.54196201 0.5420013  0.54198424 0.54198424 0.54198824
 0.54196527 0.54196789 0.54196851 0.54196848 0.54197514 0.54201914
 0.54200659 0.5419607  0.54203401 0.54197103 0.54196632 0.54196501
 0.54195891 0.54199595 0.542002   0.54210182 0.54210814 0.5421015
 0.54208274 0.5421003  0.54209745 0.54206942 0.54210961 0.54179327
 0.54174441 0.5417448  0.5417475  0.54175884 0.54174674 0.54175663
 0.54173777 0.54173778 0.54174238 0.54174417 0.54173274 0.54172521
 0.54172532 0.54174718 0.54176526 0.54174825 0.54171389 0.54170826
 0.54170965 0.54170965 0.54171226 0.54171226 0.54171053 0.5417551
 0.54175965 0.54174589 0.54174257 0.54174231 0.54175132 0.54173588
 0.54172573 0.54171792 0.54171792 0.54171965 0.54171965 0.54171965
 0.54182199 0.54181094 0.54175482 0.54176147 0.54176771 0.54175661
 0.54179882 0.5417848  0.54177    0.54175332 0.5417352  0.54172487
 0.54172643 0.54173871 0.54179634 0.54176751 0.54170797 0.54170683
 0.54170754 0.54170581 0.54170448 0.54170786 0.54170847 0.54171013
 0.54170606 0.5417062  0.5417062  0.54170513 0.54170202 0.54172951
 0.54175021 0.54174989 0.54171295 0.54171157 0.54171157 0.54171246
 0.54171164 0.54171063 0.54170233 0.5417031  0.5417031  0.54170407
 0.54170407 0.5417094  0.54170448 0.54175056 0.5417597  0.54178984
 0.54182062 0.54180903 0.54181356 0.54180069 0.5418222  0.54187709
 0.54181232 0.54183849 0.54179068 0.54179568 0.54179568 0.54179693
 0.54177396 0.54175419 0.54176285 0.54176348 0.54176427 0.54175941
 0.54176966 0.54177235 0.54174683 0.54173162 0.5417354  0.54173137
 0.54172097 0.54172219 0.54172219 0.54172841 0.54173575 0.54173575
 0.54174545 0.54174464 0.54172681 0.54171132 0.54171132 0.54171727
 0.54173384 0.54171689 0.54171425 0.54171425 0.54171383 0.54171565
 0.54173669 0.54176346 0.5418173  0.54171824 0.54170403 0.54170403
 0.54170403 0.54170403 0.54170403 0.54170403 0.54170648 0.54170622
 0.54170622 0.54170622 0.54170205 0.54170253 0.5417007  0.54170072
 0.54170025 0.54170025 0.54169975 0.5417163  0.5417165  0.54171188
 0.54172049 0.54172093 0.5417147  0.54172454 0.54171542 0.54177907
 0.54177907 0.54175457 0.54178527 0.54178527 0.54177341 0.5417511
 0.5417652  0.54179056 0.54189184 0.54187001 0.54187372 0.54191384
 0.54188369 0.54187776 0.54189259 0.54180934 0.54181431 0.54182777
 0.5417792  0.54176566 0.54177969 0.54180831 0.54177986 0.5417882
 0.54171689 0.54171084 0.54170185 0.54170163 0.54170267 0.54169798
 0.54169932 0.54169883 0.54169882 0.54170055 0.54170077 0.54169706
 0.54169692 0.54169776 0.54169799 0.54169846 0.54169846 0.54170664
 0.54170542 0.54170518 0.54170558 0.54170701 0.54171904 0.54171875
 0.54172259 0.54172259 0.54172259 0.54172219 0.54171316 0.54171316
 0.54171316 0.54172031 0.54171986 0.54171986 0.54171498 0.54170709
 0.54170709 0.54170885 0.54171086 0.54173478 0.54173433 0.54172891
 0.54172119 0.54170473 0.54170473 0.54170473 0.54170473 0.54170449
 0.54171251 0.54175847 0.54176948 0.54178405 0.54176548 0.54177502
 0.54180733 0.54179917 0.54179917 0.54181544 0.54182432 0.5418049
 0.54176161 0.54176161 0.54176161 0.54170461 0.54170461 0.54170802
 0.54170781 0.541708   0.54170898 0.5417097  0.54173107 0.54173965
 0.54172453 0.54171824 0.54172115 0.54173241 0.54174327 0.541739
 0.54174493 0.54170216 0.54170193 0.54170597 0.54170597 0.54170524
 0.54170518 0.54170164 0.54170164 0.54170062 0.54168895 0.54168895
 0.54168895 0.54168895 0.54168895 0.54168817 0.54168817 0.54169484
 0.5416953  0.54169562 0.54169567 0.54169567 0.54169521 0.54169554
 0.54169519 0.54169589 0.54169501 0.5416953  0.54169532 0.5416945
 0.54169372 0.54169372 0.54169372 0.54169372 0.54169484 0.54169605
 0.54169579 0.54169579 0.54169131 0.54169131 0.54169044 0.54169036
 0.54169167 0.5416883  0.5416883  0.5416883  0.5416883  0.5416883
 0.5416883  0.5416883  0.5416895  0.5416895  0.5416895  0.54168963
 0.54168233 0.54174178 0.54175624 0.54177642 0.54173508 0.54172895
 0.54172577 0.54170863 0.54170955 0.54172396 0.54172994 0.54172994
 0.54170203 0.54170647 0.54171426 0.54171505 0.54171402 0.54171334
 0.54171334 0.54171469 0.54170737 0.54170782 0.54170782 0.54170238
 0.54172664 0.54176184 0.54174635 0.54176094 0.54176803 0.54179309
 0.54176358 0.54171974 0.54171419 0.54172768 0.54174795 0.54171904
 0.54171904 0.54171187 0.541712   0.54172396 0.54172396 0.54176672
 0.54179966 0.54179574 0.54180231 0.54176532 0.54172792 0.54174328
 0.54173979 0.54173979 0.54179134 0.54179134 0.54173389 0.54173389
 0.54177547 0.5417747  0.54180349 0.54180024 0.54180128 0.54179516
 0.54175274 0.54179075 0.5417898  0.54182022 0.54180512 0.54183168
 0.54184609 0.54185453 0.54185392 0.54184658 0.54183342 0.54173935
 0.54175639 0.54172106 0.54166905 0.54166905 0.54166905 0.54166905
 0.54166905 0.5416693  0.54167013 0.54167048 0.54166974 0.54167139
 0.54167139 0.54167169 0.54167169 0.54167182 0.54167182 0.54167572
 0.54167255 0.54167356 0.54167356 0.54167242 0.54167132 0.54167132
 0.54167132 0.54167132 0.54167088 0.54167088 0.54167088 0.5416707
 0.54167065 0.54167043 0.54167006 0.54167005 0.54167005 0.54167005
 0.54167047 0.54166995 0.54166995 0.54166995 0.5416699  0.54166983
 0.54166983 0.54166983 0.54166911 0.54167238 0.54167194 0.54167588
 0.54167893 0.54167899 0.54168084 0.54168084 0.54168008 0.54167888
 0.54167888 0.54167955 0.54167853 0.54167853 0.54167879 0.54167827
 0.54167827 0.54168209 0.54168069 0.54168111 0.54167977 0.54167977
 0.54168045 0.54168343 0.54168513 0.54168911 0.54168924 0.5416868
 0.54168687 0.54168558 0.54168558 0.54168558 0.54168266 0.54168351
 0.54168301 0.5416833  0.54168244 0.54168238 0.54168228 0.54168334
 0.54168449 0.54168449 0.54168437 0.54168409 0.54168409 0.54168468
 0.54168326 0.54168326 0.54168326 0.54168431 0.54168431 0.54168288
 0.54168279 0.54168089 0.54168089 0.54168089 0.54169204 0.54169204
 0.54169502 0.5416934  0.54169342 0.54169352 0.54169352 0.54169327
 0.54169327 0.54169327 0.54169434 0.54169434 0.54169372 0.54169372
 0.54169372 0.54169372 0.54169405 0.54169181 0.54167757 0.54167757
 0.54167757 0.54167661 0.54167743 0.54166186 0.54166186 0.54166186
 0.54166011 0.54165976 0.54165976 0.54165967 0.54166022 0.54165907
 0.5416604  0.5416604  0.5416604  0.54166094 0.54165885 0.54165885
 0.54165885 0.54165865 0.54165933 0.54165886 0.54165965 0.54165899
 0.54165899 0.54165899 0.54165919 0.54165956 0.54165956 0.54165912
 0.54165925 0.54165925 0.54166044 0.54166112 0.54165948 0.54165983
 0.54166246 0.54166149 0.54166366 0.54166468 0.54166415 0.54166415
 0.54166415 0.54166334 0.54166301 0.54166301 0.54166301 0.54166239
 0.54166239 0.54166355 0.54166366 0.54166366 0.54166366 0.54166332
 0.5416621  0.5416621  0.54166341 0.54166305 0.54166722 0.54166698
 0.5416674  0.54166775 0.54166805 0.54166798 0.54166798 0.54166798
 0.54166744 0.54166843 0.54166825 0.54166967 0.54167    0.54166945
 0.54166824 0.54166824 0.54166847 0.54166849 0.54166871 0.54166853
 0.54166934 0.54167012 0.54166946 0.54166946 0.54167098 0.54167134
 0.5416707  0.54166793 0.54166793 0.5416687  0.541669   0.54166947
 0.54167041 0.54166952 0.54166786 0.54166786 0.54166659 0.54166549
 0.54166549 0.54166566 0.54166566 0.54166497 0.54166497 0.54166489
 0.54166431 0.5416646  0.5416646  0.54166524 0.54166662 0.54166662
 0.54166699 0.54166475 0.54166475 0.54166475 0.54166475 0.54166475
 0.54166475 0.54166475 0.54166475 0.54166582 0.54166554 0.54166699
 0.54166726 0.54166732 0.54166478 0.54166478 0.54166518 0.54166532
 0.54166449 0.54166546 0.54166546 0.54166415 0.54166382 0.54166486
 0.5416639  0.54166351 0.54166351 0.54166351 0.54166352 0.54166306
 0.54166625 0.54166651 0.5416687  0.54166948 0.54166437 0.54166437
 0.54166114 0.54166114 0.54166143 0.54166143 0.54166821 0.54166756
 0.54166756 0.54166723 0.54166703 0.54166608 0.54166608 0.5416665
 0.54166561 0.54166462 0.54166269 0.54167196 0.54167207 0.54167344
 0.54167344 0.54167255 0.54167168 0.54167233 0.54167243 0.54167134
 0.54167307 0.5416707  0.5416707  0.54167058 0.54166992 0.54167035
 0.54167009 0.54167058 0.54167052 0.54167091 0.5416715  0.5416715
 0.54167109 0.54167109 0.54167119 0.54167111 0.54167115 0.54167177
 0.54167138 0.54167127 0.54167127 0.54167067 0.54167067 0.54165253
 0.54165187 0.54165204 0.54165041 0.54165041 0.54165041 0.54165152
 0.54165069 0.54165069 0.54165069 0.54165069 0.54165482 0.5416537
 0.5416537  0.54165402 0.54165432 0.54165342 0.54165342 0.54165155
 0.54165052 0.54165151 0.54165151 0.54165499 0.54165499 0.54165604
 0.54165604 0.54165488 0.54165488 0.54165418 0.54165285 0.54165187
 0.54165226 0.54165254 0.54165218 0.54165045 0.54165045 0.54164269
 0.54164348 0.5416435  0.5416435  0.5416435  0.5416435  0.5416435
 0.54164199 0.5416436  0.54164164 0.54164242 0.54164242 0.54164383
 0.54164342 0.54164426 0.54164334 0.54164334 0.54164219 0.54164237
 0.54164257 0.54164179 0.54164226 0.54164273 0.54164273 0.54164273
 0.5416448  0.54164183 0.54164183 0.54164183 0.54164176 0.54164176
 0.54164176 0.54164362]
posterior_samples['z_uncertain_flat'] shape: (800, 4)
z_uncertain_samples shape: (800, 2, 2)
Script finished in 4 minutes and 26 seconds.
