hpc-node01
	Adding nVidia Cuda Toolkit 11.8
	Adding nVidia cuDNN 8.6 (.0.163)
	Adding nvtop
Fri Jun 21 05:29:21 2024       
+-----------------------------------------------------------------------------------------+
| NVIDIA-SMI 550.54.15              Driver Version: 550.54.15      CUDA Version: 12.4     |
|-----------------------------------------+------------------------+----------------------+
| GPU  Name                 Persistence-M | Bus-Id          Disp.A | Volatile Uncorr. ECC |
| Fan  Temp   Perf          Pwr:Usage/Cap |           Memory-Usage | GPU-Util  Compute M. |
|                                         |                        |               MIG M. |
|=========================================+========================+======================|
|   0  NVIDIA L40                     On  |   00000000:17:00.0 Off |                    0 |
| N/A   34C    P0             78W /  300W |     524MiB /  46068MiB |      0%      Default |
|                                         |                        |                  N/A |
+-----------------------------------------+------------------------+----------------------+
|   1  NVIDIA L40                     On  |   00000000:65:00.0 Off |                    0 |
| N/A   31C    P8             34W /  300W |       0MiB /  46068MiB |      0%      Default |
|                                         |                        |                  N/A |
+-----------------------------------------+------------------------+----------------------+
|   2  NVIDIA L40                     On  |   00000000:CA:00.0 Off |                    0 |
| N/A   34C    P0             78W /  300W |     450MiB /  46068MiB |      0%      Default |
|                                         |                        |                  N/A |
+-----------------------------------------+------------------------+----------------------+
|   3  NVIDIA L40                     On  |   00000000:E3:00.0 Off |                    0 |
| N/A   33C    P8             35W /  300W |       0MiB /  46068MiB |      0%      Default |
|                                         |                        |                  N/A |
+-----------------------------------------+------------------------+----------------------+
                                                                                         
+-----------------------------------------------------------------------------------------+
| Processes:                                                                              |
|  GPU   GI   CI        PID   Type   Process name                              GPU Memory |
|        ID   ID                                                               Usage      |
|=========================================================================================|
|    0   N/A  N/A     20857      C   python                                        516MiB |
|    2   N/A  N/A     20935      C   python                                        442MiB |
+-----------------------------------------------------------------------------------------+
Date              = Fri Jun 21 05:29:21 CEST 2024
Hostname          = hpc-node01
Working Directory = /local/294741
Number of nodes used        : 1
Number of MPI tasks         : 1
Number of threads           : 16
Number of MPI tasks per node: 1
Number of threads per core  : 
Name of nodes used          : hpc-node01
Gpu devices                 : 3
Starting worker: 
Xu_fixed:  [[0.         0.95006237]
 [0.         0.94521492]
 [0.         0.39422269]
 [0.         0.34238744]
 [0.         0.53206767]
 [0.42300447 0.        ]
 [0.37513696 0.        ]
 [0.51259359 0.        ]
 [0.54022212 0.        ]
 [0.25327558 0.        ]
 [1.         0.39326737]
 [1.         0.69942523]
 [1.         0.78878791]
 [1.         0.39758325]
 [1.         0.41364807]]
sigma_init_yu: 0.3447976501256937	sigma_init_yf: 16.88708019124114	sigma_init: 10.396454416227668
new_sigma_init_yu: 0.3447976501256937	new_sigma_init_yf: 0.922669455233789	new_sigma_init: 0.8674089833820364
Xu_certain: [[0.12391166 0.78969496]
 [0.59892084 0.07747027]]
Xu_noise: [[0.13973494 0.87051473]
 [0.67564161 0.        ]]
Xu_noise shape: (2, 2)
adam
0.001000
1000
init params: ((Array([0.34479765], dtype=float64), Array([0.41648387, 0.38612027], dtype=float64)),)
param_iter: ((Array([0.27505656], dtype=float64), Array([0.10421895, 0.89804465], dtype=float64)),)
start inference

                         mean       std    median      5.0%     95.0%     n_eff     r_hat
z_uncertain_flat[0]     -1.23      0.00     -1.23     -1.23     -1.23     11.36      1.02
z_uncertain_flat[1]     -2.03      0.00     -2.03     -2.03     -2.03      2.69      2.50
z_uncertain_flat[2]      1.00      0.00      1.00      1.00      1.00      3.51      1.94
z_uncertain_flat[3]      0.03      0.01      0.03      0.03      0.05      2.91      2.35

Number of divergences: 84
z_uncertain_samples[:, 1, 0] [0.99948432 0.99951876 0.99951876 0.99948755 0.99954256 0.99960051
 0.99960661 0.99961048 0.99962631 0.99962631 0.99962631 0.99962631
 0.99962641 0.9996218  0.9996218  0.99963074 0.99961092 0.99961092
 0.99961092 0.99965771 0.99965771 0.99956558 0.99956558 0.99961029
 0.99961029 0.99962605 0.99962605 0.99957137 0.99966518 0.99961757
 0.99964442 0.99956338 0.99963454 0.99959612 0.99962452 0.99962791
 0.99962791 0.99960814 0.99960814 0.99965761 0.99965761 0.99965761
 0.9995856  0.99961054 0.99961054 0.99958416 0.99956281 0.99963194
 0.99963194 0.99955319 0.99965355 0.99959279 0.99964051 0.9996206
 0.9996206  0.9996206  0.99962747 0.99962747 0.99965373 0.99965373
 0.99965373 0.99960802 0.99960802 0.9996442  0.9996442  0.99965385
 0.99960814 0.99960814 0.99960814 0.99963378 0.99963378 0.99963378
 0.99962663 0.99963476 0.99963476 0.99963476 0.99963397 0.99963397
 0.99963397 0.99963397 0.99963397 0.99963397 0.99961374 0.99964513
 0.99965229 0.99965229 0.99963753 0.99963753 0.99963753 0.99963753
 0.99963753 0.99966095 0.99966004 0.99963406 0.99964928 0.9996038
 0.99959246 0.99959246 0.99959246 0.99959246 0.99959246 0.99959246
 0.99964317 0.99959321 0.99961916 0.99961916 0.9996165  0.99963436
 0.99963436 0.99963436 0.99962325 0.99962325 0.99962325 0.99961928
 0.99960507 0.99966241 0.99964393 0.99965543 0.99965543 0.99965137
 0.99963456 0.99963456 0.99963456 0.99963774 0.99965667 0.99965667
 0.99965595 0.99964755 0.99965389 0.99965389 0.99965389 0.99965389
 0.99965389 0.99965456 0.99965456 0.99962227 0.99962227 0.99962227
 0.99963298 0.99963298 0.99963298 0.99963298 0.99963298 0.99963298
 0.99964442 0.99965838 0.99961725 0.99961725 0.99962993 0.99962993
 0.99962993 0.99962993 0.99961918 0.99964117 0.999651   0.999651
 0.999651   0.999651   0.999651   0.999651   0.999651   0.99965018
 0.9996505  0.99965164 0.99965164 0.99965164 0.99965164 0.99965164
 0.99965164 0.99965745 0.99961062 0.99961062 0.99961062 0.99961062
 0.99963339 0.99963339 0.99964692 0.99965492 0.99965492 0.99965492
 0.99966261 0.99966261 0.99962728 0.99962728 0.99965471 0.99965471
 0.99965471 0.99965471 0.99966223 0.99966726 0.99966726 0.99966873
 0.99965091 0.99964248 0.99964248 0.99964248 0.99964248 0.99968172
 0.99963998 0.99963998 0.99963998 0.99963998 0.99966058 0.99966058
 0.99966058 0.99964827 0.99963968 0.99965133 0.99967408 0.99967408
 0.99967408 0.99967408 0.99967408 0.99964973 0.99966534 0.99964739
 0.99964739 0.99966498 0.99966498 0.99966498 0.99966356 0.99966356
 0.99966356 0.99966356 0.99966473 0.99966473 0.99966473 0.99966595
 0.99966595 0.99966595 0.99966595 0.99966595 0.99968296 0.99966648
 0.99966648 0.99966881 0.99966881 0.99969053 0.99969053 0.99969053
 0.99969053 0.99969004 0.99969004 0.99969004 0.99969004 0.99969004
 0.99969004 0.99969004 0.99968243 0.99970584 0.99970126 0.99970126
 0.99970126 0.99970126 0.99968896 0.99968896 0.99972147 0.99972147
 0.99967707 0.99967707 0.99969926 0.99969926 0.99969926 0.99969926
 0.99969926 0.99969926 0.99968999 0.99968999 0.99968999 0.99968999
 0.99968999 0.99969377 0.99969377 0.99969377 0.99969082 0.99967782
 0.99967912 0.99967912 0.99967861 0.99971456 0.99971456 0.99971456
 0.99971456 0.99971456 0.99971456 0.99968064 0.99969665 0.99969665
 0.99969665 0.99969665 0.99969665 0.99969665 0.99969665 0.99971317
 0.99971317 0.99971317 0.99971317 0.99971317 0.99971317 0.99971317
 0.99971317 0.9996898  0.9996898  0.9996898  0.99969413 0.99969413
 0.99969413 0.99969413 0.99969413 0.99969413 0.99969413 0.99971729
 0.99971729 0.99970666 0.99970666 0.99969547 0.99969547 0.99969547
 0.99969547 0.99969547 0.99969547 0.99969547 0.99969547 0.99969547
 0.99969547 0.9996933  0.9996933  0.9996933  0.99969378 0.99969378
 0.99970584 0.99970584 0.99971951 0.99971951 0.99971951 0.99971951
 0.99971951 0.99971951 0.99968263 0.99968263 0.99968263 0.99968263
 0.99967649 0.99967649 0.99967649 0.99967695 0.99968548 0.99967564
 0.99968211 0.99968211 0.99968211 0.99968211 0.99968211 0.99968211
 0.99968211 0.99968211 0.99968211 0.99968211 0.99969822 0.99968184
 0.99968184 0.999698   0.999698   0.999698   0.999698   0.999698
 0.999698   0.999698   0.999698   0.999698   0.999698   0.999698
 0.999698   0.999698   0.99969611 0.99967528 0.99967528 0.99967528
 0.99967528 0.99967528 0.99967528 0.99968631 0.99967216 0.99967216
 0.99967216 0.99967216 0.99967094 0.99967688 0.99967688 0.99967688
 0.99967688 0.99967688 0.9996598  0.9996598  0.9996598  0.9996598
 0.99969056 0.99969056 0.99966793 0.99967423]
posterior_samples['z_uncertain_flat'] shape: (400, 4)
z_uncertain_samples shape: (400, 2, 2)
Script finished in 5 minutes and 37 seconds.
