hpc-node01
	Adding nVidia Cuda Toolkit 11.8
	Adding nVidia cuDNN 8.6 (.0.163)
	Adding nvtop
Fri Jun 21 04:17:31 2024       
+-----------------------------------------------------------------------------------------+
| NVIDIA-SMI 550.54.15              Driver Version: 550.54.15      CUDA Version: 12.4     |
|-----------------------------------------+------------------------+----------------------+
| GPU  Name                 Persistence-M | Bus-Id          Disp.A | Volatile Uncorr. ECC |
| Fan  Temp   Perf          Pwr:Usage/Cap |           Memory-Usage | GPU-Util  Compute M. |
|                                         |                        |               MIG M. |
|=========================================+========================+======================|
|   0  NVIDIA L40                     On  |   00000000:17:00.0 Off |                    0 |
| N/A   30C    P8             24W /  300W |       0MiB /  46068MiB |      0%      Default |
|                                         |                        |                  N/A |
+-----------------------------------------+------------------------+----------------------+
|   1  NVIDIA L40                     On  |   00000000:65:00.0 Off |                    0 |
| N/A   30C    P8             24W /  300W |       0MiB /  46068MiB |      0%      Default |
|                                         |                        |                  N/A |
+-----------------------------------------+------------------------+----------------------+
|   2  NVIDIA L40                     On  |   00000000:CA:00.0 Off |                    0 |
| N/A   30C    P8             25W /  300W |       0MiB /  46068MiB |      0%      Default |
|                                         |                        |                  N/A |
+-----------------------------------------+------------------------+----------------------+
|   3  NVIDIA L40                     On  |   00000000:E3:00.0 Off |                    0 |
| N/A   32C    P8             25W /  300W |       0MiB /  46068MiB |      0%      Default |
|                                         |                        |                  N/A |
+-----------------------------------------+------------------------+----------------------+
                                                                                         
+-----------------------------------------------------------------------------------------+
| Processes:                                                                              |
|  GPU   GI   CI        PID   Type   Process name                              GPU Memory |
|        ID   ID                                                               Usage      |
|=========================================================================================|
|  No running processes found                                                             |
+-----------------------------------------------------------------------------------------+
Date              = Fri Jun 21 04:17:32 CEST 2024
Hostname          = hpc-node01
Working Directory = /local/294694
Number of nodes used        : 1
Number of MPI tasks         : 1
Number of threads           : 16
Number of MPI tasks per node: 1
Number of threads per core  : 
Name of nodes used          : hpc-node01
Gpu devices                 : 3
Starting worker: 
Xu_fixed:  [[0.         0.95006237]
 [0.         0.94521492]
 [0.         0.39422269]
 [0.         0.34238744]
 [0.         0.53206767]
 [0.42300447 0.        ]
 [0.37513696 0.        ]
 [0.51259359 0.        ]
 [0.54022212 0.        ]
 [0.25327558 0.        ]
 [1.         0.39326737]
 [1.         0.69942523]
 [1.         0.78878791]
 [1.         0.39758325]
 [1.         0.41364807]]
sigma_init_yu: 0.3447976501256937	sigma_init_yf: 16.379164911764676	sigma_init: 12.195689019371615
new_sigma_init_yu: 0.3447976501256937	new_sigma_init_yf: 0.5401175357031807	new_sigma_init: 0.5318679414008
Xu_certain: [[0.12391166 0.78969496]
 [0.59892084 0.07747027]]
Xu_noise: [[0.13973494 0.87051473]
 [0.67564161 0.        ]]
Xu_noise shape: (2, 2)
adam
0.001000
1000
init params: ((Array([0.34479765], dtype=float64), Array([0.40953922, 0.3606602 ], dtype=float64)),)
param_iter: ((Array([0.56430075], dtype=float64), Array([0.1754311 , 0.23770111], dtype=float64)),)
start inference

                         mean       std    median      5.0%     95.0%     n_eff     r_hat
z_uncertain_flat[0]     -0.10     10.02     -0.34    -17.53     15.16    375.25      1.00
z_uncertain_flat[1]      0.87     10.50      1.61    -17.81     16.85    637.68      1.00
z_uncertain_flat[2]      2.13     10.45      2.50    -16.82     17.60    701.70      1.00
z_uncertain_flat[3]      0.23      9.78      0.03    -14.41     18.00    431.93      1.00

Number of divergences: 282
z_uncertain_samples[:, 1, 0] [-1.77687479e+01 -1.77687479e+01  1.99216314e+01  5.88969526e+00
 -1.08233698e+01 -1.62491580e+01  1.56959390e+01  2.48548669e+01
  1.02477897e+01  1.76950248e-01 -3.28138314e-01  9.07085913e+00
  6.61895764e+00 -4.98465576e+00  6.46050551e+00 -1.43562251e+01
  1.22592070e+01  1.19882953e+01  7.85138636e+00  1.00191224e+01
  5.12841361e+00  7.34167310e+00  3.91056072e+00  4.47700022e+00
  8.72037543e+00  4.26294555e+00  6.50784355e+00 -1.58076153e+01
  1.21132610e+01  1.55338387e+01 -2.15205023e+01 -1.65965995e+01
  1.73413559e+01 -1.16051396e+01 -1.35117776e+00  1.21492158e+00
 -3.14622360e+00  1.92801929e+00  3.47917808e+00  6.31778350e+00
  4.24417677e+00  3.49611442e+00  2.89693506e+00  4.92084371e+00
 -2.22995343e+00  3.08220960e+00 -3.01141212e+00 -3.04011714e+00
  1.46272315e+01 -2.24415319e+01 -2.17573363e+01  1.79085370e+01
 -8.32975191e+00  7.47042916e+00  5.09185173e+00 -3.03548333e-01
  9.05103018e+00 -2.95360106e+00  1.74481931e+01  1.67610981e+01
 -2.80776661e+00  4.71817524e+00  5.74577222e-01  9.29184253e+00
 -7.91428984e+00 -1.33064912e+01  2.12760512e+01  1.84867108e+01
 -1.76421664e+01 -8.91443386e-02  2.67484195e+00 -9.66395274e+00
 -1.77674004e+01  2.11472577e+01 -1.97892813e+01 -1.73321450e+01
  1.54324477e+01  1.13161405e+01  2.30909784e-02  1.21269619e+01
 -1.19996968e+01 -1.37788950e+01 -5.35571300e-01 -8.10027802e-02
 -4.22381218e+00 -5.54926028e+00  1.62795234e+00  1.17237533e+01
  1.42515493e+01  1.75074116e+01  5.09166901e+00  1.07860605e+01
 -9.90796259e-01 -1.56719848e+00 -1.56719848e+00  7.58350527e+00
 -1.70950650e+00 -6.09630201e+00  1.62997919e+01 -4.09126740e+00
  3.10122977e+00  4.58466513e+00  5.45978552e+00  6.97763551e+00
 -1.13643188e+01 -6.33141379e-01  1.44009522e+01  2.09222999e+01
 -4.37359621e+00  8.27130092e+00  7.00738271e+00  7.00738271e+00
  5.92838451e+00  5.92838451e+00  3.39190531e-01  2.36799332e+00
  3.48219031e+00 -2.44667252e+00 -1.16592222e+01 -1.31926073e+01
 -1.71009884e+01  2.09588485e+01  1.52520722e+01  2.29788444e+01
  2.00417914e+01  2.51893552e+01 -2.61698214e+01 -1.41957944e+01
 -7.45293055e+00 -9.94316945e+00  1.25823725e+01 -1.19095459e+00
  2.88766184e+00  2.88766184e+00  9.41077069e+00 -1.69356028e+00
 -8.79459713e+00 -1.11780431e+00 -3.48911294e+00  4.55498101e+00
  1.08486748e+00  2.49028070e+00  1.05259604e+01 -1.01151957e+00
 -1.55063553e+01  1.58074827e+01  4.96906752e+00 -7.74271994e+00
  3.55818371e+00 -1.62275938e+01  2.26146759e+01 -6.19103036e+00
  2.41829901e+01 -2.12677881e+01  3.79714736e-01 -2.03616681e+00
  1.03205578e+00 -2.07140555e+00 -2.28563143e+01  1.62049587e+01
  1.69911171e+01  1.82899250e+01  4.07669721e+00  1.96433473e+01
  1.69846590e+01 -1.29820983e+00 -9.26656170e+00 -9.45594766e+00
  7.02158309e+00  7.02158309e+00  4.93249747e+00  1.33427773e+01
  1.47827055e+01  1.25380104e+01  1.74424700e+01  1.82584073e+01
  5.04618179e+00  3.62022946e+00 -9.27337185e+00  8.53115364e+00
 -2.01690395e+01 -2.00701488e+01 -3.48304609e+00 -9.89938569e+00
  5.07295634e+00  2.47040519e+01 -8.33987476e+00 -9.20340371e+00
  3.67624096e+00 -8.28284769e+00  9.52208824e+00  8.70798040e+00
  1.51903032e+01  2.19569409e+01 -1.85594702e+01  1.56190642e+01
  9.38294381e+00  7.69011556e+00 -1.49811516e+00  6.34522882e-01
  5.18052900e+00  3.66190043e+00  9.34350017e+00  3.42303848e+00
 -1.83964597e+00 -2.50488604e+00 -2.27028566e+00 -2.77825324e+00
 -5.16010479e-01  9.53637939e+00  9.42167305e+00  9.29610787e+00
 -1.15279545e+00 -1.67781222e+01  9.63002571e+00  3.42579999e+00
 -2.10158781e+00  3.47241478e+00 -6.03740918e+00 -1.99202551e+00
 -6.96181991e-01  5.41058715e+00 -2.97888491e-01  5.61296207e+00
  7.26195200e+00 -1.09667632e+01 -5.24134535e-01 -4.93784446e+00
  7.15234214e+00  4.73488658e+00  8.60086834e+00 -1.91892066e+00
  1.08200936e+01  9.22660515e+00  9.84233797e+00 -4.96015878e+00
  2.76278319e+00  1.10934406e+00 -9.40241012e+00 -1.51228706e+01
 -1.21846044e+01  7.51033826e+00  1.81491217e+00  2.33600845e+00
  9.33577411e+00  1.20278235e+01 -6.58879881e+00  1.05158589e+01
  1.51317220e+01  1.61250382e+01  5.31751836e+00 -2.68761391e+00
  4.33620365e+00  9.03540556e+00  5.51503640e+00 -5.01543542e+00
 -9.15251475e+00  1.51764809e+01  1.04229720e+01  1.75907619e+01
  2.46560289e+01  4.76452266e+00  4.26680833e+00 -4.87863154e-01
  8.01407133e+00  1.09726569e+01 -1.68867330e+01 -1.90075993e+01
 -1.61848108e+01  4.19198757e+00 -5.42301558e+00  6.73756431e+00
  1.17931574e+01  5.29087558e+00 -7.19320786e+00 -1.99162355e+01
  1.40809160e+00  6.37775994e+00  4.34335380e+00  3.69226441e+00
 -1.46805218e+00 -8.99231919e+00 -1.19783057e+01  1.70620611e+01
 -2.10771486e+01 -1.52222126e+01  1.55555256e+01 -1.59794323e+00
 -3.77406660e+00 -9.98647755e+00 -9.98647755e+00  3.95369570e+00
  3.36944078e+00  2.35832863e+00  2.43278444e+00  2.43278444e+00
  6.27371951e+00  4.95435020e+00  3.16916087e+00  1.12087827e+00
  2.52015164e+00 -4.99569563e-01  8.55608642e-02 -5.06241392e+00
  1.14775765e+01 -1.78773715e+01  7.52420832e+00 -4.49422538e-01
 -1.32924910e+01 -1.51191051e+01  5.95342002e+00  8.17497523e+00
  6.39205786e+00  1.18695729e+01  7.91085627e+00 -2.71256826e+00
 -1.40760543e+01  8.91664488e+00  7.54911850e+00  5.66601952e+00
 -3.85432200e+00 -9.57501423e+00  7.99182937e-01  1.76878435e+00
 -1.18726506e+01 -7.00497011e+00  3.24067642e+00  2.80276828e+00
 -1.20413407e+01  2.96029973e+00  6.04886637e+00  7.29572798e+00
  3.67680274e+00  3.67680274e+00 -3.43539760e-01 -2.12474251e+00
 -1.42504830e+00 -1.61937933e+00  7.15159234e+00 -2.65730011e+00
 -1.96815880e+00 -1.82746939e+01  7.43322995e+00 -2.09115011e-01
  1.37027610e+01  1.57268341e+01 -9.83381619e-01 -1.61586859e+01
 -1.76772974e+01 -5.15016659e+00  8.42658311e+00  5.18161746e+00
  7.80525196e+00  1.36508661e+01  9.19762865e+00  1.07960879e+01
 -1.11634848e+01  3.89160644e+00 -1.10058025e+01  6.39527617e+00
  6.13128783e+00 -9.57987103e+00  9.97611983e+00 -1.91326068e+00
  1.66701000e+01 -1.65479389e+01 -8.93238570e+00  5.89661230e+00
  1.21001046e+01  1.47517235e+01  1.95567591e+01  4.83424504e+00
  2.50481055e+00 -3.20256661e+00 -4.57875325e+00 -6.96318526e+00
 -2.52241255e+00 -2.65809633e+00  1.25676395e+01  7.02208354e+00
  1.01040665e+01  3.52391458e+00  1.28960961e+01 -5.82083817e+00
 -1.36547909e+01  1.51283279e+01  9.75530128e+00 -7.30303836e+00
 -8.20567540e+00 -1.38037909e+01  8.92328872e-01  2.59137329e+01
  2.57419615e+01  2.88032350e+01  1.82192622e+01 -1.51757216e+01
 -1.01052006e+00 -1.01052006e+00 -1.22505150e+00  1.29938968e+01
  2.64004508e+00  1.75335532e+01 -6.93055407e-01  9.58085810e+00
  1.71646208e+01 -1.57851947e+01 -1.80229240e+01  8.42169516e+00
  1.01369432e+01  1.04004649e+01  2.18769690e+00  4.67708526e+00
  9.39372996e+00  6.14829927e+00 -8.09430667e+00 -2.39732624e+00
 -8.20537121e+00  1.22735413e+01  1.27668938e+01 -9.96747869e+00
 -8.84072096e+00 -7.23282374e+00 -1.17460746e+01  9.68257504e-01
  1.72429769e+01  1.50063001e+00 -3.46602394e+00 -1.70307721e+00
  2.38601954e-01 -1.01682621e+00 -1.04954744e+00 -1.04954744e+00
 -1.00506920e+00 -1.00506920e+00  4.06419941e-01 -8.83447660e-01
 -8.83447660e-01 -8.83447660e-01  3.06316163e+00  3.35929184e+00
 -6.36443423e-01 -8.18368697e-01 -3.84030521e-01 -5.96907639e+00
 -1.08375525e+00 -1.25176461e+01 -5.85853705e+00 -1.35687611e+01
  7.18837805e+00  7.01256659e+00  1.07644963e+01 -8.26569393e+00
 -1.22911710e+00 -1.15679822e+01 -5.75236905e+00  1.04546266e+01
  1.14011569e+01 -1.18755239e+01 -4.94742346e+00 -5.99184234e+00
 -3.97396878e+00  5.23886776e+00  7.23023569e+00  8.71687930e+00
  7.37035375e+00 -8.04879957e+00  7.80390211e+00 -7.01695266e+00
  1.86527563e+01  1.13378425e+01  1.13159860e+01 -2.00484021e+01
 -7.10037249e+00 -4.20021123e+00  1.84703319e+01  1.32670314e+01
  1.90918817e+01  1.15226441e+01  1.30269637e+01  1.24589328e+01
 -5.13157977e-01 -6.90928615e-01  1.40007438e-01 -2.35215324e+00
  7.07591855e+00 -7.21660412e+00  3.17221933e+00  4.66605019e+00
 -2.80238707e-01 -7.11949917e+00 -5.45974325e+00 -6.10788082e+00
 -7.95280598e+00  1.05034871e+01 -3.43753609e+00  1.06965682e+01
  8.94588931e+00 -2.15427007e+01 -1.19040051e+01 -2.11128585e-01
 -1.42593769e+01  1.96881449e+01  2.36436754e+01  1.72044884e+01
 -1.03523431e+01  6.69956341e+00  4.94519472e+00  2.90330883e+00
 -4.95802327e+00  1.89447720e+01 -1.30600323e+01  1.45261802e+01
  8.70403700e+00  7.93857505e+00 -1.14533655e+00  6.18839034e+00
  7.67261898e+00 -5.22518647e-01  9.13194717e+00  1.24349311e+01
  1.04892439e+00  1.23109072e+01 -1.10135797e+01  2.37808861e+01
  2.70318668e+01  1.21610561e+01 -3.01426728e+00 -2.32058038e+00
 -1.86195413e+01 -6.82824034e+00 -9.70551293e+00  2.20173993e+00
 -1.60119050e+01  2.24724459e+01  2.49266760e+01  1.17191991e+01
  8.17717602e-01 -1.74237583e+00 -5.25642785e+00  6.75922124e+00
  1.04190203e+01 -1.05315566e+01 -1.33827608e+01  6.60835400e+00
  3.60389735e+00 -8.51252211e-01  3.48615037e+00  6.46615439e+00
  5.92392452e+00  4.68533283e+00  4.95420722e+00  1.23320959e+01
  1.19770776e+01  6.32850404e+00 -4.91485069e+00 -5.61069033e+00
 -1.33289690e+01 -1.44905845e+01  6.79512108e+00 -4.59961877e-01
 -4.59961877e-01  9.53719826e-01 -1.21800613e+01  1.71006390e+01
  1.76012789e+01 -1.61647569e+01  1.00114064e+01 -6.63662425e+00
  1.16008401e+01  4.85147345e+00  6.93391055e-01  1.67760584e+00
  2.51974667e+00 -1.81401012e+00 -9.38051802e-01 -9.38051802e-01
 -1.30507192e+01 -1.30507192e+01 -1.53497150e+01 -4.95464606e+00
 -7.06823408e+00 -2.56262418e+00  5.72845079e+00  5.00296914e+00
  3.77901283e+00 -1.87085846e+00 -4.06264060e+00  5.14950085e-01
  1.98513904e+00 -1.68179155e+01  5.54464663e+00 -1.41272802e+00
 -5.12682981e+00 -9.78528784e+00 -5.02162834e+00 -4.01048666e+00
 -2.77347172e+00 -1.88118614e+00  4.84271019e+00  8.00746853e+00
 -1.00608514e+00  6.40553887e+00  1.46726759e+01  1.32832780e+01
  4.50207910e+00 -3.11878142e+00  8.77248787e+00 -1.03716309e+01
 -1.64715697e+00 -5.04205170e+00  1.40038289e+01  1.44265497e+01
  1.00423758e+01 -1.15493532e+01  2.03622501e+01  2.46350253e+01
  1.79997398e+01  1.53549844e+01  1.55972309e+01  1.39826614e+01
 -7.71087546e+00 -5.27223318e+00  8.11576287e+00  6.18445835e+00
  7.94402290e+00 -1.02078301e+01  1.39440081e+01 -7.96666600e+00
 -9.05999817e+00 -1.47835955e+01  1.68575273e+01 -1.55771574e+01
 -3.13015619e+00  4.28795357e+00  1.86711292e+00  3.23221508e+00
  8.53111710e+00  9.79830788e+00  2.33219008e+00  1.78011597e+01
  1.69210540e+01  4.51607980e+00  1.66883491e+01  1.39991188e+01
  1.14470099e+01  7.61305073e+00  1.28286837e+01 -1.67028712e+01
 -3.71997381e+00 -1.57593493e+01 -8.83908786e+00  8.97094098e+00
 -1.38191573e+01  5.69160653e+00  1.01461267e+01  4.25006328e+00
 -1.19584133e-01 -1.62152904e+00  1.38549451e+01  8.50980116e+00
  2.14593377e+01  1.40927506e+01  2.59609832e+01 -3.94094467e+00
  1.20641399e+01  2.28499737e+00  4.67913918e+00  5.51493049e+00
 -1.17338616e+01  9.21395813e+00 -3.97806182e+00  8.89752055e-01
 -1.74349758e+00  8.64714104e+00  3.08799192e+00 -4.95223597e+00
  9.36992770e+00 -8.95374557e+00 -4.21724289e+00 -1.94727030e+01
  1.52600040e+01  8.45502679e-01  9.63129765e+00  1.18955362e+01
 -1.22022748e+01  5.13932080e+00 -3.54923765e-01 -1.06137264e+01
 -8.43725586e+00 -7.61970664e+00 -5.68600815e+00  2.71603242e+00
  5.72025373e+00  4.69387339e+00 -2.38933136e+00 -5.02923158e+00
  9.51689565e-01 -3.90768315e+00  3.51046799e+00  9.35639578e+00
  7.21065022e+00  1.25403612e-01  1.26217262e+00  1.26217262e+00
  1.26217262e+00  4.71545721e+00  6.76108287e+00  6.92665290e+00
 -9.93099872e+00  1.91042076e+00  9.11446247e+00  1.71604332e+01
 -8.81236457e+00 -6.31716669e+00 -4.41747964e+00 -2.01035480e+01
  1.22592486e+01 -1.13025889e+01 -1.41772778e+01 -9.04808240e+00
  1.50509328e+01  1.53739246e+01 -2.81071918e+01  1.96450445e+01
 -1.18306297e+00 -1.89762744e+00  9.81221310e-01 -1.52476623e+00
 -1.09703889e+01 -1.44239834e+01 -1.23457531e+01  3.34036175e+00
  1.97412757e+01 -7.38475574e+00  9.34438504e+00  1.60767530e+01
 -1.93913015e+01  1.86702649e+01 -2.39085760e+00  9.92951243e+00
  1.75880299e+01  1.75258137e+01  1.02803341e+01  7.52699530e+00
  2.78846655e+00  6.30794936e+00 -1.14410890e+01 -2.26698520e+01
 -1.05653816e+01  6.65986157e+00  1.84458581e+01  7.37456430e+00
  3.20893414e+00 -1.08347687e+00  9.02179878e+00  1.25199093e+01
 -4.20812665e+00  3.83490038e+00  3.24376944e+00  2.08770341e+00
 -4.63335481e+00 -1.08359726e+01  1.64985275e+00  2.49496815e+00
  1.47557033e+01 -4.09553090e+00  3.34781196e+00  6.46297323e+00
 -3.13777777e+00  6.33726981e+00  3.66426008e+00  6.74011122e+00
 -1.01804286e+01  3.15954220e+00 -6.02893919e+00  1.00220254e+01
  4.52205432e+00  6.25111773e-01  5.39418893e+00  1.36531297e+01
  1.44528696e+01  2.48342840e+01  2.09387590e+01 -9.85322855e+00
 -6.48222648e+00  9.28318610e+00  6.88267831e+00 -1.40823207e+01
  1.54432915e+01 -2.24720420e+00 -8.36698980e+00 -1.15654646e+01
 -1.13977809e+01 -6.09546495e+00 -7.80835613e+00  6.45353456e+00
  1.02294463e+00 -2.57303296e+00  3.62741033e+00 -3.50601796e+00
 -3.89409553e-01 -3.20865489e-01  1.19725119e+01  6.65528706e-01
  1.26393474e+00  8.36779783e+00 -6.24264058e+00  7.63651945e+00
  2.88922731e+00  2.88922731e+00  1.90383007e+00  1.90383007e+00
  1.13704071e+01  1.62822886e+01  9.72953721e+00  1.17109328e+01
 -1.03330280e+00 -7.59812737e+00 -7.93545578e+00 -5.13272408e+00
 -6.00734530e+00  1.62949292e+01 -8.42698607e+00  1.70586558e+01
  1.31009626e+01  1.00388723e+01  8.66233706e+00  7.98678602e+00
  2.17994006e+00 -5.92378089e+00 -1.66878596e+00 -5.48680113e+00
  1.36226118e+01  1.27213744e+01  7.70517296e+00  1.67361231e+01
  1.30665385e+00 -3.27890081e+00  1.99590583e+00  7.60799480e+00
  9.34603065e+00 -7.16001779e+00  2.92607530e+00 -1.84095117e+01
 -1.30524084e+01 -5.02309128e+00  1.33527870e+01 -3.98266578e+00
  5.85205269e-01  7.47854551e+00  5.32422949e+00 -7.93703916e+00
 -8.49105401e+00  1.07847853e+01  1.33904775e+00 -9.01176901e-03
 -2.94916892e+00 -9.74922127e-02 -4.56700095e+00  1.06753047e+00
  1.73649895e+00 -1.00074079e+01 -3.65852120e-01  6.00816014e+00
 -2.94658090e+00  6.35580922e+00 -4.00647311e+00 -5.05282581e+00
 -5.87719269e+00 -7.55307648e+00  3.61027715e+00 -3.94094942e+00
  4.69742623e+00 -2.00004968e+00 -8.30456263e+00 -1.68159666e+01
  1.55537389e+01  2.35783382e+01  1.72181224e+01 -6.77819986e+00
  4.59931623e+00  1.18930281e+00  7.23358018e+00  1.25050363e+01
  1.95924911e+01  2.52807368e+01 -1.06241401e+01  1.00166756e+01
 -1.52966006e+00 -3.18111566e+00  6.68777091e+00  1.17946164e+01
  1.28565727e+01 -9.22661521e+00  1.39748646e+01  1.55652089e+01
 -2.68318459e+00 -1.35536929e+01 -1.45227224e+00  4.70123100e+00
  4.43860009e+00  2.54985821e+00  2.35921194e-01 -8.38668851e+00
 -7.23271851e+00  1.05774472e+00  1.51842246e+01  8.71653861e+00
  4.00240267e+00 -1.09780646e+01  4.34048805e+00  1.03338939e+01
  9.24628408e+00  1.58817403e+01  5.52425032e+00  7.11447672e+00
 -8.40229785e+00 -2.71638995e+00 -3.30369473e-01  3.88675398e+00
 -9.25911429e-01 -1.12797672e+01 -1.96158186e+00  1.75553402e+01
  7.26937927e+00  2.28276864e+01  1.47326811e+01  1.87502794e+01
  2.02008340e+01  2.07192971e+01  1.87011966e+01  2.58444008e-01
  1.05942453e+00 -6.02192430e+00 -3.53406935e+00 -5.01239557e+00
  5.43604942e+00 -7.57681540e+00 -8.11052532e-01 -8.11052532e-01
  2.49601452e+00 -1.40249917e+01  1.15086222e+01 -2.92280951e+00
  4.87890917e+00  8.06070270e+00 -1.13254791e+01  1.98150514e+01
  3.05443858e+01  2.97795336e+01  1.05910366e+01  2.26369667e+00
 -1.43540087e+01 -1.43540087e+01  5.33043348e+00  7.81959188e+00
  9.38271668e+00  1.04656839e+01  1.03734672e+01 -1.08691809e+01
 -7.46003704e+00  7.10057707e+00 -3.54878902e+00  1.25260178e+01
  2.71472873e+01  2.74018015e+01 -2.23633991e+01 -1.69527457e+01
  8.34240354e+00 -1.39275943e+00  9.31516618e+00  2.31035492e+01
  2.03245831e+01  1.74547354e+01  1.53821374e+01 -5.61534529e+00
  2.02154769e+01  1.69200180e+01 -1.00274419e+01  1.67535832e+01
  5.76248052e+00 -2.10422982e+01 -2.66869463e+00  5.76448640e+00
 -2.95201190e+00  2.53873858e+01  1.61346276e+01  1.21717239e+01
 -1.43003222e+01 -1.17130634e+01 -7.82521760e+00 -1.52763274e+01
  3.31565474e+00 -1.24980818e+01 -1.40745390e+01 -1.38012257e+01
 -7.04599420e+00 -4.96719108e+00 -1.18791625e+01  4.59228740e+00]
posterior_samples['z_uncertain_flat'] shape: (1000, 4)
z_uncertain_samples shape: (1000, 2, 2)
Script finished in 5 minutes and 28 seconds.
