hpc-node02
	Adding nVidia Cuda Toolkit 11.8
	Adding nVidia cuDNN 8.6 (.0.163)
	Adding nvtop
Fri Jun 21 04:27:52 2024       
+-----------------------------------------------------------------------------------------+
| NVIDIA-SMI 550.54.15              Driver Version: 550.54.15      CUDA Version: 12.4     |
|-----------------------------------------+------------------------+----------------------+
| GPU  Name                 Persistence-M | Bus-Id          Disp.A | Volatile Uncorr. ECC |
| Fan  Temp   Perf          Pwr:Usage/Cap |           Memory-Usage | GPU-Util  Compute M. |
|                                         |                        |               MIG M. |
|=========================================+========================+======================|
|   0  NVIDIA L40                     On  |   00000000:17:00.0 Off |                    0 |
| N/A   36C    P0             79W /  300W |     526MiB /  46068MiB |      3%      Default |
|                                         |                        |                  N/A |
+-----------------------------------------+------------------------+----------------------+
|   1  NVIDIA L40                     On  |   00000000:65:00.0 Off |                    0 |
| N/A   30C    P0             76W /  300W |     450MiB /  46068MiB |      0%      Default |
|                                         |                        |                  N/A |
+-----------------------------------------+------------------------+----------------------+
|   2  NVIDIA L40                     On  |   00000000:CA:00.0 Off |                    0 |
| N/A   34C    P0             78W /  300W |     526MiB /  46068MiB |      3%      Default |
|                                         |                        |                  N/A |
+-----------------------------------------+------------------------+----------------------+
|   3  NVIDIA L40                     On  |   00000000:E3:00.0 Off |                    0 |
| N/A   30C    P8             24W /  300W |       0MiB /  46068MiB |      0%      Default |
|                                         |                        |                  N/A |
+-----------------------------------------+------------------------+----------------------+
                                                                                         
+-----------------------------------------------------------------------------------------+
| Processes:                                                                              |
|  GPU   GI   CI        PID   Type   Process name                              GPU Memory |
|        ID   ID                                                               Usage      |
|=========================================================================================|
|    0   N/A  N/A      4098      C   python                                        518MiB |
|    1   N/A  N/A      4689      C   python                                        442MiB |
|    2   N/A  N/A      4225      C   python                                        518MiB |
+-----------------------------------------------------------------------------------------+
Date              = Fri Jun 21 04:27:52 CEST 2024
Hostname          = hpc-node02
Working Directory = /local/294704
Number of nodes used        : 1
Number of MPI tasks         : 1
Number of threads           : 16
Number of MPI tasks per node: 1
Number of threads per core  : 
Name of nodes used          : hpc-node02
Gpu devices                 : 3
Starting worker: 
Xu_fixed:  [[0.         0.95006237]
 [0.         0.94521492]
 [0.         0.39422269]
 [0.         0.34238744]
 [0.         0.53206767]
 [0.42300447 0.        ]
 [0.37513696 0.        ]
 [0.51259359 0.        ]
 [0.54022212 0.        ]
 [0.25327558 0.        ]
 [1.         0.39326737]
 [1.         0.69942523]
 [1.         0.78878791]
 [1.         0.39758325]
 [1.         0.41364807]]
sigma_init_yu: 0.3447976501256937	sigma_init_yf: 16.379164911764676	sigma_init: 12.195689019371615
new_sigma_init_yu: 0.3447976501256937	new_sigma_init_yf: 0.5401175357031807	new_sigma_init: 0.5318679414008
Xu_certain: [[0.12391166 0.78969496]
 [0.59892084 0.07747027]]
Xu_noise: [[0.13973494 0.87051473]
 [0.67564161 0.        ]]
Xu_noise shape: (2, 2)
adam
0.001000
1000
init params: ((Array([0.34479765], dtype=float64), Array([0.40953922, 0.3606602 ], dtype=float64)),)
param_iter: ((Array([0.56430075], dtype=float64), Array([0.1754311 , 0.23770111], dtype=float64)),)
start inference

                         mean       std    median      5.0%     95.0%     n_eff     r_hat
z_uncertain_flat[0]     -0.50      0.00     -0.50     -0.50     -0.50      3.97      1.37
z_uncertain_flat[1]     -0.60      0.00     -0.60     -0.60     -0.60      3.55      1.89
z_uncertain_flat[2]      0.56      0.00      0.56      0.56      0.56      5.23      1.40
z_uncertain_flat[3]      0.00      0.00      0.00      0.00      0.00     75.56      1.05

Number of divergences: 256
z_uncertain_samples[:, 1, 0] [0.55952835 0.55803912 0.55804979 0.5580548  0.5580548  0.558042
 0.55805896 0.55803573 0.55803573 0.55802756 0.55802756 0.55802756
 0.55799541 0.55800731 0.55800731 0.55800731 0.5580278  0.55804638
 0.55804521 0.55804521 0.55800817 0.55800832 0.5580159  0.55802094
 0.55806407 0.55805978 0.55805182 0.55805182 0.55802504 0.55803172
 0.55803112 0.55800255 0.55801216 0.55799823 0.55800576 0.55800576
 0.5579945  0.55799378 0.55800987 0.55801323 0.55801323 0.55802282
 0.55802282 0.55802282 0.55802282 0.55802275 0.55801316 0.55803197
 0.55803498 0.55803498 0.55796452 0.55796452 0.55796452 0.55795845
 0.55793759 0.55799404 0.55800172 0.55800172 0.55800172 0.55800172
 0.55800172 0.55800172 0.5580043  0.5580043  0.55797791 0.55796302
 0.55796249 0.55796249 0.55796249 0.55796249 0.55796249 0.55795416
 0.557952   0.557952   0.557952   0.557952   0.55794652 0.55792974
 0.55792974 0.55794006 0.55791973 0.55792027 0.55793244 0.55793244
 0.55793453 0.55793453 0.55793942 0.55793942 0.55793942 0.55788386
 0.55788918 0.55788518 0.55788144 0.55788859 0.55788229 0.5578852
 0.5578852  0.55788659 0.55788659 0.55786258 0.55785688 0.55791273
 0.55793574 0.55794288 0.55792834 0.55792237 0.55790915 0.55790821
 0.55790821 0.55791122 0.5579087  0.5579087  0.55790881 0.55790881
 0.55791402 0.55790159 0.55788491 0.55788491 0.55788491 0.5578693
 0.5578785  0.5578785  0.5578785  0.5578785  0.55787449 0.55787449
 0.55787449 0.55787449 0.55787449 0.55785973 0.55785973 0.55789487
 0.55789487 0.55789487 0.55789487 0.55790058 0.55790058 0.55791288
 0.5579446  0.55793076 0.55793076 0.55794136 0.55793099 0.5579237
 0.5579237  0.55791503 0.55791503 0.55797004 0.55797004 0.55798543
 0.55795722 0.55796548 0.55796548 0.55797133 0.55795667 0.55793935
 0.5579058  0.5579058  0.55788685 0.55788685 0.55788685 0.55788057
 0.55788057 0.55788141 0.55787402 0.55787402 0.55787648 0.55788513
 0.55786845 0.55786845 0.55788015 0.55788015 0.55788652 0.55786812
 0.55786084 0.55784371 0.55784371 0.55784371 0.55784966 0.55784966
 0.55784966 0.55785383 0.55786407 0.55787661 0.55787661 0.55787032
 0.55787032 0.55787032 0.55787438 0.55792207 0.5579234  0.55792689
 0.55792689 0.5579484  0.55793001 0.55800786 0.55800786 0.5580238
 0.5580238  0.5580238  0.5580238  0.5580238  0.55805742 0.55804996
 0.55804507 0.5580417  0.55809627 0.55809627 0.55812124 0.55812121
 0.55812742 0.55812742 0.55813404 0.55811235 0.55811525 0.55811525
 0.55800171 0.55800171 0.55799614 0.55798299 0.55797544 0.55800249
 0.55801003 0.55800591 0.55813401 0.55813401 0.55813556 0.55808802
 0.55819005 0.55819005 0.55819005 0.55819005 0.55819005 0.55819005
 0.55816525 0.55816525 0.55815049 0.55814253 0.55814732 0.55813762
 0.55813762 0.5581382  0.5581382  0.55815499 0.55814348 0.55813665
 0.55812708 0.55812708 0.55812708 0.55812397 0.55813835 0.55807591
 0.55807591 0.55806921 0.55806871 0.55806665 0.5580632  0.5580632
 0.55806074 0.55804887 0.55805205 0.55806445 0.55806445 0.55806445
 0.55806445 0.55806445 0.55805858 0.55805858 0.55803408 0.55803408
 0.55803408 0.55803408 0.55803408 0.55803408 0.55803408 0.55803408
 0.55803408 0.55803408 0.55804522 0.55804522 0.55804522 0.55801778
 0.55801778 0.55801068 0.55801068 0.55799762 0.55799762 0.55799811
 0.55797719 0.55797719 0.55797719 0.55797719 0.55797719 0.55798033
 0.55798917 0.55800651 0.55799861 0.55798887 0.55797692 0.55796975
 0.55793818 0.55792848 0.55792848 0.55792848 0.55800908 0.55800101
 0.5580278  0.5580278  0.5580278  0.55805985 0.55805985 0.5580271
 0.55803186 0.55803186 0.55801786 0.55801786 0.55800203 0.55798091
 0.55797027 0.55797056 0.55797574 0.55797574 0.5579658  0.5579658
 0.5579658  0.55798736 0.55798736 0.55798736 0.55798736 0.55798736
 0.55798508 0.55798508 0.55798508 0.55799896 0.55799896 0.55800176
 0.55800176 0.55800176 0.55800176 0.55799099 0.55799099 0.55799099
 0.55799099 0.55799461 0.55799076 0.55799076 0.55799076 0.55799219
 0.55799219 0.55799219 0.55799607 0.55799607 0.55799529 0.5579599
 0.5579599  0.5579599  0.5579599  0.55797053 0.55795491 0.55794611
 0.55794611 0.55794611 0.55794611 0.55794611 0.55793376 0.55793245
 0.55793245 0.55793596 0.5579418  0.55796565 0.55796565 0.55795408
 0.55795408 0.55795408 0.55793719 0.55793719 0.55793719 0.55793601
 0.55786832 0.55780989 0.55780989 0.55779807 0.55779595 0.55779595
 0.55779595 0.55779595 0.55779399 0.55779399 0.55780514 0.55780841
 0.55781804 0.55787839 0.5578713  0.5578713  0.5578983  0.55788879
 0.55788879 0.55790747 0.55790747 0.55791361 0.55791361 0.55790868
 0.55792259 0.55792259 0.55792259 0.55784972 0.55781684 0.55781684
 0.557829   0.55783262 0.55783349 0.55780281 0.557811   0.557811
 0.557811   0.55780156 0.55780156 0.5577874  0.5577874  0.5577874
 0.55774355 0.55774246 0.55774246 0.55774596 0.55774596 0.5577542
 0.5577542  0.5577542  0.5577542  0.5577542  0.55776308 0.55776308
 0.5578023  0.55780448 0.55778872 0.55778872 0.55778872 0.55778872
 0.55778314 0.55776858 0.55776858 0.55776858 0.55778708 0.55778708
 0.5577677  0.55777641 0.55777742 0.55776865 0.55777111 0.5577548
 0.55776467 0.5577956  0.55776818 0.55776818 0.55773705 0.55774249
 0.55775751 0.55777701 0.55776529 0.55776234 0.5577722  0.5577722
 0.5577722  0.55777646 0.55777646 0.5577722  0.5577722  0.5577722
 0.5577722  0.55778595 0.55778595 0.55777022 0.55778488 0.55778488
 0.55776671 0.55775919 0.55775919 0.55775812 0.55775667 0.55775667
 0.55775667 0.55775355 0.55775181 0.55775168 0.55775168 0.55775168
 0.55775737 0.55774997 0.55775681 0.55775762 0.55775762 0.55775827
 0.55775827 0.55775827 0.55775827 0.55777364 0.55777922 0.55772218
 0.55771828 0.55771828 0.55770522 0.55770522 0.55770168 0.55770168
 0.55770168 0.55769229 0.55768545 0.55768545 0.55768874 0.55768874
 0.55769788 0.55766991 0.55766028 0.55766028 0.55766028 0.55767437
 0.55768394 0.5576695  0.55762198 0.55762198 0.55762474 0.55765809
 0.55765581 0.5576471  0.5576471  0.5576471  0.5576268  0.55763855
 0.55763855 0.55764561 0.55764192 0.55764192 0.55764371 0.55763647
 0.55763647 0.55763064 0.55763064 0.55763462 0.55763462 0.5576426
 0.55762277 0.55762277 0.55762277 0.55763716 0.55763716 0.55761728
 0.55761578 0.55758943 0.55758943 0.55758943 0.5576663  0.5576663
 0.55768037 0.55768721 0.55768721 0.55768721 0.55768721 0.55768721
 0.55768721 0.55768721 0.5577019  0.5577019  0.55769326 0.55769326
 0.55769326 0.55769326 0.55770204 0.55770368 0.55770368 0.55772511
 0.55772511 0.55775026 0.55776196 0.55771791 0.55770262 0.55770262
 0.55769083 0.55769083 0.5576476  0.55764633 0.55763818 0.5576223
 0.55765842 0.55765842 0.55772385 0.5577311  0.5577089  0.5577089
 0.5577089  0.55770606 0.55771534 0.5577088  0.55771949 0.55771043
 0.55771043 0.55771043 0.55771043 0.55771596 0.55770695 0.55770695
 0.55770852 0.55770852 0.55771705 0.55772618 0.55777046 0.55777046
 0.55777046 0.55777046 0.55778519 0.55778519 0.55779233 0.55779233
 0.55777371 0.55779465 0.55778991 0.55778991 0.55778991 0.5577857
 0.5577857  0.5577857  0.55778177 0.55778177 0.55778177 0.55777673
 0.55777122 0.55777122 0.55777122 0.55777122 0.55777122 0.55776781
 0.55777856 0.55777339 0.55777339 0.55777259 0.55777259 0.55777259
 0.55777964 0.55780575 0.55780335 0.55782259 0.55782259 0.55780695
 0.55779001 0.55777002 0.55776853 0.5577678  0.5577678  0.55776663
 0.55777749 0.55776615 0.55775721 0.55775721 0.55777806 0.55778311
 0.55778697 0.557772   0.557772   0.5577609  0.55776235 0.55776235
 0.55777534 0.55779126 0.55776808 0.5577551  0.5577551  0.55773994
 0.55774633 0.55774633 0.55774633 0.55773661 0.55773661 0.5577342
 0.55774194 0.55774384 0.55774384 0.55775272 0.5577429  0.55772665
 0.55773151 0.55776131 0.55776687 0.55776687 0.55776687 0.55776687
 0.55776687 0.55776999 0.55776076 0.55776076 0.55775681 0.55777668
 0.55778035 0.55777902 0.55774344 0.55774344 0.55774344 0.55774143
 0.55772999 0.55774311 0.55773637 0.55775418 0.5577495  0.55776983
 0.5577826  0.5577826  0.5577826  0.5577826  0.55778224 0.55778224
 0.55778224 0.55777787 0.55780834 0.55779705 0.55777376 0.55777376
 0.55777376 0.55777376 0.55777376 0.55777811 0.55777811 0.55779468
 0.55779468 0.55779022 0.55778737 0.55777415 0.55777415 0.55777978
 0.55779184 0.55779834 0.55780156 0.55780156 0.55780156 0.55780156
 0.55781096 0.55778537 0.55779701 0.55779939 0.55779939 0.55781392
 0.5578016  0.55776845 0.55776845 0.55776675 0.55776675 0.55777243
 0.5577688  0.5577688  0.55776771 0.55777275 0.55778877 0.55778877
 0.55778301 0.55778301 0.55778145 0.55778206 0.55778248 0.55779065
 0.55779572 0.55779572 0.55778552 0.55777711 0.55777711 0.55777711
 0.55776766 0.55776984 0.55774706 0.55774706 0.55774706 0.55774706
 0.55775845 0.55775845 0.55775845 0.55775845 0.55781506 0.55779946
 0.55779946 0.55780374 0.55780798 0.55780798 0.55780798 0.55782022
 0.55780618 0.55780111 0.55780111 0.55778833 0.55778833 0.55775817
 0.55775817 0.55774214 0.55774214 0.55773236 0.55771407 0.55770733
 0.55770733 0.55770733 0.55770494 0.55770494 0.55770494 0.55772608
 0.5577368  0.55773713 0.55769659 0.55769659 0.55769659 0.55769659
 0.55767551 0.55771961 0.55771961 0.55772498 0.55772498 0.55772498
 0.55771923 0.557731   0.55771795 0.55771964 0.55777934 0.55778162
 0.55778462 0.55777352 0.55777352 0.55777352 0.55777352 0.55777352
 0.55778341 0.55776975 0.55776975 0.55776975 0.55777054 0.55777054
 0.55777054 0.55779588 0.55781322 0.55779138 0.55779138 0.55779138
 0.55777866 0.55778947 0.55778947 0.55776887 0.55777059 0.55777059
 0.55777059 0.55777059 0.55777059 0.55776521 0.55776521 0.55776521
 0.5577808  0.5577808  0.5577808  0.55778843 0.55778968 0.55778968
 0.55780723 0.55780723 0.55780757 0.55780757 0.55780661 0.55780558
 0.55780558 0.55781535 0.55781535 0.55781711 0.55781711 0.55780315
 0.55781291 0.55781291 0.55781291 0.55782242 0.5578253  0.55782291
 0.55782291 0.55786347 0.55786347 0.55787872 0.557876   0.55788295
 0.55788295 0.55788183 0.55788183 0.55788875 0.55791216 0.55791216
 0.55789811 0.55789811 0.55789811 0.55789811 0.55789811 0.55789811
 0.55789965 0.55791445 0.55789228 0.55788897 0.55790809 0.55790809
 0.55790641 0.55790341 0.5578908  0.5578908  0.5578908  0.5578908
 0.55789171 0.55790146 0.5579054  0.55791441 0.55791948 0.55791948
 0.55793245 0.55793245 0.55793245 0.5579397  0.55793799 0.5579742
 0.55795823 0.55795155 0.55795606 0.55796882 0.55796935 0.55797434
 0.55797434 0.55795663 0.55795458 0.55795458 0.55795407 0.55795708
 0.55795708 0.55793325 0.55793325 0.55793325 0.55789559 0.55789559
 0.5578915  0.5578915  0.5578915  0.5578915  0.55791739 0.55793548
 0.55792913 0.55792913 0.55793767 0.55796185 0.55796185 0.55795056
 0.55794476 0.55794476 0.55794476 0.55795654 0.55795654 0.55790574
 0.55790574 0.55790947 0.55790947 0.55790297 0.55790656 0.55788579
 0.55788201 0.55788001 0.55789794 0.55789578 0.55791043 0.5578787
 0.55788239 0.55788239 0.55787827 0.55787827 0.55787827 0.55787827
 0.55786499 0.55786111 0.55786724 0.55786724 0.55786724 0.55786724
 0.55787807 0.55787807 0.55788005 0.55788005 0.55788005 0.55788005
 0.55788005 0.55790393 0.55789993 0.55789957 0.55789957 0.55792336
 0.55792336 0.55791384 0.55791384 0.55791384 0.55789919 0.55789919
 0.55789919 0.55789919 0.55789919 0.55789919 0.55789919 0.55789919
 0.55789919 0.55791576 0.55791576 0.55790141]
posterior_samples['z_uncertain_flat'] shape: (1000, 4)
z_uncertain_samples shape: (1000, 2, 2)
Script finished in 5 minutes and 15 seconds.
