hpc-node01
	Adding nVidia Cuda Toolkit 11.8
	Adding nVidia cuDNN 8.6 (.0.163)
	Adding nvtop
Fri Jun 21 08:47:18 2024       
+-----------------------------------------------------------------------------------------+
| NVIDIA-SMI 550.54.15              Driver Version: 550.54.15      CUDA Version: 12.4     |
|-----------------------------------------+------------------------+----------------------+
| GPU  Name                 Persistence-M | Bus-Id          Disp.A | Volatile Uncorr. ECC |
| Fan  Temp   Perf          Pwr:Usage/Cap |           Memory-Usage | GPU-Util  Compute M. |
|                                         |                        |               MIG M. |
|=========================================+========================+======================|
|   0  NVIDIA L40                     On  |   00000000:17:00.0 Off |                    0 |
| N/A   31C    P8             35W /  300W |       0MiB /  46068MiB |      0%      Default |
|                                         |                        |                  N/A |
+-----------------------------------------+------------------------+----------------------+
|   1  NVIDIA L40                     On  |   00000000:65:00.0 Off |                    0 |
| N/A   31C    P8             34W /  300W |       0MiB /  46068MiB |      0%      Default |
|                                         |                        |                  N/A |
+-----------------------------------------+------------------------+----------------------+
|   2  NVIDIA L40                     On  |   00000000:CA:00.0 Off |                    0 |
| N/A   32C    P8             35W /  300W |       0MiB /  46068MiB |      0%      Default |
|                                         |                        |                  N/A |
+-----------------------------------------+------------------------+----------------------+
|   3  NVIDIA L40                     On  |   00000000:E3:00.0 Off |                    0 |
| N/A   33C    P8             35W /  300W |       0MiB /  46068MiB |      0%      Default |
|                                         |                        |                  N/A |
+-----------------------------------------+------------------------+----------------------+
                                                                                         
+-----------------------------------------------------------------------------------------+
| Processes:                                                                              |
|  GPU   GI   CI        PID   Type   Process name                              GPU Memory |
|        ID   ID                                                               Usage      |
|=========================================================================================|
|  No running processes found                                                             |
+-----------------------------------------------------------------------------------------+
Date              = Fri Jun 21 08:47:20 CEST 2024
Hostname          = hpc-node01
Working Directory = /local/294766
Number of nodes used        : 1
Number of MPI tasks         : 1
Number of threads           : 16
Number of MPI tasks per node: 1
Number of threads per core  : 
Name of nodes used          : hpc-node01
Gpu devices                 : 3
Starting worker: 
Xu_fixed:  [[0.         0.95006237]
 [0.         0.94521492]
 [0.         0.39422269]
 [0.         0.34238744]
 [0.         0.53206767]
 [0.42300447 0.        ]
 [0.37513696 0.        ]
 [0.51259359 0.        ]
 [0.54022212 0.        ]
 [0.25327558 0.        ]
 [1.         0.39326737]
 [1.         0.69942523]
 [1.         0.78878791]
 [1.         0.39758325]
 [1.         0.41364807]]
sigma_init_yu: 0.30152117107217413	sigma_init_yf: 0.3888457112697405	sigma_init: 0.36454024095115195
new_sigma_init_yu: 0.30152117107217413	new_sigma_init_yf: 0.036446686662268586	new_sigma_init: 0.1385871577806877
Xu_certain: [[0.12391166 0.78969496]
 [0.59892084 0.07747027]]
Xu_noise: [[0.13973494 0.87051473]
 [0.67564161 0.        ]]
Xu_noise shape: (2, 2)
adam
0.001000
400
init params: ((Array([0.30152117], dtype=float64), Array([0.40953922, 0.3606602 ], dtype=float64)),)
param_iter: ((Array([0.30296214], dtype=float64), Array([0.19636781, 0.2848319 ], dtype=float64)),)
start inference

                         mean       std    median      5.0%     95.0%     n_eff     r_hat
z_uncertain_flat[0]      0.25      0.00      0.25      0.25      0.25     12.84      1.08
z_uncertain_flat[1]     -0.00      0.00     -0.00     -0.00     -0.00     11.63      1.09
z_uncertain_flat[2]      1.25      0.00      1.25      1.25      1.25     37.64      1.01
z_uncertain_flat[3]     -0.92      0.00     -0.92     -0.92     -0.92     20.60      1.05

Number of divergences: 4
z_uncertain_samples[:, 1, 0] [1.24651797 1.24640902 1.2464368  1.2465138  1.24649866 1.24653489
 1.24664781 1.24672973 1.24672973 1.24672973 1.24672424 1.24672424
 1.24672424 1.24672424 1.24672424 1.24672424 1.24672424 1.24672424
 1.24672424 1.24672424 1.24672424 1.24672424 1.24672424 1.24672424
 1.24673283 1.24673283 1.24673283 1.24673283 1.24673283 1.24673283
 1.24673283 1.24671212 1.24664462 1.24664462 1.24664462 1.24664462
 1.24664462 1.24664462 1.24664462 1.24664462 1.24664462 1.24664462
 1.24664462 1.24664462 1.24664462 1.24664462 1.24664462 1.24664462
 1.24664462 1.24664462 1.24664462 1.24664462 1.24664462 1.24664462
 1.24664462 1.24664462 1.24664462 1.24664462 1.24664462 1.24664462
 1.24664462 1.24664462 1.24664462 1.24664462 1.24664462 1.24664462
 1.24664462 1.24664462 1.24664462 1.24664462 1.24664462 1.24664462
 1.24664462 1.24664462 1.24664462 1.24664462 1.24664462 1.24664462
 1.24664462 1.24664462 1.24664462 1.24664462 1.24664462 1.24664462
 1.24664462 1.24664462 1.24664462 1.24664462 1.24664462 1.24664462
 1.24664462 1.24664462 1.24664462 1.24664462 1.24664462 1.24664462
 1.24664462 1.24664462 1.24664462 1.24664462 1.24664462 1.24664462
 1.24664462 1.24664462 1.24664462 1.24664462 1.24664462 1.24664462
 1.24664462 1.24664462 1.24664462 1.24664462 1.24664462 1.24664462
 1.24664462 1.24664462 1.24664462 1.24664462 1.24664462 1.24664462
 1.24664462 1.24664462 1.24664462 1.24664462 1.24664462 1.24664462
 1.24664462 1.24664462 1.24664462 1.24664462 1.24664462 1.24664462
 1.24664462 1.24664462 1.24664462 1.24664462 1.24664462 1.24664462
 1.24664462 1.24664462 1.24664462 1.24664462 1.24664462 1.24664462
 1.24664462 1.24664462 1.24664462 1.24664462 1.24664462 1.24664462
 1.24664462 1.24664462 1.24664462 1.24664462 1.24664462 1.24664462
 1.24664462 1.24664462 1.24664462 1.24664462 1.24664462 1.24664462
 1.24664462 1.24664462 1.24664462 1.24664462 1.24664462 1.24664462
 1.24664462 1.24664462 1.24664462 1.24664462 1.24664462 1.24664462
 1.24664462 1.24664462 1.24664462 1.24664462 1.24664462 1.24664462
 1.24664462 1.24664462 1.24664462 1.24664462 1.24664462 1.24664462
 1.24664462 1.24664462 1.24664462 1.24664462 1.24664462 1.24664462
 1.24664462 1.24664462 1.24664462 1.24664462 1.24664462 1.24664462
 1.24664462 1.24664462 1.24664462 1.24664462 1.24664462 1.24664462
 1.24664462 1.24664462 1.24664462 1.24664462 1.24664462 1.24664462
 1.24664462 1.24664462 1.24664462 1.24664462 1.24664462 1.24664462
 1.24664462 1.24664462 1.24664462 1.24664462 1.24664462 1.24664462
 1.24664462 1.24664462 1.24664462 1.24664462 1.24664462 1.24664462
 1.24664462 1.24664462 1.24664462 1.24664462 1.24664462 1.24664462
 1.24664462 1.24664462 1.24664462 1.24664462 1.24664462 1.24664462
 1.24664462 1.24664462 1.24664462 1.24664462 1.24664462 1.24664462
 1.24664462 1.24664462 1.24664462 1.24664462 1.24664462 1.24664462
 1.24664462 1.24664462 1.24664462 1.24664462 1.24664462 1.24664462
 1.24664462 1.24664462 1.24664462 1.24664462 1.24664462 1.24664462
 1.24664462 1.24664462 1.24664462 1.24664462 1.24664462 1.24664462
 1.24664462 1.24664462 1.24664462 1.24664462 1.24664462 1.24664462
 1.24664462 1.24664462 1.24664462 1.24664462 1.24664462 1.24664462
 1.24664462 1.24664462 1.24664462 1.24664462 1.24664462 1.24664462
 1.24664462 1.24664462 1.24664462 1.24664462 1.24664462 1.24664462
 1.24664462 1.24664462 1.24664462 1.24664462 1.24664462 1.24664462]
posterior_samples['z_uncertain_flat'] shape: (300, 4)
z_uncertain_samples shape: (300, 2, 2)
Script finished in 4 minutes and 28 seconds.
