hpc-node01
	Adding nVidia Cuda Toolkit 11.8
	Adding nVidia cuDNN 8.6 (.0.163)
	Adding nvtop
Fri Jun 21 04:26:06 2024       
+-----------------------------------------------------------------------------------------+
| NVIDIA-SMI 550.54.15              Driver Version: 550.54.15      CUDA Version: 12.4     |
|-----------------------------------------+------------------------+----------------------+
| GPU  Name                 Persistence-M | Bus-Id          Disp.A | Volatile Uncorr. ECC |
| Fan  Temp   Perf          Pwr:Usage/Cap |           Memory-Usage | GPU-Util  Compute M. |
|                                         |                        |               MIG M. |
|=========================================+========================+======================|
|   0  NVIDIA L40                     On  |   00000000:17:00.0 Off |                    0 |
| N/A   31C    P0             77W /  300W |     450MiB /  46068MiB |      0%      Default |
|                                         |                        |                  N/A |
+-----------------------------------------+------------------------+----------------------+
|   1  NVIDIA L40                     On  |   00000000:65:00.0 Off |                    0 |
| N/A   28C    P8             25W /  300W |       0MiB /  46068MiB |      0%      Default |
|                                         |                        |                  N/A |
+-----------------------------------------+------------------------+----------------------+
|   2  NVIDIA L40                     On  |   00000000:CA:00.0 Off |                    0 |
| N/A   30C    P0             61W /  300W |     450MiB /  46068MiB |      0%      Default |
|                                         |                        |                  N/A |
+-----------------------------------------+------------------------+----------------------+
|   3  NVIDIA L40                     On  |   00000000:E3:00.0 Off |                    0 |
| N/A   33C    P8             35W /  300W |       0MiB /  46068MiB |      0%      Default |
|                                         |                        |                  N/A |
+-----------------------------------------+------------------------+----------------------+
                                                                                         
+-----------------------------------------------------------------------------------------+
| Processes:                                                                              |
|  GPU   GI   CI        PID   Type   Process name                              GPU Memory |
|        ID   ID                                                               Usage      |
|=========================================================================================|
|    0   N/A  N/A      4478      C   python                                        442MiB |
|    2   N/A  N/A      4531      C   python                                        442MiB |
+-----------------------------------------------------------------------------------------+
Date              = Fri Jun 21 04:26:06 CEST 2024
Hostname          = hpc-node01
Working Directory = /local/294699
Number of nodes used        : 1
Number of MPI tasks         : 1
Number of threads           : 16
Number of MPI tasks per node: 1
Number of threads per core  : 
Name of nodes used          : hpc-node01
Gpu devices                 : 1
Starting worker: 
Xu_fixed:  [[0.         0.95006237]
 [0.         0.94521492]
 [0.         0.39422269]
 [0.         0.34238744]
 [0.         0.53206767]
 [0.42300447 0.        ]
 [0.37513696 0.        ]
 [0.51259359 0.        ]
 [0.54022212 0.        ]
 [0.25327558 0.        ]
 [1.         0.39326737]
 [1.         0.69942523]
 [1.         0.78878791]
 [1.         0.39758325]
 [1.         0.41364807]]
sigma_init_yu: 0.3447976501256937	sigma_init_yf: 16.379164911764676	sigma_init: 12.195689019371615
new_sigma_init_yu: 0.3447976501256937	new_sigma_init_yf: 0.5401175357031807	new_sigma_init: 0.5318679414008
Xu_certain: [[0.12391166 0.78969496]
 [0.59892084 0.07747027]]
Xu_noise: [[0.13973494 0.87051473]
 [0.67564161 0.        ]]
Xu_noise shape: (2, 2)
adam
0.001000
1000
init params: ((Array([0.34479765], dtype=float64), Array([0.40953922, 0.3606602 ], dtype=float64)),)
param_iter: ((Array([0.56430075], dtype=float64), Array([0.1754311 , 0.23770111], dtype=float64)),)
start inference

                         mean       std    median      5.0%     95.0%     n_eff     r_hat
z_uncertain_flat[0]     -0.50      0.00     -0.50     -0.50     -0.50      6.45      1.32
z_uncertain_flat[1]     -0.60      0.00     -0.60     -0.60     -0.60      7.05      1.08
z_uncertain_flat[2]      0.54      0.00      0.54      0.54      0.54     86.51      1.03
z_uncertain_flat[3]      0.00      0.00      0.00      0.00      0.00     93.94      1.03

Number of divergences: 114
z_uncertain_samples[:, 1, 0] [0.54129621 0.54129619 0.54127328 0.5412183  0.54122774 0.54116312
 0.54094263 0.54098863 0.54078574 0.54078389 0.54078183 0.540787
 0.54078646 0.54077469 0.54080163 0.54081059 0.54076972 0.54075154
 0.54075233 0.54075625 0.54075329 0.54074384 0.54074254 0.54074151
 0.54074264 0.54074316 0.54074213 0.54074178 0.54074178 0.5407384
 0.54073366 0.54073367 0.54073054 0.540726   0.54072583 0.54072583
 0.54072665 0.54072665 0.54072665 0.54072551 0.54072573 0.54072576
 0.54072569 0.5407256  0.54072547 0.54072553 0.54072553 0.54072556
 0.54072556 0.54072506 0.54072506 0.54072565 0.54072517 0.54072532
 0.54072502 0.54072489 0.54072489 0.5407249  0.5407249  0.54072475
 0.54072475 0.54072554 0.54072554 0.54072554 0.54072542 0.54072567
 0.54072912 0.54072912 0.54072912 0.5407288  0.540729   0.5407285
 0.54072889 0.54072914 0.54072917 0.54072917 0.54072903 0.54072903
 0.54072903 0.54072872 0.54072872 0.54073849 0.54074978 0.54074301
 0.5407402  0.54073885 0.54073885 0.540735   0.54073747 0.54074241
 0.54073999 0.54073683 0.54073683 0.54073849 0.54073849 0.54074004
 0.5407384  0.5407651  0.54076731 0.54078194 0.54079398 0.54076556
 0.54076402 0.54075251 0.54076389 0.54078553 0.54079544 0.54080538
 0.54078366 0.54077027 0.54077027 0.54077073 0.54076502 0.54076374
 0.54076541 0.54076557 0.5407626  0.54074692 0.54075027 0.54075271
 0.54074692 0.54073863 0.54074012 0.54073324 0.54073339 0.54073303
 0.54073303 0.54073303 0.54073316 0.54073316 0.54073316 0.54073307
 0.54073309 0.54073309 0.54073309 0.54073296 0.54073338 0.54073352
 0.54073171 0.54073782 0.54073782 0.54073775 0.54074449 0.54075518
 0.54077459 0.54076732 0.54079425 0.54078025 0.54077338 0.54075503
 0.54074771 0.54074735 0.54073786 0.54073893 0.54073786 0.54073786
 0.54073666 0.5407368  0.54073627 0.54073625 0.54073639 0.54073842
 0.54073962 0.54075361 0.54075415 0.54075251 0.54075959 0.54075839
 0.54074356 0.54075246 0.54074366 0.5407891  0.54078972 0.54077433
 0.54078739 0.54078739 0.54078157 0.54076014 0.54076288 0.54077223
 0.54080557 0.54078312 0.54077446 0.54079007 0.5407898  0.54078751
 0.5407977  0.54077115 0.54077293 0.54077907 0.54075314 0.54075039
 0.54075529 0.54077346 0.54078165 0.54078449 0.54078708 0.54078678
 0.54075936 0.54075989 0.54076697 0.54077026 0.54077414 0.54076672
 0.54075106 0.54074785 0.54074709 0.54074727 0.54074411 0.54073235
 0.54073241 0.54073268 0.54073252 0.54074202 0.54074202 0.54074202
 0.54073848 0.54073848 0.54074448 0.54074448 0.54073989 0.54073989
 0.54073987 0.54074056 0.54073846 0.54073675 0.54073675 0.54073912
 0.54073899 0.54073682 0.54073501 0.54073145 0.54073145 0.54073158
 0.54073158 0.54073652 0.5407361  0.54073611 0.54073698 0.54073222
 0.54073222 0.54073412 0.54073412 0.54073474 0.54073474 0.54073511
 0.54073495 0.54073474 0.5407345  0.54073107 0.54073041 0.54073021
 0.54073021 0.54073021 0.54073021 0.54072997 0.54072997 0.54072997
 0.54072997 0.54072997 0.54072997 0.54073096 0.54073106 0.54073112
 0.54073112 0.54073362 0.54074166 0.54074922 0.540745   0.54074263
 0.54074537 0.54074935 0.54075331 0.54075403 0.54074365 0.54074034
 0.54074076 0.54074556 0.54074556 0.54074198 0.54074155 0.54074306
 0.54074306 0.54074126 0.54074126 0.54074131 0.54074141 0.54074102
 0.54073859 0.54073836 0.54073462 0.54074049 0.54074077 0.54074108
 0.5407404  0.54073753 0.54074052 0.54073814 0.54073911 0.54073787
 0.54073857 0.5407368  0.5407368  0.54074867 0.54074216 0.54074767
 0.54074392 0.54075403 0.5407591  0.54076364 0.54075871 0.54075936
 0.54076066 0.54072682 0.54072656 0.5407266  0.54072888 0.5407288
 0.54072854 0.54072904 0.54072904 0.5407288  0.5407288  0.5407288
 0.54072844 0.54072844 0.54072844 0.54072848 0.54072814 0.54072692
 0.54072726 0.54072677 0.54072668 0.54072668 0.54072668 0.5407298
 0.54072972 0.54072943 0.54072967 0.54072974 0.5407299  0.54073119
 0.54073148 0.54073171 0.54073142 0.54073142 0.54073142 0.54073181
 0.54073181 0.54073194 0.54073053 0.54073042 0.54072982 0.54072982
 0.54072982 0.54073005 0.54073005 0.54073005 0.54072926 0.54072926
 0.54072928 0.54072866 0.54072849 0.54072858 0.54072858 0.54072915
 0.54072915 0.54072943 0.54072943 0.54072745 0.54072774 0.54072772
 0.54072772 0.54072764 0.54072745 0.54072708 0.54072708 0.54072708
 0.54072677 0.54072677 0.54072657 0.54072677 0.54073558 0.54073489
 0.5407339  0.5407339  0.5407339  0.54073392 0.5407338  0.5407338
 0.5407338  0.5407338  0.54073458 0.54073458 0.5407366  0.54073412
 0.54073142 0.5407316  0.54073154 0.54072846 0.54073035 0.540731
 0.54073043 0.54072674 0.54072642 0.54072642 0.54072674 0.5407267
 0.54072694 0.54072705 0.54072662 0.5407283  0.5407283  0.54072839
 0.54072839 0.54072831 0.54072831 0.54072831 0.54072839 0.54072868
 0.54072868 0.54072835 0.54072803 0.54072836 0.54072836 0.54072836
 0.54072824 0.54072824 0.54072824 0.54072824 0.54072822 0.54072809
 0.54072817 0.54072817 0.54072825 0.54072825 0.54073414 0.54073414
 0.54073414 0.54073414 0.54073416 0.54073425 0.54073425 0.54073425
 0.54073383 0.54073478 0.54073439 0.54073477 0.54073542 0.54073506
 0.54073665 0.54073665 0.54073757 0.54075891 0.54075809 0.54075146
 0.54075197 0.5407566  0.54075707 0.54075798 0.54075254 0.54076303
 0.54076271 0.54076341 0.54075952 0.54075469 0.54074528 0.54075336
 0.54076449 0.54077199 0.54075503 0.5407633  0.54075436 0.54075772
 0.54076453 0.54076453 0.54078682 0.54077109 0.54077359 0.54077454
 0.54076405 0.54075582 0.54075168 0.54075479 0.54075653 0.54073721
 0.54073748 0.54073748 0.54073741 0.54073315 0.54073232 0.54073225
 0.54073225 0.54075022 0.54074941 0.54074014 0.54074014 0.54074765
 0.54074702 0.54074702 0.54079558 0.54078283 0.54079249 0.5407803
 0.54077934 0.54074404 0.54074404 0.54073939 0.54073836 0.54073427
 0.54073549 0.54073553 0.54073535 0.54073534 0.54073534 0.54073534
 0.54073267 0.54073272 0.54072945 0.5407299  0.5407299  0.54072962
 0.54074467 0.54074865 0.54075742 0.54075056 0.5407589  0.54075407
 0.54074166 0.54073914 0.54073863 0.54073331 0.54073676 0.54073676
 0.54075841 0.5407377  0.54073891 0.54073891 0.54073729 0.54073776
 0.54073755 0.54073856 0.54073808 0.54073808 0.54073788 0.54073802
 0.54073671 0.54073635 0.5407351  0.54073408 0.54073436 0.54073436
 0.54073399 0.54073399 0.54073352 0.54073362 0.54073477 0.54073637
 0.54073918 0.54074032 0.54074017 0.54074009 0.54075114 0.54075887
 0.54076016 0.54075555 0.54075171 0.54075171 0.54073948 0.54074118
 0.54074009 0.54073881 0.54073881 0.54073816 0.54074103 0.54074103
 0.54074103 0.54074135 0.54074135 0.54074206 0.54074456 0.54074688
 0.54074605 0.54074484 0.54074392 0.54074462 0.54074333 0.54075063
 0.54074146 0.54073554 0.54073564 0.54072814 0.54072778 0.54072609
 0.54072606 0.54072607 0.540726   0.54072595 0.54072619 0.54072664
 0.54072532 0.54072514 0.5407247  0.54072448 0.54072456 0.54072426
 0.54072426 0.54072402 0.54072402 0.54072402 0.5407243  0.5407243
 0.54072382 0.54072382 0.54072418 0.5407248  0.54072494 0.54072499
 0.54072499 0.54072576 0.54072576 0.54072576 0.54072624 0.54072637
 0.54072637 0.54072655 0.54072696 0.54072705 0.54072716 0.54072716
 0.54072716 0.54072716 0.54072716 0.54072716 0.54072716 0.54072716
 0.54072716 0.54072757 0.54072757 0.54072714 0.54072706 0.54072701
 0.54073022 0.54072998 0.54073021 0.54073021 0.54072997 0.54072797
 0.540728   0.540728   0.5407279  0.5407282  0.54072765 0.54072776
 0.54072744 0.54072757 0.54072758 0.54072744 0.54072713 0.54072677
 0.54072741 0.54072763 0.54072715 0.54072715 0.54072668 0.54072668
 0.54072668 0.54072687 0.54072687 0.5407274  0.5407274  0.54072749
 0.54072766 0.54072819 0.54072819 0.54072831 0.54072856 0.54072828
 0.5407282  0.5407282  0.5407282  0.5407286  0.54072819 0.54072767
 0.54072767 0.54072787 0.54072787 0.54072787 0.54072761 0.54072692
 0.54072692 0.54072695 0.54072695 0.54072708 0.540727   0.54072715
 0.54072668 0.54072657 0.54072639 0.54072639 0.54072627 0.54072627
 0.5407262  0.54072613 0.54072614 0.54072427 0.54072427 0.54072427
 0.54072406 0.54072456 0.54072433 0.54072433 0.54072423 0.54072429
 0.54072519 0.54072519 0.54072519 0.54072519 0.54072495 0.54072495
 0.54072495 0.54072478 0.54072658 0.54072658 0.54072658 0.54072667
 0.54072676 0.54072624 0.54072624 0.54072624 0.54072624 0.54072614
 0.54072614 0.54072421 0.54072421 0.54072421 0.54072458 0.54072491
 0.54072445 0.54072425 0.54072386 0.54072358 0.54072369 0.54072378
 0.54072367 0.54072367 0.54072367 0.54072322 0.54072298 0.54072299
 0.54072216 0.54072207 0.54072207 0.54072207 0.54072164 0.54075188
 0.54073379 0.54073355 0.54073355 0.5407334  0.5407334  0.54073316
 0.54073289 0.54073289 0.54073582 0.54073587 0.54073593 0.54073659
 0.54073585 0.5407385  0.5407385  0.54073942 0.54073658 0.54075107
 0.54075016 0.54075016 0.54074889 0.54074889 0.54074889 0.54075911
 0.54076116 0.54074538 0.54074511 0.5407329  0.54073042 0.5407361
 0.54073602 0.54073337 0.54073341 0.54073341 0.54073341 0.54073341
 0.54073341 0.5407333  0.5407333  0.5407333  0.54073128 0.54073152
 0.54073141 0.54073123 0.54073119 0.54073119 0.54073082 0.54073082
 0.54073084 0.54073084 0.54073084 0.54073084 0.54072911 0.54072932
 0.54072928 0.54073001 0.54072952 0.54072923 0.54072943 0.54072928
 0.54072941 0.54072962 0.5407295  0.54072954 0.5407297  0.54072926
 0.54072896 0.54073408 0.54073413 0.54073428 0.54073375 0.54073371
 0.54073398 0.54073843 0.54074215 0.54074052 0.54075315 0.54075138
 0.54075132 0.54075326 0.54075129 0.54075129 0.54074585 0.54074904
 0.5407449  0.5407438  0.54073786 0.54073743 0.54073748 0.54073567
 0.54073842 0.54073852 0.54073523 0.54073523 0.54073526 0.54073914
 0.54073753 0.54073573 0.54073584 0.54073574 0.54073584 0.54073604
 0.54073574 0.54073308 0.54073337 0.54073664 0.5407407  0.54074393
 0.54074587 0.54072692 0.5407266  0.54072671 0.54072557 0.54072557
 0.54072554 0.54072554 0.54072552 0.54072552 0.54072552 0.54072552
 0.54072552 0.54072552 0.54072473 0.54072473 0.54072455 0.54072434
 0.54072418 0.54072349 0.54072405 0.54072405 0.54072402 0.54072352
 0.54072352 0.54072404 0.54072404 0.5407238  0.54072369 0.54072369
 0.54072369 0.54072394 0.54072394 0.54072803 0.54072803 0.54072866
 0.54072866 0.54072852 0.54072861 0.5407284  0.54072833 0.5407283
 0.54072941 0.54072937 0.54072839 0.54072773 0.54072781 0.54072781
 0.54072773 0.54072773 0.54072773 0.54072773 0.54072773 0.54072787
 0.54072774 0.54072774 0.54072777 0.54072777 0.5407273  0.54077693
 0.54076118 0.54079286 0.54079782 0.54074272 0.54074272 0.54073873
 0.54073786 0.5407378  0.54073799 0.54074409 0.54074625 0.54074328
 0.54074117 0.54074241 0.54073643 0.54073644 0.5407371  0.54073663
 0.54073785 0.54073789 0.54073682 0.54073858 0.54073539 0.54073574
 0.54073627 0.5407414  0.54074096 0.54074096 0.54073717 0.54073453
 0.54073435 0.54073435 0.54073801 0.54073781 0.54073778 0.54074172
 0.54073654 0.54073676 0.54073643 0.54075004 0.54075526 0.54075431
 0.54074335 0.54073745 0.54073733 0.54073649 0.54073805 0.54075244
 0.54075486 0.54075237 0.54074874 0.54074428 0.54074175 0.54074164
 0.54074124 0.54073492 0.54073845 0.54073795 0.54073802 0.54073761
 0.54073801 0.54074416 0.54074671 0.54074905 0.54076204 0.54075895
 0.54074519 0.54074323 0.54074672 0.54075114 0.54075378 0.54075378
 0.54076022 0.54076043 0.54075602 0.54075175]
posterior_samples['z_uncertain_flat'] shape: (1000, 4)
z_uncertain_samples shape: (1000, 2, 2)
Script finished in 7 minutes and 0 seconds.
