hpc-node01
	Adding nVidia Cuda Toolkit 11.8
	Adding nVidia cuDNN 8.6 (.0.163)
	Adding nvtop
Fri Jun 21 08:58:24 2024       
+-----------------------------------------------------------------------------------------+
| NVIDIA-SMI 550.54.15              Driver Version: 550.54.15      CUDA Version: 12.4     |
|-----------------------------------------+------------------------+----------------------+
| GPU  Name                 Persistence-M | Bus-Id          Disp.A | Volatile Uncorr. ECC |
| Fan  Temp   Perf          Pwr:Usage/Cap |           Memory-Usage | GPU-Util  Compute M. |
|                                         |                        |               MIG M. |
|=========================================+========================+======================|
|   0  NVIDIA L40                     On  |   00000000:17:00.0 Off |                    0 |
| N/A   32C    P8             35W /  300W |       0MiB /  46068MiB |      0%      Default |
|                                         |                        |                  N/A |
+-----------------------------------------+------------------------+----------------------+
|   1  NVIDIA L40                     On  |   00000000:65:00.0 Off |                    0 |
| N/A   31C    P8             34W /  300W |       0MiB /  46068MiB |      0%      Default |
|                                         |                        |                  N/A |
+-----------------------------------------+------------------------+----------------------+
|   2  NVIDIA L40                     On  |   00000000:CA:00.0 Off |                    0 |
| N/A   32C    P8             35W /  300W |       0MiB /  46068MiB |      0%      Default |
|                                         |                        |                  N/A |
+-----------------------------------------+------------------------+----------------------+
|   3  NVIDIA L40                     On  |   00000000:E3:00.0 Off |                    0 |
| N/A   33C    P8             35W /  300W |       0MiB /  46068MiB |      0%      Default |
|                                         |                        |                  N/A |
+-----------------------------------------+------------------------+----------------------+
                                                                                         
+-----------------------------------------------------------------------------------------+
| Processes:                                                                              |
|  GPU   GI   CI        PID   Type   Process name                              GPU Memory |
|        ID   ID                                                               Usage      |
|=========================================================================================|
|  No running processes found                                                             |
+-----------------------------------------------------------------------------------------+
Date              = Fri Jun 21 08:58:24 CEST 2024
Hostname          = hpc-node01
Working Directory = /local/294778
Number of nodes used        : 1
Number of MPI tasks         : 1
Number of threads           : 16
Number of MPI tasks per node: 1
Number of threads per core  : 
Name of nodes used          : hpc-node01
Gpu devices                 : 0
Starting worker: 
Xu_fixed:  [[0.         0.95006237]
 [0.         0.94521492]
 [0.         0.39422269]
 [0.         0.34238744]
 [0.         0.53206767]
 [0.42300447 0.        ]
 [0.37513696 0.        ]
 [0.51259359 0.        ]
 [0.54022212 0.        ]
 [0.25327558 0.        ]
 [1.         0.39326737]
 [1.         0.69942523]
 [1.         0.78878791]
 [1.         0.39758325]
 [1.         0.41364807]]
sigma_init_yu: 0.30152117107217413	sigma_init_yf: 0.31253721284756075	sigma_init: 0.315507867910962
new_sigma_init_yu: 0.30152117107217413	new_sigma_init_yf: 0.039658630001441326	new_sigma_init: 0.10456662498830271
Xu_certain: [[0.12391166 0.78969496]
 [0.59892084 0.07747027]]
Xu_noise: [[0.13973494 0.87051473]
 [0.67564161 0.        ]]
Xu_noise shape: (2, 2)
adam
0.001000
1000
init params: ((Array([0.30152117], dtype=float64), Array([0.36341307, 0.3544837 ], dtype=float64)),)
param_iter: ((Array([0.28902927], dtype=float64), Array([0.17924275, 0.29700018], dtype=float64)),)
start inference

                         mean       std    median      5.0%     95.0%     n_eff     r_hat
z_uncertain_flat[0]      0.21      0.00      0.21      0.20      0.21      3.35      1.76
z_uncertain_flat[1]     -0.00      0.00     -0.00     -0.00     -0.00     51.94      1.00
z_uncertain_flat[2]      0.59      0.00      0.59      0.59      0.59      2.73      2.58
z_uncertain_flat[3]      0.00      0.00      0.00      0.00      0.00     85.12      1.01

Number of divergences: 135
z_uncertain_samples[:, 1, 0] [0.58963189 0.58938696 0.58933986 0.58933986 0.58954368 0.59033215
 0.59014363 0.59046808 0.59060797 0.59067651 0.59076468 0.5901531
 0.5901531  0.5895556  0.58953757 0.58966466 0.5894877  0.5894893
 0.58928905 0.58950603 0.58963768 0.5899048  0.58978644 0.58950668
 0.58950668 0.58950668 0.5895351  0.58882678 0.58891017 0.58897524
 0.58897524 0.58897524 0.58937088 0.58924187 0.58891497 0.58883592
 0.58861511 0.58874961 0.58872199 0.58930762 0.58918212 0.58918212
 0.58908846 0.58913592 0.58902882 0.58902882 0.58902882 0.58898302
 0.58870763 0.58875861 0.58870966 0.58870966 0.58879039 0.58879039
 0.58870093 0.58870093 0.58857851 0.58857851 0.58857851 0.58857851
 0.58857851 0.58857851 0.58857851 0.58857851 0.58857851 0.58857851
 0.58857851 0.58875232 0.5887659  0.58858188 0.58878936 0.58878936
 0.58885835 0.58885835 0.58920447 0.58933471 0.58939869 0.58961873
 0.58961873 0.5895717  0.5895717  0.5895717  0.58953057 0.58953057
 0.5892602  0.58910147 0.58908602 0.58908602 0.58914637 0.58914637
 0.58915198 0.58893905 0.58893905 0.58888676 0.58888676 0.5889946
 0.5889946  0.58881793 0.58881793 0.58881793 0.58881793 0.58881793
 0.58892503 0.58892503 0.58893352 0.58893352 0.58893352 0.58893352
 0.58893352 0.58909313 0.58909313 0.58909487 0.58909487 0.5891185
 0.5891185  0.5891185  0.5891185  0.58908918 0.58908918 0.58908918
 0.58908918 0.58908918 0.58908918 0.58908918 0.58908918 0.58908918
 0.58908918 0.58908918 0.58908918 0.58910674 0.58906835 0.58911407
 0.58911407 0.58911407 0.58911407 0.5888203  0.5888203  0.5888203
 0.5888203  0.5888203  0.5888203  0.5885347  0.5885347  0.5885347
 0.5885347  0.5885347  0.5885347  0.5885347  0.5885347  0.5885347
 0.5885347  0.5885347  0.5885347  0.58836229 0.58836229 0.58840876
 0.58840876 0.58840876 0.58840876 0.58825991 0.58825991 0.58835156
 0.58835156 0.58840266 0.58840266 0.58840266 0.58840266 0.58820492
 0.58820492 0.58820492 0.58820492 0.58823608 0.58823608 0.58823608
 0.58823608 0.58804997 0.58804997 0.58804997 0.58785307 0.58785307
 0.58785307 0.58785307 0.58785978 0.58783399 0.58774881 0.58774881
 0.58771027 0.58760819 0.58775537 0.58766983 0.58766983 0.58766983
 0.58766983 0.58747713 0.58747713 0.58747713 0.58747713 0.58747713
 0.58747713 0.58747713 0.58747713 0.58747713 0.58747713 0.58747713
 0.58747713 0.58747713 0.58747713 0.58747713 0.58747713 0.58747713
 0.58747713 0.58743176 0.5872966  0.5872966  0.5872966  0.58723092
 0.58723092 0.58723092 0.58723092 0.58723092 0.58737185 0.58737185
 0.58769109 0.58769109 0.58763163 0.58763163 0.58763163 0.58763163
 0.58763163 0.58762021 0.58754298 0.58739266 0.58739266 0.58739266
 0.58740592 0.58740592 0.58740592 0.58740592 0.58734119 0.58734119
 0.58734119 0.58734119 0.58734119 0.58736814 0.58736814 0.58736814
 0.58736814 0.58727143 0.58727143 0.5871423  0.5871423  0.5871423
 0.5871423  0.58728234 0.58728234 0.58728234 0.5871258  0.5871258
 0.5871258  0.5871258  0.5871258  0.5871258  0.5871258  0.5871258
 0.5871258  0.5871258  0.58702189 0.58689399 0.58689399 0.58689399
 0.58689399 0.58689399 0.58689399 0.58689399 0.58689399 0.58689399
 0.58680764 0.58680764 0.58680764 0.58680764 0.58680764 0.58672952
 0.58672952 0.58672952 0.58672952 0.58672952 0.5866583  0.5866583
 0.5866583  0.58663998 0.58663998 0.58663998 0.58663998 0.58663998
 0.58663998 0.58663998 0.58663998 0.58648917 0.58653184 0.58653184]
posterior_samples['z_uncertain_flat'] shape: (300, 4)
z_uncertain_samples shape: (300, 2, 2)
Script finished in 5 minutes and 49 seconds.
