hpc-node02
	Adding nVidia Cuda Toolkit 11.8
	Adding nVidia cuDNN 8.6 (.0.163)
	Adding nvtop
Fri Jun 21 04:27:09 2024       
+-----------------------------------------------------------------------------------------+
| NVIDIA-SMI 550.54.15              Driver Version: 550.54.15      CUDA Version: 12.4     |
|-----------------------------------------+------------------------+----------------------+
| GPU  Name                 Persistence-M | Bus-Id          Disp.A | Volatile Uncorr. ECC |
| Fan  Temp   Perf          Pwr:Usage/Cap |           Memory-Usage | GPU-Util  Compute M. |
|                                         |                        |               MIG M. |
|=========================================+========================+======================|
|   0  NVIDIA L40                     On  |   00000000:17:00.0 Off |                    0 |
| N/A   33C    P0             77W /  300W |     450MiB /  46068MiB |      0%      Default |
|                                         |                        |                  N/A |
+-----------------------------------------+------------------------+----------------------+
|   1  NVIDIA L40                     On  |   00000000:65:00.0 Off |                    0 |
| N/A   28C    P8             25W /  300W |       0MiB /  46068MiB |      0%      Default |
|                                         |                        |                  N/A |
+-----------------------------------------+------------------------+----------------------+
|   2  NVIDIA L40                     On  |   00000000:CA:00.0 Off |                    0 |
| N/A   29C    P8             24W /  300W |       0MiB /  46068MiB |      0%      Default |
|                                         |                        |                  N/A |
+-----------------------------------------+------------------------+----------------------+
|   3  NVIDIA L40                     On  |   00000000:E3:00.0 Off |                    0 |
| N/A   30C    P8             25W /  300W |       0MiB /  46068MiB |      0%      Default |
|                                         |                        |                  N/A |
+-----------------------------------------+------------------------+----------------------+
                                                                                         
+-----------------------------------------------------------------------------------------+
| Processes:                                                                              |
|  GPU   GI   CI        PID   Type   Process name                              GPU Memory |
|        ID   ID                                                               Usage      |
|=========================================================================================|
|    0   N/A  N/A      4098      C   python                                        442MiB |
+-----------------------------------------------------------------------------------------+
Date              = Fri Jun 21 04:27:10 CEST 2024
Hostname          = hpc-node02
Working Directory = /local/294702
Number of nodes used        : 1
Number of MPI tasks         : 1
Number of threads           : 16
Number of MPI tasks per node: 1
Number of threads per core  : 
Name of nodes used          : hpc-node02
Gpu devices                 : 2
Starting worker: 
Xu_fixed:  [[0.         0.95006237]
 [0.         0.94521492]
 [0.         0.39422269]
 [0.         0.34238744]
 [0.         0.53206767]
 [0.42300447 0.        ]
 [0.37513696 0.        ]
 [0.51259359 0.        ]
 [0.54022212 0.        ]
 [0.25327558 0.        ]
 [1.         0.39326737]
 [1.         0.69942523]
 [1.         0.78878791]
 [1.         0.39758325]
 [1.         0.41364807]]
sigma_init_yu: 0.3447976501256937	sigma_init_yf: 16.379164911764676	sigma_init: 12.195689019371615
new_sigma_init_yu: 0.3447976501256937	new_sigma_init_yf: 0.5401175357031807	new_sigma_init: 0.5318679414008
Xu_certain: [[0.12391166 0.78969496]
 [0.59892084 0.07747027]]
Xu_noise: [[0.13973494 0.87051473]
 [0.67564161 0.        ]]
Xu_noise shape: (2, 2)
adam
0.001000
1000
init params: ((Array([0.34479765], dtype=float64), Array([0.40953922, 0.3606602 ], dtype=float64)),)
param_iter: ((Array([0.56430075], dtype=float64), Array([0.1754311 , 0.23770111], dtype=float64)),)
start inference

                         mean       std    median      5.0%     95.0%     n_eff     r_hat
z_uncertain_flat[0]     -0.58      0.00     -0.58     -0.58     -0.58      5.49      1.06
z_uncertain_flat[1]     -1.52      0.00     -1.52     -1.52     -1.52      5.25      1.17
z_uncertain_flat[2]      0.54      0.00      0.54      0.54      0.54      9.08      1.19
z_uncertain_flat[3]      0.00      0.00      0.00      0.00      0.00     20.68      1.07

Number of divergences: 189
z_uncertain_samples[:, 1, 0] [0.54237291 0.54236401 0.54234813 0.5423465  0.54227101 0.54230439
 0.54232112 0.54229845 0.54218913 0.54219134 0.54218534 0.54219451
 0.54219629 0.54219629 0.54219362 0.54218575 0.5421833  0.54218394
 0.54218854 0.54218333 0.54217555 0.54217473 0.54217393 0.54217311
 0.54217856 0.54218106 0.54217602 0.54217432 0.54217432 0.54215351
 0.54212722 0.54212716 0.54212716 0.54212716 0.54212778 0.54212778
 0.54212827 0.54212827 0.54212827 0.54212459 0.54212566 0.54212529
 0.54212529 0.54212529 0.54212529 0.54212495 0.54212495 0.5421251
 0.5421251  0.54212267 0.54212267 0.54212554 0.54212318 0.54213043
 0.54212898 0.54212836 0.54212836 0.54212826 0.54212826 0.5421286
 0.5421286  0.54212975 0.54212972 0.54212972 0.54213027 0.54212902
 0.54212734 0.54212888 0.54212743 0.54212743 0.54212705 0.54212463
 0.54212648 0.54212768 0.54212794 0.54212831 0.54212897 0.54212916
 0.54212916 0.54212767 0.54212767 0.54214261 0.54214261 0.54214247
 0.54214191 0.5421413  0.5421413  0.54213875 0.54214206 0.54214206
 0.54214206 0.54214626 0.54214522 0.54214377 0.54214377 0.54214288
 0.54214288 0.5421448  0.54214263 0.54214873 0.54215011 0.542151
 0.54215161 0.54215101 0.54215244 0.5421876  0.54221539 0.54217395
 0.54217584 0.54217584 0.54217584 0.54217708 0.5421779  0.54217777
 0.54217703 0.54217703 0.54217728 0.5421678  0.54213829 0.54213829
 0.54213707 0.54213446 0.54213446 0.54211937 0.54212008 0.54212178
 0.54212178 0.54212178 0.54212048 0.54212048 0.54213926 0.54213735
 0.54213748 0.54213874 0.54213874 0.54213812 0.54213709 0.54213709
 0.5421375  0.54213997 0.54213997 0.54213962 0.5421455  0.54214662
 0.54214478 0.54214425 0.54214425 0.54214585 0.54214584 0.54214766
 0.54214766 0.54214766 0.54215108 0.54215072 0.54215072 0.54215072
 0.5421449  0.5421449  0.54214232 0.54214218 0.54214344 0.54216038
 0.54216602 0.54218731 0.54217832 0.54217832 0.54218944 0.54218317
 0.54216969 0.54219985 0.54221468 0.54229559 0.54229559 0.54220378
 0.54224657 0.54224657 0.54224274 0.54225803 0.54227092 0.54230017
 0.54241904 0.54238197 0.54239082 0.54243784 0.54237629 0.54236525
 0.54231323 0.54229635 0.54230278 0.54228642 0.54234978 0.54232674
 0.54236877 0.54242931 0.54222109 0.54222721 0.54224939 0.54224814
 0.54218446 0.5421818  0.54222904 0.54224562 0.54226423 0.54227276
 0.54225099 0.54224342 0.54223611 0.54223119 0.54223079 0.54221937
 0.54219465 0.54219256 0.54220786 0.5421783  0.5421783  0.54217798
 0.5421853  0.5421853  0.54219979 0.54219837 0.54220391 0.54220391
 0.54220391 0.54221677 0.54220649 0.54219942 0.54219942 0.54222726
 0.54222665 0.54224446 0.54225776 0.54223364 0.54227156 0.54226354
 0.54226755 0.54230237 0.54222354 0.54221221 0.54225119 0.54221148
 0.54219944 0.54219505 0.54219505 0.54219894 0.54215841 0.54216018
 0.54215937 0.5421584  0.54216068 0.54215993 0.5421662  0.54216665
 0.54216665 0.54216665 0.54216877 0.54216945 0.54216945 0.54216945
 0.54216945 0.54216945 0.54216945 0.54217417 0.54217704 0.54217731
 0.54217731 0.54218232 0.54218543 0.54221762 0.54219596 0.54218681
 0.54219084 0.54220825 0.54219015 0.54219459 0.54219242 0.54217651
 0.54217584 0.54217656 0.5421503  0.54215032 0.54215028 0.54215273
 0.54215273 0.54215129 0.54214008 0.5421391  0.54213957 0.54213981
 0.54213907 0.542138   0.54213543 0.54213543 0.54213543 0.54213574
 0.54213567 0.54213567 0.54213689 0.54213736 0.54213632 0.54213685
 0.54213408 0.5421336  0.5421336  0.54213245 0.54212233 0.54212397
 0.5421261  0.5421261  0.54212767 0.54212678 0.54212744 0.54212821
 0.54212821 0.54212821 0.54212698 0.54212671 0.54212671 0.54212395
 0.54212456 0.54212696 0.54212671 0.54212191 0.54212191 0.54212191
 0.54212191 0.54212191 0.54211548 0.54211548 0.54211548 0.54211839
 0.54211754 0.54211512 0.54211512 0.54211392 0.54211403 0.54211525
 0.54211486 0.54211486 0.54211599 0.54211634 0.54211706 0.54212326
 0.54212398 0.54212398 0.54212398 0.54212398 0.54212398 0.54212586
 0.54212474 0.54212658 0.54211992 0.54211943 0.54212085 0.54211884
 0.54211884 0.54211773 0.54211773 0.5421167  0.54211544 0.5421146
 0.54211469 0.54211564 0.54211647 0.54211647 0.54211647 0.54211552
 0.54211552 0.54211411 0.54211411 0.54211411 0.54210975 0.54210965
 0.54210876 0.54210913 0.54210913 0.54210997 0.54210997 0.54210997
 0.54210997 0.54210997 0.54210605 0.54210701 0.542111   0.54211046
 0.54210888 0.54210888 0.54210888 0.54210888 0.54210832 0.54210832
 0.54210832 0.54210832 0.54211023 0.54210874 0.54210683 0.54210402
 0.54210402 0.54210654 0.54210624 0.54210624 0.54210521 0.54210521
 0.54210654 0.54210881 0.54210881 0.54210881 0.54211036 0.54211018
 0.54211134 0.54211106 0.54211206 0.54211206 0.54211206 0.5421129
 0.5421129  0.5421125  0.5421125  0.5421125  0.54211211 0.5421135
 0.5421135  0.54211192 0.54211192 0.54211106 0.54210739 0.54210812
 0.5421075  0.5421075  0.54210735 0.54210735 0.54210735 0.54210763
 0.54210796 0.54210796 0.54210835 0.54210835 0.54210894 0.54210821
 0.54210821 0.54210821 0.54210814 0.54210804 0.54210804 0.54210804
 0.54210703 0.54210858 0.54210665 0.54210851 0.54210887 0.54210889
 0.54210755 0.54210755 0.54210648 0.5421048  0.5421048  0.5421048
 0.54210409 0.5421049  0.54210527 0.54210527 0.54210527 0.54210663
 0.54210848 0.54210848 0.54210848 0.54210995 0.54211092 0.54210947
 0.54210708 0.54210937 0.54210956 0.54210614 0.54210614 0.54210701
 0.54210701 0.54210701 0.54210292 0.54210171 0.54210238 0.54210196
 0.54210196 0.54210177 0.54210206 0.54210354 0.54210515 0.54210461
 0.54210503 0.54210503 0.54210503 0.54210586 0.54210388 0.54210316
 0.54210316 0.54210462 0.54210462 0.54210661 0.54210661 0.54210661
 0.54210661 0.54210661 0.54210661 0.54210661 0.54211077 0.54210927
 0.54210927 0.5421094  0.5421094  0.54210831 0.54211074 0.54211266
 0.54211415 0.54211415 0.54211328 0.54211328 0.54211328 0.54211328
 0.54211419 0.5421144  0.5421144  0.54211657 0.54211657 0.54211521
 0.54211637 0.54211637 0.54211637 0.54211637 0.5421114  0.5421114
 0.5421114  0.54211128 0.54210792 0.54211414 0.54211225 0.54216136
 0.5421771  0.542197   0.54218675 0.54218888 0.54216494 0.54216656
 0.5421675  0.54216813 0.54220497 0.54221031 0.54218468 0.54218468
 0.54218554 0.54218243 0.54218243 0.5421827  0.54218089 0.54218089
 0.54217912 0.54217808 0.54221855 0.54222252 0.54228827 0.54227053
 0.54228334 0.54221756 0.5421702  0.5421702  0.54216832 0.54217048
 0.54215865 0.54215966 0.54215966 0.54215948 0.54216047 0.54217018
 0.54217046 0.54216293 0.54216293 0.54216244 0.54216347 0.54216347
 0.54218635 0.54218585 0.54218471 0.54218756 0.54219701 0.54220595
 0.54220799 0.54219786 0.54217803 0.5421777  0.54217696 0.54217963
 0.54218001 0.54218196 0.54218196 0.54218041 0.54218852 0.54211481
 0.54211717 0.54211723 0.54211654 0.54211663 0.54211775 0.54211883
 0.54211792 0.54211792 0.54212004 0.54212148 0.5421219  0.5421219
 0.54212266 0.54212374 0.54212415 0.54212347 0.54212477 0.54212477
 0.54212246 0.54212112 0.54212462 0.54212308 0.54212169 0.54212247
 0.54212247 0.5421215  0.5421215  0.5421215  0.54212305 0.54212305
 0.54212305 0.54212395 0.54212587 0.54212587 0.54212536 0.54212223
 0.54212387 0.54212236 0.54212236 0.54212236 0.54212236 0.54212269
 0.54212082 0.54212082 0.5421212  0.54211913 0.54211875 0.54211862
 0.54211687 0.54211571 0.54211571 0.54211607 0.54211831 0.54211831
 0.54211845 0.54211845 0.54211799 0.54211872 0.54212002 0.54212002
 0.54212002 0.54212002 0.54211999 0.54211999 0.54211999 0.5421166
 0.54211966 0.54211966 0.54211966 0.54211966 0.54211742 0.54211742
 0.54211742 0.54211786 0.54211786 0.54211696 0.54211696 0.54211696
 0.54211772 0.54210649 0.54210649 0.54210706 0.5421095  0.54210811
 0.54210845 0.54210845 0.54210845 0.54211034 0.54210837 0.54210453
 0.54210453 0.54210497 0.54210497 0.54210646 0.54210522 0.5421019
 0.5421019  0.54210054 0.54209962 0.54210021 0.54209985 0.54210054
 0.54210045 0.54210098 0.54210181 0.54210181 0.54210124 0.54210124
 0.54210089 0.54209985 0.5420999  0.5420999  0.5420999  0.5420999
 0.54209888 0.54210049 0.54209937 0.54209937 0.54209979 0.54210006
 0.54210115 0.54210115 0.54210115 0.54210115 0.54210231 0.54210231
 0.54210231 0.5421015  0.54211011 0.54211011 0.54211011 0.54211056
 0.54211097 0.54210972 0.54210972 0.54210842 0.54210699 0.54210747
 0.54210747 0.54210872 0.54210872 0.54210256 0.54210256 0.54210094
 0.54210094 0.54209996 0.54209811 0.54209743 0.54209798 0.54209873
 0.54209873 0.54209934 0.54209934 0.54209717 0.54209603 0.54209607
 0.54209406 0.54209406 0.54209406 0.54209406 0.542093   0.54209073
 0.54209338 0.54209338 0.54209338 0.54209406 0.54209406 0.54209164
 0.54209225 0.54209225 0.54209064 0.54209088 0.54209117 0.54209008
 0.54209074 0.54209139 0.54209139 0.54209197 0.54208124 0.54208124
 0.54208051 0.54208051 0.54208041 0.54208041 0.54208041 0.54207907
 0.54207907 0.54207688 0.54207688 0.54207688 0.54207688 0.54207576
 0.54207576 0.54207369 0.54207404 0.54207404 0.54207404 0.54207404
 0.54207404 0.54208008 0.54208008 0.54208041 0.54208041 0.54207809
 0.54207829 0.54207785 0.5420777  0.5420777  0.54207949 0.54207949
 0.54207956 0.54207956 0.54207946 0.54207946 0.54208005 0.54208104
 0.54208104 0.54208124 0.54208124 0.54208124 0.5420822  0.5420822
 0.5420822  0.54208322 0.54208292 0.54208292 0.54208292 0.54208705
 0.54208631 0.54208785 0.54208758 0.54208829 0.54208829 0.54208819
 0.54208819 0.54208889 0.54209129 0.54209129 0.54208989 0.54209031
 0.54209018 0.54209018 0.54209018 0.54209018 0.54209018 0.54209018
 0.54209018 0.54208948 0.54209145 0.54208934 0.54208934 0.54208959
 0.54208833 0.54208833 0.54208833 0.54208833 0.54208846 0.54208945
 0.54208986 0.54209078 0.54209181 0.54209181 0.54209181 0.54209181
 0.54209181 0.54209255 0.54209239 0.54209366 0.54209206 0.5420927
 0.54209223 0.54209119 0.54209102 0.54209156 0.54209118 0.5420906
 0.5420906  0.54209211 0.54209205 0.54209234 0.54209234 0.54209234
 0.54209234 0.54209234 0.54208855 0.54208855 0.54208764 0.54208663
 0.54208663 0.54208825 0.54209092 0.5420891  0.5420891  0.5420891
 0.5420891  0.54209033 0.54208983 0.54208983 0.54209089 0.54209065
 0.54209065 0.54209185 0.54209185 0.54209018 0.54209018 0.54209018
 0.54209018 0.54209079 0.54209028 0.54208821 0.54208835 0.54208829
 0.54208461 0.54208442 0.54208517 0.54208837 0.54208873 0.54208974
 0.54208957 0.54208957 0.54208957 0.54208957 0.54208957 0.5420892
 0.5420892  0.54208768 0.54208768 0.54208768 0.54208877 0.5420913
 0.54209107 0.54209336 0.54209449 0.54209716 0.54209716 0.54209965
 0.54209908 0.5420991  0.5420991  0.54210158 0.54210158 0.54210062
 0.54209965 0.54209965 0.54210101 0.54210101 0.54210123 0.54209898
 0.54209898 0.54209898 0.54209898 0.54209788 0.54209619 0.5420945
 0.5420945  0.54209305 0.54209515 0.54209515 0.54209515 0.54209515
 0.54209508 0.54209508 0.54209508 0.54209508 0.54209508 0.54209381
 0.54209582 0.54209403 0.54209403 0.5420928  0.5420902  0.54208907
 0.54208907 0.54209036 0.5420905  0.54209028 0.54209028 0.54209028
 0.54208953 0.54208953 0.54209037 0.54209037 0.54209037 0.54209061
 0.54209248 0.54209248 0.54209248 0.54209004 0.54209004 0.54208958
 0.54208973 0.54209243 0.54209243 0.54209431 0.54209296 0.54209308
 0.54209308 0.54209308 0.54209516 0.54209373 0.54209581 0.54209581
 0.54210311 0.54210345 0.54210512 0.54210512]
posterior_samples['z_uncertain_flat'] shape: (1000, 4)
z_uncertain_samples shape: (1000, 2, 2)
Script finished in 5 minutes and 51 seconds.
