hpc-node01
	Adding nVidia Cuda Toolkit 11.8
	Adding nVidia cuDNN 8.6 (.0.163)
	Adding nvtop
Fri Jun 21 08:58:39 2024       
+-----------------------------------------------------------------------------------------+
| NVIDIA-SMI 550.54.15              Driver Version: 550.54.15      CUDA Version: 12.4     |
|-----------------------------------------+------------------------+----------------------+
| GPU  Name                 Persistence-M | Bus-Id          Disp.A | Volatile Uncorr. ECC |
| Fan  Temp   Perf          Pwr:Usage/Cap |           Memory-Usage | GPU-Util  Compute M. |
|                                         |                        |               MIG M. |
|=========================================+========================+======================|
|   0  NVIDIA L40                     On  |   00000000:17:00.0 Off |                    0 |
| N/A   34C    P0             78W /  300W |     450MiB /  46068MiB |      0%      Default |
|                                         |                        |                  N/A |
+-----------------------------------------+------------------------+----------------------+
|   1  NVIDIA L40                     On  |   00000000:65:00.0 Off |                    0 |
| N/A   31C    P8             34W /  300W |       0MiB /  46068MiB |      0%      Default |
|                                         |                        |                  N/A |
+-----------------------------------------+------------------------+----------------------+
|   2  NVIDIA L40                     On  |   00000000:CA:00.0 Off |                    0 |
| N/A   34C    P0             78W /  300W |     450MiB /  46068MiB |      0%      Default |
|                                         |                        |                  N/A |
+-----------------------------------------+------------------------+----------------------+
|   3  NVIDIA L40                     On  |   00000000:E3:00.0 Off |                    0 |
| N/A   33C    P8             35W /  300W |       0MiB /  46068MiB |      0%      Default |
|                                         |                        |                  N/A |
+-----------------------------------------+------------------------+----------------------+
                                                                                         
+-----------------------------------------------------------------------------------------+
| Processes:                                                                              |
|  GPU   GI   CI        PID   Type   Process name                              GPU Memory |
|        ID   ID                                                               Usage      |
|=========================================================================================|
|    0   N/A  N/A     52702      C   python                                        442MiB |
|    2   N/A  N/A     52718      C   python                                        442MiB |
+-----------------------------------------------------------------------------------------+
Date              = Fri Jun 21 08:58:40 CEST 2024
Hostname          = hpc-node01
Working Directory = /local/294781
Number of nodes used        : 1
Number of MPI tasks         : 1
Number of threads           : 16
Number of MPI tasks per node: 1
Number of threads per core  : 
Name of nodes used          : hpc-node01
Gpu devices                 : 3
Starting worker: 
Xu_fixed:  [[0.         0.95006237]
 [0.         0.94521492]
 [0.         0.39422269]
 [0.         0.34238744]
 [0.         0.53206767]
 [0.37485523 0.        ]
 [0.95562738 0.        ]
 [0.398138   0.        ]
 [0.40307108 0.        ]
 [0.73352968 0.        ]
 [0.60430262 0.        ]
 [0.6599683  0.        ]
 [0.28168392 0.        ]
 [0.64923994 0.        ]
 [0.89785099 0.        ]
 [0.17211749 0.        ]
 [0.37111033 0.        ]
 [0.11890289 0.        ]
 [0.7144876  0.        ]
 [0.93320325 0.        ]
 [1.         0.39326737]
 [1.         0.69942523]
 [1.         0.78878791]
 [1.         0.39758325]
 [1.         0.41364807]]
sigma_init_yu: 0.3410233685526223	sigma_init_yf: 0.31253721284756075	sigma_init: 0.3243472597785561
new_sigma_init_yu: 0.3410233685526223	new_sigma_init_yf: 0.040525440221816804	new_sigma_init: 0.10421060963857032
Xu_certain: [[0.12391166 0.78969496]
 [0.59892084 0.07747027]]
Xu_noise: [[0.13973494 0.87051473]
 [0.67564161 0.        ]]
Xu_noise shape: (2, 2)
adam
0.001000
1000
init params: ((Array([0.34102337], dtype=float64), Array([0.36862843, 0.36889556], dtype=float64)),)
param_iter: ((Array([0.35540298], dtype=float64), Array([0.03748067, 0.41969793], dtype=float64)),)
start inference

                         mean       std    median      5.0%     95.0%     n_eff     r_hat
z_uncertain_flat[0]     -0.22      0.00     -0.22     -0.22     -0.22     35.44      1.03
z_uncertain_flat[1]     -0.16      0.00     -0.16     -0.16     -0.16     41.53      1.02
z_uncertain_flat[2]      0.96      0.00      0.96      0.96      0.96     38.66      1.03
z_uncertain_flat[3]     -0.00      0.00     -0.00     -0.00     -0.00     58.25      1.00

Number of divergences: 2
z_uncertain_samples[:, 1, 0] [0.95563847 0.95562836 0.95562728 0.9556386  0.9556221  0.95562908
 0.95563967 0.95563967 0.95563967 0.95563967 0.95563967 0.95563967
 0.95563967 0.95563967 0.95563967 0.95563967 0.95563025 0.95563025
 0.95563025 0.95563025 0.95563025 0.95563025 0.95563025 0.95563025
 0.95563025 0.95563025 0.95563025 0.95563025 0.95563025 0.95563025
 0.95563025 0.95563025 0.95563025 0.95563025 0.95563025 0.95563025
 0.95563025 0.95563025 0.95563025 0.95563025 0.95563025 0.95563025
 0.95563025 0.95563025 0.95563025 0.95563025 0.95563025 0.95563025
 0.95563025 0.95563025 0.95563025 0.95563025 0.95563025 0.95563025
 0.95563025 0.95563025 0.95563025 0.95563025 0.95563025 0.95563025
 0.95563025 0.95563025 0.95563025 0.95563025 0.95563025 0.95563025
 0.95563025 0.95563025 0.95563025 0.95563025 0.95563025 0.95563025
 0.95563025 0.95563025 0.95563025 0.95563025 0.95563025 0.95563025
 0.95563025 0.95563025 0.95563025 0.95563025 0.95563025 0.95563025
 0.95563025 0.95563025 0.95563025 0.95563025 0.95563025 0.95563025
 0.95563025 0.95563025 0.95563025 0.95563025 0.95563025 0.95563025
 0.95563025 0.95563025 0.95563025 0.95563025 0.95563025 0.95563025
 0.95563025 0.95563025 0.95563025 0.95563025 0.95563025 0.95563025
 0.95563025 0.95563025 0.95563025 0.95563025 0.95563025 0.95563025
 0.95563025 0.95563025 0.95563025 0.95563025 0.95563025 0.95563025
 0.95563025 0.95563025 0.95563025 0.95563025 0.95563025 0.95563025
 0.95563025 0.95563025 0.95563025 0.95563025 0.95563025 0.95563025
 0.95563025 0.95563025 0.95563025 0.95563025 0.95563025 0.95563025
 0.95563025 0.95563025 0.95563025 0.95563025 0.95563025 0.95563025
 0.95563025 0.95563025 0.95563025 0.95563025 0.95563025 0.95563025
 0.95563025 0.95563025 0.95563025 0.95563025 0.95563025 0.95563025
 0.95563025 0.95563025 0.95563025 0.95563025 0.95563025 0.95563025
 0.95563025 0.95563025 0.95563025 0.95563025 0.95563025 0.95563025
 0.95563025 0.95563025 0.95563025 0.95563025 0.95563025 0.95563025
 0.95563025 0.95563025 0.95563025 0.95563025 0.95563025 0.95563025
 0.95563025 0.95563025 0.95563025 0.95563025 0.95563025 0.95563025
 0.95563025 0.95563025 0.95563025 0.95563025 0.95563025 0.95563025
 0.95563025 0.95563025 0.95563025 0.95563025 0.95563025 0.95563025
 0.95563025 0.95563025 0.95563025 0.95563025 0.95563025 0.95563025
 0.95563025 0.95563025 0.95563025 0.95563025 0.95563025 0.95563025
 0.95563025 0.95563025 0.95563025 0.95563025 0.95563025 0.95563025
 0.95563025 0.95563025 0.95563025 0.95563025 0.95563025 0.95563025
 0.95563025 0.95563025 0.95563025 0.95563025 0.95563025 0.95563025
 0.95563025 0.95563025 0.95563025 0.95563025 0.95563025 0.95563025
 0.95563025 0.95563025 0.95563025 0.95563025 0.95563025 0.95563025
 0.95563025 0.95563025 0.95563025 0.95563025 0.95563025 0.95563025
 0.95563025 0.95563025 0.95563025 0.95563025 0.95563025 0.95563025
 0.95563025 0.95563025 0.95563025 0.95563025 0.95563025 0.95563025
 0.95563025 0.95563025 0.95563025 0.95563025 0.95563025 0.95563025
 0.95563025 0.95563025 0.95563025 0.95563025 0.95563025 0.95563025
 0.95563025 0.95563025 0.95563025 0.95563025 0.95563025 0.95563025
 0.95563025 0.95563025 0.95563025 0.95563025 0.95563025 0.95563025
 0.95563025 0.95563025 0.95563025 0.95563025 0.95563025 0.95563025
 0.95563025 0.95563025 0.95563025 0.95563025 0.95563025 0.95563025
 0.95563025 0.95563025 0.95563025 0.95563025 0.95563025 0.95563025]
posterior_samples['z_uncertain_flat'] shape: (300, 4)
z_uncertain_samples shape: (300, 2, 2)
Script finished in 5 minutes and 42 seconds.
