	Adding nVidia Cuda Toolkit 11.8
	Adding nVidia cuDNN 8.6 (.0.163)
Traceback (most recent call last):
  File "/local/239170/main.py", line 3, in <module>
    import optax
ModuleNotFoundError: No module named 'optax'
--------------------------------------------------------------------------
Primary job  terminated normally, but 1 process returned
a non-zero exit code. Per user-direction, the job has been aborted.
--------------------------------------------------------------------------
--------------------------------------------------------------------------
mpirun detected that one or more processes exited with non-zero status, thus causing
the job to be terminated. The first process to do so was:

  Process name: [[54901,1],0]
  Exit code:    1
--------------------------------------------------------------------------
/tmp/slurmd/job239170/slurm_script: line 55: /home/yanw/uncertain/results/log/1006/239170_version.log: No such file or directory
/tmp/slurmd/job239170/slurm_script: line 56: /home/yanw/uncertain/results/log/1006/239170_version.log: No such file or directory
ERROR: Pipe to stdout was broken
Exception ignored in: <_io.TextIOWrapper name='<stdout>' mode='w' encoding='utf-8'>
BrokenPipeError: [Errno 32] Broken pipe
/tmp/slurmd/job239170/slurm_script: line 55: /home/yanw/uncertain/results/log/1006/239170_version.log: No such file or directory
/tmp/slurmd/job239170/slurm_script: line 56: /home/yanw/uncertain/results/log/1006/239170_version.log: No such file or directory
ERROR: Pipe to stdout was broken
Exception ignored in: <_io.TextIOWrapper name='<stdout>' mode='w' encoding='utf-8'>
BrokenPipeError: [Errno 32] Broken pipe
/tmp/slurmd/job239170/slurm_script: line 55: /home/yanw/uncertain/results/log/1006/239170_version.log: No such file or directory
/tmp/slurmd/job239170/slurm_script: line 56: /home/yanw/uncertain/results/log/1006/239170_version.log: No such file or directory
ERROR: Pipe to stdout was broken
Exception ignored in: <_io.TextIOWrapper name='<stdout>' mode='w' encoding='utf-8'>
BrokenPipeError: [Errno 32] Broken pipe
/tmp/slurmd/job239170/slurm_script: line 55: /home/yanw/uncertain/results/log/1006/239170_version.log: No such file or directory
/tmp/slurmd/job239170/slurm_script: line 56: /home/yanw/uncertain/results/log/1006/239170_version.log: No such file or directory
ERROR: Pipe to stdout was broken
Exception ignored in: <_io.TextIOWrapper name='<stdout>' mode='w' encoding='utf-8'>
BrokenPipeError: [Errno 32] Broken pipe
/tmp/slurmd/job239170/slurm_script: line 55: /home/yanw/uncertain/results/log/1006/239170_version.log: No such file or directory
/tmp/slurmd/job239170/slurm_script: line 56: /home/yanw/uncertain/results/log/1006/239170_version.log: No such file or directory
ERROR: Pipe to stdout was broken
Exception ignored in: <_io.TextIOWrapper name='<stdout>' mode='w' encoding='utf-8'>
BrokenPipeError: [Errno 32] Broken pipe
/tmp/slurmd/job239170/slurm_script: line 55: /home/yanw/uncertain/results/log/1006/239170_version.log: No such file or directory
/tmp/slurmd/job239170/slurm_script: line 56: /home/yanw/uncertain/results/log/1006/239170_version.log: No such file or directory
ERROR: Pipe to stdout was broken
Exception ignored in: <_io.TextIOWrapper name='<stdout>' mode='w' encoding='utf-8'>
BrokenPipeError: [Errno 32] Broken pipe
/tmp/slurmd/job239170/slurm_script: line 65: /home/yanw/uncertain/results/log/1006/239170_version.log: No such file or directory
cp: missing destination file operand after '*.png/home/yanw/uncertain/results/figures/1006'
Try 'cp --help' for more information.
cp: missing destination file operand after '/home/yanw/uncertain'
Try 'cp --help' for more information.
