ctit090
Collecting package metadata (current_repodata.json): ...working... failed
Collecting package metadata (current_repodata.json): ...working... failed
Collecting package metadata (current_repodata.json): ...working... failed
Fri Oct  6 16:33:56 2023       
+---------------------------------------------------------------------------------------+
| NVIDIA-SMI 535.104.05             Driver Version: 535.104.05   CUDA Version: 12.2     |
|-----------------------------------------+----------------------+----------------------+
| GPU  Name                 Persistence-M | Bus-Id        Disp.A | Volatile Uncorr. ECC |
| Fan  Temp   Perf          Pwr:Usage/Cap |         Memory-Usage | GPU-Util  Compute M. |
|                                         |                      |               MIG M. |
|=========================================+======================+======================|
|   0  NVIDIA A40                     On  | 00000000:3B:00.0 Off |                    0 |
|  0%   65C    P0             120W / 300W |  14717MiB / 46068MiB |     77%      Default |
|                                         |                      |                  N/A |
+-----------------------------------------+----------------------+----------------------+
|   1  NVIDIA A40                     On  | 00000000:5E:00.0 Off |                    0 |
|  0%   67C    P0             135W / 300W |  14383MiB / 46068MiB |     79%      Default |
|                                         |                      |                  N/A |
+-----------------------------------------+----------------------+----------------------+
|   2  NVIDIA A40                     On  | 00000000:B1:00.0 Off |                    0 |
|  0%   60C    P0             105W / 300W |   2047MiB / 46068MiB |     11%      Default |
|                                         |                      |                  N/A |
+-----------------------------------------+----------------------+----------------------+
|   3  NVIDIA A40                     On  | 00000000:D9:00.0 Off |                    0 |
|  0%   31C    P8              15W / 300W |      4MiB / 46068MiB |      0%      Default |
|                                         |                      |                  N/A |
+-----------------------------------------+----------------------+----------------------+
                                                                                         
+---------------------------------------------------------------------------------------+
| Processes:                                                                            |
|  GPU   GI   CI        PID   Type   Process name                            GPU Memory |
|        ID   ID                                                             Usage      |
|=======================================================================================|
|    0   N/A  N/A    180979      C   /usr/bin/python3                          14692MiB |
|    1   N/A  N/A    180979      C   /usr/bin/python3                          14358MiB |
|    2   N/A  N/A    178867      C   python3                                    2034MiB |
+---------------------------------------------------------------------------------------+
Date              = Fri 06 Oct 2023 04:33:57 PM CEST
Hostname          = ctit090
Working Directory = /local/239191
Number of nodes used        : 1
Number of MPI tasks         : 1
Number of threads           : 16
Number of MPI tasks per node: 1
Number of threads per core  : 
Name of nodes used          : ctit090
Gpu devices                 : 0
Starting worker: 
Script finished in 7 minutes and 16 seconds.
