hpc-node02
	Adding nVidia Cuda Toolkit 11.8
	Adding nVidia cuDNN 8.6 (.0.163)
	Adding nvtop
Sat Jun 22 13:09:58 2024       
+-----------------------------------------------------------------------------------------+
| NVIDIA-SMI 550.54.15              Driver Version: 550.54.15      CUDA Version: 12.4     |
|-----------------------------------------+------------------------+----------------------+
| GPU  Name                 Persistence-M | Bus-Id          Disp.A | Volatile Uncorr. ECC |
| Fan  Temp   Perf          Pwr:Usage/Cap |           Memory-Usage | GPU-Util  Compute M. |
|                                         |                        |               MIG M. |
|=========================================+========================+======================|
|   0  NVIDIA L40                     On  |   00000000:17:00.0 Off |                    0 |
| N/A   46C    P0             90W /  300W |     690MiB /  46068MiB |     98%      Default |
|                                         |                        |                  N/A |
+-----------------------------------------+------------------------+----------------------+
|   1  NVIDIA L40                     On  |   00000000:65:00.0 Off |                    0 |
| N/A   28C    P8             25W /  300W |       0MiB /  46068MiB |      0%      Default |
|                                         |                        |                  N/A |
+-----------------------------------------+------------------------+----------------------+
|   2  NVIDIA L40                     On  |   00000000:CA:00.0 Off |                    0 |
| N/A   46C    P0             92W /  300W |     690MiB /  46068MiB |     98%      Default |
|                                         |                        |                  N/A |
+-----------------------------------------+------------------------+----------------------+
|   3  NVIDIA L40                     On  |   00000000:E3:00.0 Off |                    0 |
| N/A   30C    P8             23W /  300W |       0MiB /  46068MiB |      0%      Default |
|                                         |                        |                  N/A |
+-----------------------------------------+------------------------+----------------------+
                                                                                         
+-----------------------------------------------------------------------------------------+
| Processes:                                                                              |
|  GPU   GI   CI        PID   Type   Process name                              GPU Memory |
|        ID   ID                                                               Usage      |
|=========================================================================================|
|    0   N/A  N/A      2585      C   python                                        682MiB |
|    2   N/A  N/A      3522      C   python                                        682MiB |
+-----------------------------------------------------------------------------------------+
Date              = Sat Jun 22 13:09:59 CEST 2024
Hostname          = hpc-node02
Working Directory = /local/295097
Number of nodes used        : 1
Number of MPI tasks         : 1
Number of threads           : 16
Number of MPI tasks per node: 1
Number of threads per core  : 
Name of nodes used          : hpc-node02
Gpu devices                 : 1
Starting worker: 
Xu_fixed:  [[0.         0.18370448]
 [0.         0.35350201]
 [0.         0.59804408]
 [0.         0.59988955]
 [0.         0.15923625]
 [0.         0.00628557]
 [0.         0.68970547]
 [0.         0.88314329]
 [0.         0.32744701]
 [0.         0.06530783]
 [0.         0.43758137]
 [0.         0.41816273]
 [0.         0.84531952]
 [0.         0.37618536]
 [0.         0.00228463]
 [0.42300447 0.        ]
 [0.37513696 0.        ]
 [0.51259359 0.        ]
 [0.54022212 0.        ]
 [0.25327558 0.        ]
 [1.         0.57254519]
 [1.         0.36391689]
 [1.         0.54563921]
 [1.         0.70313472]
 [1.         0.83202349]
 [1.         0.61864101]
 [1.         0.48009388]
 [1.         0.89047637]
 [1.         0.73822542]
 [1.         0.42158473]
 [1.         0.71855937]
 [1.         0.93154112]
 [1.         0.17918464]
 [1.         0.45016916]
 [1.         0.17978627]]
sigma_init_yu: 0.30821690729703105	sigma_init_yf: 0.3888457112697405	sigma_init: 0.36028375186039774
new_sigma_init_yu: 0.30821690729703105	new_sigma_init_yf: 0.041705468135263615	new_sigma_init: 0.1366626125257795
Xu_certain: [[0.12391166 0.78969496]
 [0.59892084 0.07747027]]
Xu_noise: [[0.13973494 0.87051473]
 [0.67564161 0.        ]]
Xu_noise shape: (2, 2)
adam
0.001000
1000
init params: ((Array([0.30821691], dtype=float64), Array([0.46188341, 0.34516369], dtype=float64)),)
param_iter: ((Array([0.44709868], dtype=float64), Array([0.13204616, 0.24606263], dtype=float64)),)
start inference
