hpc-node01
	Adding nVidia Cuda Toolkit 11.8
	Adding nVidia cuDNN 8.6 (.0.163)
	Adding nvtop
Sun Jun 30 12:36:38 2024       
+-----------------------------------------------------------------------------------------+
| NVIDIA-SMI 550.54.15              Driver Version: 550.54.15      CUDA Version: 12.4     |
|-----------------------------------------+------------------------+----------------------+
| GPU  Name                 Persistence-M | Bus-Id          Disp.A | Volatile Uncorr. ECC |
| Fan  Temp   Perf          Pwr:Usage/Cap |           Memory-Usage | GPU-Util  Compute M. |
|                                         |                        |               MIG M. |
|=========================================+========================+======================|
|   0  NVIDIA L40                     On  |   00000000:17:00.0 Off |                    0 |
| N/A   47C    P0             91W /  300W |    8736MiB /  46068MiB |      8%      Default |
|                                         |                        |                  N/A |
+-----------------------------------------+------------------------+----------------------+
|   1  NVIDIA L40                     On  |   00000000:65:00.0 Off |                    0 |
| N/A   31C    P8             35W /  300W |       3MiB /  46068MiB |      0%      Default |
|                                         |                        |                  N/A |
+-----------------------------------------+------------------------+----------------------+
|   2  NVIDIA L40                     On  |   00000000:CA:00.0 Off |                    0 |
| N/A   32C    P8             35W /  300W |       3MiB /  46068MiB |      0%      Default |
|                                         |                        |                  N/A |
+-----------------------------------------+------------------------+----------------------+
|   3  NVIDIA L40                     On  |   00000000:E3:00.0 Off |                    0 |
| N/A   33C    P8             35W /  300W |       3MiB /  46068MiB |      0%      Default |
|                                         |                        |                  N/A |
+-----------------------------------------+------------------------+----------------------+
                                                                                         
+-----------------------------------------------------------------------------------------+
| Processes:                                                                              |
|  GPU   GI   CI        PID   Type   Process name                              GPU Memory |
|        ID   ID                                                               Usage      |
|=========================================================================================|
|    0   N/A  N/A    195212      C   ...re/matlab/r2023b/bin/glnxa64/MATLAB       8728MiB |
+-----------------------------------------------------------------------------------------+
Date              = Sun Jun 30 12:36:39 CEST 2024
Hostname          = hpc-node01
Working Directory = /local/296844
Number of nodes used        : 1
Number of MPI tasks         : 1
Number of threads           : 16
Number of MPI tasks per node: 1
Number of threads per core  : 
Name of nodes used          : hpc-node01
Gpu devices                 : 0
Starting worker: 
noise_std: 0.1 

prior_var: 0.1 

number_u: 9 

number_f: 20 

number_init: 5 

number_bound: 15 

max_samples: 500 

assumption_variance: 0.1 

num_mcmc: 200 

k: 0.2 

param_text: para 

optimizer_in_use: <function adam at 0x7f2960fd4e50> 

sample_num: 10 

epochs: 1000 

added_text: 9&20&5&15&10&1000&0.1 

learning_rate: 0.001 

weight_decay: 1e-05 

DEEP_FLAG: False 

num_warmup: 100 

Xu_fixed:  [[0.         0.18370448]
 [0.         0.35350201]
 [0.         0.59804408]
 [0.         0.59988955]
 [0.         0.15923625]
 [0.         0.00628557]
 [0.         0.68970547]
 [0.         0.88314329]
 [0.         0.32744701]
 [0.         0.06530783]
 [0.         0.43758137]
 [0.         0.41816273]
 [0.         0.84531952]
 [0.         0.37618536]
 [0.         0.00228463]
 [0.42300447 0.        ]
 [0.37513696 0.        ]
 [0.51259359 0.        ]
 [0.54022212 0.        ]
 [0.25327558 0.        ]
 [1.         0.57254519]
 [1.         0.36391689]
 [1.         0.54563921]
 [1.         0.70313472]
 [1.         0.83202349]
 [1.         0.61864101]
 [1.         0.48009388]
 [1.         0.89047637]
 [1.         0.73822542]
 [1.         0.42158473]
 [1.         0.71855937]
 [1.         0.93154112]
 [1.         0.17918464]
 [1.         0.45016916]
 [1.         0.17978627]]
sigma_init_yu: 0.29184461329725164	sigma_init_yf: 0.3888457112697405	sigma_init: 0.3455653059397604
new_sigma_init_yu: 0.29184461329725164	new_sigma_init_yf: 0.042257003554209915	new_sigma_init: 0.17709387482842567
Xu_certain: [[0.05154902 0.00255456]
 [0.30543112 0.0706775 ]
 [0.90197405 0.73629014]
 [0.25524948 0.40171131]
 [0.7951209  0.3531265 ]
 [0.94168875 0.27463225]
 [0.05958187 0.52008718]
 [0.55708615 0.82010027]
 [0.93500144 0.92583988]]
Xu_noise: [[0.         0.15920081]
 [0.26754073 0.03497364]
 [1.         0.64078225]
 [0.31837748 0.42826793]
 [1.         0.25379041]
 [0.92041367 0.31449107]
 [0.         0.52723124]
 [0.58398934 0.75019333]
 [0.93573414 0.82333496]]
Xu_noise shape: (9, 2)
adam
0.001000
1000
init params: ((Array([0.29184461], dtype=float64), Array([0.463397  , 0.33258579], dtype=float64)),)
param_iter: ((Array([0.37245521], dtype=float64), Array([0.36828816, 0.09457289], dtype=float64)),)
start inference
assumption_variance=0.1
Setting 0.2 of max_samples as warm-up
posterior_samples.shape: (2, 18)
posterior_samples_list shape: (2, 9, 2)
Script finished in 6 minutes and 9 seconds.
