hpc-node01
	Adding nVidia Cuda Toolkit 11.8
	Adding nVidia cuDNN 8.6 (.0.163)
	Adding nvtop
Sun Jun 30 13:00:26 2024       
+-----------------------------------------------------------------------------------------+
| NVIDIA-SMI 550.54.15              Driver Version: 550.54.15      CUDA Version: 12.4     |
|-----------------------------------------+------------------------+----------------------+
| GPU  Name                 Persistence-M | Bus-Id          Disp.A | Volatile Uncorr. ECC |
| Fan  Temp   Perf          Pwr:Usage/Cap |           Memory-Usage | GPU-Util  Compute M. |
|                                         |                        |               MIG M. |
|=========================================+========================+======================|
|   0  NVIDIA L40                     On  |   00000000:17:00.0 Off |                    0 |
| N/A   51C    P0             85W /  300W |    8736MiB /  46068MiB |      0%      Default |
|                                         |                        |                  N/A |
+-----------------------------------------+------------------------+----------------------+
|   1  NVIDIA L40                     On  |   00000000:65:00.0 Off |                    0 |
| N/A   31C    P8             35W /  300W |       3MiB /  46068MiB |      0%      Default |
|                                         |                        |                  N/A |
+-----------------------------------------+------------------------+----------------------+
|   2  NVIDIA L40                     On  |   00000000:CA:00.0 Off |                    0 |
| N/A   32C    P8             35W /  300W |       3MiB /  46068MiB |      0%      Default |
|                                         |                        |                  N/A |
+-----------------------------------------+------------------------+----------------------+
|   3  NVIDIA L40                     On  |   00000000:E3:00.0 Off |                    0 |
| N/A   33C    P8             35W /  300W |       3MiB /  46068MiB |      0%      Default |
|                                         |                        |                  N/A |
+-----------------------------------------+------------------------+----------------------+
                                                                                         
+-----------------------------------------------------------------------------------------+
| Processes:                                                                              |
|  GPU   GI   CI        PID   Type   Process name                              GPU Memory |
|        ID   ID                                                               Usage      |
|=========================================================================================|
|    0   N/A  N/A    195212      C   ...re/matlab/r2023b/bin/glnxa64/MATLAB       8728MiB |
+-----------------------------------------------------------------------------------------+
Date              = Sun Jun 30 13:00:27 CEST 2024
Hostname          = hpc-node01
Working Directory = /local/296853
Number of nodes used        : 1
Number of MPI tasks         : 1
Number of threads           : 16
Number of MPI tasks per node: 1
Number of threads per core  : 
Name of nodes used          : hpc-node01
Gpu devices                 : 0
Starting worker: 
noise_std: 0.1 

prior_var: 0.1 

number_u: 5 

number_f: 40 

number_init: 5 

number_bound: 5 

max_samples: 500 

assumption_variance: 0.1 

num_mcmc: 200 

k: 0.2 

param_text: para 

optimizer_in_use: <function adam at 0x7f06b9d11dc0> 

sample_num: 10 

epochs: 1000 

added_text: 5&40&5&5&10&1000&0.1 

learning_rate: 0.001 

weight_decay: 1e-05 

DEEP_FLAG: False 

num_warmup: 100 

Xu_fixed:  [[0.         0.95006237]
 [0.         0.94521492]
 [0.         0.39422269]
 [0.         0.34238744]
 [0.         0.53206767]
 [0.42300447 0.        ]
 [0.37513696 0.        ]
 [0.51259359 0.        ]
 [0.54022212 0.        ]
 [0.25327558 0.        ]
 [1.         0.39326737]
 [1.         0.69942523]
 [1.         0.78878791]
 [1.         0.39758325]
 [1.         0.41364807]]
sigma_init_yu: 0.28124312110875016	sigma_init_yf: 0.31253721284756075	sigma_init: 0.3083846486175195
new_sigma_init_yu: 0.28124312110875016	new_sigma_init_yf: 0.03837478196901488	new_sigma_init: 0.13417700469597235
use %%%new_sigma_init%%%% for kernel_params
Xu_certain: [[0.64966387 0.09649115]
 [0.31675138 0.83812405]
 [0.57833989 0.27117662]
 [0.2801263  0.7345765 ]
 [0.36743492 0.24435595]]
Xu_noise: [[0.53441744 0.        ]
 [0.37383673 0.84915495]
 [0.61160043 0.25683977]
 [0.21138835 0.81214232]
 [0.47124844 0.27870854]]
yu_certain: [[0.77396195]
 [0.20643183]
 [0.60125812]
 [0.20433609]
 [0.42735844]]
Xu_fixed: [[0.         0.95006237]
 [0.         0.94521492]
 [0.         0.39422269]
 [0.         0.34238744]
 [0.         0.53206767]
 [0.42300447 0.        ]
 [0.37513696 0.        ]
 [0.51259359 0.        ]
 [0.54022212 0.        ]
 [0.25327558 0.        ]
 [1.         0.39326737]
 [1.         0.69942523]
 [1.         0.78878791]
 [1.         0.39758325]
 [1.         0.41364807]]
Yu_fixed: [[0.        ]
 [0.        ]
 [0.        ]
 [0.        ]
 [0.        ]
 [0.61662928]
 [0.5557491 ]
 [0.72095548]
 [0.75034176]
 [0.38743196]
 [0.67484829]
 [0.49687081]
 [0.45439523]
 [0.671942  ]
 [0.66123362]]
Xu: [[0.53441744 0.        ]
 [0.37383673 0.84915495]
 [0.61160043 0.25683977]
 [0.21138835 0.81214232]
 [0.47124844 0.27870854]
 [0.         0.95006237]
 [0.         0.94521492]
 [0.         0.39422269]
 [0.         0.34238744]
 [0.         0.53206767]
 [0.42300447 0.        ]
 [0.37513696 0.        ]
 [0.51259359 0.        ]
 [0.54022212 0.        ]
 [0.25327558 0.        ]
 [1.         0.39326737]
 [1.         0.69942523]
 [1.         0.78878791]
 [1.         0.39758325]
 [1.         0.41364807]]
Yu: [[0.77396195]
 [0.20643183]
 [0.60125812]
 [0.20433609]
 [0.42735844]
 [0.        ]
 [0.        ]
 [0.        ]
 [0.        ]
 [0.        ]
 [0.61662928]
 [0.5557491 ]
 [0.72095548]
 [0.75034176]
 [0.38743196]
 [0.67484829]
 [0.49687081]
 [0.45439523]
 [0.671942  ]
 [0.66123362]]
Xf: [[0.98205591 0.15182515]
 [0.39196957 0.23408087]
 [0.27097911 0.62714526]
 [0.20183484 0.72140408]
 [0.35856216 0.93928846]
 [0.28944144 0.13328448]
 [0.56195759 0.93259394]
 [0.32792847 0.6664279 ]
 [0.78450086 0.14239982]
 [0.11932656 0.76583679]
 [0.36557663 0.83494121]
 [0.2384702  0.19187086]
 [0.5977033  0.30242124]
 [0.02999734 0.70389851]
 [0.18378927 0.37096183]
 [0.92679049 0.64847439]
 [0.75527265 0.37295024]
 [0.80377154 0.41622215]
 [0.34760195 0.65878005]
 [0.05561951 0.82735475]
 [0.37469923 0.94408758]
 [0.21235476 0.06368756]
 [0.3443403  0.43057062]
 [0.24210075 0.31244159]
 [0.09019964 0.03597939]
 [0.23024304 0.22556   ]
 [0.15481186 0.22823394]
 [0.49838995 0.28382693]
 [0.9802487  0.95029786]
 [0.49790238 0.23937485]
 [0.10719123 0.25996072]
 [0.56044747 0.6975977 ]
 [0.17369223 0.07832851]
 [0.97405184 0.22016426]
 [0.77451778 0.6884915 ]
 [0.94230789 0.24752561]
 [0.24208493 0.01367735]
 [0.44458417 0.60963651]
 [0.35058566 0.84068782]
 [0.59803511 0.47325624]]
yf: [[1.26019999]
 [0.67060398]
 [0.32362674]
 [0.22236322]
 [0.30626403]
 [0.56399867]
 [0.44607704]
 [0.37123024]
 [1.20041983]
 [0.12713383]
 [0.34585976]
 [0.44316966]
 [0.87503203]
 [0.0341894 ]
 [0.28829202]
 [0.76215272]
 [0.9368422 ]
 [0.92218861]
 [0.39431971]
 [0.05597932]
 [0.31693379]
 [0.450804  ]
 [0.49121936]
 [0.39852377]
 [0.19989127]
 [0.41436819]
 [0.28123111]
 [0.77923462]
 [0.56706216]
 [0.81402729]
 [0.18961578]
 [0.56314271]
 [0.36562002]
 [1.17644565]
 [0.69137027]
 [1.14094334]
 [0.53725304]
 [0.51282376]
 [0.33126776]
 [0.73789891]]
Y: [[0.77396195]
 [0.20643183]
 [0.60125812]
 [0.20433609]
 [0.42735844]
 [0.        ]
 [0.        ]
 [0.        ]
 [0.        ]
 [0.        ]
 [0.61662928]
 [0.5557491 ]
 [0.72095548]
 [0.75034176]
 [0.38743196]
 [0.67484829]
 [0.49687081]
 [0.45439523]
 [0.671942  ]
 [0.66123362]
 [1.26019999]
 [0.67060398]
 [0.32362674]
 [0.22236322]
 [0.30626403]
 [0.56399867]
 [0.44607704]
 [0.37123024]
 [1.20041983]
 [0.12713383]
 [0.34585976]
 [0.44316966]
 [0.87503203]
 [0.0341894 ]
 [0.28829202]
 [0.76215272]
 [0.9368422 ]
 [0.92218861]
 [0.39431971]
 [0.05597932]
 [0.31693379]
 [0.450804  ]
 [0.49121936]
 [0.39852377]
 [0.19989127]
 [0.41436819]
 [0.28123111]
 [0.77923462]
 [0.56706216]
 [0.81402729]
 [0.18961578]
 [0.56314271]
 [0.36562002]
 [1.17644565]
 [0.69137027]
 [1.14094334]
 [0.53725304]
 [0.51282376]
 [0.33126776]
 [0.73789891]]
X: [[0.53441744 0.        ]
 [0.37383673 0.84915495]
 [0.61160043 0.25683977]
 [0.21138835 0.81214232]
 [0.47124844 0.27870854]
 [0.         0.95006237]
 [0.         0.94521492]
 [0.         0.39422269]
 [0.         0.34238744]
 [0.         0.53206767]
 [0.42300447 0.        ]
 [0.37513696 0.        ]
 [0.51259359 0.        ]
 [0.54022212 0.        ]
 [0.25327558 0.        ]
 [1.         0.39326737]
 [1.         0.69942523]
 [1.         0.78878791]
 [1.         0.39758325]
 [1.         0.41364807]
 [0.98205591 0.15182515]
 [0.39196957 0.23408087]
 [0.27097911 0.62714526]
 [0.20183484 0.72140408]
 [0.35856216 0.93928846]
 [0.28944144 0.13328448]
 [0.56195759 0.93259394]
 [0.32792847 0.6664279 ]
 [0.78450086 0.14239982]
 [0.11932656 0.76583679]
 [0.36557663 0.83494121]
 [0.2384702  0.19187086]
 [0.5977033  0.30242124]
 [0.02999734 0.70389851]
 [0.18378927 0.37096183]
 [0.92679049 0.64847439]
 [0.75527265 0.37295024]
 [0.80377154 0.41622215]
 [0.34760195 0.65878005]
 [0.05561951 0.82735475]
 [0.37469923 0.94408758]
 [0.21235476 0.06368756]
 [0.3443403  0.43057062]
 [0.24210075 0.31244159]
 [0.09019964 0.03597939]
 [0.23024304 0.22556   ]
 [0.15481186 0.22823394]
 [0.49838995 0.28382693]
 [0.9802487  0.95029786]
 [0.49790238 0.23937485]
 [0.10719123 0.25996072]
 [0.56044747 0.6975977 ]
 [0.17369223 0.07832851]
 [0.97405184 0.22016426]
 [0.77451778 0.6884915 ]
 [0.94230789 0.24752561]
 [0.24208493 0.01367735]
 [0.44458417 0.60963651]
 [0.35058566 0.84068782]
 [0.59803511 0.47325624]]
Xu_certain: [[0.64966387 0.09649115]
 [0.31675138 0.83812405]
 [0.57833989 0.27117662]
 [0.2801263  0.7345765 ]
 [0.36743492 0.24435595]]
Xu_noise: [[0.53441744 0.        ]
 [0.37383673 0.84915495]
 [0.61160043 0.25683977]
 [0.21138835 0.81214232]
 [0.47124844 0.27870854]]
Script finished in 4 minutes and 1 seconds.
