hpc-node01
	Adding nVidia Cuda Toolkit 11.8
	Adding nVidia cuDNN 8.6 (.0.163)
	Adding nvtop
Sun Jun 30 12:36:42 2024       
+-----------------------------------------------------------------------------------------+
| NVIDIA-SMI 550.54.15              Driver Version: 550.54.15      CUDA Version: 12.4     |
|-----------------------------------------+------------------------+----------------------+
| GPU  Name                 Persistence-M | Bus-Id          Disp.A | Volatile Uncorr. ECC |
| Fan  Temp   Perf          Pwr:Usage/Cap |           Memory-Usage | GPU-Util  Compute M. |
|                                         |                        |               MIG M. |
|=========================================+========================+======================|
|   0  NVIDIA L40                     On  |   00000000:17:00.0 Off |                    0 |
| N/A   47C    P0             91W /  300W |    8736MiB /  46068MiB |      8%      Default |
|                                         |                        |                  N/A |
+-----------------------------------------+------------------------+----------------------+
|   1  NVIDIA L40                     On  |   00000000:65:00.0 Off |                    0 |
| N/A   31C    P8             52W /  300W |       3MiB /  46068MiB |      0%      Default |
|                                         |                        |                  N/A |
+-----------------------------------------+------------------------+----------------------+
|   2  NVIDIA L40                     On  |   00000000:CA:00.0 Off |                    0 |
| N/A   32C    P8             52W /  300W |       3MiB /  46068MiB |      0%      Default |
|                                         |                        |                  N/A |
+-----------------------------------------+------------------------+----------------------+
|   3  NVIDIA L40                     On  |   00000000:E3:00.0 Off |                    0 |
| N/A   33C    P8             36W /  300W |       3MiB /  46068MiB |      0%      Default |
|                                         |                        |                  N/A |
+-----------------------------------------+------------------------+----------------------+
                                                                                         
+-----------------------------------------------------------------------------------------+
| Processes:                                                                              |
|  GPU   GI   CI        PID   Type   Process name                              GPU Memory |
|        ID   ID                                                               Usage      |
|=========================================================================================|
|    0   N/A  N/A    195212      C   ...re/matlab/r2023b/bin/glnxa64/MATLAB       8728MiB |
+-----------------------------------------------------------------------------------------+
Date              = Sun Jun 30 12:36:43 CEST 2024
Hostname          = hpc-node01
Working Directory = /local/296846
Number of nodes used        : 1
Number of MPI tasks         : 1
Number of threads           : 16
Number of MPI tasks per node: 1
Number of threads per core  : 
Name of nodes used          : hpc-node01
Gpu devices                 : 2
Starting worker: 
noise_std: 0.1 

prior_var: 0.1 

number_u: 3 

number_f: 20 

number_init: 5 

number_bound: 5 

max_samples: 500 

assumption_variance: 0.1 

num_mcmc: 200 

k: 0.2 

param_text: para 

optimizer_in_use: <function adam at 0x7f95b5062e50> 

sample_num: 10 

epochs: 1000 

added_text: 3&20&5&5&10&1000&0.1 

learning_rate: 0.001 

weight_decay: 1e-05 

DEEP_FLAG: False 

num_warmup: 100 

Xu_fixed:  [[0.         0.95006237]
 [0.         0.94521492]
 [0.         0.39422269]
 [0.         0.34238744]
 [0.         0.53206767]
 [0.42300447 0.        ]
 [0.37513696 0.        ]
 [0.51259359 0.        ]
 [0.54022212 0.        ]
 [0.25327558 0.        ]
 [1.         0.39326737]
 [1.         0.69942523]
 [1.         0.78878791]
 [1.         0.39758325]
 [1.         0.41364807]]
sigma_init_yu: 0.28380374989084967	sigma_init_yf: 0.3888457112697405	sigma_init: 0.35948697893866866
new_sigma_init_yu: 0.28380374989084967	new_sigma_init_yf: 0.0363597233390546	new_sigma_init: 0.09593615089114609
Xu_certain: [[0.61335418 0.50255212]
 [0.08026349 0.6332718 ]
 [0.51241791 0.85215701]]
Xu_noise: [[0.51051102 0.46939754]
 [0.         0.60541933]
 [0.43438037 0.86630736]]
Xu_noise shape: (3, 2)
adam
0.001000
1000
init params: ((Array([0.28380375], dtype=float64), Array([0.40745709, 0.34538135], dtype=float64)),)
param_iter: ((Array([0.45865545], dtype=float64), Array([0.94363679, 0.15983439], dtype=float64)),)
start inference
assumption_variance=0.1
Setting 0.2 of max_samples as warm-up
posterior_samples.shape: (2, 6)
posterior_samples_list shape: (2, 3, 2)
Script finished in 5 minutes and 39 seconds.
