hpc-node05
	Adding nVidia Cuda Toolkit 11.8
	Adding nVidia cuDNN 8.6 (.0.163)
	Adding nvtop
Sun Jun 30 12:43:13 2024       
+-----------------------------------------------------------------------------------------+
| NVIDIA-SMI 550.54.15              Driver Version: 550.54.15      CUDA Version: 12.4     |
|-----------------------------------------+------------------------+----------------------+
| GPU  Name                 Persistence-M | Bus-Id          Disp.A | Volatile Uncorr. ECC |
| Fan  Temp   Perf          Pwr:Usage/Cap |           Memory-Usage | GPU-Util  Compute M. |
|                                         |                        |               MIG M. |
|=========================================+========================+======================|
|   0  NVIDIA L40                     On  |   00000000:17:00.0 Off |                    0 |
| N/A   29C    P8             23W /  300W |       0MiB /  46068MiB |      0%      Default |
|                                         |                        |                  N/A |
+-----------------------------------------+------------------------+----------------------+
|   1  NVIDIA L40                     On  |   00000000:65:00.0 Off |                    0 |
| N/A   30C    P8             24W /  300W |       0MiB /  46068MiB |      0%      Default |
|                                         |                        |                  N/A |
+-----------------------------------------+------------------------+----------------------+
|   2  NVIDIA L40                     On  |   00000000:CA:00.0 Off |                    0 |
| N/A   30C    P8             24W /  300W |       0MiB /  46068MiB |      0%      Default |
|                                         |                        |                  N/A |
+-----------------------------------------+------------------------+----------------------+
|   3  NVIDIA L40                     On  |   00000000:E3:00.0 Off |                    0 |
| N/A   30C    P8             24W /  300W |       0MiB /  46068MiB |      0%      Default |
|                                         |                        |                  N/A |
+-----------------------------------------+------------------------+----------------------+
                                                                                         
+-----------------------------------------------------------------------------------------+
| Processes:                                                                              |
|  GPU   GI   CI        PID   Type   Process name                              GPU Memory |
|        ID   ID                                                               Usage      |
|=========================================================================================|
|  No running processes found                                                             |
+-----------------------------------------------------------------------------------------+
Date              = Sun Jun 30 12:43:14 CEST 2024
Hostname          = hpc-node05
Working Directory = /local/296848
Number of nodes used        : 1
Number of MPI tasks         : 1
Number of threads           : 16
Number of MPI tasks per node: 1
Number of threads per core  : 
Name of nodes used          : hpc-node05
Gpu devices                 : 0
Starting worker: 
noise_std: 0.1 

prior_var: 0.1 

number_u: 5 

number_f: 40 

number_init: 5 

number_bound: 5 

max_samples: 500 

assumption_variance: 0.1 

num_mcmc: 200 

k: 0.2 

param_text: para 

optimizer_in_use: <function adam at 0x7f21e1df8e50> 

sample_num: 10 

epochs: 1000 

added_text: 5&40&5&5&10&1000&0.1 

learning_rate: 0.001 

weight_decay: 1e-05 

DEEP_FLAG: False 

num_warmup: 100 

Xu_fixed:  [[0.         0.95006237]
 [0.         0.94521492]
 [0.         0.39422269]
 [0.         0.34238744]
 [0.         0.53206767]
 [0.42300447 0.        ]
 [0.37513696 0.        ]
 [0.51259359 0.        ]
 [0.54022212 0.        ]
 [0.25327558 0.        ]
 [1.         0.39326737]
 [1.         0.69942523]
 [1.         0.78878791]
 [1.         0.39758325]
 [1.         0.41364807]]
sigma_init_yu: 0.28124312110875016	sigma_init_yf: 0.31253721284756075	sigma_init: 0.3083846486175195
new_sigma_init_yu: 0.28124312110875016	new_sigma_init_yf: 0.03837478196901488	new_sigma_init: 0.13417700469597235
use %%%sigma_init%%%% for kernel_params
Xu_certain: [[0.64966387 0.09649115]
 [0.31675138 0.83812405]
 [0.57833989 0.27117662]
 [0.2801263  0.7345765 ]
 [0.36743492 0.24435595]]
Xu_noise: [[0.53441744 0.        ]
 [0.37383673 0.84915495]
 [0.61160043 0.25683977]
 [0.21138835 0.81214232]
 [0.47124844 0.27870854]]
Xu_noise shape: (5, 2)
adam
0.001000
1000
init params: ((Array([0.30838465], dtype=float64), Array([0.35205239, 0.35078153], dtype=float64)),)
param_iter: ((Array([0.36651305], dtype=float64), Array([0.05157073, 0.73359432], dtype=float64)),)
start inference
assumption_variance=0.1
Setting 0.2 of max_samples as warm-up
posterior_samples.shape: (4, 10)
posterior_samples_list shape: (4, 5, 2)
Script finished in 4 minutes and 45 seconds.
