hpc-node02
	Adding nVidia Cuda Toolkit 11.8
	Adding nVidia cuDNN 8.6 (.0.163)
	Adding nvtop
Sun Jun 30 14:51:48 2024       
+-----------------------------------------------------------------------------------------+
| NVIDIA-SMI 550.54.15              Driver Version: 550.54.15      CUDA Version: 12.4     |
|-----------------------------------------+------------------------+----------------------+
| GPU  Name                 Persistence-M | Bus-Id          Disp.A | Volatile Uncorr. ECC |
| Fan  Temp   Perf          Pwr:Usage/Cap |           Memory-Usage | GPU-Util  Compute M. |
|                                         |                        |               MIG M. |
|=========================================+========================+======================|
|   0  NVIDIA L40                     On  |   00000000:17:00.0 Off |                    0 |
| N/A   31C    P8             35W /  300W |       0MiB /  46068MiB |      0%      Default |
|                                         |                        |                  N/A |
+-----------------------------------------+------------------------+----------------------+
|   1  NVIDIA L40                     On  |   00000000:65:00.0 Off |                    0 |
| N/A   31C    P8             36W /  300W |       0MiB /  46068MiB |      0%      Default |
|                                         |                        |                  N/A |
+-----------------------------------------+------------------------+----------------------+
|   2  NVIDIA L40                     On  |   00000000:CA:00.0 Off |                    0 |
| N/A   32C    P8             35W /  300W |       0MiB /  46068MiB |      0%      Default |
|                                         |                        |                  N/A |
+-----------------------------------------+------------------------+----------------------+
|   3  NVIDIA L40                     On  |   00000000:E3:00.0 Off |                    0 |
| N/A   33C    P8             35W /  300W |       0MiB /  46068MiB |      0%      Default |
|                                         |                        |                  N/A |
+-----------------------------------------+------------------------+----------------------+
                                                                                         
+-----------------------------------------------------------------------------------------+
| Processes:                                                                              |
|  GPU   GI   CI        PID   Type   Process name                              GPU Memory |
|        ID   ID                                                               Usage      |
|=========================================================================================|
|  No running processes found                                                             |
+-----------------------------------------------------------------------------------------+
Date              = Sun Jun 30 14:51:49 CEST 2024
Hostname          = hpc-node02
Working Directory = /local/296879
Number of nodes used        : 1
Number of MPI tasks         : 1
Number of threads           : 16
Number of MPI tasks per node: 1
Number of threads per core  : 
Name of nodes used          : hpc-node02
Gpu devices                 : 0
Starting worker: 
noise_std: 0.1 

prior_var: 0.1 

number_u: 5 

number_f: 40 

number_init: 5 

number_bound: 5 

max_samples: 500 

assumption_variance: 0.1 

num_mcmc: 200 

k: 0.2 

param_text: para 

optimizer_in_use: <function adam at 0x7f7aabac2dc0> 

sample_num: 10 

epochs: 1000 

added_text: 5&40&5&5&10&1000&0.1 

learning_rate: 0.001 

weight_decay: 1e-05 

DEEP_FLAG: False 

num_warmup: 100 

Xu_fixed:  [[0.         0.95006237]
 [0.         0.94521492]
 [0.         0.39422269]
 [0.         0.34238744]
 [0.         0.53206767]
 [0.42300447 0.        ]
 [0.37513696 0.        ]
 [0.51259359 0.        ]
 [0.54022212 0.        ]
 [0.25327558 0.        ]
 [1.         0.39326737]
 [1.         0.69942523]
 [1.         0.78878791]
 [1.         0.39758325]
 [1.         0.41364807]]
sigma_init_yu: 0.38241191379969613	sigma_init_yf: 18.110598031070833	sigma_init: 15.277121536300566
new_sigma_init_yu: 0.38241191379969613	new_sigma_init_yf: 0.5574945726904488	new_sigma_init: 0.5581291383611187
use %%%new_sigma_init%%%% for kernel_params
Xu_certain: [[0.64966387 0.09649115]
 [0.31675138 0.83812405]
 [0.57833989 0.27117662]
 [0.2801263  0.7345765 ]
 [0.36743492 0.24435595]]
Xu_noise: [[0.53441744 0.        ]
 [0.37383673 0.84915495]
 [0.61160043 0.25683977]
 [0.21138835 0.81214232]
 [0.47124844 0.27870854]]
yu_certain: [[-0.73347311]
 [ 0.39503404]
 [-0.36033905]
 [ 0.47114013]
 [ 0.57950108]]
Xu_fixed: [[0.         0.95006237]
 [0.         0.94521492]
 [0.         0.39422269]
 [0.         0.34238744]
 [0.         0.53206767]
 [0.42300447 0.        ]
 [0.37513696 0.        ]
 [0.51259359 0.        ]
 [0.54022212 0.        ]
 [0.25327558 0.        ]
 [1.         0.39326737]
 [1.         0.69942523]
 [1.         0.78878791]
 [1.         0.39758325]
 [1.         0.41364807]]
Yu_fixed: [[ 0.00000000e+00]
 [ 0.00000000e+00]
 [ 0.00000000e+00]
 [ 0.00000000e+00]
 [ 0.00000000e+00]
 [ 4.65126233e-01]
 [ 7.06498016e-01]
 [-7.90453197e-02]
 [-2.50041414e-01]
 [ 9.99788217e-01]
 [-1.65290160e-16]
 [-1.21698249e-16]
 [-1.11294733e-16]
 [-1.64578325e-16]
 [-1.61955526e-16]]
Xu: [[0.53441744 0.        ]
 [0.37383673 0.84915495]
 [0.61160043 0.25683977]
 [0.21138835 0.81214232]
 [0.47124844 0.27870854]
 [0.         0.95006237]
 [0.         0.94521492]
 [0.         0.39422269]
 [0.         0.34238744]
 [0.         0.53206767]
 [0.42300447 0.        ]
 [0.37513696 0.        ]
 [0.51259359 0.        ]
 [0.54022212 0.        ]
 [0.25327558 0.        ]
 [1.         0.39326737]
 [1.         0.69942523]
 [1.         0.78878791]
 [1.         0.39758325]
 [1.         0.41364807]]
Yu: [[-7.33473113e-01]
 [ 3.95034041e-01]
 [-3.60339051e-01]
 [ 4.71140132e-01]
 [ 5.79501078e-01]
 [ 0.00000000e+00]
 [ 0.00000000e+00]
 [ 0.00000000e+00]
 [ 0.00000000e+00]
 [ 0.00000000e+00]
 [ 4.65126233e-01]
 [ 7.06498016e-01]
 [-7.90453197e-02]
 [-2.50041414e-01]
 [ 9.99788217e-01]
 [-1.65290160e-16]
 [-1.21698249e-16]
 [-1.11294733e-16]
 [-1.64578325e-16]
 [-1.61955526e-16]]
Xf: [[0.98205591 0.15182515]
 [0.39196957 0.23408087]
 [0.27097911 0.62714526]
 [0.20183484 0.72140408]
 [0.35856216 0.93928846]
 [0.28944144 0.13328448]
 [0.56195759 0.93259394]
 [0.32792847 0.6664279 ]
 [0.78450086 0.14239982]
 [0.11932656 0.76583679]
 [0.36557663 0.83494121]
 [0.2384702  0.19187086]
 [0.5977033  0.30242124]
 [0.02999734 0.70389851]
 [0.18378927 0.37096183]
 [0.92679049 0.64847439]
 [0.75527265 0.37295024]
 [0.80377154 0.41622215]
 [0.34760195 0.65878005]
 [0.05561951 0.82735475]
 [0.37469923 0.94408758]
 [0.21235476 0.06368756]
 [0.3443403  0.43057062]
 [0.24210075 0.31244159]
 [0.09019964 0.03597939]
 [0.23024304 0.22556   ]
 [0.15481186 0.22823394]
 [0.49838995 0.28382693]
 [0.9802487  0.95029786]
 [0.49790238 0.23937485]
 [0.10719123 0.25996072]
 [0.56044747 0.6975977 ]
 [0.17369223 0.07832851]
 [0.97405184 0.22016426]
 [0.77451778 0.6884915 ]
 [0.94230789 0.24752561]
 [0.24208493 0.01367735]
 [0.44458417 0.60963651]
 [0.35058566 0.84068782]
 [0.59803511 0.47325624]]
yf: [[ -3.71929917]
 [ 19.11640799]
 [ 20.37358647]
 [ 17.85322594]
 [ 11.67577239]
 [ 32.64809879]
 [ -5.74706152]
 [ 17.43842612]
 [-32.59032827]
 [ 12.19148534]
 [ 12.4836083 ]
 [ 31.67729832]
 [-16.38088638]
 [  3.56620391]
 [ 24.28804083]
 [ -8.93122138]
 [-26.48552597]
 [-23.94313843]
 [ 16.28357625]
 [  5.76013228]
 [ 10.60496819]
 [ 35.09895836]
 [ 20.74858648]
 [ 28.11838722]
 [ 19.92843521]
 [ 30.47213553]
 [ 25.31016283]
 [  0.29306458]
 [ -1.84148572]
 [  0.39916544]
 [ 18.50599881]
 [ -7.10101669]
 [ 31.56775146]
 [ -5.01143173]
 [-19.10009129]
 [-10.65274431]
 [ 37.90878993]
 [  7.13605386]
 [ 13.39377985]
 [-13.84926266]]
Y: [[-7.33473113e-01]
 [ 3.95034041e-01]
 [-3.60339051e-01]
 [ 4.71140132e-01]
 [ 5.79501078e-01]
 [ 0.00000000e+00]
 [ 0.00000000e+00]
 [ 0.00000000e+00]
 [ 0.00000000e+00]
 [ 0.00000000e+00]
 [ 4.65126233e-01]
 [ 7.06498016e-01]
 [-7.90453197e-02]
 [-2.50041414e-01]
 [ 9.99788217e-01]
 [-1.65290160e-16]
 [-1.21698249e-16]
 [-1.11294733e-16]
 [-1.64578325e-16]
 [-1.61955526e-16]
 [-3.71929917e+00]
 [ 1.91164080e+01]
 [ 2.03735865e+01]
 [ 1.78532259e+01]
 [ 1.16757724e+01]
 [ 3.26480988e+01]
 [-5.74706152e+00]
 [ 1.74384261e+01]
 [-3.25903283e+01]
 [ 1.21914853e+01]
 [ 1.24836083e+01]
 [ 3.16772983e+01]
 [-1.63808864e+01]
 [ 3.56620391e+00]
 [ 2.42880408e+01]
 [-8.93122138e+00]
 [-2.64855260e+01]
 [-2.39431384e+01]
 [ 1.62835763e+01]
 [ 5.76013228e+00]
 [ 1.06049682e+01]
 [ 3.50989584e+01]
 [ 2.07485865e+01]
 [ 2.81183872e+01]
 [ 1.99284352e+01]
 [ 3.04721355e+01]
 [ 2.53101628e+01]
 [ 2.93064583e-01]
 [-1.84148572e+00]
 [ 3.99165440e-01]
 [ 1.85059988e+01]
 [-7.10101669e+00]
 [ 3.15677515e+01]
 [-5.01143173e+00]
 [-1.91000913e+01]
 [-1.06527443e+01]
 [ 3.79087899e+01]
 [ 7.13605386e+00]
 [ 1.33937798e+01]
 [-1.38492627e+01]]
X: [[0.53441744 0.        ]
 [0.37383673 0.84915495]
 [0.61160043 0.25683977]
 [0.21138835 0.81214232]
 [0.47124844 0.27870854]
 [0.         0.95006237]
 [0.         0.94521492]
 [0.         0.39422269]
 [0.         0.34238744]
 [0.         0.53206767]
 [0.42300447 0.        ]
 [0.37513696 0.        ]
 [0.51259359 0.        ]
 [0.54022212 0.        ]
 [0.25327558 0.        ]
 [1.         0.39326737]
 [1.         0.69942523]
 [1.         0.78878791]
 [1.         0.39758325]
 [1.         0.41364807]
 [0.98205591 0.15182515]
 [0.39196957 0.23408087]
 [0.27097911 0.62714526]
 [0.20183484 0.72140408]
 [0.35856216 0.93928846]
 [0.28944144 0.13328448]
 [0.56195759 0.93259394]
 [0.32792847 0.6664279 ]
 [0.78450086 0.14239982]
 [0.11932656 0.76583679]
 [0.36557663 0.83494121]
 [0.2384702  0.19187086]
 [0.5977033  0.30242124]
 [0.02999734 0.70389851]
 [0.18378927 0.37096183]
 [0.92679049 0.64847439]
 [0.75527265 0.37295024]
 [0.80377154 0.41622215]
 [0.34760195 0.65878005]
 [0.05561951 0.82735475]
 [0.37469923 0.94408758]
 [0.21235476 0.06368756]
 [0.3443403  0.43057062]
 [0.24210075 0.31244159]
 [0.09019964 0.03597939]
 [0.23024304 0.22556   ]
 [0.15481186 0.22823394]
 [0.49838995 0.28382693]
 [0.9802487  0.95029786]
 [0.49790238 0.23937485]
 [0.10719123 0.25996072]
 [0.56044747 0.6975977 ]
 [0.17369223 0.07832851]
 [0.97405184 0.22016426]
 [0.77451778 0.6884915 ]
 [0.94230789 0.24752561]
 [0.24208493 0.01367735]
 [0.44458417 0.60963651]
 [0.35058566 0.84068782]
 [0.59803511 0.47325624]]
Xu_certain: [[0.64966387 0.09649115]
 [0.31675138 0.83812405]
 [0.57833989 0.27117662]
 [0.2801263  0.7345765 ]
 [0.36743492 0.24435595]]
Xu_noise: [[0.53441744 0.        ]
 [0.37383673 0.84915495]
 [0.61160043 0.25683977]
 [0.21138835 0.81214232]
 [0.47124844 0.27870854]]
Script finished in 2 minutes and 31 seconds.
