	Adding nVidia Cuda Toolkit 11.8
	Adding nVidia cuDNN 8.6 (.0.163)


==> WARNING: A newer version of conda exists. <==
  current version: 4.12.0
  latest version: 23.7.4

Please update conda by running

    $ conda update -n base -c defaults conda




==> WARNING: A newer version of conda exists. <==
  current version: 4.12.0
  latest version: 23.7.4

Please update conda by running

    $ conda update -n base -c defaults conda


No GPU/TPU found, falling back to CPU. (Set TF_CPP_MIN_LOG_LEVEL=0 and rerun for more info.)
Traceback (most recent call last):
  File "main.py", line 6, in <module>
    from include.init import ModelInitializer_2d
  File "/local/236151/include/init.py", line 2, in <module>
    from include.config import key_x_u, key_x_f, key_x_u_init, key_t_u_low, key_t_u_high, key_x_noise,\
  File "/local/236151/include/config.py", line 3, in <module>
    key = jax.random.PRNGKey(42)
  File "/home/yanw/.local/lib/python3.8/site-packages/jax/_src/random.py", line 160, in PRNGKey
    key = prng.seed_with_impl(impl, seed)
  File "/home/yanw/.local/lib/python3.8/site-packages/jax/_src/prng.py", line 406, in seed_with_impl
    return random_seed(seed, impl=impl)
  File "/home/yanw/.local/lib/python3.8/site-packages/jax/_src/prng.py", line 687, in random_seed
    seeds_arr = jnp.asarray(np.int64(seeds))
  File "/home/yanw/.local/lib/python3.8/site-packages/jax/_src/numpy/lax_numpy.py", line 2071, in asarray
    return array(a, dtype=dtype, copy=False, order=order)  # type: ignore
  File "/home/yanw/.local/lib/python3.8/site-packages/jax/_src/numpy/lax_numpy.py", line 2051, in array
    out_array: Array = lax_internal._convert_element_type(out, dtype, weak_type=weak_type)
  File "/home/yanw/.local/lib/python3.8/site-packages/jax/_src/lax/lax.py", line 549, in _convert_element_type
    return convert_element_type_p.bind(operand, new_dtype=new_dtype,
  File "/home/yanw/.local/lib/python3.8/site-packages/jax/_src/core.py", line 380, in bind
    return self.bind_with_trace(find_top_trace(args), args, params)
  File "/home/yanw/.local/lib/python3.8/site-packages/jax/_src/core.py", line 383, in bind_with_trace
    out = trace.process_primitive(self, map(trace.full_raise, args), params)
  File "/home/yanw/.local/lib/python3.8/site-packages/jax/_src/core.py", line 815, in process_primitive
    return primitive.impl(*tracers, **params)
  File "/home/yanw/.local/lib/python3.8/site-packages/jax/_src/dispatch.py", line 132, in apply_primitive
    compiled_fun = xla_primitive_callable(
  File "/home/yanw/.local/lib/python3.8/site-packages/jax/_src/util.py", line 284, in wrapper
    return cached(config._trace_context(), *args, **kwargs)
  File "/home/yanw/.local/lib/python3.8/site-packages/jax/_src/util.py", line 277, in cached
    return f(*args, **kwargs)
  File "/home/yanw/.local/lib/python3.8/site-packages/jax/_src/dispatch.py", line 223, in xla_primitive_callable
    compiled = _xla_callable_uncached(
  File "/home/yanw/.local/lib/python3.8/site-packages/jax/_src/dispatch.py", line 250, in _xla_callable_uncached
    computation = sharded_lowering(
  File "/home/yanw/.local/lib/python3.8/site-packages/jax/_src/dispatch.py", line 242, in sharded_lowering
    return pxla.lower_sharding_computation(
  File "/home/yanw/.local/lib/python3.8/site-packages/jax/_src/profiler.py", line 314, in wrapper
    return func(*args, **kwargs)
  File "/home/yanw/.local/lib/python3.8/site-packages/jax/_src/interpreters/pxla.py", line 2031, in lower_sharding_computation
    backend, device_assignment = _get_and_check_device_assignment(
  File "/home/yanw/.local/lib/python3.8/site-packages/jax/_src/interpreters/pxla.py", line 1800, in _get_and_check_device_assignment
    final_device_assignment = (_get_default_device(),)
  File "/home/yanw/.local/lib/python3.8/site-packages/jax/_src/interpreters/pxla.py", line 1765, in _get_default_device
    return config.jax_default_device or xb.local_devices()[0]
  File "/home/yanw/.local/lib/python3.8/site-packages/jax/_src/xla_bridge.py", line 790, in local_devices
    process_index = get_backend(backend).process_index()
  File "/home/yanw/.local/lib/python3.8/site-packages/jax/_src/xla_bridge.py", line 692, in get_backend
    return _get_backend_uncached(platform)
  File "/home/yanw/.local/lib/python3.8/site-packages/jax/_src/xla_bridge.py", line 675, in _get_backend_uncached
    platform = canonicalize_platform(platform)
  File "/home/yanw/.local/lib/python3.8/site-packages/jax/_src/xla_bridge.py", line 548, in canonicalize_platform
    raise RuntimeError(f"Unknown backend: '{platform}' requested, but no "
RuntimeError: Unknown backend: 'gpu' requested, but no platforms that are instances of gpu are present. Platforms present are: cpu
--------------------------------------------------------------------------
Primary job  terminated normally, but 1 process returned
a non-zero exit code. Per user-direction, the job has been aborted.
--------------------------------------------------------------------------
--------------------------------------------------------------------------
mpirun detected that one or more processes exited with non-zero status, thus causing
the job to be terminated. The first process to do so was:

  Process name: [[43120,1],0]
  Exit code:    1
--------------------------------------------------------------------------
cp: cannot stat '*.pdf': No such file or directory
cp: missing destination file operand after '*.png/home/yanw/uncertain/results/figures/0920'
Try 'cp --help' for more information.
cp: missing destination file operand after '/home/yanw/uncertain'
Try 'cp --help' for more information.
