ctit094
Collecting package metadata (current_repodata.json): ...working... done
Solving environment: ...working... done

## Package Plan ##

  environment location: /home/yanw/.conda/envs/uncertain

  added / updated specs:
    - jaxlib


The following packages will be UPDATED:

  openssl                                  3.1.2-hd590300_0 --> 3.1.3-hd590300_0


Proceed ([y]/n)? 
Preparing transaction: ...working... done
Verifying transaction: ...working... done
Executing transaction: ...working... done
Collecting package metadata (current_repodata.json): ...working... done
Solving environment: ...working... done

# All requested packages already installed.

Wed Sep 20 10:23:43 2023       
+-----------------------------------------------------------------------------+
| NVIDIA-SMI 515.86.01    Driver Version: 515.86.01    CUDA Version: 11.7     |
|-------------------------------+----------------------+----------------------+
| GPU  Name        Persistence-M| Bus-Id        Disp.A | Volatile Uncorr. ECC |
| Fan  Temp  Perf  Pwr:Usage/Cap|         Memory-Usage | GPU-Util  Compute M. |
|                               |                      |               MIG M. |
|===============================+======================+======================|
|   0  NVIDIA A40          On   | 00000000:17:00.0 Off |                    0 |
|  0%   31C    P8    31W / 300W |      0MiB / 46068MiB |      0%      Default |
|                               |                      |                  N/A |
+-------------------------------+----------------------+----------------------+
|   1  NVIDIA A40          On   | 00000000:65:00.0 Off |                    0 |
|  0%   33C    P8    34W / 300W |      0MiB / 46068MiB |      0%      Default |
|                               |                      |                  N/A |
+-------------------------------+----------------------+----------------------+
|   2  NVIDIA A40          On   | 00000000:CA:00.0 Off |                    0 |
|  0%   32C    P8    32W / 300W |      0MiB / 46068MiB |      0%      Default |
|                               |                      |                  N/A |
+-------------------------------+----------------------+----------------------+
|   3  NVIDIA A40          On   | 00000000:E3:00.0 Off |                    0 |
|  0%   33C    P8    33W / 300W |      0MiB / 46068MiB |      0%      Default |
|                               |                      |                  N/A |
+-------------------------------+----------------------+----------------------+
                                                                               
+-----------------------------------------------------------------------------+
| Processes:                                                                  |
|  GPU   GI   CI        PID   Type   Process name                  GPU Memory |
|        ID   ID                                                   Usage      |
|=============================================================================|
|  No running processes found                                                 |
+-----------------------------------------------------------------------------+
Date              = Wed Sep 20 10:23:44 CEST 2023
Hostname          = ctit094
Working Directory = /local/236140
Number of nodes used        : 1
Number of MPI tasks         : 1
Number of threads           : 16
Number of MPI tasks per node: 1
Number of threads per core  : 
Name of nodes used          : ctit094
Gpu devices                 : 0
Starting worker: 
Script finished in 2 minutes and 18 seconds.
