ctit093
Looking in indexes: https://__token__:****@gitlab.utsp.utwente.nl/api/v4/groups/271/-/packages/pypi/simple
Looking in links: https://storage.googleapis.com/jax-releases/jax_cuda_releases.html
Requirement already satisfied: jax[cuda11_cudnn86] in /home/yanw/.local/lib/python3.8/site-packages (0.4.13)
Requirement already satisfied: ml-dtypes>=0.1.0 in /home/yanw/.local/lib/python3.8/site-packages (from jax[cuda11_cudnn86]) (0.2.0)
Requirement already satisfied: numpy>=1.21 in /home/yanw/.local/lib/python3.8/site-packages (from jax[cuda11_cudnn86]) (1.23.4)
Requirement already satisfied: opt-einsum in /home/yanw/.local/lib/python3.8/site-packages (from jax[cuda11_cudnn86]) (3.3.0)
Requirement already satisfied: scipy>=1.7 in /home/yanw/.local/lib/python3.8/site-packages (from jax[cuda11_cudnn86]) (1.9.3)
Requirement already satisfied: importlib-metadata>=4.6 in /home/yanw/.conda/envs/uncertain/lib/python3.8/site-packages (from jax[cuda11_cudnn86]) (6.8.0)
Collecting jaxlib==0.4.13+cuda11.cudnn86 (from jax[cuda11_cudnn86])
  Using cached https://storage.googleapis.com/jax-releases/cuda11/jaxlib-0.4.13%2Bcuda11.cudnn86-cp38-cp38-manylinux2014_x86_64.whl (188.3 MB)
Requirement already satisfied: zipp>=0.5 in /home/yanw/.conda/envs/uncertain/lib/python3.8/site-packages (from importlib-metadata>=4.6->jax[cuda11_cudnn86]) (3.16.2)
Installing collected packages: jaxlib
  Attempting uninstall: jaxlib
    Found existing installation: jaxlib 0.4.13
    Uninstalling jaxlib-0.4.13:
      Successfully uninstalled jaxlib-0.4.13
Successfully installed jaxlib-0.4.13+cuda11.cudnn86
Wed Sep 20 10:40:52 2023       
+-----------------------------------------------------------------------------+
| NVIDIA-SMI 515.86.01    Driver Version: 515.86.01    CUDA Version: 11.7     |
|-------------------------------+----------------------+----------------------+
| GPU  Name        Persistence-M| Bus-Id        Disp.A | Volatile Uncorr. ECC |
| Fan  Temp  Perf  Pwr:Usage/Cap|         Memory-Usage | GPU-Util  Compute M. |
|                               |                      |               MIG M. |
|===============================+======================+======================|
|   0  NVIDIA A40          On   | 00000000:3B:00.0 Off |                    0 |
|  0%   32C    P8    32W / 300W |      0MiB / 46068MiB |      0%      Default |
|                               |                      |                  N/A |
+-------------------------------+----------------------+----------------------+
|   1  NVIDIA A40          On   | 00000000:5E:00.0 Off |                    0 |
|  0%   61C    P0   162W / 300W |  32617MiB / 46068MiB |     50%      Default |
|                               |                      |                  N/A |
+-------------------------------+----------------------+----------------------+
|   2  NVIDIA A40          On   | 00000000:B1:00.0 Off |                    0 |
|  0%   40C    P0    77W / 300W |   1841MiB / 46068MiB |      0%      Default |
|                               |                      |                  N/A |
+-------------------------------+----------------------+----------------------+
|   3  NVIDIA A40          On   | 00000000:D9:00.0 Off |                    0 |
|  0%   33C    P8    34W / 300W |      0MiB / 46068MiB |      0%      Default |
|                               |                      |                  N/A |
+-------------------------------+----------------------+----------------------+
                                                                               
+-----------------------------------------------------------------------------+
| Processes:                                                                  |
|  GPU   GI   CI        PID   Type   Process name                  GPU Memory |
|        ID   ID                                                   Usage      |
|=============================================================================|
|    1   N/A  N/A   1718064      C   python                          32615MiB |
|    2   N/A  N/A   1707242      C   ...vs/gcn-tracker/bin/python     1839MiB |
+-----------------------------------------------------------------------------+
Date              = Wed 20 Sep 2023 10:40:53 AM CEST
Hostname          = ctit093
Working Directory = /local/236154
Number of nodes used        : 1
Number of MPI tasks         : 1
Number of threads           : 16
Number of MPI tasks per node: 1
Number of threads per core  : 
Name of nodes used          : ctit093
Gpu devices                 : 3
Starting worker: 
GPU memory used: 35445.4375 MB
GPU memory used: 34.61468505859375 GB
sigma_init_yu: 0.4124124058070794	sigma_init_yf: 16.88708019124114	sigma_init: 8.26348917090675
new_sigma_init_yu: 0.4124124058070794	new_sigma_init_yf: 0.8717052165589062	new_sigma_init: 0.6445101765174205
Xu_noise: [[0.86041803 0.407946  ]
 [0.47981698 0.37768862]
 [0.31407172 0.29118561]
 [0.89966496 0.84905457]
 [0.27952723 0.09003273]
 [0.83715097 0.70901247]
 [0.61831648 0.46794143]
 [0.2443358  0.75718614]
 [0.91768526 0.77823912]
 [0.73000551 0.18512075]
 [0.93061297 0.40110551]
 [0.1385972  0.43996769]
 [0.44841027 0.20167252]
 [0.45244136 0.81725298]
 [0.31548548 0.66127418]
 [0.49726064 0.45523565]
 [0.14274667 0.24981709]
 [0.97079493 0.26795404]
 [0.12630104 0.84255312]
 [0.02519675 0.86264226]]
Xu_noise shape: (20, 2)
adamw
0.001000
1000
Initial loss: 2853.3947343709087
Final loss: 69.43686995481623
Script finished in 3 minutes and 26 seconds.
