ctit093
Wed Sep 20 10:58:16 2023       
+-----------------------------------------------------------------------------+
| NVIDIA-SMI 515.86.01    Driver Version: 515.86.01    CUDA Version: 11.7     |
|-------------------------------+----------------------+----------------------+
| GPU  Name        Persistence-M| Bus-Id        Disp.A | Volatile Uncorr. ECC |
| Fan  Temp  Perf  Pwr:Usage/Cap|         Memory-Usage | GPU-Util  Compute M. |
|                               |                      |               MIG M. |
|===============================+======================+======================|
|   0  NVIDIA A40          On   | 00000000:3B:00.0 Off |                    0 |
|  0%   34C    P8    32W / 300W |      0MiB / 46068MiB |      0%      Default |
|                               |                      |                  N/A |
+-------------------------------+----------------------+----------------------+
|   1  NVIDIA A40          On   | 00000000:5E:00.0 Off |                    0 |
|  0%   61C    P0   185W / 300W |  32617MiB / 46068MiB |     48%      Default |
|                               |                      |                  N/A |
+-------------------------------+----------------------+----------------------+
|   2  NVIDIA A40          On   | 00000000:B1:00.0 Off |                    0 |
|  0%   41C    P0    78W / 300W |   1841MiB / 46068MiB |      0%      Default |
|                               |                      |                  N/A |
+-------------------------------+----------------------+----------------------+
|   3  NVIDIA A40          On   | 00000000:D9:00.0 Off |                    0 |
|  0%   35C    P8    34W / 300W |      0MiB / 46068MiB |      0%      Default |
|                               |                      |                  N/A |
+-------------------------------+----------------------+----------------------+
                                                                               
+-----------------------------------------------------------------------------+
| Processes:                                                                  |
|  GPU   GI   CI        PID   Type   Process name                  GPU Memory |
|        ID   ID                                                   Usage      |
|=============================================================================|
|    1   N/A  N/A   1718064      C   python                          32615MiB |
|    2   N/A  N/A   1707242      C   ...vs/gcn-tracker/bin/python     1839MiB |
+-----------------------------------------------------------------------------+
Date              = Wed 20 Sep 2023 10:58:17 AM CEST
Hostname          = ctit093
Working Directory = /local/236165
Number of nodes used        : 1
Number of MPI tasks         : 1
Number of threads           : 16
Number of MPI tasks per node: 1
Number of threads per core  : 
Name of nodes used          : ctit093
Gpu devices                 : 0
Starting worker: 
GPU memory used: 35445.4375 MB
GPU memory used: 34.61468505859375 GB
sigma_init_yu: 0.4124124058070794	sigma_init_yf: 16.88708019124114	sigma_init: 8.26348917090675
new_sigma_init_yu: 0.4124124058070794	new_sigma_init_yf: 0.8717052165589062	new_sigma_init: 0.6445101765174205
Xu_noise: [[0.86041803 0.407946  ]
 [0.47981698 0.37768862]
 [0.31407172 0.29118561]
 [0.89966496 0.84905457]
 [0.27952723 0.09003273]
 [0.83715097 0.70901247]
 [0.61831648 0.46794143]
 [0.2443358  0.75718614]
 [0.91768526 0.77823912]
 [0.73000551 0.18512075]
 [0.93061297 0.40110551]
 [0.1385972  0.43996769]
 [0.44841027 0.20167252]
 [0.45244136 0.81725298]
 [0.31548548 0.66127418]
 [0.49726064 0.45523565]
 [0.14274667 0.24981709]
 [0.97079493 0.26795404]
 [0.12630104 0.84255312]
 [0.02519675 0.86264226]]
Xu_noise shape: (20, 2)
adamw
0.001000
1000
Initial loss: 2853.3947343709087
Final loss: 69.43686995481623
Script finished in 1 minutes and 48 seconds.
