ctit090
Collecting package metadata (current_repodata.json): ...working... failed
Collecting package metadata (current_repodata.json): ...working... failed
Looking in indexes: https://__token__:****@gitlab.utsp.utwente.nl/api/v4/groups/271/-/packages/pypi/simple
Requirement already satisfied: seaborn in /home/yanw/.local/lib/python3.8/site-packages (0.12.1)
Requirement already satisfied: numpy>=1.17 in /home/yanw/.local/lib/python3.8/site-packages (from seaborn) (1.24.4)
Requirement already satisfied: pandas>=0.25 in /home/yanw/.local/lib/python3.8/site-packages (from seaborn) (1.5.1)
Requirement already satisfied: matplotlib!=3.6.1,>=3.1 in /home/yanw/.local/lib/python3.8/site-packages (from seaborn) (3.6.2)
Requirement already satisfied: contourpy>=1.0.1 in /home/yanw/.local/lib/python3.8/site-packages (from matplotlib!=3.6.1,>=3.1->seaborn) (1.0.6)
Requirement already satisfied: cycler>=0.10 in /home/yanw/.local/lib/python3.8/site-packages (from matplotlib!=3.6.1,>=3.1->seaborn) (0.11.0)
Requirement already satisfied: fonttools>=4.22.0 in /home/yanw/.local/lib/python3.8/site-packages (from matplotlib!=3.6.1,>=3.1->seaborn) (4.38.0)
Requirement already satisfied: kiwisolver>=1.0.1 in /home/yanw/.local/lib/python3.8/site-packages (from matplotlib!=3.6.1,>=3.1->seaborn) (1.4.4)
Requirement already satisfied: packaging>=20.0 in /home/yanw/.local/lib/python3.8/site-packages (from matplotlib!=3.6.1,>=3.1->seaborn) (21.3)
Requirement already satisfied: pillow>=6.2.0 in /home/yanw/.conda/envs/uncertain/lib/python3.8/site-packages (from matplotlib!=3.6.1,>=3.1->seaborn) (10.0.0)
Requirement already satisfied: pyparsing>=2.2.1 in /home/yanw/.local/lib/python3.8/site-packages (from matplotlib!=3.6.1,>=3.1->seaborn) (3.0.9)
Requirement already satisfied: python-dateutil>=2.7 in /home/yanw/.local/lib/python3.8/site-packages (from matplotlib!=3.6.1,>=3.1->seaborn) (2.8.2)
Requirement already satisfied: pytz>=2020.1 in /home/yanw/.local/lib/python3.8/site-packages (from pandas>=0.25->seaborn) (2022.6)
Requirement already satisfied: six>=1.5 in /home/yanw/.conda/envs/uncertain/lib/python3.8/site-packages (from python-dateutil>=2.7->matplotlib!=3.6.1,>=3.1->seaborn) (1.16.0)
Mon Jan 22 15:17:01 2024       
+---------------------------------------------------------------------------------------+
| NVIDIA-SMI 535.104.05             Driver Version: 535.104.05   CUDA Version: 12.2     |
|-----------------------------------------+----------------------+----------------------+
| GPU  Name                 Persistence-M | Bus-Id        Disp.A | Volatile Uncorr. ECC |
| Fan  Temp   Perf          Pwr:Usage/Cap |         Memory-Usage | GPU-Util  Compute M. |
|                                         |                      |               MIG M. |
|=========================================+======================+======================|
|   0  NVIDIA A40                     On  | 00000000:3B:00.0 Off |                    0 |
|  0%   42C    P8              37W / 300W |      4MiB / 46068MiB |      0%      Default |
|                                         |                      |                  N/A |
+-----------------------------------------+----------------------+----------------------+
|   1  NVIDIA A40                     On  | 00000000:5E:00.0 Off |                    0 |
|  0%   37C    P8              25W / 300W |      7MiB / 46068MiB |      0%      Default |
|                                         |                      |                  N/A |
+-----------------------------------------+----------------------+----------------------+
|   2  NVIDIA A40                     On  | 00000000:B1:00.0 Off |                    0 |
|  0%   38C    P8              26W / 300W |      4MiB / 46068MiB |      0%      Default |
|                                         |                      |                  N/A |
+-----------------------------------------+----------------------+----------------------+
|   3  NVIDIA A40                     On  | 00000000:D9:00.0 Off |                    0 |
|  0%   37C    P8              25W / 300W |      4MiB / 46068MiB |      0%      Default |
|                                         |                      |                  N/A |
+-----------------------------------------+----------------------+----------------------+
                                                                                         
+---------------------------------------------------------------------------------------+
| Processes:                                                                            |
|  GPU   GI   CI        PID   Type   Process name                            GPU Memory |
|        ID   ID                                                             Usage      |
|=======================================================================================|
|  No running processes found                                                           |
+---------------------------------------------------------------------------------------+
Date              = Mon 22 Jan 2024 03:17:02 PM CET
Hostname          = ctit090
Working Directory = /local/260872
Number of nodes used        : 1
Number of MPI tasks         : 1
Number of threads           : 16
Number of MPI tasks per node: 1
Number of threads per core  : 
Name of nodes used          : ctit090
Gpu devices                 : 0
Starting worker: 
Script finished in 8 minutes and 54 seconds.
